{"C:\\Users\\Noahh\\Code\\Opti\\package\\src\\Core\\arrays.ts": {"path":"C:\\Users\\Noahh\\Code\\Opti\\package\\src\\Core\\arrays.ts","statementMap":{"0":{"start":{"line":2,"column":2},"end":{"line":2,"column":null}},"1":{"start":{"line":6,"column":14},"end":{"line":6,"column":36}},"2":{"start":{"line":8,"column":2},"end":{"line":8,"column":null}},"3":{"start":{"line":8,"column":18},"end":{"line":8,"column":null}},"4":{"start":{"line":10,"column":17},"end":{"line":10,"column":36}},"5":{"start":{"line":11,"column":2},"end":{"line":11,"column":null}},"6":{"start":{"line":15,"column":16},"end":{"line":15,"column":50}},"7":{"start":{"line":17,"column":2},"end":{"line":17,"column":null}},"8":{"start":{"line":17,"column":20},"end":{"line":17,"column":null}},"9":{"start":{"line":19,"column":17},"end":{"line":19,"column":38}},"10":{"start":{"line":20,"column":2},"end":{"line":20,"column":null}},"11":{"start":{"line":24,"column":16},"end":{"line":24,"column":null}},"12":{"start":{"line":25,"column":2},"end":{"line":29,"column":null}},"13":{"start":{"line":26,"column":4},"end":{"line":26,"column":null}},"14":{"start":{"line":27,"column":4},"end":{"line":27,"column":null}},"15":{"start":{"line":29,"column":4},"end":{"line":29,"column":null}},"16":{"start":{"line":34,"column":16},"end":{"line":34,"column":null}},"17":{"start":{"line":35,"column":2},"end":{"line":38,"column":null}},"18":{"start":{"line":36,"column":4},"end":{"line":36,"column":null}},"19":{"start":{"line":37,"column":4},"end":{"line":37,"column":null}},"20":{"start":{"line":38,"column":9},"end":{"line":38,"column":null}},"21":{"start":{"line":45,"column":2},"end":{"line":51,"column":null}},"22":{"start":{"line":46,"column":4},"end":{"line":50,"column":null}},"23":{"start":{"line":54,"column":22},"end":{"line":54,"column":null}},"24":{"start":{"line":56,"column":2},"end":{"line":59,"column":null}},"25":{"start":{"line":57,"column":4},"end":{"line":57,"column":null}},"26":{"start":{"line":58,"column":13},"end":{"line":59,"column":null}},"27":{"start":{"line":59,"column":4},"end":{"line":59,"column":null}},"28":{"start":{"line":62,"column":15},"end":{"line":62,"column":24}},"29":{"start":{"line":63,"column":2},"end":{"line":76,"column":null}},"30":{"start":{"line":64,"column":4},"end":{"line":66,"column":null}},"31":{"start":{"line":65,"column":22},"end":{"line":65,"column":null}},"32":{"start":{"line":65,"column":64},"end":{"line":65,"column":89}},"33":{"start":{"line":66,"column":20},"end":{"line":66,"column":null}},"34":{"start":{"line":66,"column":62},"end":{"line":66,"column":87}},"35":{"start":{"line":68,"column":13},"end":{"line":76,"column":null}},"36":{"start":{"line":69,"column":4},"end":{"line":71,"column":null}},"37":{"start":{"line":70,"column":20},"end":{"line":70,"column":null}},"38":{"start":{"line":71,"column":28},"end":{"line":71,"column":null}},"39":{"start":{"line":73,"column":13},"end":{"line":76,"column":null}},"40":{"start":{"line":74,"column":4},"end":{"line":76,"column":null}},"41":{"start":{"line":75,"column":25},"end":{"line":75,"column":null}},"42":{"start":{"line":75,"column":67},"end":{"line":75,"column":73}},"43":{"start":{"line":76,"column":25},"end":{"line":76,"column":null}},"44":{"start":{"line":76,"column":67},"end":{"line":76,"column":73}},"45":{"start":{"line":80,"column":2},"end":{"line":80,"column":null}},"46":{"start":{"line":84,"column":2},"end":{"line":96,"column":null}},"47":{"start":{"line":85,"column":19},"end":{"line":85,"column":null}},"48":{"start":{"line":86,"column":4},"end":{"line":86,"column":null}},"49":{"start":{"line":88,"column":4},"end":{"line":88,"column":null}},"50":{"start":{"line":90,"column":14},"end":{"line":90,"column":35}},"51":{"start":{"line":91,"column":4},"end":{"line":91,"column":null}},"52":{"start":{"line":91,"column":18},"end":{"line":91,"column":null}},"53":{"start":{"line":93,"column":19},"end":{"line":93,"column":null}},"54":{"start":{"line":94,"column":4},"end":{"line":94,"column":null}},"55":{"start":{"line":96,"column":4},"end":{"line":96,"column":null}},"56":{"start":{"line":101,"column":2},"end":{"line":101,"column":null}},"57":{"start":{"line":101,"column":22},"end":{"line":101,"column":null}},"58":{"start":{"line":103,"column":24},"end":{"line":103,"column":26}},"59":{"start":{"line":104,"column":21},"end":{"line":104,"column":23}},"60":{"start":{"line":106,"column":2},"end":{"line":112,"column":null}},"61":{"start":{"line":107,"column":4},"end":{"line":107,"column":null}},"62":{"start":{"line":108,"column":4},"end":{"line":110,"column":null}},"63":{"start":{"line":109,"column":6},"end":{"line":109,"column":null}},"64":{"start":{"line":110,"column":6},"end":{"line":110,"column":null}},"65":{"start":{"line":115,"column":2},"end":{"line":116,"column":null}},"66":{"start":{"line":116,"column":4},"end":{"line":116,"column":null}},"67":{"start":{"line":119,"column":2},"end":{"line":119,"column":null}},"68":{"start":{"line":123,"column":2},"end":{"line":123,"column":null}}},"fnMap":{"0":{"name":"unique","decl":{"start":{"line":1,"column":16},"end":{"line":1,"column":42}},"loc":{"start":{"line":1,"column":42},"end":{"line":2,"column":null}},"line":1},"1":{"name":"pluck","decl":{"start":{"line":5,"column":16},"end":{"line":5,"column":36}},"loc":{"start":{"line":5,"column":76},"end":{"line":11,"column":null}},"line":5},"2":{"name":"pluckLast","decl":{"start":{"line":14,"column":16},"end":{"line":14,"column":40}},"loc":{"start":{"line":14,"column":80},"end":{"line":20,"column":null}},"line":14},"3":{"name":"relocate","decl":{"start":{"line":23,"column":16},"end":{"line":23,"column":39}},"loc":{"start":{"line":23,"column":85},"end":{"line":29,"column":null}},"line":23},"4":{"name":"relocateTo","decl":{"start":{"line":33,"column":16},"end":{"line":33,"column":41}},"loc":{"start":{"line":33,"column":89},"end":{"line":38,"column":null}},"line":33},"5":{"name":"arrType","decl":{"start":{"line":41,"column":9},"end":{"line":41,"column":null}},"loc":{"start":{"line":44,"column":25},"end":{"line":51,"column":null}},"line":44},"6":{"name":"(anonymous_6)","decl":{"start":{"line":45,"column":15},"end":{"line":45,"column":21}},"loc":{"start":{"line":46,"column":4},"end":{"line":50,"column":null}},"line":46},"7":{"name":"sortBy","decl":{"start":{"line":55,"column":16},"end":{"line":55,"column":37}},"loc":{"start":{"line":55,"column":90},"end":{"line":80,"column":null}},"line":55},"8":{"name":"(anonymous_8)","decl":{"start":{"line":65,"column":48},"end":{"line":65,"column":55}},"loc":{"start":{"line":65,"column":64},"end":{"line":65,"column":89}},"line":65},"9":{"name":"(anonymous_9)","decl":{"start":{"line":66,"column":46},"end":{"line":66,"column":53}},"loc":{"start":{"line":66,"column":62},"end":{"line":66,"column":87}},"line":66},"10":{"name":"(anonymous_10)","decl":{"start":{"line":75,"column":51},"end":{"line":75,"column":58}},"loc":{"start":{"line":75,"column":67},"end":{"line":75,"column":73}},"line":75},"11":{"name":"(anonymous_11)","decl":{"start":{"line":76,"column":51},"end":{"line":76,"column":58}},"loc":{"start":{"line":76,"column":67},"end":{"line":76,"column":73}},"line":76},"12":{"name":"replace","decl":{"start":{"line":83,"column":16},"end":{"line":83,"column":38}},"loc":{"start":{"line":83,"column":103},"end":{"line":96,"column":null}},"line":83},"13":{"name":"chunk","decl":{"start":{"line":100,"column":16},"end":{"line":100,"column":36}},"loc":{"start":{"line":100,"column":62},"end":{"line":119,"column":null}},"line":100},"14":{"name":"(anonymous_14)","decl":{"start":{"line":106,"column":7},"end":{"line":106,"column":15}},"loc":{"start":{"line":106,"column":22},"end":{"line":112,"column":null}},"line":106},"15":{"name":"insert","decl":{"start":{"line":122,"column":16},"end":{"line":122,"column":37}},"loc":{"start":{"line":122,"column":74},"end":{"line":123,"column":null}},"line":122}},"branchMap":{"0":{"loc":{"start":{"line":8,"column":2},"end":{"line":8,"column":null}},"type":"if","locations":[{"start":{"line":8,"column":2},"end":{"line":8,"column":null}},{"start":{},"end":{}}],"line":8},"1":{"loc":{"start":{"line":11,"column":9},"end":{"line":11,"column":null}},"type":"binary-expr","locations":[{"start":{"line":11,"column":9},"end":{"line":11,"column":17}},{"start":{"line":11,"column":17},"end":{"line":11,"column":null}}],"line":11},"2":{"loc":{"start":{"line":17,"column":2},"end":{"line":17,"column":null}},"type":"if","locations":[{"start":{"line":17,"column":2},"end":{"line":17,"column":null}},{"start":{},"end":{}}],"line":17},"3":{"loc":{"start":{"line":20,"column":9},"end":{"line":20,"column":null}},"type":"binary-expr","locations":[{"start":{"line":20,"column":9},"end":{"line":20,"column":17}},{"start":{"line":20,"column":17},"end":{"line":20,"column":null}}],"line":20},"4":{"loc":{"start":{"line":24,"column":16},"end":{"line":24,"column":null}},"type":"binary-expr","locations":[{"start":{"line":24,"column":16},"end":{"line":24,"column":44}},{"start":{"line":24,"column":44},"end":{"line":24,"column":null}}],"line":24},"5":{"loc":{"start":{"line":25,"column":2},"end":{"line":29,"column":null}},"type":"if","locations":[{"start":{"line":25,"column":2},"end":{"line":29,"column":null}},{"start":{"line":28,"column":9},"end":{"line":29,"column":null}}],"line":25},"6":{"loc":{"start":{"line":34,"column":16},"end":{"line":34,"column":null}},"type":"binary-expr","locations":[{"start":{"line":34,"column":16},"end":{"line":34,"column":44}},{"start":{"line":34,"column":44},"end":{"line":34,"column":null}}],"line":34},"7":{"loc":{"start":{"line":35,"column":2},"end":{"line":38,"column":null}},"type":"if","locations":[{"start":{"line":35,"column":2},"end":{"line":38,"column":null}},{"start":{"line":38,"column":9},"end":{"line":38,"column":null}}],"line":35},"8":{"loc":{"start":{"line":46,"column":4},"end":{"line":50,"column":null}},"type":"cond-expr","locations":[{"start":{"line":46,"column":22},"end":{"line":46,"column":null}},{"start":{"line":47,"column":6},"end":{"line":50,"column":null}}],"line":46},"9":{"loc":{"start":{"line":47,"column":6},"end":{"line":50,"column":null}},"type":"cond-expr","locations":[{"start":{"line":47,"column":24},"end":{"line":47,"column":null}},{"start":{"line":48,"column":8},"end":{"line":50,"column":null}}],"line":47},"10":{"loc":{"start":{"line":48,"column":8},"end":{"line":50,"column":null}},"type":"cond-expr","locations":[{"start":{"line":48,"column":27},"end":{"line":48,"column":null}},{"start":{"line":49,"column":10},"end":{"line":50,"column":null}}],"line":48},"11":{"loc":{"start":{"line":49,"column":10},"end":{"line":50,"column":null}},"type":"cond-expr","locations":[{"start":{"line":49,"column":28},"end":{"line":49,"column":null}},{"start":{"line":50,"column":12},"end":{"line":50,"column":null}}],"line":49},"12":{"loc":{"start":{"line":56,"column":2},"end":{"line":59,"column":null}},"type":"if","locations":[{"start":{"line":56,"column":2},"end":{"line":59,"column":null}},{"start":{"line":58,"column":13},"end":{"line":59,"column":null}}],"line":56},"13":{"loc":{"start":{"line":58,"column":13},"end":{"line":59,"column":null}},"type":"if","locations":[{"start":{"line":58,"column":13},"end":{"line":59,"column":null}},{"start":{},"end":{}}],"line":58},"14":{"loc":{"start":{"line":63,"column":2},"end":{"line":76,"column":null}},"type":"if","locations":[{"start":{"line":63,"column":2},"end":{"line":76,"column":null}},{"start":{"line":68,"column":13},"end":{"line":76,"column":null}}],"line":63},"15":{"loc":{"start":{"line":64,"column":4},"end":{"line":66,"column":null}},"type":"switch","locations":[{"start":{"line":65,"column":6},"end":{"line":65,"column":null}},{"start":{"line":66,"column":6},"end":{"line":66,"column":null}}],"line":64},"16":{"loc":{"start":{"line":68,"column":13},"end":{"line":76,"column":null}},"type":"if","locations":[{"start":{"line":68,"column":13},"end":{"line":76,"column":null}},{"start":{"line":73,"column":13},"end":{"line":76,"column":null}}],"line":68},"17":{"loc":{"start":{"line":69,"column":4},"end":{"line":71,"column":null}},"type":"switch","locations":[{"start":{"line":70,"column":6},"end":{"line":70,"column":null}},{"start":{"line":71,"column":6},"end":{"line":71,"column":null}}],"line":69},"18":{"loc":{"start":{"line":73,"column":13},"end":{"line":76,"column":null}},"type":"if","locations":[{"start":{"line":73,"column":13},"end":{"line":76,"column":null}},{"start":{},"end":{}}],"line":73},"19":{"loc":{"start":{"line":74,"column":4},"end":{"line":76,"column":null}},"type":"switch","locations":[{"start":{"line":75,"column":6},"end":{"line":75,"column":null}},{"start":{"line":76,"column":6},"end":{"line":76,"column":null}}],"line":74},"20":{"loc":{"start":{"line":84,"column":2},"end":{"line":96,"column":null}},"type":"if","locations":[{"start":{"line":84,"column":2},"end":{"line":96,"column":null}},{"start":{"line":89,"column":9},"end":{"line":96,"column":null}}],"line":84},"21":{"loc":{"start":{"line":88,"column":11},"end":{"line":88,"column":null}},"type":"binary-expr","locations":[{"start":{"line":88,"column":11},"end":{"line":88,"column":21}},{"start":{"line":88,"column":21},"end":{"line":88,"column":null}}],"line":88},"22":{"loc":{"start":{"line":91,"column":4},"end":{"line":91,"column":null}},"type":"if","locations":[{"start":{"line":91,"column":4},"end":{"line":91,"column":null}},{"start":{},"end":{}}],"line":91},"23":{"loc":{"start":{"line":96,"column":11},"end":{"line":96,"column":null}},"type":"binary-expr","locations":[{"start":{"line":96,"column":11},"end":{"line":96,"column":21}},{"start":{"line":96,"column":21},"end":{"line":96,"column":null}}],"line":96},"24":{"loc":{"start":{"line":101,"column":2},"end":{"line":101,"column":null}},"type":"if","locations":[{"start":{"line":101,"column":2},"end":{"line":101,"column":null}},{"start":{},"end":{}}],"line":101},"25":{"loc":{"start":{"line":108,"column":4},"end":{"line":110,"column":null}},"type":"if","locations":[{"start":{"line":108,"column":4},"end":{"line":110,"column":null}},{"start":{},"end":{}}],"line":108},"26":{"loc":{"start":{"line":115,"column":2},"end":{"line":116,"column":null}},"type":"if","locations":[{"start":{"line":115,"column":2},"end":{"line":116,"column":null}},{"start":{},"end":{}}],"line":115}},"s":{"0":2,"1":2,"2":2,"3":1,"4":1,"5":1,"6":2,"7":2,"8":1,"9":1,"10":1,"11":2,"12":2,"13":1,"14":1,"15":1,"16":1,"17":1,"18":1,"19":1,"20":0,"21":15,"22":40,"23":4,"24":723,"25":698,"26":25,"27":18,"28":7,"29":7,"30":2,"31":1,"32":3,"33":1,"34":4,"35":5,"36":2,"37":1,"38":1,"39":3,"40":2,"41":1,"42":14,"43":1,"44":14,"45":1,"46":6,"47":3,"48":3,"49":3,"50":3,"51":3,"52":0,"53":3,"54":3,"55":3,"56":4,"57":2,"58":2,"59":2,"60":2,"61":9,"62":9,"63":4,"64":4,"65":2,"66":1,"67":2,"68":2},"f":{"0":2,"1":2,"2":2,"3":2,"4":1,"5":15,"6":40,"7":723,"8":3,"9":4,"10":14,"11":14,"12":6,"13":4,"14":9,"15":2},"b":{"0":[1,1],"1":[1,0],"2":[1,1],"3":[1,0],"4":[2,1],"5":[1,1],"6":[1,0],"7":[1,0],"8":[13,27],"9":[16,11],"10":[0,11],"11":[0,11],"12":[698,25],"13":[18,7],"14":[2,5],"15":[1,1],"16":[2,3],"17":[1,1],"18":[2,1],"19":[1,1],"20":[3,3],"21":[3,0],"22":[0,3],"23":[3,0],"24":[2,2],"25":[4,5],"26":[1,1]},"meta":{"lastBranch":27,"lastFunction":16,"lastStatement":69,"seen":{"f:1:16:1:42":0,"s:2:2:2:Infinity":0,"f:5:16:5:36":1,"s:6:14:6:36":1,"b:8:2:8:Infinity:undefined:undefined:undefined:undefined":0,"s:8:2:8:Infinity":2,"s:8:18:8:Infinity":3,"s:10:17:10:36":4,"s:11:2:11:Infinity":5,"b:11:9:11:17:11:17:11:Infinity":1,"f:14:16:14:40":2,"s:15:16:15:50":6,"b:17:2:17:Infinity:undefined:undefined:undefined:undefined":2,"s:17:2:17:Infinity":7,"s:17:20:17:Infinity":8,"s:19:17:19:38":9,"s:20:2:20:Infinity":10,"b:20:9:20:17:20:17:20:Infinity":3,"f:23:16:23:39":3,"s:24:16:24:Infinity":11,"b:24:16:24:44:24:44:24:Infinity":4,"b:25:2:29:Infinity:28:9:29:Infinity":5,"s:25:2:29:Infinity":12,"s:26:4:26:Infinity":13,"s:27:4:27:Infinity":14,"s:29:4:29:Infinity":15,"f:33:16:33:41":4,"s:34:16:34:Infinity":16,"b:34:16:34:44:34:44:34:Infinity":6,"b:35:2:38:Infinity:38:9:38:Infinity":7,"s:35:2:38:Infinity":17,"s:36:4:36:Infinity":18,"s:37:4:37:Infinity":19,"s:38:9:38:Infinity":20,"f:41:9:41:Infinity":5,"s:45:2:51:Infinity":21,"f:45:15:45:21":6,"s:46:4:50:Infinity":22,"b:46:22:46:Infinity:47:6:50:Infinity":8,"b:47:24:47:Infinity:48:8:50:Infinity":9,"b:48:27:48:Infinity:49:10:50:Infinity":10,"b:49:28:49:Infinity:50:12:50:Infinity":11,"s:54:22:54:Infinity":23,"f:55:16:55:37":7,"b:56:2:59:Infinity:58:13:59:Infinity":12,"s:56:2:59:Infinity":24,"s:57:4:57:Infinity":25,"b:58:13:59:Infinity:undefined:undefined:undefined:undefined":13,"s:58:13:59:Infinity":26,"s:59:4:59:Infinity":27,"s:62:15:62:24":28,"b:63:2:76:Infinity:68:13:76:Infinity":14,"s:63:2:76:Infinity":29,"b:65:6:65:Infinity:66:6:66:Infinity":15,"s:64:4:66:Infinity":30,"s:65:22:65:Infinity":31,"f:65:48:65:55":8,"s:65:64:65:89":32,"s:66:20:66:Infinity":33,"f:66:46:66:53":9,"s:66:62:66:87":34,"b:68:13:76:Infinity:73:13:76:Infinity":16,"s:68:13:76:Infinity":35,"b:70:6:70:Infinity:71:6:71:Infinity":17,"s:69:4:71:Infinity":36,"s:70:20:70:Infinity":37,"s:71:28:71:Infinity":38,"b:73:13:76:Infinity:undefined:undefined:undefined:undefined":18,"s:73:13:76:Infinity":39,"b:75:6:75:Infinity:76:6:76:Infinity":19,"s:74:4:76:Infinity":40,"s:75:25:75:Infinity":41,"f:75:51:75:58":10,"s:75:67:75:73":42,"s:76:25:76:Infinity":43,"f:76:51:76:58":11,"s:76:67:76:73":44,"s:80:2:80:Infinity":45,"f:83:16:83:38":12,"b:84:2:96:Infinity:89:9:96:Infinity":20,"s:84:2:96:Infinity":46,"s:85:19:85:Infinity":47,"s:86:4:86:Infinity":48,"s:88:4:88:Infinity":49,"b:88:11:88:21:88:21:88:Infinity":21,"s:90:14:90:35":50,"b:91:4:91:Infinity:undefined:undefined:undefined:undefined":22,"s:91:4:91:Infinity":51,"s:91:18:91:Infinity":52,"s:93:19:93:Infinity":53,"s:94:4:94:Infinity":54,"s:96:4:96:Infinity":55,"b:96:11:96:21:96:21:96:Infinity":23,"f:100:16:100:36":13,"b:101:2:101:Infinity:undefined:undefined:undefined:undefined":24,"s:101:2:101:Infinity":56,"s:101:22:101:Infinity":57,"s:103:24:103:26":58,"s:104:21:104:23":59,"s:106:2:112:Infinity":60,"f:106:7:106:15":14,"s:107:4:107:Infinity":61,"b:108:4:110:Infinity:undefined:undefined:undefined:undefined":25,"s:108:4:110:Infinity":62,"s:109:6:109:Infinity":63,"s:110:6:110:Infinity":64,"b:115:2:116:Infinity:undefined:undefined:undefined:undefined":26,"s:115:2:116:Infinity":65,"s:116:4:116:Infinity":66,"s:119:2:119:Infinity":67,"f:122:16:122:37":15,"s:123:2:123:Infinity":68}}}
,"C:\\Users\\Noahh\\Code\\Opti\\package\\src\\Core\\collections.ts": {"path":"C:\\Users\\Noahh\\Code\\Opti\\package\\src\\Core\\collections.ts","statementMap":{"0":{"start":{"line":2,"column":2},"end":{"line":3,"column":null}},"1":{"start":{"line":3,"column":4},"end":{"line":3,"column":null}},"2":{"start":{"line":8,"column":2},"end":{"line":9,"column":null}},"3":{"start":{"line":9,"column":4},"end":{"line":9,"column":null}},"4":{"start":{"line":14,"column":2},"end":{"line":15,"column":null}},"5":{"start":{"line":15,"column":4},"end":{"line":15,"column":null}}},"fnMap":{"0":{"name":"addClassList","decl":{"start":{"line":1,"column":16},"end":{"line":1,"column":67}},"loc":{"start":{"line":1,"column":90},"end":{"line":3,"column":null}},"line":1},"1":{"name":"removeClassList","decl":{"start":{"line":7,"column":16},"end":{"line":7,"column":70}},"loc":{"start":{"line":7,"column":93},"end":{"line":9,"column":null}},"line":7},"2":{"name":"toggleClassList","decl":{"start":{"line":13,"column":16},"end":{"line":13,"column":70}},"loc":{"start":{"line":13,"column":93},"end":{"line":15,"column":null}},"line":13}},"branchMap":{},"s":{"0":2,"1":10,"2":2,"3":14,"4":2,"5":12},"f":{"0":2,"1":2,"2":2},"b":{},"meta":{"lastBranch":0,"lastFunction":3,"lastStatement":6,"seen":{"f:1:16:1:67":0,"s:2:2:3:Infinity":0,"s:3:4:3:Infinity":1,"f:7:16:7:70":1,"s:8:2:9:Infinity":2,"s:9:4:9:Infinity":3,"f:13:16:13:70":2,"s:14:2:15:Infinity":4,"s:15:4:15:Infinity":5}}}
,"C:\\Users\\Noahh\\Code\\Opti\\package\\src\\Core\\constructableobjects.ts": {"path":"C:\\Users\\Noahh\\Code\\Opti\\package\\src\\Core\\constructableobjects.ts","statementMap":{"0":{"start":{"line":2,"column":2},"end":{"line":2,"column":null}},"1":{"start":{"line":6,"column":14},"end":{"line":6,"column":16}},"2":{"start":{"line":8,"column":2},"end":{"line":23,"column":null}},"3":{"start":{"line":9,"column":16},"end":{"line":9,"column":27}},"4":{"start":{"line":11,"column":4},"end":{"line":14,"column":null}},"5":{"start":{"line":12,"column":6},"end":{"line":12,"column":null}},"6":{"start":{"line":13,"column":15},"end":{"line":14,"column":null}},"7":{"start":{"line":14,"column":6},"end":{"line":14,"column":null}},"8":{"start":{"line":17,"column":4},"end":{"line":22,"column":null}},"9":{"start":{"line":26,"column":2},"end":{"line":33,"column":null}},"10":{"start":{"line":29,"column":6},"end":{"line":30,"column":null}},"11":{"start":{"line":30,"column":8},"end":{"line":30,"column":null}},"12":{"start":{"line":35,"column":2},"end":{"line":35,"column":null}},"13":{"start":{"line":40,"column":2},"end":{"line":48,"column":null}},"14":{"start":{"line":41,"column":4},"end":{"line":47,"column":null}},"15":{"start":{"line":42,"column":20},"end":{"line":42,"column":null}},"16":{"start":{"line":44,"column":6},"end":{"line":45,"column":null}},"17":{"start":{"line":45,"column":8},"end":{"line":45,"column":null}},"18":{"start":{"line":48,"column":4},"end":{"line":48,"column":null}},"19":{"start":{"line":50,"column":2},"end":{"line":50,"column":null}}},"fnMap":{"0":{"name":"Tuple","decl":{"start":{"line":1,"column":16},"end":{"line":1,"column":43}},"loc":{"start":{"line":1,"column":60},"end":{"line":2,"column":null}},"line":1},"1":{"name":"Enum","decl":{"start":{"line":5,"column":16},"end":{"line":5,"column":50}},"loc":{"start":{"line":5,"column":81},"end":{"line":35,"column":null}},"line":5},"2":{"name":"(anonymous_2)","decl":{"start":{"line":8,"column":9},"end":{"line":8,"column":18}},"loc":{"start":{"line":8,"column":26},"end":{"line":23,"column":null}},"line":8},"3":{"name":"(anonymous_3)","decl":{"start":{"line":28,"column":4},"end":{"line":28,"column":11}},"loc":{"start":{"line":28,"column":52},"end":{"line":30,"column":null}},"line":28},"4":{"name":"deepFreeze","decl":{"start":{"line":38,"column":9},"end":{"line":38,"column":23}},"loc":{"start":{"line":38,"column":44},"end":{"line":50,"column":null}},"line":38},"5":{"name":"(anonymous_5)","decl":{"start":{"line":41,"column":36},"end":{"line":41,"column":45}},"loc":{"start":{"line":41,"column":54},"end":{"line":47,"column":null}},"line":41}},"branchMap":{"0":{"loc":{"start":{"line":11,"column":4},"end":{"line":14,"column":null}},"type":"if","locations":[{"start":{"line":11,"column":4},"end":{"line":14,"column":null}},{"start":{"line":13,"column":15},"end":{"line":14,"column":null}}],"line":11},"1":{"loc":{"start":{"line":13,"column":15},"end":{"line":14,"column":null}},"type":"if","locations":[{"start":{"line":13,"column":15},"end":{"line":14,"column":null}},{"start":{},"end":{}}],"line":13},"2":{"loc":{"start":{"line":40,"column":2},"end":{"line":48,"column":null}},"type":"if","locations":[{"start":{"line":40,"column":2},"end":{"line":48,"column":null}},{"start":{},"end":{}}],"line":40},"3":{"loc":{"start":{"line":40,"column":6},"end":{"line":40,"column":38}},"type":"binary-expr","locations":[{"start":{"line":40,"column":6},"end":{"line":40,"column":13}},{"start":{"line":40,"column":13},"end":{"line":40,"column":38}}],"line":40},"4":{"loc":{"start":{"line":44,"column":6},"end":{"line":45,"column":null}},"type":"if","locations":[{"start":{"line":44,"column":6},"end":{"line":45,"column":null}},{"start":{},"end":{}}],"line":44},"5":{"loc":{"start":{"line":44,"column":10},"end":{"line":44,"column":71}},"type":"binary-expr","locations":[{"start":{"line":44,"column":10},"end":{"line":44,"column":19}},{"start":{"line":44,"column":19},"end":{"line":44,"column":48}},{"start":{"line":44,"column":48},"end":{"line":44,"column":71}}],"line":44}},"s":{"0":1,"1":6,"2":6,"3":20,"4":20,"5":1,"6":19,"7":1,"8":18,"9":6,"10":2,"11":8,"12":6,"13":0,"14":0,"15":0,"16":0,"17":0,"18":0,"19":0},"f":{"0":1,"1":6,"2":20,"3":6,"4":0,"5":0},"b":{"0":[1,19],"1":[1,18],"2":[0,0],"3":[0,0],"4":[0,0],"5":[0,0,0]},"meta":{"lastBranch":6,"lastFunction":6,"lastStatement":20,"seen":{"f:1:16:1:43":0,"s:2:2:2:Infinity":0,"f:5:16:5:50":1,"s:6:14:6:16":1,"s:8:2:23:Infinity":2,"f:8:9:8:18":2,"s:9:16:9:27":3,"b:11:4:14:Infinity:13:15:14:Infinity":0,"s:11:4:14:Infinity":4,"s:12:6:12:Infinity":5,"b:13:15:14:Infinity:undefined:undefined:undefined:undefined":1,"s:13:15:14:Infinity":6,"s:14:6:14:Infinity":7,"s:17:4:22:Infinity":8,"s:26:2:33:Infinity":9,"f:28:4:28:11":3,"s:29:6:30:Infinity":10,"s:30:8:30:Infinity":11,"s:35:2:35:Infinity":12,"f:38:9:38:23":4,"b:40:2:48:Infinity:undefined:undefined:undefined:undefined":2,"s:40:2:48:Infinity":13,"b:40:6:40:13:40:13:40:38":3,"s:41:4:47:Infinity":14,"f:41:36:41:45":5,"s:42:20:42:Infinity":15,"b:44:6:45:Infinity:undefined:undefined:undefined:undefined":4,"s:44:6:45:Infinity":16,"b:44:10:44:19:44:19:44:48:44:48:44:71":5,"s:45:8:45:Infinity":17,"s:48:4:48:Infinity":18,"s:50:2:50:Infinity":19}}}
,"C:\\Users\\Noahh\\Code\\Opti\\package\\src\\Core\\document.ts": {"path":"C:\\Users\\Noahh\\Code\\Opti\\package\\src\\Core\\document.ts","statementMap":{"0":{"start":{"line":2,"column":2},"end":{"line":2,"column":null}},"1":{"start":{"line":6,"column":8},"end":{"line":8,"column":null}},"2":{"start":{"line":8,"column":4},"end":{"line":8,"column":null}},"3":{"start":{"line":11,"column":2},"end":{"line":11,"column":null}},"4":{"start":{"line":12,"column":2},"end":{"line":12,"column":null}},"5":{"start":{"line":13,"column":2},"end":{"line":13,"column":null}},"6":{"start":{"line":69,"column":19},"end":{"line":69,"column":33}},"7":{"start":{"line":70,"column":2},"end":{"line":71,"column":null}},"8":{"start":{"line":71,"column":4},"end":{"line":71,"column":null}},"9":{"start":{"line":74,"column":42},"end":{"line":74,"column":102}},"10":{"start":{"line":76,"column":2},"end":{"line":79,"column":null}},"11":{"start":{"line":77,"column":4},"end":{"line":77,"column":null}},"12":{"start":{"line":78,"column":4},"end":{"line":78,"column":null}},"13":{"start":{"line":79,"column":4},"end":{"line":79,"column":null}},"14":{"start":{"line":82,"column":16},"end":{"line":82,"column":null}},"15":{"start":{"line":83,"column":18},"end":{"line":83,"column":null}},"16":{"start":{"line":84,"column":47},"end":{"line":84,"column":49}},"17":{"start":{"line":86,"column":2},"end":{"line":97,"column":null}},"18":{"start":{"line":86,"column":15},"end":{"line":86,"column":18}},"19":{"start":{"line":87,"column":17},"end":{"line":87,"column":null}},"20":{"start":{"line":88,"column":4},"end":{"line":97,"column":null}},"21":{"start":{"line":89,"column":6},"end":{"line":89,"column":null}},"22":{"start":{"line":90,"column":27},"end":{"line":90,"column":null}},"23":{"start":{"line":91,"column":6},"end":{"line":95,"column":null}},"24":{"start":{"line":91,"column":19},"end":{"line":91,"column":22}},"25":{"start":{"line":92,"column":21},"end":{"line":92,"column":null}},"26":{"start":{"line":93,"column":8},"end":{"line":93,"column":null}},"27":{"start":{"line":93,"column":19},"end":{"line":93,"column":null}},"28":{"start":{"line":95,"column":8},"end":{"line":95,"column":null}},"29":{"start":{"line":97,"column":6},"end":{"line":97,"column":null}},"30":{"start":{"line":101,"column":2},"end":{"line":102,"column":null}},"31":{"start":{"line":102,"column":4},"end":{"line":102,"column":null}},"32":{"start":{"line":106,"column":42},"end":{"line":106,"column":44}},"33":{"start":{"line":107,"column":2},"end":{"line":110,"column":null}},"34":{"start":{"line":108,"column":4},"end":{"line":110,"column":null}},"35":{"start":{"line":109,"column":20},"end":{"line":109,"column":81}},"36":{"start":{"line":109,"column":59},"end":{"line":109,"column":81}},"37":{"start":{"line":110,"column":6},"end":{"line":110,"column":null}},"38":{"start":{"line":114,"column":23},"end":{"line":114,"column":null}},"39":{"start":{"line":115,"column":22},"end":{"line":117,"column":14}},"40":{"start":{"line":116,"column":26},"end":{"line":116,"column":45}},"41":{"start":{"line":119,"column":2},"end":{"line":120,"column":null}},"42":{"start":{"line":120,"column":4},"end":{"line":120,"column":null}},"43":{"start":{"line":123,"column":2},"end":{"line":126,"column":null}},"44":{"start":{"line":124,"column":4},"end":{"line":124,"column":null}},"45":{"start":{"line":126,"column":4},"end":{"line":126,"column":null}},"46":{"start":{"line":131,"column":13},"end":{"line":131,"column":45}},"47":{"start":{"line":134,"column":2},"end":{"line":134,"column":null}},"48":{"start":{"line":134,"column":18},"end":{"line":134,"column":null}},"49":{"start":{"line":137,"column":2},"end":{"line":137,"column":null}},"50":{"start":{"line":137,"column":17},"end":{"line":137,"column":null}},"51":{"start":{"line":140,"column":2},"end":{"line":140,"column":null}},"52":{"start":{"line":140,"column":17},"end":{"line":140,"column":null}},"53":{"start":{"line":143,"column":2},"end":{"line":145,"column":null}},"54":{"start":{"line":144,"column":4},"end":{"line":145,"column":null}},"55":{"start":{"line":145,"column":6},"end":{"line":145,"column":null}},"56":{"start":{"line":150,"column":2},"end":{"line":161,"column":null}},"57":{"start":{"line":151,"column":4},"end":{"line":161,"column":null}},"58":{"start":{"line":159,"column":6},"end":{"line":161,"column":null}},"59":{"start":{"line":160,"column":8},"end":{"line":160,"column":null}},"60":{"start":{"line":161,"column":13},"end":{"line":161,"column":null}},"61":{"start":{"line":166,"column":2},"end":{"line":172,"column":null}},"62":{"start":{"line":167,"column":4},"end":{"line":172,"column":null}},"63":{"start":{"line":168,"column":6},"end":{"line":170,"column":null}},"64":{"start":{"line":169,"column":8},"end":{"line":169,"column":null}},"65":{"start":{"line":172,"column":6},"end":{"line":172,"column":null}},"66":{"start":{"line":176,"column":2},"end":{"line":176,"column":null}}},"fnMap":{"0":{"name":"ready","decl":{"start":{"line":1,"column":16},"end":{"line":1,"column":22}},"loc":{"start":{"line":1,"column":78},"end":{"line":2,"column":null}},"line":1},"1":{"name":"leaving","decl":{"start":{"line":5,"column":16},"end":{"line":5,"column":24}},"loc":{"start":{"line":5,"column":80},"end":{"line":13,"column":null}},"line":5},"2":{"name":"(anonymous_2)","decl":{"start":{"line":6,"column":8},"end":{"line":6,"column":19}},"loc":{"start":{"line":6,"column":32},"end":{"line":8,"column":null}},"line":6},"3":{"name":"documentCss","decl":{"start":{"line":65,"column":16},"end":{"line":65,"column":null}},"loc":{"start":{"line":68,"column":61},"end":{"line":126,"column":null}},"line":68},"4":{"name":"(anonymous_4)","decl":{"start":{"line":109,"column":44},"end":{"line":109,"column":54}},"loc":{"start":{"line":109,"column":59},"end":{"line":109,"column":81}},"line":109},"5":{"name":"(anonymous_5)","decl":{"start":{"line":116,"column":5},"end":{"line":116,"column":10}},"loc":{"start":{"line":116,"column":26},"end":{"line":116,"column":45}},"line":116},"6":{"name":"createElements","decl":{"start":{"line":130,"column":16},"end":{"line":130,"column":54}},"loc":{"start":{"line":130,"column":83},"end":{"line":176,"column":null}},"line":130},"7":{"name":"(anonymous_7)","decl":{"start":{"line":168,"column":20},"end":{"line":168,"column":28}},"loc":{"start":{"line":168,"column":37},"end":{"line":170,"column":null}},"line":168}},"branchMap":{"0":{"loc":{"start":{"line":70,"column":2},"end":{"line":71,"column":null}},"type":"if","locations":[{"start":{"line":70,"column":2},"end":{"line":71,"column":null}},{"start":{},"end":{}}],"line":70},"1":{"loc":{"start":{"line":76,"column":2},"end":{"line":79,"column":null}},"type":"if","locations":[{"start":{"line":76,"column":2},"end":{"line":79,"column":null}},{"start":{},"end":{}}],"line":76},"2":{"loc":{"start":{"line":88,"column":4},"end":{"line":97,"column":null}},"type":"if","locations":[{"start":{"line":88,"column":4},"end":{"line":97,"column":null}},{"start":{},"end":{}}],"line":88},"3":{"loc":{"start":{"line":88,"column":8},"end":{"line":88,"column":72}},"type":"binary-expr","locations":[{"start":{"line":88,"column":8},"end":{"line":88,"column":40}},{"start":{"line":88,"column":40},"end":{"line":88,"column":72}}],"line":88},"4":{"loc":{"start":{"line":93,"column":8},"end":{"line":93,"column":null}},"type":"if","locations":[{"start":{"line":93,"column":8},"end":{"line":93,"column":null}},{"start":{},"end":{}}],"line":93},"5":{"loc":{"start":{"line":101,"column":2},"end":{"line":102,"column":null}},"type":"if","locations":[{"start":{"line":101,"column":2},"end":{"line":102,"column":null}},{"start":{},"end":{}}],"line":101},"6":{"loc":{"start":{"line":101,"column":6},"end":{"line":101,"column":51}},"type":"binary-expr","locations":[{"start":{"line":101,"column":6},"end":{"line":101,"column":17}},{"start":{"line":101,"column":17},"end":{"line":101,"column":51}}],"line":101},"7":{"loc":{"start":{"line":108,"column":4},"end":{"line":110,"column":null}},"type":"if","locations":[{"start":{"line":108,"column":4},"end":{"line":110,"column":null}},{"start":{},"end":{}}],"line":108},"8":{"loc":{"start":{"line":108,"column":8},"end":{"line":108,"column":43}},"type":"binary-expr","locations":[{"start":{"line":108,"column":8},"end":{"line":108,"column":24}},{"start":{"line":108,"column":24},"end":{"line":108,"column":43}}],"line":108},"9":{"loc":{"start":{"line":119,"column":2},"end":{"line":120,"column":null}},"type":"if","locations":[{"start":{"line":119,"column":2},"end":{"line":120,"column":null}},{"start":{},"end":{}}],"line":119},"10":{"loc":{"start":{"line":134,"column":2},"end":{"line":134,"column":null}},"type":"if","locations":[{"start":{"line":134,"column":2},"end":{"line":134,"column":null}},{"start":{},"end":{}}],"line":134},"11":{"loc":{"start":{"line":137,"column":2},"end":{"line":137,"column":null}},"type":"if","locations":[{"start":{"line":137,"column":2},"end":{"line":137,"column":null}},{"start":{},"end":{}}],"line":137},"12":{"loc":{"start":{"line":140,"column":2},"end":{"line":140,"column":null}},"type":"if","locations":[{"start":{"line":140,"column":2},"end":{"line":140,"column":null}},{"start":{},"end":{}}],"line":140},"13":{"loc":{"start":{"line":143,"column":2},"end":{"line":145,"column":null}},"type":"if","locations":[{"start":{"line":143,"column":2},"end":{"line":145,"column":null}},{"start":{},"end":{}}],"line":143},"14":{"loc":{"start":{"line":143,"column":6},"end":{"line":143,"column":52}},"type":"binary-expr","locations":[{"start":{"line":143,"column":6},"end":{"line":143,"column":20}},{"start":{"line":143,"column":20},"end":{"line":143,"column":52}}],"line":143},"15":{"loc":{"start":{"line":151,"column":4},"end":{"line":161,"column":null}},"type":"if","locations":[{"start":{"line":151,"column":4},"end":{"line":161,"column":null}},{"start":{},"end":{}}],"line":151},"16":{"loc":{"start":{"line":152,"column":6},"end":{"line":157,"column":null}},"type":"binary-expr","locations":[{"start":{"line":152,"column":6},"end":{"line":152,"column":null}},{"start":{"line":153,"column":6},"end":{"line":153,"column":null}},{"start":{"line":154,"column":6},"end":{"line":154,"column":null}},{"start":{"line":155,"column":6},"end":{"line":155,"column":null}},{"start":{"line":156,"column":6},"end":{"line":156,"column":null}},{"start":{"line":157,"column":6},"end":{"line":157,"column":null}}],"line":152},"17":{"loc":{"start":{"line":159,"column":6},"end":{"line":161,"column":null}},"type":"if","locations":[{"start":{"line":159,"column":6},"end":{"line":161,"column":null}},{"start":{"line":161,"column":13},"end":{"line":161,"column":null}}],"line":159},"18":{"loc":{"start":{"line":159,"column":10},"end":{"line":159,"column":62}},"type":"binary-expr","locations":[{"start":{"line":159,"column":10},"end":{"line":159,"column":37}},{"start":{"line":159,"column":37},"end":{"line":159,"column":62}}],"line":159},"19":{"loc":{"start":{"line":166,"column":2},"end":{"line":172,"column":null}},"type":"if","locations":[{"start":{"line":166,"column":2},"end":{"line":172,"column":null}},{"start":{},"end":{}}],"line":166},"20":{"loc":{"start":{"line":167,"column":4},"end":{"line":172,"column":null}},"type":"if","locations":[{"start":{"line":167,"column":4},"end":{"line":172,"column":null}},{"start":{"line":171,"column":11},"end":{"line":172,"column":null}}],"line":167}},"s":{"0":1,"1":1,"2":1,"3":1,"4":1,"5":1,"6":3,"7":3,"8":0,"9":3,"10":3,"11":1,"12":1,"13":1,"14":3,"15":3,"16":3,"17":3,"18":3,"19":2,"20":2,"21":2,"22":2,"23":2,"24":2,"25":2,"26":2,"27":0,"28":2,"29":2,"30":3,"31":2,"32":1,"33":1,"34":1,"35":1,"36":0,"37":1,"38":1,"39":1,"40":1,"41":1,"42":0,"43":1,"44":1,"45":0,"46":6,"47":6,"48":0,"49":6,"50":0,"51":6,"52":0,"53":6,"54":0,"55":0,"56":6,"57":13,"58":4,"59":3,"60":1,"61":5,"62":3,"63":0,"64":0,"65":3,"66":4},"f":{"0":1,"1":1,"2":1,"3":3,"4":0,"5":1,"6":6,"7":0},"b":{"0":[0,3],"1":[1,2],"2":[2,0],"3":[2,2],"4":[0,2],"5":[2,1],"6":[3,1],"7":[1,0],"8":[1,1],"9":[0,1],"10":[0,6],"11":[0,6],"12":[0,6],"13":[0,6],"14":[6,0],"15":[4,9],"16":[13,7,7,7,7,7],"17":[3,1],"18":[4,3],"19":[3,2],"20":[0,3]},"meta":{"lastBranch":21,"lastFunction":8,"lastStatement":67,"seen":{"f:1:16:1:22":0,"s:2:2:2:Infinity":0,"f:5:16:5:24":1,"s:6:8:8:Infinity":1,"f:6:8:6:19":2,"s:8:4:8:Infinity":2,"s:11:2:11:Infinity":3,"s:12:2:12:Infinity":4,"s:13:2:13:Infinity":5,"f:65:16:65:Infinity":3,"s:69:19:69:33":6,"b:70:2:71:Infinity:undefined:undefined:undefined:undefined":0,"s:70:2:71:Infinity":7,"s:71:4:71:Infinity":8,"s:74:42:74:102":9,"b:76:2:79:Infinity:undefined:undefined:undefined:undefined":1,"s:76:2:79:Infinity":10,"s:77:4:77:Infinity":11,"s:78:4:78:Infinity":12,"s:79:4:79:Infinity":13,"s:82:16:82:Infinity":14,"s:83:18:83:Infinity":15,"s:84:47:84:49":16,"s:86:2:97:Infinity":17,"s:86:15:86:18":18,"s:87:17:87:Infinity":19,"b:88:4:97:Infinity:undefined:undefined:undefined:undefined":2,"s:88:4:97:Infinity":20,"b:88:8:88:40:88:40:88:72":3,"s:89:6:89:Infinity":21,"s:90:27:90:Infinity":22,"s:91:6:95:Infinity":23,"s:91:19:91:22":24,"s:92:21:92:Infinity":25,"b:93:8:93:Infinity:undefined:undefined:undefined:undefined":4,"s:93:8:93:Infinity":26,"s:93:19:93:Infinity":27,"s:95:8:95:Infinity":28,"s:97:6:97:Infinity":29,"b:101:2:102:Infinity:undefined:undefined:undefined:undefined":5,"s:101:2:102:Infinity":30,"b:101:6:101:17:101:17:101:51":6,"s:102:4:102:Infinity":31,"s:106:42:106:44":32,"s:107:2:110:Infinity":33,"b:108:4:110:Infinity:undefined:undefined:undefined:undefined":7,"s:108:4:110:Infinity":34,"b:108:8:108:24:108:24:108:43":8,"s:109:20:109:81":35,"f:109:44:109:54":4,"s:109:59:109:81":36,"s:110:6:110:Infinity":37,"s:114:23:114:Infinity":38,"s:115:22:117:14":39,"f:116:5:116:10":5,"s:116:26:116:45":40,"b:119:2:120:Infinity:undefined:undefined:undefined:undefined":9,"s:119:2:120:Infinity":41,"s:120:4:120:Infinity":42,"s:123:2:126:Infinity":43,"s:124:4:124:Infinity":44,"s:126:4:126:Infinity":45,"f:130:16:130:54":6,"s:131:13:131:45":46,"b:134:2:134:Infinity:undefined:undefined:undefined:undefined":10,"s:134:2:134:Infinity":47,"s:134:18:134:Infinity":48,"b:137:2:137:Infinity:undefined:undefined:undefined:undefined":11,"s:137:2:137:Infinity":49,"s:137:17:137:Infinity":50,"b:140:2:140:Infinity:undefined:undefined:undefined:undefined":12,"s:140:2:140:Infinity":51,"s:140:17:140:Infinity":52,"b:143:2:145:Infinity:undefined:undefined:undefined:undefined":13,"s:143:2:145:Infinity":53,"b:143:6:143:20:143:20:143:52":14,"s:144:4:145:Infinity":54,"s:145:6:145:Infinity":55,"s:150:2:161:Infinity":56,"b:151:4:161:Infinity:undefined:undefined:undefined:undefined":15,"s:151:4:161:Infinity":57,"b:152:6:152:Infinity:153:6:153:Infinity:154:6:154:Infinity:155:6:155:Infinity:156:6:156:Infinity:157:6:157:Infinity":16,"b:159:6:161:Infinity:161:13:161:Infinity":17,"s:159:6:161:Infinity":58,"b:159:10:159:37:159:37:159:62":18,"s:160:8:160:Infinity":59,"s:161:13:161:Infinity":60,"b:166:2:172:Infinity:undefined:undefined:undefined:undefined":19,"s:166:2:172:Infinity":61,"b:167:4:172:Infinity:171:11:172:Infinity":20,"s:167:4:172:Infinity":62,"s:168:6:170:Infinity":63,"f:168:20:168:28":7,"s:169:8:169:Infinity":64,"s:172:6:172:Infinity":65,"s:176:2:176:Infinity":66}}}
,"C:\\Users\\Noahh\\Code\\Opti\\package\\src\\Core\\events.ts": {"path":"C:\\Users\\Noahh\\Code\\Opti\\package\\src\\Core\\events.ts","statementMap":{"0":{"start":{"line":21,"column":2},"end":{"line":33,"column":null}},"1":{"start":{"line":23,"column":6},"end":{"line":25,"column":null}},"2":{"start":{"line":24,"column":8},"end":{"line":24,"column":null}},"3":{"start":{"line":25,"column":8},"end":{"line":25,"column":null}},"4":{"start":{"line":29,"column":6},"end":{"line":33,"column":null}},"5":{"start":{"line":30,"column":23},"end":{"line":30,"column":45}},"6":{"start":{"line":31,"column":21},"end":{"line":31,"column":70}},"7":{"start":{"line":32,"column":8},"end":{"line":32,"column":null}},"8":{"start":{"line":33,"column":8},"end":{"line":33,"column":null}},"9":{"start":{"line":41,"column":2},"end":{"line":43,"column":null}},"10":{"start":{"line":43,"column":4},"end":{"line":43,"column":null}},"11":{"start":{"line":46,"column":2},"end":{"line":46,"column":null}},"12":{"start":{"line":49,"column":33},"end":{"line":49,"column":null}},"13":{"start":{"line":51,"column":32},"end":{"line":98,"column":null}},"14":{"start":{"line":58,"column":4},"end":{"line":58,"column":null}},"15":{"start":{"line":61,"column":6},"end":{"line":63,"column":null}},"16":{"start":{"line":65,"column":19},"end":{"line":65,"column":null}},"17":{"start":{"line":69,"column":4},"end":{"line":93,"column":null}},"18":{"start":{"line":72,"column":6},"end":{"line":75,"column":null}},"19":{"start":{"line":73,"column":8},"end":{"line":73,"column":null}},"20":{"start":{"line":75,"column":8},"end":{"line":75,"column":null}},"21":{"start":{"line":78,"column":6},"end":{"line":84,"column":null}},"22":{"start":{"line":87,"column":6},"end":{"line":93,"column":null}},"23":{"start":{"line":96,"column":4},"end":{"line":96,"column":null}}},"fnMap":{"0":{"name":"mixin","decl":{"start":{"line":16,"column":16},"end":{"line":16,"column":null}},"loc":{"start":{"line":20,"column":5},"end":{"line":33,"column":null}},"line":20},"1":{"name":"(anonymous_1)","decl":{"start":{"line":23,"column":14},"end":{"line":23,"column":36}},"loc":{"start":{"line":23,"column":65},"end":{"line":25,"column":null}},"line":23},"2":{"name":"(anonymous_2)","decl":{"start":{"line":29,"column":14},"end":{"line":29,"column":36}},"loc":{"start":{"line":29,"column":65},"end":{"line":33,"column":null}},"line":29},"3":{"name":"getEvents","decl":{"start":{"line":40,"column":16},"end":{"line":40,"column":102}},"loc":{"start":{"line":40,"column":209},"end":{"line":46,"column":null}},"line":40},"4":{"name":"(anonymous_4)","decl":{"start":{"line":54,"column":2},"end":{"line":54,"column":75}},"loc":{"start":{"line":54,"column":175},"end":{"line":98,"column":null}},"line":54}},"branchMap":{"0":{"loc":{"start":{"line":21,"column":2},"end":{"line":33,"column":null}},"type":"switch","locations":[{"start":{"line":22,"column":4},"end":{"line":25,"column":null}},{"start":{"line":28,"column":4},"end":{"line":33,"column":null}}],"line":21},"1":{"loc":{"start":{"line":41,"column":2},"end":{"line":43,"column":null}},"type":"if","locations":[{"start":{"line":41,"column":2},"end":{"line":43,"column":null}},{"start":{},"end":{}}],"line":41},"2":{"loc":{"start":{"line":46,"column":9},"end":{"line":46,"column":34}},"type":"binary-expr","locations":[{"start":{"line":46,"column":9},"end":{"line":46,"column":32}},{"start":{"line":46,"column":32},"end":{"line":46,"column":34}}],"line":46},"3":{"loc":{"start":{"line":61,"column":6},"end":{"line":63,"column":null}},"type":"cond-expr","locations":[{"start":{"line":62,"column":11},"end":{"line":62,"column":null}},{"start":{"line":63,"column":11},"end":{"line":63,"column":null}}],"line":61},"4":{"loc":{"start":{"line":65,"column":19},"end":{"line":65,"column":null}},"type":"binary-expr","locations":[{"start":{"line":65,"column":19},"end":{"line":65,"column":34}},{"start":{"line":65,"column":34},"end":{"line":65,"column":null}}],"line":65},"5":{"loc":{"start":{"line":69,"column":4},"end":{"line":93,"column":null}},"type":"if","locations":[{"start":{"line":69,"column":4},"end":{"line":93,"column":null}},{"start":{"line":85,"column":11},"end":{"line":93,"column":null}}],"line":69},"6":{"loc":{"start":{"line":72,"column":6},"end":{"line":75,"column":null}},"type":"if","locations":[{"start":{"line":72,"column":6},"end":{"line":75,"column":null}},{"start":{"line":74,"column":13},"end":{"line":75,"column":null}}],"line":72},"7":{"loc":{"start":{"line":72,"column":10},"end":{"line":72,"column":80}},"type":"binary-expr","locations":[{"start":{"line":72,"column":10},"end":{"line":72,"column":45}},{"start":{"line":72,"column":45},"end":{"line":72,"column":80}}],"line":72},"8":{"loc":{"start":{"line":81,"column":17},"end":{"line":81,"column":84}},"type":"cond-expr","locations":[{"start":{"line":81,"column":48},"end":{"line":81,"column":68}},{"start":{"line":81,"column":71},"end":{"line":81,"column":84}}],"line":81},"9":{"loc":{"start":{"line":81,"column":71},"end":{"line":81,"column":84}},"type":"binary-expr","locations":[{"start":{"line":81,"column":71},"end":{"line":81,"column":82}},{"start":{"line":81,"column":82},"end":{"line":81,"column":84}}],"line":81},"10":{"loc":{"start":{"line":90,"column":17},"end":{"line":90,"column":84}},"type":"cond-expr","locations":[{"start":{"line":90,"column":48},"end":{"line":90,"column":68}},{"start":{"line":90,"column":71},"end":{"line":90,"column":84}}],"line":90},"11":{"loc":{"start":{"line":90,"column":71},"end":{"line":90,"column":84}},"type":"binary-expr","locations":[{"start":{"line":90,"column":71},"end":{"line":90,"column":82}},{"start":{"line":90,"column":82},"end":{"line":90,"column":84}}],"line":90}},"s":{"0":4,"1":4,"2":45,"3":45,"4":0,"5":0,"6":0,"7":0,"8":0,"9":0,"10":0,"11":0,"12":4,"13":4,"14":45,"15":45,"16":45,"17":45,"18":0,"19":0,"20":0,"21":0,"22":45,"23":45},"f":{"0":4,"1":45,"2":0,"3":0,"4":45},"b":{"0":[4,0],"1":[0,0],"2":[0,0],"3":[0,45],"4":[45,45],"5":[0,45],"6":[0,0],"7":[0,0],"8":[0,0],"9":[0,0],"10":[0,45],"11":[45,9]},"meta":{"lastBranch":12,"lastFunction":5,"lastStatement":24,"seen":{"f:16:16:16:Infinity":0,"b:22:4:25:Infinity:28:4:33:Infinity":0,"s:21:2:33:Infinity":0,"s:23:6:25:Infinity":1,"f:23:14:23:36":1,"s:24:8:24:Infinity":2,"s:25:8:25:Infinity":3,"s:29:6:33:Infinity":4,"f:29:14:29:36":2,"s:30:23:30:45":5,"s:31:21:31:70":6,"s:32:8:32:Infinity":7,"s:33:8:33:Infinity":8,"f:40:16:40:102":3,"b:41:2:43:Infinity:undefined:undefined:undefined:undefined":1,"s:41:2:43:Infinity":9,"s:43:4:43:Infinity":10,"s:46:2:46:Infinity":11,"b:46:9:46:32:46:32:46:34":2,"s:49:33:49:Infinity":12,"s:51:32:98:Infinity":13,"f:54:2:54:75":4,"s:58:4:58:Infinity":14,"s:61:6:63:Infinity":15,"b:62:11:62:Infinity:63:11:63:Infinity":3,"s:65:19:65:Infinity":16,"b:65:19:65:34:65:34:65:Infinity":4,"b:69:4:93:Infinity:85:11:93:Infinity":5,"s:69:4:93:Infinity":17,"b:72:6:75:Infinity:74:13:75:Infinity":6,"s:72:6:75:Infinity":18,"b:72:10:72:45:72:45:72:80":7,"s:73:8:73:Infinity":19,"s:75:8:75:Infinity":20,"s:78:6:84:Infinity":21,"b:81:48:81:68:81:71:81:84":8,"b:81:71:81:82:81:82:81:84":9,"s:87:6:93:Infinity":22,"b:90:48:90:68:90:71:90:84":10,"b:90:71:90:82:90:82:90:84":11,"s:96:4:96:Infinity":23}}}
,"C:\\Users\\Noahh\\Code\\Opti\\package\\src\\Core\\exceptions.ts": {"path":"C:\\Users\\Noahh\\Code\\Opti\\package\\src\\Core\\exceptions.ts","statementMap":{"0":{"start":{"line":7,"column":4},"end":{"line":7,"column":null}},"1":{"start":{"line":8,"column":4},"end":{"line":8,"column":null}},"2":{"start":{"line":10,"column":4},"end":{"line":10,"column":null}},"3":{"start":{"line":12,"column":4},"end":{"line":12,"column":null}},"4":{"start":{"line":13,"column":4},"end":{"line":13,"column":null}},"5":{"start":{"line":14,"column":4},"end":{"line":14,"column":null}},"6":{"start":{"line":18,"column":4},"end":{"line":18,"column":null}},"7":{"start":{"line":22,"column":4},"end":{"line":22,"column":null}},"8":{"start":{"line":26,"column":4},"end":{"line":26,"column":null}},"9":{"start":{"line":30,"column":4},"end":{"line":30,"column":null}},"10":{"start":{"line":34,"column":4},"end":{"line":34,"column":null}},"11":{"start":{"line":38,"column":4},"end":{"line":38,"column":null}},"12":{"start":{"line":42,"column":4},"end":{"line":42,"column":null}},"13":{"start":{"line":46,"column":4},"end":{"line":46,"column":null}},"14":{"start":{"line":56,"column":4},"end":{"line":56,"column":null}},"15":{"start":{"line":57,"column":4},"end":{"line":57,"column":null}},"16":{"start":{"line":58,"column":4},"end":{"line":58,"column":null}},"17":{"start":{"line":62,"column":4},"end":{"line":62,"column":null}},"18":{"start":{"line":66,"column":4},"end":{"line":66,"column":null}},"19":{"start":{"line":70,"column":4},"end":{"line":70,"column":null}},"20":{"start":{"line":74,"column":4},"end":{"line":74,"column":null}},"21":{"start":{"line":78,"column":4},"end":{"line":78,"column":null}},"22":{"start":{"line":82,"column":4},"end":{"line":82,"column":null}}},"fnMap":{"0":{"name":"(anonymous_0)","decl":{"start":{"line":6,"column":2},"end":{"line":6,"column":14}},"loc":{"start":{"line":6,"column":63},"end":{"line":14,"column":null}},"line":6},"1":{"name":"(anonymous_1)","decl":{"start":{"line":17,"column":2},"end":{"line":17,"column":9}},"loc":{"start":{"line":17,"column":27},"end":{"line":18,"column":null}},"line":17},"2":{"name":"(anonymous_2)","decl":{"start":{"line":21,"column":2},"end":{"line":21,"column":9}},"loc":{"start":{"line":21,"column":30},"end":{"line":22,"column":null}},"line":21},"3":{"name":"(anonymous_3)","decl":{"start":{"line":25,"column":2},"end":{"line":25,"column":9}},"loc":{"start":{"line":25,"column":28},"end":{"line":26,"column":null}},"line":25},"4":{"name":"(anonymous_4)","decl":{"start":{"line":29,"column":2},"end":{"line":29,"column":9}},"loc":{"start":{"line":29,"column":24},"end":{"line":30,"column":null}},"line":29},"5":{"name":"(anonymous_5)","decl":{"start":{"line":33,"column":2},"end":{"line":33,"column":9}},"loc":{"start":{"line":33,"column":33},"end":{"line":34,"column":null}},"line":33},"6":{"name":"(anonymous_6)","decl":{"start":{"line":37,"column":2},"end":{"line":37,"column":18}},"loc":{"start":{"line":37,"column":37},"end":{"line":38,"column":null}},"line":37},"7":{"name":"(anonymous_7)","decl":{"start":{"line":41,"column":16},"end":{"line":41,"column":28}},"loc":{"start":{"line":41,"column":71},"end":{"line":42,"column":null}},"line":41},"8":{"name":"(anonymous_8)","decl":{"start":{"line":45,"column":16},"end":{"line":45,"column":31}},"loc":{"start":{"line":45,"column":104},"end":{"line":46,"column":null}},"line":45},"9":{"name":"(anonymous_9)","decl":{"start":{"line":55,"column":2},"end":{"line":55,"column":9}},"loc":{"start":{"line":55,"column":63},"end":{"line":58,"column":null}},"line":55},"10":{"name":"(anonymous_10)","decl":{"start":{"line":61,"column":13},"end":{"line":61,"column":40}},"loc":{"start":{"line":61,"column":40},"end":{"line":62,"column":null}},"line":61},"11":{"name":"(anonymous_11)","decl":{"start":{"line":65,"column":2},"end":{"line":65,"column":9}},"loc":{"start":{"line":65,"column":30},"end":{"line":66,"column":null}},"line":65},"12":{"name":"(anonymous_12)","decl":{"start":{"line":69,"column":2},"end":{"line":69,"column":9}},"loc":{"start":{"line":69,"column":28},"end":{"line":70,"column":null}},"line":69},"13":{"name":"(anonymous_13)","decl":{"start":{"line":73,"column":2},"end":{"line":73,"column":9}},"loc":{"start":{"line":73,"column":28},"end":{"line":74,"column":null}},"line":73},"14":{"name":"(anonymous_14)","decl":{"start":{"line":77,"column":2},"end":{"line":77,"column":9}},"loc":{"start":{"line":77,"column":33},"end":{"line":78,"column":null}},"line":77},"15":{"name":"(anonymous_15)","decl":{"start":{"line":81,"column":2},"end":{"line":81,"column":9}},"loc":{"start":{"line":81,"column":24},"end":{"line":82,"column":null}},"line":81}},"branchMap":{"0":{"loc":{"start":{"line":12,"column":20},"end":{"line":12,"column":null}},"type":"binary-expr","locations":[{"start":{"line":12,"column":20},"end":{"line":12,"column":31}},{"start":{"line":12,"column":31},"end":{"line":12,"column":null}}],"line":12},"1":{"loc":{"start":{"line":13,"column":18},"end":{"line":13,"column":null}},"type":"binary-expr","locations":[{"start":{"line":13,"column":18},"end":{"line":13,"column":27}},{"start":{"line":13,"column":27},"end":{"line":13,"column":null}}],"line":13},"2":{"loc":{"start":{"line":14,"column":26},"end":{"line":14,"column":null}},"type":"binary-expr","locations":[{"start":{"line":14,"column":26},"end":{"line":14,"column":41}},{"start":{"line":14,"column":41},"end":{"line":14,"column":null}}],"line":14},"3":{"loc":{"start":{"line":46,"column":11},"end":{"line":46,"column":null}},"type":"binary-expr","locations":[{"start":{"line":46,"column":11},"end":{"line":46,"column":40}},{"start":{"line":46,"column":40},"end":{"line":46,"column":null}}],"line":46},"4":{"loc":{"start":{"line":55,"column":21},"end":{"line":55,"column":43}},"type":"default-arg","locations":[{"start":{"line":55,"column":39},"end":{"line":55,"column":43}}],"line":55},"5":{"loc":{"start":{"line":55,"column":43},"end":{"line":55,"column":63}},"type":"default-arg","locations":[{"start":{"line":55,"column":59},"end":{"line":55,"column":63}}],"line":55},"6":{"loc":{"start":{"line":58,"column":18},"end":{"line":58,"column":null}},"type":"binary-expr","locations":[{"start":{"line":58,"column":18},"end":{"line":58,"column":39}},{"start":{"line":58,"column":39},"end":{"line":58,"column":null}}],"line":58}},"s":{"0":71,"1":71,"2":71,"3":71,"4":71,"5":71,"6":0,"7":41,"8":24,"9":12,"10":12,"11":3,"12":0,"13":0,"14":2,"15":2,"16":2,"17":1,"18":1,"19":0,"20":0,"21":0,"22":0},"f":{"0":71,"1":0,"2":41,"3":24,"4":12,"5":12,"6":3,"7":4,"8":4,"9":2,"10":1,"11":1,"12":0,"13":0,"14":0,"15":0},"b":{"0":[71,37],"1":[71,47],"2":[71,57],"3":[0,0],"4":[2],"5":[2],"6":[2,0]},"meta":{"lastBranch":7,"lastFunction":16,"lastStatement":23,"seen":{"f:6:2:6:14":0,"s:7:4:7:Infinity":0,"s:8:4:8:Infinity":1,"s:10:4:10:Infinity":2,"s:12:4:12:Infinity":3,"b:12:20:12:31:12:31:12:Infinity":0,"s:13:4:13:Infinity":4,"b:13:18:13:27:13:27:13:Infinity":1,"s:14:4:14:Infinity":5,"b:14:26:14:41:14:41:14:Infinity":2,"f:17:2:17:9":1,"s:18:4:18:Infinity":6,"f:21:2:21:9":2,"s:22:4:22:Infinity":7,"f:25:2:25:9":3,"s:26:4:26:Infinity":8,"f:29:2:29:9":4,"s:30:4:30:Infinity":9,"f:33:2:33:9":5,"s:34:4:34:Infinity":10,"f:37:2:37:18":6,"s:38:4:38:Infinity":11,"f:41:16:41:28":7,"s:42:4:42:Infinity":12,"f:45:16:45:31":8,"s:46:4:46:Infinity":13,"b:46:11:46:40:46:40:46:Infinity":3,"f:55:2:55:9":9,"b:55:39:55:43":4,"b:55:59:55:63":5,"s:56:4:56:Infinity":14,"s:57:4:57:Infinity":15,"s:58:4:58:Infinity":16,"b:58:18:58:39:58:39:58:Infinity":6,"f:61:13:61:40":10,"s:62:4:62:Infinity":17,"f:65:2:65:9":11,"s:66:4:66:Infinity":18,"f:69:2:69:9":12,"s:70:4:70:Infinity":19,"f:73:2:73:9":13,"s:74:4:74:Infinity":20,"f:77:2:77:9":14,"s:78:4:78:Infinity":21,"f:81:2:81:9":15,"s:82:4:82:Infinity":22}}}
,"C:\\Users\\Noahh\\Code\\Opti\\package\\src\\Core\\globals.ts": {"path":"C:\\Users\\Noahh\\Code\\Opti\\package\\src\\Core\\globals.ts","statementMap":{"0":{"start":{"line":2,"column":15},"end":{"line":2,"column":null}},"1":{"start":{"line":3,"column":29},"end":{"line":72,"column":34}},"2":{"start":{"line":4,"column":17},"end":{"line":4,"column":null}},"3":{"start":{"line":5,"column":17},"end":{"line":5,"column":null}},"4":{"start":{"line":7,"column":6},"end":{"line":47,"column":null}},"5":{"start":{"line":9,"column":10},"end":{"line":10,"column":null}},"6":{"start":{"line":10,"column":12},"end":{"line":10,"column":null}},"7":{"start":{"line":16,"column":10},"end":{"line":16,"column":null}},"8":{"start":{"line":18,"column":24},"end":{"line":18,"column":null}},"9":{"start":{"line":19,"column":24},"end":{"line":19,"column":40}},"10":{"start":{"line":21,"column":10},"end":{"line":31,"column":null}},"11":{"start":{"line":22,"column":38},"end":{"line":22,"column":null}},"12":{"start":{"line":23,"column":25},"end":{"line":23,"column":40}},"13":{"start":{"line":25,"column":12},"end":{"line":28,"column":null}},"14":{"start":{"line":26,"column":14},"end":{"line":26,"column":null}},"15":{"start":{"line":27,"column":23},"end":{"line":28,"column":null}},"16":{"start":{"line":28,"column":14},"end":{"line":28,"column":null}},"17":{"start":{"line":31,"column":12},"end":{"line":31,"column":null}},"18":{"start":{"line":33,"column":10},"end":{"line":33,"column":null}},"19":{"start":{"line":35,"column":10},"end":{"line":35,"column":null}},"20":{"start":{"line":37,"column":10},"end":{"line":38,"column":null}},"21":{"start":{"line":38,"column":12},"end":{"line":38,"column":null}},"22":{"start":{"line":40,"column":27},"end":{"line":40,"column":null}},"23":{"start":{"line":41,"column":10},"end":{"line":41,"column":null}},"24":{"start":{"line":41,"column":50},"end":{"line":41,"column":null}},"25":{"start":{"line":43,"column":10},"end":{"line":44,"column":null}},"26":{"start":{"line":44,"column":12},"end":{"line":44,"column":null}},"27":{"start":{"line":47,"column":10},"end":{"line":47,"column":null}},"28":{"start":{"line":51,"column":6},"end":{"line":51,"column":null}},"29":{"start":{"line":51,"column":41},"end":{"line":51,"column":null}},"30":{"start":{"line":52,"column":6},"end":{"line":52,"column":null}},"31":{"start":{"line":55,"column":6},"end":{"line":55,"column":null}},"32":{"start":{"line":58,"column":6},"end":{"line":58,"column":null}},"33":{"start":{"line":61,"column":6},"end":{"line":61,"column":null}},"34":{"start":{"line":64,"column":6},"end":{"line":64,"column":null}},"35":{"start":{"line":67,"column":6},"end":{"line":67,"column":null}},"36":{"start":{"line":70,"column":6},"end":{"line":70,"column":null}},"37":{"start":{"line":75,"column":4},"end":{"line":76,"column":null}},"38":{"start":{"line":76,"column":6},"end":{"line":76,"column":null}},"39":{"start":{"line":79,"column":4},"end":{"line":79,"column":null}},"40":{"start":{"line":79,"column":36},"end":{"line":79,"column":null}},"41":{"start":{"line":80,"column":4},"end":{"line":80,"column":null}},"42":{"start":{"line":83,"column":2},"end":{"line":124,"column":null}},"43":{"start":{"line":84,"column":4},"end":{"line":124,"column":null}},"44":{"start":{"line":86,"column":20},"end":{"line":90,"column":null}},"45":{"start":{"line":92,"column":8},"end":{"line":95,"column":null}},"46":{"start":{"line":93,"column":10},"end":{"line":93,"column":null}},"47":{"start":{"line":94,"column":19},"end":{"line":95,"column":null}},"48":{"start":{"line":95,"column":10},"end":{"line":95,"column":null}},"49":{"start":{"line":98,"column":8},"end":{"line":98,"column":null}},"50":{"start":{"line":101,"column":20},"end":{"line":105,"column":null}},"51":{"start":{"line":107,"column":8},"end":{"line":110,"column":null}},"52":{"start":{"line":108,"column":10},"end":{"line":108,"column":null}},"53":{"start":{"line":109,"column":19},"end":{"line":110,"column":null}},"54":{"start":{"line":110,"column":10},"end":{"line":110,"column":null}},"55":{"start":{"line":113,"column":8},"end":{"line":113,"column":null}},"56":{"start":{"line":117,"column":8},"end":{"line":120,"column":null}},"57":{"start":{"line":118,"column":10},"end":{"line":118,"column":null}},"58":{"start":{"line":119,"column":19},"end":{"line":120,"column":null}},"59":{"start":{"line":120,"column":10},"end":{"line":120,"column":null}},"60":{"start":{"line":122,"column":8},"end":{"line":122,"column":null}},"61":{"start":{"line":127,"column":2},"end":{"line":134,"column":null}},"62":{"start":{"line":128,"column":26},"end":{"line":128,"column":null}},"63":{"start":{"line":129,"column":4},"end":{"line":134,"column":null}},"64":{"start":{"line":131,"column":8},"end":{"line":131,"column":null}},"65":{"start":{"line":131,"column":33},"end":{"line":131,"column":null}},"66":{"start":{"line":132,"column":8},"end":{"line":132,"column":null}},"67":{"start":{"line":137,"column":2},"end":{"line":137,"column":null}},"68":{"start":{"line":141,"column":2},"end":{"line":141,"column":null}},"69":{"start":{"line":141,"column":20},"end":{"line":141,"column":null}},"70":{"start":{"line":142,"column":2},"end":{"line":142,"column":null}},"71":{"start":{"line":142,"column":25},"end":{"line":142,"column":null}},"72":{"start":{"line":143,"column":2},"end":{"line":143,"column":null}},"73":{"start":{"line":143,"column":33},"end":{"line":143,"column":null}},"74":{"start":{"line":145,"column":17},"end":{"line":145,"column":65}},"75":{"start":{"line":146,"column":2},"end":{"line":146,"column":null}},"76":{"start":{"line":148,"column":15},"end":{"line":148,"column":null}},"77":{"start":{"line":149,"column":2},"end":{"line":150,"column":null}},"78":{"start":{"line":150,"column":4},"end":{"line":150,"column":null}},"79":{"start":{"line":153,"column":2},"end":{"line":169,"column":null}},"80":{"start":{"line":155,"column":6},"end":{"line":155,"column":null}},"81":{"start":{"line":156,"column":6},"end":{"line":156,"column":null}},"82":{"start":{"line":158,"column":6},"end":{"line":165,"column":null}},"83":{"start":{"line":159,"column":8},"end":{"line":159,"column":null}},"84":{"start":{"line":160,"column":17},"end":{"line":165,"column":null}},"85":{"start":{"line":161,"column":8},"end":{"line":161,"column":null}},"86":{"start":{"line":162,"column":17},"end":{"line":165,"column":null}},"87":{"start":{"line":163,"column":8},"end":{"line":163,"column":null}},"88":{"start":{"line":164,"column":17},"end":{"line":165,"column":null}},"89":{"start":{"line":165,"column":8},"end":{"line":165,"column":null}},"90":{"start":{"line":167,"column":6},"end":{"line":167,"column":null}},"91":{"start":{"line":169,"column":6},"end":{"line":169,"column":null}},"92":{"start":{"line":172,"column":2},"end":{"line":172,"column":null}},"93":{"start":{"line":176,"column":2},"end":{"line":177,"column":null}},"94":{"start":{"line":177,"column":4},"end":{"line":177,"column":null}},"95":{"start":{"line":182,"column":2},"end":{"line":185,"column":null}},"96":{"start":{"line":183,"column":4},"end":{"line":183,"column":null}},"97":{"start":{"line":183,"column":17},"end":{"line":183,"column":null}},"98":{"start":{"line":184,"column":4},"end":{"line":184,"column":null}},"99":{"start":{"line":202,"column":2},"end":{"line":202,"column":null}},"100":{"start":{"line":202,"column":50},"end":{"line":202,"column":null}},"101":{"start":{"line":205,"column":2},"end":{"line":205,"column":null}},"102":{"start":{"line":205,"column":31},"end":{"line":205,"column":null}},"103":{"start":{"line":208,"column":2},"end":{"line":208,"column":null}},"104":{"start":{"line":208,"column":46},"end":{"line":208,"column":null}},"105":{"start":{"line":210,"column":2},"end":{"line":211,"column":null}},"106":{"start":{"line":211,"column":4},"end":{"line":211,"column":null}},"107":{"start":{"line":215,"column":2},"end":{"line":218,"column":null}},"108":{"start":{"line":216,"column":18},"end":{"line":216,"column":44}},"109":{"start":{"line":217,"column":20},"end":{"line":217,"column":null}},"110":{"start":{"line":218,"column":4},"end":{"line":218,"column":null}},"111":{"start":{"line":221,"column":2},"end":{"line":221,"column":null}}},"fnMap":{"0":{"name":"typeObject","decl":{"start":{"line":1,"column":9},"end":{"line":1,"column":23}},"loc":{"start":{"line":1,"column":61},"end":{"line":137,"column":null}},"line":1},"1":{"name":"(anonymous_1)","decl":{"start":{"line":4,"column":4},"end":{"line":4,"column":15}},"loc":{"start":{"line":4,"column":15},"end":{"line":4,"column":null}},"line":4},"2":{"name":"(anonymous_2)","decl":{"start":{"line":5,"column":4},"end":{"line":5,"column":15}},"loc":{"start":{"line":5,"column":15},"end":{"line":5,"column":null}},"line":5},"3":{"name":"(anonymous_3)","decl":{"start":{"line":6,"column":4},"end":{"line":6,"column":12}},"loc":{"start":{"line":6,"column":37},"end":{"line":47,"column":null}},"line":6},"4":{"name":"(anonymous_4)","decl":{"start":{"line":50,"column":4},"end":{"line":50,"column":34}},"loc":{"start":{"line":50,"column":89},"end":{"line":52,"column":null}},"line":50},"5":{"name":"(anonymous_5)","decl":{"start":{"line":54,"column":4},"end":{"line":54,"column":58}},"loc":{"start":{"line":54,"column":58},"end":{"line":55,"column":null}},"line":54},"6":{"name":"(anonymous_6)","decl":{"start":{"line":57,"column":4},"end":{"line":57,"column":58}},"loc":{"start":{"line":57,"column":58},"end":{"line":58,"column":null}},"line":57},"7":{"name":"(anonymous_7)","decl":{"start":{"line":60,"column":4},"end":{"line":60,"column":60}},"loc":{"start":{"line":60,"column":60},"end":{"line":61,"column":null}},"line":60},"8":{"name":"(anonymous_8)","decl":{"start":{"line":63,"column":4},"end":{"line":63,"column":45}},"loc":{"start":{"line":63,"column":45},"end":{"line":64,"column":null}},"line":63},"9":{"name":"(anonymous_9)","decl":{"start":{"line":66,"column":4},"end":{"line":66,"column":55}},"loc":{"start":{"line":66,"column":55},"end":{"line":67,"column":null}},"line":66},"10":{"name":"(anonymous_10)","decl":{"start":{"line":69,"column":4},"end":{"line":69,"column":17}},"loc":{"start":{"line":69,"column":34},"end":{"line":70,"column":null}},"line":69},"11":{"name":"hasOwn","decl":{"start":{"line":74,"column":11},"end":{"line":74,"column":36}},"loc":{"start":{"line":74,"column":104},"end":{"line":80,"column":null}},"line":74},"12":{"name":"(anonymous_12)","decl":{"start":{"line":85,"column":6},"end":{"line":85,"column":14}},"loc":{"start":{"line":85,"column":55},"end":{"line":98,"column":null}},"line":85},"13":{"name":"(anonymous_13)","decl":{"start":{"line":100,"column":6},"end":{"line":100,"column":13}},"loc":{"start":{"line":100,"column":54},"end":{"line":113,"column":null}},"line":100},"14":{"name":"(anonymous_14)","decl":{"start":{"line":116,"column":6},"end":{"line":116,"column":31}},"loc":{"start":{"line":116,"column":130},"end":{"line":122,"column":null}},"line":116},"15":{"name":"(anonymous_15)","decl":{"start":{"line":130,"column":6},"end":{"line":130,"column":13}},"loc":{"start":{"line":130,"column":36},"end":{"line":134,"column":6}},"line":130},"16":{"name":"is","decl":{"start":{"line":140,"column":16},"end":{"line":140,"column":22}},"loc":{"start":{"line":140,"column":47},"end":{"line":172,"column":null}},"line":140},"17":{"name":"assert","decl":{"start":{"line":175,"column":16},"end":{"line":175,"column":23}},"loc":{"start":{"line":175,"column":79},"end":{"line":177,"column":null}},"line":175},"18":{"name":"sleep","decl":{"start":{"line":181,"column":16},"end":{"line":181,"column":22}},"loc":{"start":{"line":181,"column":73},"end":{"line":185,"column":null}},"line":181},"19":{"name":"(anonymous_19)","decl":{"start":{"line":182,"column":13},"end":{"line":182,"column":21}},"loc":{"start":{"line":182,"column":34},"end":{"line":185,"column":null}},"line":182},"20":{"name":"isEmpty","decl":{"start":{"line":199,"column":16},"end":{"line":199,"column":24}},"loc":{"start":{"line":199,"column":47},"end":{"line":221,"column":null}},"line":199}},"branchMap":{"0":{"loc":{"start":{"line":7,"column":6},"end":{"line":47,"column":null}},"type":"switch","locations":[{"start":{"line":8,"column":8},"end":{"line":10,"column":null}},{"start":{"line":12,"column":8},"end":{"line":12,"column":null}},{"start":{"line":13,"column":8},"end":{"line":13,"column":null}},{"start":{"line":14,"column":8},"end":{"line":14,"column":null}},{"start":{"line":15,"column":8},"end":{"line":16,"column":null}},{"start":{"line":17,"column":8},"end":{"line":33,"column":null}},{"start":{"line":34,"column":8},"end":{"line":35,"column":null}},{"start":{"line":36,"column":8},"end":{"line":47,"column":null}}],"line":7},"1":{"loc":{"start":{"line":9,"column":10},"end":{"line":10,"column":null}},"type":"if","locations":[{"start":{"line":9,"column":10},"end":{"line":10,"column":null}},{"start":{},"end":{}}],"line":9},"2":{"loc":{"start":{"line":21,"column":10},"end":{"line":31,"column":null}},"type":"if","locations":[{"start":{"line":21,"column":10},"end":{"line":31,"column":null}},{"start":{},"end":{}}],"line":21},"3":{"loc":{"start":{"line":25,"column":12},"end":{"line":28,"column":null}},"type":"if","locations":[{"start":{"line":25,"column":12},"end":{"line":28,"column":null}},{"start":{"line":27,"column":23},"end":{"line":28,"column":null}}],"line":25},"4":{"loc":{"start":{"line":27,"column":23},"end":{"line":28,"column":null}},"type":"if","locations":[{"start":{"line":27,"column":23},"end":{"line":28,"column":null}},{"start":{},"end":{}}],"line":27},"5":{"loc":{"start":{"line":31,"column":19},"end":{"line":31,"column":null}},"type":"binary-expr","locations":[{"start":{"line":31,"column":19},"end":{"line":31,"column":59}},{"start":{"line":31,"column":59},"end":{"line":31,"column":null}}],"line":31},"6":{"loc":{"start":{"line":31,"column":29},"end":{"line":31,"column":59}},"type":"binary-expr","locations":[{"start":{"line":31,"column":29},"end":{"line":31,"column":43}},{"start":{"line":31,"column":43},"end":{"line":31,"column":59}}],"line":31},"7":{"loc":{"start":{"line":37,"column":10},"end":{"line":38,"column":null}},"type":"if","locations":[{"start":{"line":37,"column":10},"end":{"line":38,"column":null}},{"start":{},"end":{}}],"line":37},"8":{"loc":{"start":{"line":41,"column":10},"end":{"line":41,"column":null}},"type":"if","locations":[{"start":{"line":41,"column":10},"end":{"line":41,"column":null}},{"start":{},"end":{}}],"line":41},"9":{"loc":{"start":{"line":41,"column":14},"end":{"line":41,"column":48}},"type":"binary-expr","locations":[{"start":{"line":41,"column":14},"end":{"line":41,"column":26}},{"start":{"line":41,"column":26},"end":{"line":41,"column":48}}],"line":41},"10":{"loc":{"start":{"line":43,"column":10},"end":{"line":44,"column":null}},"type":"if","locations":[{"start":{"line":43,"column":10},"end":{"line":44,"column":null}},{"start":{},"end":{}}],"line":43},"11":{"loc":{"start":{"line":51,"column":6},"end":{"line":51,"column":null}},"type":"if","locations":[{"start":{"line":51,"column":6},"end":{"line":51,"column":null}},{"start":{},"end":{}}],"line":51},"12":{"loc":{"start":{"line":51,"column":10},"end":{"line":51,"column":41}},"type":"binary-expr","locations":[{"start":{"line":51,"column":10},"end":{"line":51,"column":24}},{"start":{"line":51,"column":24},"end":{"line":51,"column":41}}],"line":51},"13":{"loc":{"start":{"line":55,"column":13},"end":{"line":55,"column":null}},"type":"binary-expr","locations":[{"start":{"line":55,"column":13},"end":{"line":55,"column":32}},{"start":{"line":55,"column":32},"end":{"line":55,"column":null}}],"line":55},"14":{"loc":{"start":{"line":75,"column":4},"end":{"line":76,"column":null}},"type":"if","locations":[{"start":{"line":75,"column":4},"end":{"line":76,"column":null}},{"start":{},"end":{}}],"line":75},"15":{"loc":{"start":{"line":75,"column":8},"end":{"line":75,"column":49}},"type":"binary-expr","locations":[{"start":{"line":75,"column":8},"end":{"line":75,"column":27}},{"start":{"line":75,"column":27},"end":{"line":75,"column":49}}],"line":75},"16":{"loc":{"start":{"line":79,"column":4},"end":{"line":79,"column":null}},"type":"if","locations":[{"start":{"line":79,"column":4},"end":{"line":79,"column":null}},{"start":{},"end":{}}],"line":79},"17":{"loc":{"start":{"line":83,"column":2},"end":{"line":124,"column":null}},"type":"if","locations":[{"start":{"line":83,"column":2},"end":{"line":124,"column":null}},{"start":{},"end":{}}],"line":83},"18":{"loc":{"start":{"line":83,"column":6},"end":{"line":83,"column":71}},"type":"binary-expr","locations":[{"start":{"line":83,"column":6},"end":{"line":83,"column":31}},{"start":{"line":83,"column":31},"end":{"line":83,"column":48}},{"start":{"line":83,"column":52},"end":{"line":83,"column":71}}],"line":83},"19":{"loc":{"start":{"line":86,"column":20},"end":{"line":90,"column":null}},"type":"cond-expr","locations":[{"start":{"line":87,"column":12},"end":{"line":87,"column":null}},{"start":{"line":88,"column":13},"end":{"line":90,"column":null}}],"line":86},"20":{"loc":{"start":{"line":88,"column":13},"end":{"line":90,"column":null}},"type":"cond-expr","locations":[{"start":{"line":89,"column":14},"end":{"line":89,"column":null}},{"start":{"line":90,"column":14},"end":{"line":90,"column":null}}],"line":88},"21":{"loc":{"start":{"line":92,"column":8},"end":{"line":95,"column":null}},"type":"if","locations":[{"start":{"line":92,"column":8},"end":{"line":95,"column":null}},{"start":{"line":94,"column":19},"end":{"line":95,"column":null}}],"line":92},"22":{"loc":{"start":{"line":92,"column":12},"end":{"line":92,"column":61}},"type":"binary-expr","locations":[{"start":{"line":92,"column":12},"end":{"line":92,"column":29}},{"start":{"line":92,"column":33},"end":{"line":92,"column":61}}],"line":92},"23":{"loc":{"start":{"line":94,"column":19},"end":{"line":95,"column":null}},"type":"if","locations":[{"start":{"line":94,"column":19},"end":{"line":95,"column":null}},{"start":{},"end":{}}],"line":94},"24":{"loc":{"start":{"line":94,"column":19},"end":{"line":94,"column":99}},"type":"binary-expr","locations":[{"start":{"line":94,"column":19},"end":{"line":94,"column":45}},{"start":{"line":94,"column":45},"end":{"line":94,"column":64}},{"start":{"line":94,"column":68},"end":{"line":94,"column":99}}],"line":94},"25":{"loc":{"start":{"line":101,"column":20},"end":{"line":105,"column":null}},"type":"cond-expr","locations":[{"start":{"line":102,"column":12},"end":{"line":102,"column":null}},{"start":{"line":103,"column":13},"end":{"line":105,"column":null}}],"line":101},"26":{"loc":{"start":{"line":103,"column":13},"end":{"line":105,"column":null}},"type":"cond-expr","locations":[{"start":{"line":104,"column":14},"end":{"line":104,"column":null}},{"start":{"line":105,"column":14},"end":{"line":105,"column":null}}],"line":103},"27":{"loc":{"start":{"line":107,"column":8},"end":{"line":110,"column":null}},"type":"if","locations":[{"start":{"line":107,"column":8},"end":{"line":110,"column":null}},{"start":{"line":109,"column":19},"end":{"line":110,"column":null}}],"line":107},"28":{"loc":{"start":{"line":107,"column":12},"end":{"line":107,"column":61}},"type":"binary-expr","locations":[{"start":{"line":107,"column":12},"end":{"line":107,"column":29}},{"start":{"line":107,"column":33},"end":{"line":107,"column":61}}],"line":107},"29":{"loc":{"start":{"line":109,"column":19},"end":{"line":110,"column":null}},"type":"if","locations":[{"start":{"line":109,"column":19},"end":{"line":110,"column":null}},{"start":{},"end":{}}],"line":109},"30":{"loc":{"start":{"line":109,"column":19},"end":{"line":109,"column":72}},"type":"binary-expr","locations":[{"start":{"line":109,"column":19},"end":{"line":109,"column":38}},{"start":{"line":109,"column":42},"end":{"line":109,"column":72}}],"line":109},"31":{"loc":{"start":{"line":117,"column":8},"end":{"line":120,"column":null}},"type":"if","locations":[{"start":{"line":117,"column":8},"end":{"line":120,"column":null}},{"start":{"line":119,"column":19},"end":{"line":120,"column":null}}],"line":117},"32":{"loc":{"start":{"line":117,"column":12},"end":{"line":117,"column":61}},"type":"binary-expr","locations":[{"start":{"line":117,"column":12},"end":{"line":117,"column":29}},{"start":{"line":117,"column":33},"end":{"line":117,"column":61}}],"line":117},"33":{"loc":{"start":{"line":119,"column":19},"end":{"line":120,"column":null}},"type":"if","locations":[{"start":{"line":119,"column":19},"end":{"line":120,"column":null}},{"start":{},"end":{}}],"line":119},"34":{"loc":{"start":{"line":119,"column":19},"end":{"line":119,"column":72}},"type":"binary-expr","locations":[{"start":{"line":119,"column":19},"end":{"line":119,"column":38}},{"start":{"line":119,"column":42},"end":{"line":119,"column":72}}],"line":119},"35":{"loc":{"start":{"line":127,"column":2},"end":{"line":134,"column":null}},"type":"if","locations":[{"start":{"line":127,"column":2},"end":{"line":134,"column":null}},{"start":{},"end":{}}],"line":127},"36":{"loc":{"start":{"line":131,"column":8},"end":{"line":131,"column":null}},"type":"if","locations":[{"start":{"line":131,"column":8},"end":{"line":131,"column":null}},{"start":{},"end":{}}],"line":131},"37":{"loc":{"start":{"line":141,"column":2},"end":{"line":141,"column":null}},"type":"if","locations":[{"start":{"line":141,"column":2},"end":{"line":141,"column":null}},{"start":{},"end":{}}],"line":141},"38":{"loc":{"start":{"line":142,"column":2},"end":{"line":142,"column":null}},"type":"if","locations":[{"start":{"line":142,"column":2},"end":{"line":142,"column":null}},{"start":{},"end":{}}],"line":142},"39":{"loc":{"start":{"line":143,"column":2},"end":{"line":143,"column":null}},"type":"if","locations":[{"start":{"line":143,"column":2},"end":{"line":143,"column":null}},{"start":{},"end":{}}],"line":143},"40":{"loc":{"start":{"line":143,"column":68},"end":{"line":143,"column":94}},"type":"binary-expr","locations":[{"start":{"line":143,"column":68},"end":{"line":143,"column":80}},{"start":{"line":143,"column":80},"end":{"line":143,"column":94}}],"line":143},"41":{"loc":{"start":{"line":146,"column":14},"end":{"line":146,"column":50}},"type":"binary-expr","locations":[{"start":{"line":146,"column":14},"end":{"line":146,"column":40}},{"start":{"line":146,"column":44},"end":{"line":146,"column":50}}],"line":146},"42":{"loc":{"start":{"line":149,"column":2},"end":{"line":150,"column":null}},"type":"if","locations":[{"start":{"line":149,"column":2},"end":{"line":150,"column":null}},{"start":{},"end":{}}],"line":149},"43":{"loc":{"start":{"line":149,"column":6},"end":{"line":149,"column":33}},"type":"binary-expr","locations":[{"start":{"line":149,"column":6},"end":{"line":149,"column":14}},{"start":{"line":149,"column":14},"end":{"line":149,"column":33}}],"line":149},"44":{"loc":{"start":{"line":153,"column":2},"end":{"line":169,"column":null}},"type":"switch","locations":[{"start":{"line":154,"column":4},"end":{"line":156,"column":null}},{"start":{"line":157,"column":4},"end":{"line":167,"column":null}},{"start":{"line":168,"column":4},"end":{"line":169,"column":null}}],"line":153},"45":{"loc":{"start":{"line":158,"column":6},"end":{"line":165,"column":null}},"type":"if","locations":[{"start":{"line":158,"column":6},"end":{"line":165,"column":null}},{"start":{"line":160,"column":17},"end":{"line":165,"column":null}}],"line":158},"46":{"loc":{"start":{"line":158,"column":10},"end":{"line":158,"column":52}},"type":"binary-expr","locations":[{"start":{"line":158,"column":10},"end":{"line":158,"column":32}},{"start":{"line":158,"column":32},"end":{"line":158,"column":52}}],"line":158},"47":{"loc":{"start":{"line":160,"column":17},"end":{"line":165,"column":null}},"type":"if","locations":[{"start":{"line":160,"column":17},"end":{"line":165,"column":null}},{"start":{"line":162,"column":17},"end":{"line":165,"column":null}}],"line":160},"48":{"loc":{"start":{"line":160,"column":17},"end":{"line":160,"column":61}},"type":"binary-expr","locations":[{"start":{"line":160,"column":17},"end":{"line":160,"column":40}},{"start":{"line":160,"column":40},"end":{"line":160,"column":61}}],"line":160},"49":{"loc":{"start":{"line":162,"column":17},"end":{"line":165,"column":null}},"type":"if","locations":[{"start":{"line":162,"column":17},"end":{"line":165,"column":null}},{"start":{"line":164,"column":17},"end":{"line":165,"column":null}}],"line":162},"50":{"loc":{"start":{"line":162,"column":17},"end":{"line":162,"column":63}},"type":"binary-expr","locations":[{"start":{"line":162,"column":17},"end":{"line":162,"column":36}},{"start":{"line":162,"column":36},"end":{"line":162,"column":63}}],"line":162},"51":{"loc":{"start":{"line":164,"column":17},"end":{"line":165,"column":null}},"type":"if","locations":[{"start":{"line":164,"column":17},"end":{"line":165,"column":null}},{"start":{},"end":{}}],"line":164},"52":{"loc":{"start":{"line":176,"column":2},"end":{"line":177,"co
[...]
"end":{"line":149,"column":null}},"54":{"start":{"line":162,"column":2},"end":{"line":162,"column":null}},"55":{"start":{"line":163,"column":15},"end":{"line":163,"column":null}},"56":{"start":{"line":165,"column":21},"end":{"line":184,"column":null}},"57":{"start":{"line":166,"column":23},"end":{"line":166,"column":null}},"58":{"start":{"line":169,"column":6},"end":{"line":169,"column":null}},"59":{"start":{"line":173,"column":6},"end":{"line":173,"column":null}},"60":{"start":{"line":176,"column":6},"end":{"line":176,"column":null}},"61":{"start":{"line":179,"column":6},"end":{"line":179,"column":null}},"62":{"start":{"line":180,"column":6},"end":{"line":180,"column":null}},"63":{"start":{"line":181,"column":6},"end":{"line":181,"column":null}},"64":{"start":{"line":182,"column":6},"end":{"line":182,"column":null}},"65":{"start":{"line":186,"column":2},"end":{"line":186,"column":null}},"66":{"start":{"line":195,"column":2},"end":{"line":197,"column":null}},"67":{"start":{"line":196,"column":4},"end":{"line":197,"column":null}},"68":{"start":{"line":197,"column":6},"end":{"line":197,"column":null}}},"fnMap":{"0":{"name":"(anonymous_0)","decl":{"start":{"line":5,"column":2},"end":{"line":5,"column":14}},"loc":{"start":{"line":5,"column":22},"end":{"line":6,"column":null}},"line":5},"1":{"name":"(anonymous_1)","decl":{"start":{"line":9,"column":2},"end":{"line":9,"column":49}},"loc":{"start":{"line":9,"column":94},"end":{"line":13,"column":null}},"line":9},"2":{"name":"(anonymous_2)","decl":{"start":{"line":16,"column":2},"end":{"line":16,"column":25}},"loc":{"start":{"line":16,"column":38},"end":{"line":17,"column":null}},"line":16},"3":{"name":"(anonymous_3)","decl":{"start":{"line":20,"column":2},"end":{"line":20,"column":26}},"loc":{"start":{"line":20,"column":63},"end":{"line":24,"column":null}},"line":20},"4":{"name":"(anonymous_4)","decl":{"start":{"line":33,"column":2},"end":{"line":33,"column":null}},"loc":{"start":{"line":36,"column":99},"end":{"line":37,"column":null}},"line":36},"5":{"name":"(anonymous_5)","decl":{"start":{"line":40,"column":2},"end":{"line":40,"column":25}},"loc":{"start":{"line":40,"column":81},"end":{"line":41,"column":null}},"line":40},"6":{"name":"(anonymous_6)","decl":{"start":{"line":44,"column":2},"end":{"line":44,"column":26}},"loc":{"start":{"line":44,"column":63},"end":{"line":48,"column":null}},"line":44},"7":{"name":"addConditionalListener","decl":{"start":{"line":54,"column":16},"end":{"line":54,"column":null}},"loc":{"start":{"line":60,"column":8},"end":{"line":90,"column":null}},"line":60},"8":{"name":"(anonymous_8)","decl":{"start":{"line":71,"column":10},"end":{"line":71,"column":26}},"loc":{"start":{"line":71,"column":54},"end":{"line":76,"column":null}},"line":71},"9":{"name":"(anonymous_9)","decl":{"start":{"line":82,"column":10},"end":{"line":82,"column":26}},"loc":{"start":{"line":82,"column":54},"end":{"line":87,"column":null}},"line":82},"10":{"name":"addEventListeners","decl":{"start":{"line":94,"column":16},"end":{"line":94,"column":null}},"loc":{"start":{"line":101,"column":8},"end":{"line":109,"column":null}},"line":101},"11":{"name":"delegateEventListener","decl":{"start":{"line":115,"column":16},"end":{"line":115,"column":null}},"loc":{"start":{"line":125,"column":8},"end":{"line":153,"column":null}},"line":125},"12":{"name":"(anonymous_12)","decl":{"start":{"line":131,"column":4},"end":{"line":131,"column":23}},"loc":{"start":{"line":131,"column":33},"end":{"line":152,"column":null}},"line":131},"13":{"name":"addEventController","decl":{"start":{"line":156,"column":16},"end":{"line":156,"column":null}},"loc":{"start":{"line":161,"column":26},"end":{"line":186,"column":null}},"line":161},"14":{"name":"(anonymous_14)","decl":{"start":{"line":168,"column":4},"end":{"line":168,"column":11}},"loc":{"start":{"line":168,"column":70},"end":{"line":169,"column":null}},"line":168},"15":{"name":"(anonymous_15)","decl":{"start":{"line":172,"column":4},"end":{"line":172,"column":10}},"loc":{"start":{"line":172,"column":10},"end":{"line":173,"column":null}},"line":172},"16":{"name":"(anonymous_16)","decl":{"start":{"line":175,"column":4},"end":{"line":175,"column":11}},"loc":{"start":{"line":175,"column":11},"end":{"line":176,"column":null}},"line":175},"17":{"name":"(anonymous_17)","decl":{"start":{"line":178,"column":4},"end":{"line":178,"column":11}},"loc":{"start":{"line":178,"column":11},"end":{"line":182,"column":null}},"line":178},"18":{"name":"addEventListenerEnum","decl":{"start":{"line":189,"column":16},"end":{"line":189,"column":null}},"loc":{"start":{"line":194,"column":8},"end":{"line":197,"column":null}},"line":194}},"branchMap":{"0":{"loc":{"start":{"line":10,"column":4},"end":{"line":10,"column":null}},"type":"if","locations":[{"start":{"line":10,"column":4},"end":{"line":10,"column":null}},{"start":{},"end":{}}],"line":10},"1":{"loc":{"start":{"line":11,"column":17},"end":{"line":11,"column":41}},"type":"binary-expr","locations":[{"start":{"line":11,"column":17},"end":{"line":11,"column":39}},{"start":{"line":11,"column":39},"end":{"line":11,"column":41}}],"line":11},"2":{"loc":{"start":{"line":22,"column":4},"end":{"line":24,"column":null}},"type":"if","locations":[{"start":{"line":22,"column":4},"end":{"line":24,"column":null}},{"start":{},"end":{}}],"line":22},"3":{"loc":{"start":{"line":37,"column":30},"end":{"line":37,"column":54}},"type":"binary-expr","locations":[{"start":{"line":37,"column":30},"end":{"line":37,"column":52}},{"start":{"line":37,"column":52},"end":{"line":37,"column":54}}],"line":37},"4":{"loc":{"start":{"line":46,"column":4},"end":{"line":48,"column":null}},"type":"if","locations":[{"start":{"line":46,"column":4},"end":{"line":48,"column":null}},{"start":{},"end":{}}],"line":46},"5":{"loc":{"start":{"line":66,"column":2},"end":{"line":90,"column":null}},"type":"if","locations":[{"start":{"line":66,"column":2},"end":{"line":90,"column":null}},{"start":{"line":81,"column":9},"end":{"line":90,"column":null}}],"line":66},"6":{"loc":{"start":{"line":67,"column":4},"end":{"line":67,"column":null}},"type":"if","locations":[{"start":{"line":67,"column":4},"end":{"line":67,"column":null}},{"start":{},"end":{}}],"line":67},"7":{"loc":{"start":{"line":75,"column":6},"end":{"line":76,"column":null}},"type":"if","locations":[{"start":{"line":75,"column":6},"end":{"line":76,"column":null}},{"start":{},"end":{}}],"line":75},"8":{"loc":{"start":{"line":83,"column":6},"end":{"line":85,"column":null}},"type":"if","locations":[{"start":{"line":83,"column":6},"end":{"line":85,"column":null}},{"start":{},"end":{}}],"line":83},"9":{"loc":{"start":{"line":102,"column":2},"end":{"line":109,"column":null}},"type":"if","locations":[{"start":{"line":102,"column":2},"end":{"line":109,"column":null}},{"start":{"line":106,"column":9},"end":{"line":109,"column":null}}],"line":102},"10":{"loc":{"start":{"line":108,"column":6},"end":{"line":109,"column":null}},"type":"if","locations":[{"start":{"line":108,"column":6},"end":{"line":109,"column":null}},{"start":{},"end":{}}],"line":108},"11":{"loc":{"start":{"line":134,"column":6},"end":{"line":134,"column":null}},"type":"if","locations":[{"start":{"line":134,"column":6},"end":{"line":134,"column":null}},{"start":{},"end":{}}],"line":134},"12":{"loc":{"start":{"line":137,"column":6},"end":{"line":140,"column":null}},"type":"if","locations":[{"start":{"line":137,"column":6},"end":{"line":140,"column":null}},{"start":{"line":139,"column":13},"end":{"line":140,"column":null}}],"line":137},"13":{"loc":{"start":{"line":145,"column":6},"end":{"line":149,"column":null}},"type":"if","locations":[{"start":{"line":145,"column":6},"end":{"line":149,"column":null}},{"start":{},"end":{}}],"line":145},"14":{"loc":{"start":{"line":146,"column":8},"end":{"line":147,"column":null}},"type":"binary-expr","locations":[{"start":{"line":146,"column":8},"end":{"line":146,"column":null}},{"start":{"line":147,"column":9},"end":{"line":147,"column":39}},{"start":{"line":147,"column":39},"end":{"line":147,"column":63}}],"line":146},"15":{"loc":{"start":{"line":196,"column":4},"end":{"line":197,"column":null}},"type":"if","locations":[{"start":{"line":196,"column":4},"end":{"line":197,"column":null}},{"start":{},"end":{}}],"line":196}},"s":{"0":0,"1":0,"2":0,"3":0,"4":0,"5":0,"6":0,"7":0,"8":0,"9":0,"10":0,"11":0,"12":0,"13":0,"14":0,"15":0,"16":0,"17":0,"18":0,"19":2,"20":2,"21":2,"22":1,"23":0,"24":1,"25":1,"26":2,"27":2,"28":2,"29":1,"30":1,"31":1,"32":0,"33":0,"34":0,"35":0,"36":1,"37":2,"38":1,"39":2,"40":1,"41":2,"42":2,"43":0,"44":0,"45":0,"46":0,"47":0,"48":0,"49":0,"50":0,"51":0,"52":0,"53":0,"54":0,"55":0,"56":0,"57":0,"58":0,"59":0,"60":0,"61":0,"62":0,"63":0,"64":0,"65":0,"66":0,"67":0,"68":0},"f":{"0":0,"1":0,"2":0,"3":0,"4":0,"5":0,"6":0,"7":2,"8":2,"9":0,"10":2,"11":0,"12":0,"13":0,"14":0,"15":0,"16":0,"17":0,"18":0},"b":{"0":[0,0],"1":[0,0],"2":[0,0],"3":[0,0],"4":[0,0],"5":[1,1],"6":[0,1],"7":[1,1],"8":[0,0],"9":[1,1],"10":[2,0],"11":[0,0],"12":[0,0],"13":[0,0],"14":[0,0,0],"15":[0,0]},"meta":{"lastBranch":16,"lastFunction":19,"lastStatement":69,"seen":{"s:2:67:2:69":0,"f:5:2:5:14":0,"s:6:4:6:Infinity":1,"f:9:2:9:49":1,"b:10:4:10:Infinity:undefined:undefined:undefined:undefined":0,"s:10:4:10:Infinity":2,"s:10:31:10:Infinity":3,"s:11:17:11:41":4,"b:11:17:11:39:11:39:11:41":1,"s:12:4:12:Infinity":5,"s:13:4:13:Infinity":6,"f:16:2:16:25":2,"s:17:4:17:Infinity":7,"f:20:2:20:26":3,"s:21:22:21:Infinity":8,"b:22:4:24:Infinity:undefined:undefined:undefined:undefined":2,"s:22:4:24:Infinity":9,"s:23:6:24:Infinity":10,"s:24:8:24:Infinity":11,"s:31:69:31:71":12,"f:33:2:33:Infinity":4,"s:37:4:37:Infinity":13,"b:37:30:37:52:37:52:37:54":3,"f:40:2:40:25":5,"s:41:4:41:Infinity":14,"f:44:2:44:26":6,"s:45:22:45:Infinity":15,"b:46:4:48:Infinity:undefined:undefined:undefined:undefined":4,"s:46:4:48:Infinity":16,"s:47:6:48:Infinity":17,"s:48:8:48:Infinity":18,"f:54:16:54:Infinity":7,"s:62:20:62:Infinity":19,"s:64:20:64:Infinity":20,"b:66:2:90:Infinity:81:9:90:Infinity":5,"s:66:2:90:Infinity":21,"b:67:4:67:Infinity:undefined:undefined:undefined:undefined":6,"s:67:4:67:Infinity":22,"s:67:31:67:Infinity":23,"s:69:22:69:Infinity":24,"s:71:10:76:Infinity":25,"f:71:10:71:26":8,"s:72:6:72:Infinity":26,"s:73:6:73:Infinity":27,"b:75:6:76:Infinity:undefined:undefined:undefined:undefined":7,"s:75:6:76:Infinity":28,"s:76:8:76:Infinity":29,"s:80:4:80:Infinity":30,"s:82:10:87:Infinity":31,"f:82:10:82:26":9,"b:83:6:85:Infinity:undefined:undefined:undefined:undefined":8,"s:83:6:85:Infinity":32,"s:84:8:84:Infinity":33,"s:85:8:85:Infinity":34,"s:87:6:87:Infinity":35,"s:90:4:90:Infinity":36,"f:94:16:94:Infinity":10,"b:102:2:109:Infinity:106:9:109:Infinity":9,"s:102:2:109:Infinity":37,"s:103:4:104:Infinity":38,"s:104:6:104:Infinity":39,"s:107:4:109:Infinity":40,"b:108:6:109:Infinity:undefined:undefined:undefined:undefined":10,"s:108:6:109:Infinity":41,"s:109:8:109:Infinity":42,"f:115:16:115:Infinity":11,"s:127:20:127:Infinity":43,"s:129:2:153:Infinity":44,"f:131:4:131:23":12,"s:132:21:132:Infinity":45,"b:134:6:134:Infinity:undefined:undefined:undefined:undefined":11,"s:134:6:134:Infinity":46,"s:134:19:134:Infinity":47,"b:137:6:140:Infinity:139:13:140:Infinity":12,"s:137:6:140:Infinity":48,"s:138:8:138:Infinity":49,"s:140:8:140:Infinity":50,"s:143:34:143:58":51,"b:145:6:149:Infinity:undefined:undefined:undefined:undefined":13,"s:145:6:149:Infinity":52,"b:146:8:146:Infinity:147:9:147:39:147:39:147:63":14,"s:149:8:149:Infinity":53,"f:156:16:156:Infinity":13,"s:162:2:162:Infinity":54,"s:163:15:163:Infinity":55,"s:165:21:184:Infinity":56,"s:166:23:166:Infinity":57,"f:168:4:168:11":14,"s:169:6:169:Infinity":58,"f:172:4:172:10":15,"s:173:6:173:Infinity":59,"f:175:4:175:11":16,"s:176:6:176:Infinity":60,"f:178:4:178:11":17,"s:179:6:179:Infinity":61,"s:180:6:180:Infinity":62,"s:181:6:181:Infinity":63,"s:182:6:182:Infinity":64,"s:186:2:186:Infinity":65,"f:189:16:189:Infinity":18,"s:195:2:197:Infinity":66,"b:196:4:197:Infinity:undefined:undefined:undefined:undefined":15,"s:196:4:197:Infinity":67,"s:197:6:197:Infinity":68}}}
,"C:\\Users\\Noahh\\Code\\Opti\\package\\src\\Unsync\\exceptions.ts": {"path":"C:\\Users\\Noahh\\Code\\Opti\\package\\src\\Unsync\\exceptions.ts","statementMap":{"0":{"start":{"line":2,"column":10},"end":{"line":2,"column":null}}},"fnMap":{},"branchMap":{},"s":{"0":0},"f":{},"b":{},"meta":{"lastBranch":0,"lastFunction":0,"lastStatement":1,"seen":{"s:2:10:2:Infinity":0}}}
,"C:\\Users\\Noahh\\Code\\Opti\\package\\src\\Unsync\\unsync.ts": {"path":"C:\\Users\\Noahh\\Code\\Opti\\package\\src\\Unsync\\unsync.ts","statementMap":{"0":{"start":{"line":5,"column":1},"end":{"line":19,"column":null}},"1":{"start":{"line":6,"column":2},"end":{"line":6,"column":null}},"2":{"start":{"line":6,"column":13},"end":{"line":6,"column":null}},"3":{"start":{"line":8,"column":2},"end":{"line":8,"column":null}},"4":{"start":{"line":9,"column":2},"end":{"line":9,"column":null}},"5":{"start":{"line":10,"column":2},"end":{"line":10,"column":null}},"6":{"start":{"line":11,"column":2},"end":{"line":11,"column":null}},"7":{"start":{"line":13,"column":2},"end":{"line":13,"column":null}},"8":{"start":{"line":14,"column":2},"end":{"line":14,"column":null}},"9":{"start":{"line":15,"column":2},"end":{"line":15,"column":null}},"10":{"start":{"line":16,"column":2},"end":{"line":16,"column":null}},"11":{"start":{"line":17,"column":2},"end":{"line":17,"column":null}},"12":{"start":{"line":18,"column":2},"end":{"line":18,"column":null}}},"fnMap":{"0":{"name":"(anonymous_0)","decl":{"start":{"line":5,"column":1},"end":{"line":5,"column":12}},"loc":{"start":{"line":5,"column":12},"end":{"line":19,"column":null}},"line":5}},"branchMap":{"0":{"loc":{"start":{"line":6,"column":2},"end":{"line":6,"column":null}},"type":"if","locations":[{"start":{"line":6,"column":2},"end":{"line":6,"column":null}},{"start":{},"end":{}}],"line":6}},"s":{"0":1,"1":1,"2":0,"3":1,"4":1,"5":1,"6":1,"7":1,"8":1,"9":1,"10":1,"11":1,"12":1},"f":{"0":1},"b":{"0":[0,1]},"meta":{"lastBranch":1,"lastFunction":1,"lastStatement":13,"seen":{"s:5:1:19:Infinity":0,"f:5:1:5:12":0,"b:6:2:6:Infinity:undefined:undefined:undefined:undefined":0,"s:6:2:6:Infinity":1,"s:6:13:6:Infinity":2,"s:8:2:8:Infinity":3,"s:9:2:9:Infinity":4,"s:10:2:10:Infinity":5,"s:11:2:11:Infinity":6,"s:13:2:13:Infinity":7,"s:14:2:14:Infinity":8,"s:15:2:15:Infinity":9,"s:16:2:16:Infinity":10,"s:17:2:17:Infinity":11,"s:18:2:18:Infinity":12}}}
,"C:\\Users\\Noahh\\Code\\Opti\\package\\src\\helpers\\helpers.ts": {"path":"C:\\Users\\Noahh\\Code\\Opti\\package\\src\\helpers\\helpers.ts","statementMap":{"0":{"start":{"line":3,"column":2},"end":{"line":3,"column":null}},"1":{"start":{"line":8,"column":4},"end":{"line":8,"column":null}},"2":{"start":{"line":15,"column":2},"end":{"line":20,"column":null}},"3":{"start":{"line":25,"column":2},"end":{"line":25,"column":null}},"4":{"start":{"line":29,"column":2},"end":{"line":29,"column":null}},"5":{"start":{"line":38,"column":2},"end":{"line":42,"column":null}},"6":{"start":{"line":46,"column":2},"end":{"line":50,"column":null}},"7":{"start":{"line":54,"column":2},"end":{"line":54,"column":null}},"8":{"start":{"line":58,"column":2},"end":{"line":58,"column":null}},"9":{"start":{"line":58,"column":28},"end":{"line":58,"column":null}},"10":{"start":{"line":59,"column":2},"end":{"line":59,"column":null}},"11":{"start":{"line":59,"column":28},"end":{"line":59,"column":null}},"12":{"start":{"line":60,"column":2},"end":{"line":60,"column":null}},"13":{"start":{"line":64,"column":2},"end":{"line":64,"column":null}},"14":{"start":{"line":64,"column":44},"end":{"line":64,"column":59}},"15":{"start":{"line":68,"column":2},"end":{"line":68,"column":null}},"16":{"start":{"line":68,"column":36},"end":{"line":68,"column":57}}},"fnMap":{"0":{"name":"declare","decl":{"start":{"line":2,"column":16},"end":{"line":2,"column":24}},"loc":{"start":{"line":2,"column":81},"end":{"line":3,"column":null}},"line":2},"1":{"name":"(anonymous_1)","decl":{"start":{"line":7,"column":2},"end":{"line":7,"column":14}},"loc":{"start":{"line":7,"column":33},"end":{"line":8,"column":null}},"line":7},"2":{"name":"setNotEnumerable","decl":{"start":{"line":14,"column":16},"end":{"line":14,"column":55}},"loc":{"start":{"line":14,"column":89},"end":{"line":20,"column":null}},"line":14},"3":{"name":"setNameOfGlobalThisProp","decl":{"start":{"line":24,"column":16},"end":{"line":24,"column":40}},"loc":{"start":{"line":24,"column":79},"end":{"line":25,"column":null}},"line":24},"4":{"name":"setPropName","decl":{"start":{"line":28,"column":16},"end":{"line":28,"column":60}},"loc":{"start":{"line":28,"column":83},"end":{"line":29,"column":null}},"line":28},"5":{"name":"setGetter","decl":{"start":{"line":33,"column":16},"end":{"line":33,"column":null}},"loc":{"start":{"line":37,"column":8},"end":{"line":42,"column":null}},"line":37},"6":{"name":"setReadOnly","decl":{"start":{"line":45,"column":16},"end":{"line":45,"column":50}},"loc":{"start":{"line":45,"column":87},"end":{"line":50,"column":null}},"line":45},"7":{"name":"supportsStyles","decl":{"start":{"line":53,"column":16},"end":{"line":53,"column":31}},"loc":{"start":{"line":53,"column":92},"end":{"line":54,"column":null}},"line":53},"8":{"name":"parseUnit","decl":{"start":{"line":57,"column":16},"end":{"line":57,"column":26}},"loc":{"start":{"line":57,"column":57},"end":{"line":60,"column":null}},"line":57},"9":{"name":"dashToCamel","decl":{"start":{"line":63,"column":16},"end":{"line":63,"column":28}},"loc":{"start":{"line":63,"column":49},"end":{"line":64,"column":null}},"line":63},"10":{"name":"(anonymous_10)","decl":{"start":{"line":64,"column":21},"end":{"line":64,"column":35}},"loc":{"start":{"line":64,"column":44},"end":{"line":64,"column":59}},"line":64},"11":{"name":"camelToDash","decl":{"start":{"line":67,"column":16},"end":{"line":67,"column":28}},"loc":{"start":{"line":67,"column":49},"end":{"line":68,"column":null}},"line":67},"12":{"name":"(anonymous_12)","decl":{"start":{"line":68,"column":21},"end":{"line":68,"column":31}},"loc":{"start":{"line":68,"column":36},"end":{"line":68,"column":57}},"line":68}},"branchMap":{"0":{"loc":{"start":{"line":54,"column":9},"end":{"line":54,"column":null}},"type":"binary-expr","locations":[{"start":{"line":54,"column":9},"end":{"line":54,"column":38}},{"start":{"line":54,"column":38},"end":{"line":54,"column":66}},{"start":{"line":54,"column":66},"end":{"line":54,"column":null}}],"line":54},"1":{"loc":{"start":{"line":58,"column":2},"end":{"line":58,"column":null}},"type":"if","locations":[{"start":{"line":58,"column":2},"end":{"line":58,"column":null}},{"start":{},"end":{}}],"line":58},"2":{"loc":{"start":{"line":59,"column":2},"end":{"line":59,"column":null}},"type":"if","locations":[{"start":{"line":59,"column":2},"end":{"line":59,"column":null}},{"start":{},"end":{}}],"line":59}},"s":{"0":0,"1":0,"2":4,"3":1,"4":2,"5":8,"6":8,"7":0,"8":0,"9":0,"10":0,"11":0,"12":0,"13":0,"14":0,"15":0,"16":0},"f":{"0":0,"1":0,"2":4,"3":1,"4":2,"5":8,"6":8,"7":0,"8":0,"9":0,"10":0,"11":0,"12":0},"b":{"0":[0,0,0],"1":[0,0],"2":[0,0]},"meta":{"lastBranch":3,"lastFunction":13,"lastStatement":17,"seen":{"f:2:16:2:24":0,"s:3:2:3:Infinity":0,"f:7:2:7:14":1,"s:8:4:8:Infinity":1,"f:14:16:14:55":2,"s:15:2:20:Infinity":2,"f:24:16:24:40":3,"s:25:2:25:Infinity":3,"f:28:16:28:60":4,"s:29:2:29:Infinity":4,"f:33:16:33:Infinity":5,"s:38:2:42:Infinity":5,"f:45:16:45:50":6,"s:46:2:50:Infinity":6,"f:53:16:53:31":7,"s:54:2:54:Infinity":7,"b:54:9:54:38:54:38:54:66:54:66:54:Infinity":0,"f:57:16:57:26":8,"b:58:2:58:Infinity:undefined:undefined:undefined:undefined":1,"s:58:2:58:Infinity":8,"s:58:28:58:Infinity":9,"b:59:2:59:Infinity:undefined:undefined:undefined:undefined":2,"s:59:2:59:Infinity":10,"s:59:28:59:Infinity":11,"s:60:2:60:Infinity":12,"f:63:16:63:28":9,"s:64:2:64:Infinity":13,"f:64:21:64:35":10,"s:64:44:64:59":14,"f:67:16:67:28":11,"s:68:2:68:Infinity":15,"f:68:21:68:31":12,"s:68:36:68:57":16}}}
}
