{"C:\\Users\\Noahh\\Code\\VScode\\Modules\\JS\\Opti\\src\\arrays.ts": {"path":"C:\\Users\\Noahh\\Code\\VScode\\Modules\\JS\\Opti\\src\\arrays.ts","statementMap":{"0":{"start":{"line":1,"column":0},"end":{"line":1,"column":16}},"1":{"start":{"line":5,"column":0},"end":{"line":5,"column":16}},"2":{"start":{"line":14,"column":0},"end":{"line":14,"column":16}},"3":{"start":{"line":24,"column":0},"end":{"line":24,"column":16}},"4":{"start":{"line":32,"column":0},"end":{"line":32,"column":16}},"5":{"start":{"line":42,"column":0},"end":{"line":42,"column":16}},"6":{"start":{"line":60,"column":0},"end":{"line":60,"column":16}},"7":{"start":{"line":88,"column":0},"end":{"line":88,"column":16}},"8":{"start":{"line":105,"column":0},"end":{"line":105,"column":16}},"9":{"start":{"line":116,"column":0},"end":{"line":116,"column":16}},"10":{"start":{"line":138,"column":0},"end":{"line":138,"column":16}},"11":{"start":{"line":2,"column":2},"end":{"line":2,"column":28}},"12":{"start":{"line":6,"column":14},"end":{"line":6,"column":36}},"13":{"start":{"line":8,"column":2},"end":{"line":8,"column":33}},"14":{"start":{"line":8,"column":18},"end":{"line":8,"column":33}},"15":{"start":{"line":10,"column":17},"end":{"line":10,"column":36}},"16":{"start":{"line":11,"column":2},"end":{"line":11,"column":14}},"17":{"start":{"line":16,"column":16},"end":{"line":16,"column":50}},"18":{"start":{"line":17,"column":2},"end":{"line":17,"column":35}},"19":{"start":{"line":17,"column":20},"end":{"line":17,"column":35}},"20":{"start":{"line":20,"column":17},"end":{"line":20,"column":38}},"21":{"start":{"line":21,"column":2},"end":{"line":21,"column":14}},"22":{"start":{"line":25,"column":16},"end":{"line":25,"column":51}},"23":{"start":{"line":26,"column":2},"end":{"line":29,"column":21}},"24":{"start":{"line":27,"column":4},"end":{"line":27,"column":42}},"25":{"start":{"line":28,"column":4},"end":{"line":28,"column":26}},"26":{"start":{"line":29,"column":9},"end":{"line":29,"column":21}},"27":{"start":{"line":33,"column":16},"end":{"line":33,"column":51}},"28":{"start":{"line":34,"column":2},"end":{"line":37,"column":21}},"29":{"start":{"line":35,"column":4},"end":{"line":35,"column":36}},"30":{"start":{"line":36,"column":4},"end":{"line":36,"column":20}},"31":{"start":{"line":37,"column":9},"end":{"line":37,"column":21}},"32":{"start":{"line":43,"column":2},"end":{"line":43,"column":70}},"33":{"start":{"line":43,"column":35},"end":{"line":43,"column":59}},"34":{"start":{"line":50,"column":2},"end":{"line":56,"column":4}},"35":{"start":{"line":51,"column":4},"end":{"line":55,"column":29}},"36":{"start":{"line":59,"column":101},"end":{"line":59,"column":121}},"37":{"start":{"line":61,"column":2},"end":{"line":65,"column":3}},"38":{"start":{"line":62,"column":4},"end":{"line":62,"column":43}},"39":{"start":{"line":63,"column":9},"end":{"line":65,"column":3}},"40":{"start":{"line":64,"column":4},"end":{"line":64,"column":36}},"41":{"start":{"line":67,"column":15},"end":{"line":67,"column":24}},"42":{"start":{"line":68,"column":2},"end":{"line":83,"column":3}},"43":{"start":{"line":69,"column":4},"end":{"line":72,"column":5}},"44":{"start":{"line":70,"column":22},"end":{"line":70,"column":91}},"45":{"start":{"line":70,"column":64},"end":{"line":70,"column":89}},"46":{"start":{"line":71,"column":20},"end":{"line":71,"column":89}},"47":{"start":{"line":71,"column":62},"end":{"line":71,"column":87}},"48":{"start":{"line":73,"column":9},"end":{"line":83,"column":3}},"49":{"start":{"line":74,"column":4},"end":{"line":77,"column":5}},"50":{"start":{"line":75,"column":20},"end":{"line":75,"column":52}},"51":{"start":{"line":76,"column":28},"end":{"line":76,"column":70}},"52":{"start":{"line":78,"column":9},"end":{"line":83,"column":3}},"53":{"start":{"line":79,"column":4},"end":{"line":82,"column":5}},"54":{"start":{"line":80,"column":25},"end":{"line":80,"column":74}},"55":{"start":{"line":80,"column":67},"end":{"line":80,"column":72}},"56":{"start":{"line":81,"column":25},"end":{"line":81,"column":74}},"57":{"start":{"line":81,"column":67},"end":{"line":81,"column":72}},"58":{"start":{"line":85,"column":2},"end":{"line":85,"column":21}},"59":{"start":{"line":89,"column":2},"end":{"line":102,"column":3}},"60":{"start":{"line":90,"column":19},"end":{"line":90,"column":30}},"61":{"start":{"line":91,"column":4},"end":{"line":91,"column":25}},"62":{"start":{"line":93,"column":4},"end":{"line":93,"column":29}},"63":{"start":{"line":95,"column":14},"end":{"line":95,"column":35}},"64":{"start":{"line":96,"column":4},"end":{"line":96,"column":33}},"65":{"start":{"line":96,"column":18},"end":{"line":96,"column":33}},"66":{"start":{"line":98,"column":19},"end":{"line":98,"column":26}},"67":{"start":{"line":99,"column":4},"end":{"line":99,"column":21}},"68":{"start":{"line":101,"column":4},"end":{"line":101,"column":18}},"69":{"start":{"line":106,"column":2},"end":{"line":112,"column":3}},"70":{"start":{"line":106,"column":15},"end":{"line":106,"column":30}},"71":{"start":{"line":107,"column":4},"end":{"line":111,"column":5}},"72":{"start":{"line":108,"column":21},"end":{"line":108,"column":28}},"73":{"start":{"line":109,"column":6},"end":{"line":109,"column":23}},"74":{"start":{"line":110,"column":6},"end":{"line":110,"column":31}},"75":{"start":{"line":113,"column":2},"end":{"line":113,"column":17}},"76":{"start":{"line":117,"column":2},"end":{"line":117,"column":109}},"77":{"start":{"line":117,"column":22},"end":{"line":117,"column":109}},"78":{"start":{"line":119,"column":24},"end":{"line":119,"column":26}},"79":{"start":{"line":120,"column":21},"end":{"line":120,"column":23}},"80":{"start":{"line":122,"column":2},"end":{"line":128,"column":5}},"81":{"start":{"line":123,"column":4},"end":{"line":123,"column":22}},"82":{"start":{"line":124,"column":4},"end":{"line":127,"column":5}},"83":{"start":{"line":125,"column":6},"end":{"line":125,"column":27}},"84":{"start":{"line":126,"column":6},"end":{"line":126,"column":19}},"85":{"start":{"line":131,"column":2},"end":{"line":133,"column":3}},"86":{"start":{"line":132,"column":4},"end":{"line":132,"column":25}},"87":{"start":{"line":135,"column":2},"end":{"line":135,"column":16}},"88":{"start":{"line":139,"column":2},"end":{"line":139,"column":35}}},"fnMap":{"0":{"name":"unique","decl":{"start":{"line":1,"column":16},"end":{"line":1,"column":22}},"loc":{"start":{"line":1,"column":22},"end":{"line":3,"column":1}}},"1":{"name":"pluck","decl":{"start":{"line":5,"column":16},"end":{"line":5,"column":21}},"loc":{"start":{"line":5,"column":61},"end":{"line":12,"column":1}}},"2":{"name":"pluckLast","decl":{"start":{"line":14,"column":16},"end":{"line":14,"column":25}},"loc":{"start":{"line":14,"column":65},"end":{"line":22,"column":1}}},"3":{"name":"relocate","decl":{"start":{"line":24,"column":16},"end":{"line":24,"column":24}},"loc":{"start":{"line":24,"column":68},"end":{"line":30,"column":1}}},"4":{"name":"relocateTo","decl":{"start":{"line":32,"column":16},"end":{"line":32,"column":26}},"loc":{"start":{"line":32,"column":72},"end":{"line":38,"column":1}}},"5":{"name":"arrayType","decl":{"start":{"line":42,"column":16},"end":{"line":42,"column":25}},"loc":{"start":{"line":42,"column":25},"end":{"line":44,"column":1}}},"6":{"name":"(anonymous_6)","decl":{"start":{"line":43,"column":30},"end":{"line":43,"column":31}},"loc":{"start":{"line":43,"column":35},"end":{"line":43,"column":59}}},"7":{"name":"arrType","decl":{"start":{"line":46,"column":9},"end":{"line":46,"column":16}},"loc":{"start":{"line":48,"column":9},"end":{"line":57,"column":1}}},"8":{"name":"(anonymous_8)","decl":{"start":{"line":50,"column":21},"end":{"line":50,"column":22}},"loc":{"start":{"line":51,"column":4},"end":{"line":55,"column":29}}},"9":{"name":"sortBy","decl":{"start":{"line":60,"column":16},"end":{"line":60,"column":22}},"loc":{"start":{"line":60,"column":83},"end":{"line":86,"column":1}}},"10":{"name":"(anonymous_10)","decl":{"start":{"line":70,"column":54},"end":{"line":70,"column":55}},"loc":{"start":{"line":70,"column":64},"end":{"line":70,"column":89}}},"11":{"name":"(anonymous_11)","decl":{"start":{"line":71,"column":52},"end":{"line":71,"column":53}},"loc":{"start":{"line":71,"column":62},"end":{"line":71,"column":87}}},"12":{"name":"(anonymous_12)","decl":{"start":{"line":80,"column":57},"end":{"line":80,"column":58}},"loc":{"start":{"line":80,"column":67},"end":{"line":80,"column":72}}},"13":{"name":"(anonymous_13)","decl":{"start":{"line":81,"column":57},"end":{"line":81,"column":58}},"loc":{"start":{"line":81,"column":67},"end":{"line":81,"column":72}}},"14":{"name":"replace","decl":{"start":{"line":88,"column":16},"end":{"line":88,"column":23}},"loc":{"start":{"line":88,"column":88},"end":{"line":103,"column":1}}},"15":{"name":"replaceLast","decl":{"start":{"line":105,"column":16},"end":{"line":105,"column":27}},"loc":{"start":{"line":105,"column":82},"end":{"line":114,"column":1}}},"16":{"name":"chunk","decl":{"start":{"line":116,"column":16},"end":{"line":116,"column":21}},"loc":{"start":{"line":116,"column":53},"end":{"line":136,"column":1}}},"17":{"name":"(anonymous_17)","decl":{"start":{"line":122,"column":15},"end":{"line":122,"column":18}},"loc":{"start":{"line":122,"column":21},"end":{"line":128,"column":3}}},"18":{"name":"insert","decl":{"start":{"line":138,"column":16},"end":{"line":138,"column":22}},"loc":{"start":{"line":138,"column":72},"end":{"line":140,"column":1}}}},"branchMap":{"0":{"loc":{"start":{"line":8,"column":2},"end":{"line":8,"column":33}},"type":"if","locations":[{"start":{"line":8,"column":2},"end":{"line":8,"column":33}},{"start":{},"end":{}}]},"1":{"loc":{"start":{"line":17,"column":2},"end":{"line":17,"column":35}},"type":"if","locations":[{"start":{"line":17,"column":2},"end":{"line":17,"column":35}},{"start":{},"end":{}}]},"2":{"loc":{"start":{"line":25,"column":16},"end":{"line":25,"column":51}},"type":"cond-expr","locations":[{"start":{"line":25,"column":40},"end":{"line":25,"column":44}},{"start":{"line":25,"column":44},"end":{"line":25,"column":51}}]},"3":{"loc":{"start":{"line":25,"column":16},"end":{"line":25,"column":44}},"type":"binary-expr","locations":[{"start":{"line":25,"column":16},"end":{"line":25,"column":44}},{"start":{"line":25,"column":40},"end":{"line":25,"column":44}}]},"4":{"loc":{"start":{"line":26,"column":2},"end":{"line":29,"column":21}},"type":"if","locations":[{"start":{"line":26,"column":2},"end":{"line":29,"column":21}},{"start":{"line":29,"column":9},"end":{"line":29,"column":21}}]},"5":{"loc":{"start":{"line":33,"column":16},"end":{"line":33,"column":51}},"type":"cond-expr","locations":[{"start":{"line":33,"column":40},"end":{"line":33,"column":44}},{"start":{"line":33,"column":44},"end":{"line":33,"column":51}}]},"6":{"loc":{"start":{"line":33,"column":16},"end":{"line":33,"column":44}},"type":"binary-expr","locations":[{"start":{"line":33,"column":16},"end":{"line":33,"column":44}},{"start":{"line":33,"column":40},"end":{"line":33,"column":44}}]},"7":{"loc":{"start":{"line":34,"column":2},"end":{"line":37,"column":21}},"type":"if","locations":[{"start":{"line":34,"column":2},"end":{"line":37,"column":21}},{"start":{"line":37,"column":9},"end":{"line":37,"column":21}}]},"8":{"loc":{"start":{"line":51,"column":4},"end":{"line":55,"column":29}},"type":"cond-expr","locations":[{"start":{"line":51,"column":22},"end":{"line":51,"column":43}},{"start":{"line":52,"column":6},"end":{"line":55,"column":29}}]},"9":{"loc":{"start":{"line":52,"column":6},"end":{"line":55,"column":29}},"type":"cond-expr","locations":[{"start":{"line":52,"column":24},"end":{"line":52,"column":45}},{"start":{"line":53,"column":8},"end":{"line":55,"column":29}}]},"10":{"loc":{"start":{"line":53,"column":8},"end":{"line":55,"column":29}},"type":"cond-expr","locations":[{"start":{"line":53,"column":27},"end":{"line":53,"column":49}},{"start":{"line":54,"column":10},"end":{"line":55,"column":29}}]},"11":{"loc":{"start":{"line":54,"column":10},"end":{"line":55,"column":29}},"type":"cond-expr","locations":[{"start":{"line":54,"column":28},"end":{"line":54,"column":49}},{"start":{"line":55,"column":12},"end":{"line":55,"column":29}}]},"12":{"loc":{"start":{"line":61,"column":2},"end":{"line":65,"column":3}},"type":"if","locations":[{"start":{"line":61,"column":2},"end":{"line":65,"column":3}},{"start":{"line":63,"column":9},"end":{"line":65,"column":3}}]},"13":{"loc":{"start":{"line":63,"column":9},"end":{"line":65,"column":3}},"type":"if","locations":[{"start":{"line":63,"column":9},"end":{"line":65,"column":3}},{"start":{},"end":{}}]},"14":{"loc":{"start":{"line":68,"column":2},"end":{"line":83,"column":3}},"type":"if","locations":[{"start":{"line":68,"column":2},"end":{"line":83,"column":3}},{"start":{"line":73,"column":9},"end":{"line":83,"column":3}}]},"15":{"loc":{"start":{"line":69,"column":4},"end":{"line":72,"column":5}},"type":"switch","locations":[{"start":{"line":70,"column":6},"end":{"line":70,"column":91}},{"start":{"line":71,"column":6},"end":{"line":71,"column":89}}]},"16":{"loc":{"start":{"line":73,"column":9},"end":{"line":83,"column":3}},"type":"if","locations":[{"start":{"line":73,"column":9},"end":{"line":83,"column":3}},{"start":{"line":78,"column":9},"end":{"line":83,"column":3}}]},"17":{"loc":{"start":{"line":74,"column":4},"end":{"line":77,"column":5}},"type":"switch","locations":[{"start":{"line":75,"column":6},"end":{"line":75,"column":52}},{"start":{"line":76,"column":6},"end":{"line":76,"column":70}}]},"18":{"loc":{"start":{"line":78,"column":9},"end":{"line":83,"column":3}},"type":"if","locations":[{"start":{"line":78,"column":9},"end":{"line":83,"column":3}},{"start":{},"end":{}}]},"19":{"loc":{"start":{"line":79,"column":4},"end":{"line":82,"column":5}},"type":"switch","locations":[{"start":{"line":80,"column":6},"end":{"line":80,"column":74}},{"start":{"line":81,"column":6},"end":{"line":81,"column":74}}]},"20":{"loc":{"start":{"line":89,"column":2},"end":{"line":102,"column":3}},"type":"if","locations":[{"start":{"line":89,"column":2},"end":{"line":102,"column":3}},{"start":{"line":94,"column":9},"end":{"line":102,"column":3}}]},"21":{"loc":{"start":{"line":93,"column":11},"end":{"line":93,"column":28}},"type":"cond-expr","locations":[{"start":{"line":93,"column":11},"end":{"line":93,"column":17}},{"start":{"line":93,"column":21},"end":{"line":93,"column":28}}]},"22":{"loc":{"start":{"line":93,"column":11},"end":{"line":93,"column":21}},"type":"binary-expr","locations":[{"start":{"line":93,"column":11},"end":{"line":93,"column":21}},{"start":{"line":93,"column":11},"end":{"line":93,"column":21}}]},"23":{"loc":{"start":{"line":96,"column":4},"end":{"line":96,"column":33}},"type":"if","locations":[{"start":{"line":96,"column":4},"end":{"line":96,"column":33}},{"start":{},"end":{}}]},"24":{"loc":{"start":{"line":107,"column":4},"end":{"line":111,"column":5}},"type":"if","locations":[{"start":{"line":107,"column":4},"end":{"line":111,"column":5}},{"start":{},"end":{}}]},"25":{"loc":{"start":{"line":110,"column":13},"end":{"line":110,"column":30}},"type":"cond-expr","locations":[{"start":{"line":110,"column":13},"end":{"line":110,"column":19}},{"start":{"line":110,"column":23},"end":{"line":110,"column":30}}]},"26":{"loc":{"start":{"line":110,"column":13},"end":{"line":110,"column":23}},"type":"binary-expr","locations":[{"start":{"line":110,"column":13},"end":{"line":110,"column":23}},{"start":{"line":110,"column":13},"end":{"line":110,"column":23}}]},"27":{"loc":{"start":{"line":117,"column":2},"end":{"line":117,"column":109}},"type":"if","locations":[{"start":{"line":117,"column":2},"end":{"line":117,"column":109}},{"start":{},"end":{}}]},"28":{"loc":{"start":{"line":124,"column":4},"end":{"line":127,"column":5}},"type":"if","locations":[{"start":{"line":124,"column":4},"end":{"line":127,"column":5}},{"start":{},"end":{}}]},"29":{"loc":{"start":{"line":131,"column":2},"end":{"line":133,"column":3}},"type":"if","locations":[{"start":{"line":131,"column":2},"end":{"line":133,"column":3}},{"start":{},"end":{}}]}},"s":{"0":15,"1":15,"2":15,"3":15,"4":15,"5":15,"6":15,"7":15,"8":15,"9":15,"10":15,"11":2,"12":2,"13":2,"14":1,"15":1,"16":1,"17":2,"18":2,"19":1,"20":1,"21":1,"22":2,"23":2,"24":1,"25":1,"26":1,"27":1,"28":1,"29":1,"30":1,"31":0,"32":5,"33":15,"34":15,"35":40,"36":15,"37":18,"38":1,"39":17,"40":10,"41":7,"42":7,"43":2,"44":1,"45":3,"46":1,"47":4,"48":5,"49":2,"50":1,"51":1,"52":3,"53":2,"54":1,"55":14,"56":1,"57":14,"58":1,"59":6,"60":3,"61":3,"62":3,"63":3,"64":3,"65":0,"66":3,"67":3,"68":3,"69":3,"70":3,"71":3,"72":3,"73":3,"74":3,"75":0,"76":4,"77":2,"78":2,"79":2,"80":2,"81":9,"82":9,"83":4,"84":4,"85":2,"86":1,"87":2,"88":2},"f":{"0":2,"1":2,"2":2,"3":2,"4":1,"5":5,"6":15,"7":15,"8":40,"9":18,"10":3,"11":4,"12":14,"13":14,"14":6,"15":3,"16":4,"17":9,"18":2},"b":{"0":[1,1],"1":[1,1],"2":[1,1],"3":[2,2],"4":[1,1],"5":[1,0],"6":[1,1],"7":[1,0],"8":[13,27],"9":[16,11],"10":[0,11],"11":[0,11],"12":[1,17],"13":[10,7],"14":[2,5],"15":[1,1],"16":[2,3],"17":[1,1],"18":[2,1],"19":[1,1],"20":[3,3],"21":[3,0],"22":[3,3],"23":[0,3],"24":[3,0],"25":[3,0],"26":[3,3],"27":[2,2],"28":[4,5],"29":[1,1]}}
,"C:\\Users\\Noahh\\Code\\VScode\\Modules\\JS\\Opti\\src\\collections.ts": {"path":"C:\\Users\\Noahh\\Code\\VScode\\Modules\\JS\\Opti\\src\\collections.ts","statementMap":{"0":{"start":{"line":1,"column":0},"end":{"line":1,"column":16}},"1":{"start":{"line":7,"column":0},"end":{"line":7,"column":16}},"2":{"start":{"line":13,"column":0},"end":{"line":13,"column":16}},"3":{"start":{"line":2,"column":2},"end":{"line":4,"column":3}},"4":{"start":{"line":3,"column":4},"end":{"line":3,"column":25}},"5":{"start":{"line":8,"column":2},"end":{"line":10,"column":3}},"6":{"start":{"line":9,"column":4},"end":{"line":9,"column":28}},"7":{"start":{"line":14,"column":2},"end":{"line":16,"column":3}},"8":{"start":{"line":15,"column":4},"end":{"line":15,"column":28}}},"fnMap":{"0":{"name":"addClassList","decl":{"start":{"line":1,"column":16},"end":{"line":1,"column":28}},"loc":{"start":{"line":1,"column":82},"end":{"line":5,"column":1}}},"1":{"name":"removeClassList","decl":{"start":{"line":7,"column":16},"end":{"line":7,"column":31}},"loc":{"start":{"line":7,"column":85},"end":{"line":11,"column":1}}},"2":{"name":"toggleClassList","decl":{"start":{"line":13,"column":16},"end":{"line":13,"column":31}},"loc":{"start":{"line":13,"column":85},"end":{"line":17,"column":1}}}},"branchMap":{},"s":{"0":15,"1":15,"2":15,"3":2,"4":10,"5":2,"6":14,"7":2,"8":12},"f":{"0":2,"1":2,"2":2},"b":{}}
,"C:\\Users\\Noahh\\Code\\VScode\\Modules\\JS\\Opti\\src\\constructableobjects.ts": {"path":"C:\\Users\\Noahh\\Code\\VScode\\Modules\\JS\\Opti\\src\\constructableobjects.ts","statementMap":{"0":{"start":{"line":1,"column":0},"end":{"line":1,"column":16}},"1":{"start":{"line":5,"column":0},"end":{"line":5,"column":16}},"2":{"start":{"line":2,"column":2},"end":{"line":2,"column":16}},"3":{"start":{"line":6,"column":14},"end":{"line":6,"column":48}},"4":{"start":{"line":8,"column":2},"end":{"line":23,"column":5}},"5":{"start":{"line":9,"column":16},"end":{"line":9,"column":27}},"6":{"start":{"line":11,"column":4},"end":{"line":15,"column":5}},"7":{"start":{"line":12,"column":6},"end":{"line":12,"column":117}},"8":{"start":{"line":13,"column":11},"end":{"line":15,"column":5}},"9":{"start":{"line":14,"column":6},"end":{"line":14,"column":67}},"10":{"start":{"line":17,"column":4},"end":{"line":22,"column":7}},"11":{"start":{"line":26,"column":2},"end":{"line":33,"column":5}},"12":{"start":{"line":29,"column":6},"end":{"line":31,"column":7}},"13":{"start":{"line":30,"column":8},"end":{"line":30,"column":18}},"14":{"start":{"line":35,"column":2},"end":{"line":35,"column":13}},"15":{"start":{"line":40,"column":2},"end":{"line":49,"column":3}},"16":{"start":{"line":41,"column":4},"end":{"line":47,"column":7}},"17":{"start":{"line":42,"column":21},"end":{"line":42,"column":38}},"18":{"start":{"line":44,"column":6},"end":{"line":46,"column":7}},"19":{"start":{"line":45,"column":8},"end":{"line":45,"column":26}},"20":{"start":{"line":48,"column":4},"end":{"line":48,"column":45}},"21":{"start":{"line":50,"column":2},"end":{"line":50,"column":13}},"22":{"start":{"line":58,"column":4},"end":{"line":58,"column":29}},"23":{"start":{"line":62,"column":4},"end":{"line":62,"column":29}},"24":{"start":{"line":66,"column":4},"end":{"line":66,"column":52}},"25":{"start":{"line":70,"column":4},"end":{"line":70,"column":45}},"26":{"start":{"line":77,"column":17},"end":{"line":77,"column":34}},"27":{"start":{"line":79,"column":4},"end":{"line":79,"column":113}},"28":{"start":{"line":79,"column":15},"end":{"line":79,"column":113}},"29":{"start":{"line":81,"column":4},"end":{"line":81,"column":29}},"30":{"start":{"line":85,"column":4},"end":{"line":85,"column":42}},"31":{"start":{"line":89,"column":4},"end":{"line":89,"column":22}},"32":{"start":{"line":93,"column":4},"end":{"line":93,"column":32}},"33":{"start":{"line":97,"column":4},"end":{"line":97,"column":29}},"34":{"start":{"line":101,"column":4},"end":{"line":101,"column":31}},"35":{"start":{"line":105,"column":4},"end":{"line":105,"column":22}},"36":{"start":{"line":109,"column":4},"end":{"line":109,"column":39}},"37":{"start":{"line":53,"column":0},"end":{"line":53,"column":13}}},"fnMap":{"0":{"name":"Tuple","decl":{"start":{"line":1,"column":16},"end":{"line":1,"column":21}},"loc":{"start":{"line":1,"column":55},"end":{"line":3,"column":1}}},"1":{"name":"Enum","decl":{"start":{"line":5,"column":16},"end":{"line":5,"column":20}},"loc":{"start":{"line":5,"column":62},"end":{"line":36,"column":1}}},"2":{"name":"(anonymous_2)","decl":{"start":{"line":8,"column":17},"end":{"line":8,"column":18}},"loc":{"start":{"line":8,"column":25},"end":{"line":23,"column":3}}},"3":{"name":"(anonymous_3)","decl":{"start":{"line":28,"column":11},"end":{"line":28,"column":19}},"loc":{"start":{"line":28,"column":20},"end":{"line":32,"column":5}}},"4":{"name":"deepFreeze","decl":{"start":{"line":38,"column":9},"end":{"line":38,"column":19}},"loc":{"start":{"line":38,"column":29},"end":{"line":51,"column":1}}},"5":{"name":"(anonymous_5)","decl":{"start":{"line":41,"column":44},"end":{"line":41,"column":45}},"loc":{"start":{"line":41,"column":53},"end":{"line":47,"column":5}}},"6":{"name":"(anonymous_6)","decl":{"start":{"line":57,"column":2},"end":{"line":57,"column":22}},"loc":{"start":{"line":57,"column":33},"end":{"line":59,"column":3}}},"7":{"name":"(anonymous_7)","decl":{"start":{"line":61,"column":2},"end":{"line":61,"column":6}},"loc":{"start":{"line":61,"column":12},"end":{"line":63,"column":3}}},"8":{"name":"(anonymous_8)","decl":{"start":{"line":65,"column":9},"end":{"line":65,"column":15}},"loc":{"start":{"line":65,"column":47},"end":{"line":67,"column":3}}},"9":{"name":"(anonymous_9)","decl":{"start":{"line":69,"column":9},"end":{"line":69,"column":15}},"loc":{"start":{"line":69,"column":52},"end":{"line":71,"column":3}}},"10":{"name":"(anonymous_10)","decl":{"start":{"line":76,"column":2},"end":{"line":76,"column":6}},"loc":{"start":{"line":76,"column":20},"end":{"line":82,"column":3}}},"11":{"name":"(anonymous_11)","decl":{"start":{"line":84,"column":2},"end":{"line":84,"column":6}},"loc":{"start":{"line":84,"column":63},"end":{"line":86,"column":3}}},"12":{"name":"(anonymous_12)","decl":{"start":{"line":88,"column":2},"end":{"line":88,"column":3}},"loc":{"start":{"line":88,"column":20},"end":{"line":90,"column":3}}},"13":{"name":"(anonymous_13)","decl":{"start":{"line":92,"column":2},"end":{"line":92,"column":3}},"loc":{"start":{"line":92,"column":10},"end":{"line":94,"column":3}}},"14":{"name":"(anonymous_14)","decl":{"start":{"line":96,"column":2},"end":{"line":96,"column":3}},"loc":{"start":{"line":96,"column":7},"end":{"line":98,"column":3}}},"15":{"name":"(anonymous_15)","decl":{"start":{"line":100,"column":2},"end":{"line":100,"column":3}},"loc":{"start":{"line":100,"column":9},"end":{"line":102,"column":3}}},"16":{"name":"(anonymous_16)","decl":{"start":{"line":104,"column":2},"end":{"line":104,"column":9}},"loc":{"start":{"line":104,"column":9},"end":{"line":106,"column":3}}},"17":{"name":"(anonymous_17)","decl":{"start":{"line":108,"column":2},"end":{"line":108,"column":17}},"loc":{"start":{"line":108,"column":17},"end":{"line":110,"column":3}}}},"branchMap":{"0":{"loc":{"start":{"line":11,"column":4},"end":{"line":15,"column":5}},"type":"if","locations":[{"start":{"line":11,"column":4},"end":{"line":15,"column":5}},{"start":{"line":13,"column":11},"end":{"line":15,"column":5}}]},"1":{"loc":{"start":{"line":13,"column":11},"end":{"line":15,"column":5}},"type":"if","locations":[{"start":{"line":13,"column":11},"end":{"line":15,"column":5}},{"start":{},"end":{}}]},"2":{"loc":{"start":{"line":40,"column":2},"end":{"line":49,"column":3}},"type":"if","locations":[{"start":{"line":40,"column":2},"end":{"line":49,"column":3}},{"start":{},"end":{}}]},"3":{"loc":{"start":{"line":40,"column":6},"end":{"line":40,"column":36}},"type":"binary-expr","locations":[{"start":{"line":40,"column":6},"end":{"line":40,"column":9}},{"start":{"line":40,"column":13},"end":{"line":40,"column":36}}]},"4":{"loc":{"start":{"line":44,"column":6},"end":{"line":46,"column":7}},"type":"if","locations":[{"start":{"line":44,"column":6},"end":{"line":46,"column":7}},{"start":{},"end":{}}]},"5":{"loc":{"start":{"line":44,"column":10},"end":{"line":44,"column":71}},"type":"binary-expr","locations":[{"start":{"line":44,"column":10},"end":{"line":44,"column":15}},{"start":{"line":44,"column":19},"end":{"line":44,"column":44}},{"start":{"line":44,"column":48},"end":{"line":44,"column":71}}]},"6":{"loc":{"start":{"line":58,"column":17},"end":{"line":58,"column":28}},"type":"cond-expr","locations":[{"start":{"line":58,"column":17},"end":{"line":58,"column":22}},{"start":{"line":58,"column":26},"end":{"line":58,"column":28}}]},"7":{"loc":{"start":{"line":58,"column":17},"end":{"line":58,"column":26}},"type":"binary-expr","locations":[{"start":{"line":58,"column":17},"end":{"line":58,"column":26}},{"start":{"line":58,"column":17},"end":{"line":58,"column":26}}]},"8":{"loc":{"start":{"line":79,"column":4},"end":{"line":79,"column":113}},"type":"if","locations":[{"start":{"line":79,"column":4},"end":{"line":79,"column":113}},{"start":{},"end":{}}]}},"s":{"0":15,"1":15,"2":1,"3":6,"4":6,"5":20,"6":20,"7":1,"8":19,"9":1,"10":18,"11":4,"12":2,"13":8,"14":4,"15":6,"16":6,"17":19,"18":19,"19":0,"20":6,"21":0,"22":23,"23":8,"24":14,"25":9,"26":0,"27":0,"28":0,"29":0,"30":6,"31":3,"32":3,"33":0,"34":0,"35":6,"36":6,"37":15},"f":{"0":1,"1":6,"2":20,"3":2,"4":6,"5":19,"6":23,"7":8,"8":14,"9":9,"10":0,"11":6,"12":3,"13":3,"14":0,"15":0,"16":6,"17":6},"b":{"0":[1,19],"1":[1,18],"2":[6,0],"3":[6,6],"4":[0,19],"5":[19,16,0],"6":[23,0],"7":[23,23],"8":[0,0]}}
,"C:\\Users\\Noahh\\Code\\VScode\\Modules\\JS\\Opti\\src\\decorators.ts": {"path":"C:\\Users\\Noahh\\Code\\VScode\\Modules\\JS\\Opti\\src\\decorators.ts","statementMap":{"0":{"start":{"line":5,"column":0},"end":{"line":5,"column":16}},"1":{"start":{"line":54,"column":0},"end":{"line":54,"column":16}},"2":{"start":{"line":2,"column":2},"end":{"line":2,"column":33}},"3":{"start":{"line":12,"column":2},"end":{"line":33,"column":3}},"4":{"start":{"line":13,"column":4},"end":{"line":15,"column":5}},"5":{"start":{"line":14,"column":6},"end":{"line":14,"column":75}},"6":{"start":{"line":17,"column":21},"end":{"line":17,"column":27}},"7":{"start":{"line":19,"column":20},"end":{"line":28,"column":6}},"8":{"start":{"line":21,"column":8},"end":{"line":25,"column":9}},"9":{"start":{"line":22,"column":10},"end":{"line":24,"column":12}},"10":{"start":{"line":26,"column":8},"end":{"line":26,"column":23}},"11":{"start":{"line":30,"column":4},"end":{"line":30,"column":69}},"12":{"start":{"line":32,"column":4},"end":{"line":32,"column":19}},"13":{"start":{"line":36,"column":2},"end":{"line":38,"column":3}},"14":{"start":{"line":37,"column":4},"end":{"line":37,"column":64}},"15":{"start":{"line":40,"column":25},"end":{"line":40,"column":41}},"16":{"start":{"line":42,"column":2},"end":{"line":49,"column":4}},"17":{"start":{"line":43,"column":4},"end":{"line":47,"column":5}},"18":{"start":{"line":44,"column":6},"end":{"line":46,"column":8}},"19":{"start":{"line":48,"column":4},"end":{"line":48,"column":44}},"20":{"start":{"line":51,"column":2},"end":{"line":51,"column":20}},"21":{"start":{"line":55,"column":2},"end":{"line":59,"column":3}},"22":{"start":{"line":57,"column":4},"end":{"line":57,"column":32}},"23":{"start":{"line":58,"column":4},"end":{"line":58,"column":11}},"24":{"start":{"line":62,"column":19},"end":{"line":62,"column":25}},"25":{"start":{"line":65,"column":4},"end":{"line":67,"column":5}},"26":{"start":{"line":66,"column":6},"end":{"line":66,"column":86}},"27":{"start":{"line":68,"column":4},"end":{"line":68,"column":57}},"28":{"start":{"line":72,"column":2},"end":{"line":72,"column":54}},"29":{"start":{"line":74,"column":2},"end":{"line":74,"column":37}}},"fnMap":{"0":{"name":"isClass","decl":{"start":{"line":1,"column":9},"end":{"line":1,"column":16}},"loc":{"start":{"line":1,"column":23},"end":{"line":3,"column":1}}},"1":{"name":"Abstract","decl":{"start":{"line":5,"column":16},"end":{"line":5,"column":24}},"loc":{"start":{"line":8,"column":33},"end":{"line":52,"column":1}}},"2":{"name":"(anonymous_2)","decl":{"start":{"line":20,"column":6},"end":{"line":20,"column":18}},"loc":{"start":{"line":20,"column":32},"end":{"line":27,"column":7}}},"3":{"name":"(anonymous_3)","decl":{"start":{"line":42,"column":21},"end":{"line":42,"column":42}},"loc":{"start":{"line":42,"column":56},"end":{"line":49,"column":3}}},"4":{"name":"Final","decl":{"start":{"line":54,"column":16},"end":{"line":54,"column":21}},"loc":{"start":{"line":54,"column":93},"end":{"line":75,"column":1}}},"5":{"name":"FinalizedConstructor","decl":{"start":{"line":64,"column":11},"end":{"line":64,"column":31}},"loc":{"start":{"line":64,"column":46},"end":{"line":69,"column":3}}}},"branchMap":{"0":{"loc":{"start":{"line":12,"column":2},"end":{"line":33,"column":3}},"type":"if","locations":[{"start":{"line":12,"column":2},"end":{"line":33,"column":3}},{"start":{},"end":{}}]},"1":{"loc":{"start":{"line":13,"column":4},"end":{"line":15,"column":5}},"type":"if","locations":[{"start":{"line":13,"column":4},"end":{"line":15,"column":5}},{"start":{},"end":{}}]},"2":{"loc":{"start":{"line":21,"column":8},"end":{"line":25,"column":9}},"type":"if","locations":[{"start":{"line":21,"column":8},"end":{"line":25,"column":9}},{"start":{},"end":{}}]},"3":{"loc":{"start":{"line":36,"column":2},"end":{"line":38,"column":3}},"type":"if","locations":[{"start":{"line":36,"column":2},"end":{"line":38,"column":3}},{"start":{},"end":{}}]},"4":{"loc":{"start":{"line":36,"column":6},"end":{"line":36,"column":59}},"type":"binary-expr","locations":[{"start":{"line":36,"column":6},"end":{"line":36,"column":17}},{"start":{"line":36,"column":21},"end":{"line":36,"column":59}}]},"5":{"loc":{"start":{"line":43,"column":4},"end":{"line":47,"column":5}},"type":"if","locations":[{"start":{"line":43,"column":4},"end":{"line":47,"column":5}},{"start":{},"end":{}}]},"6":{"loc":{"start":{"line":55,"column":2},"end":{"line":59,"column":3}},"type":"if","locations":[{"start":{"line":55,"column":2},"end":{"line":59,"column":3}},{"start":{},"end":{}}]},"7":{"loc":{"start":{"line":65,"column":4},"end":{"line":67,"column":5}},"type":"if","locations":[{"start":{"line":65,"column":4},"end":{"line":67,"column":5}},{"start":{},"end":{}}]}},"s":{"0":15,"1":15,"2":3,"3":6,"4":3,"5":0,"6":3,"7":3,"8":2,"9":0,"10":2,"11":3,"12":3,"13":3,"14":0,"15":3,"16":3,"17":0,"18":0,"19":0,"20":3,"21":2,"22":1,"23":1,"24":1,"25":0,"26":0,"27":0,"28":1,"29":1},"f":{"0":3,"1":6,"2":2,"3":0,"4":2,"5":0},"b":{"0":[3,3],"1":[0,3],"2":[0,2],"3":[0,3],"4":[3,3],"5":[0,0],"6":[1,1],"7":[0,0]}}
,"C:\\Users\\Noahh\\Code\\VScode\\Modules\\JS\\Opti\\src\\document.ts": {"path":"C:\\Users\\Noahh\\Code\\VScode\\Modules\\JS\\Opti\\src\\document.ts","statementMap":{"0":{"start":{"line":1,"column":0},"end":{"line":1,"column":16}},"1":{"start":{"line":5,"column":0},"end":{"line":5,"column":16}},"2":{"start":{"line":43,"column":0},"end":{"line":43,"column":16}},"3":{"start":{"line":107,"column":0},"end":{"line":107,"column":16}},"4":{"start":{"line":2,"column":2},"end":{"line":2,"column":58}},"5":{"start":{"line":6,"column":2},"end":{"line":6,"column":79}},"6":{"start":{"line":6,"column":51},"end":{"line":6,"column":77}},"7":{"start":{"line":47,"column":19},"end":{"line":47,"column":33}},"8":{"start":{"line":48,"column":2},"end":{"line":50,"column":3}},"9":{"start":{"line":49,"column":4},"end":{"line":49,"column":70}},"10":{"start":{"line":53,"column":17},"end":{"line":53,"column":86}},"11":{"start":{"line":55,"column":2},"end":{"line":59,"column":3}},"12":{"start":{"line":56,"column":4},"end":{"line":56,"column":47}},"13":{"start":{"line":57,"column":4},"end":{"line":57,"column":43}},"14":{"start":{"line":58,"column":4},"end":{"line":58,"column":40}},"15":{"start":{"line":61,"column":16},"end":{"line":61,"column":47}},"16":{"start":{"line":62,"column":18},"end":{"line":62,"column":20}},"17":{"start":{"line":63,"column":47},"end":{"line":63,"column":49}},"18":{"start":{"line":65,"column":2},"end":{"line":76,"column":3}},"19":{"start":{"line":65,"column":15},"end":{"line":65,"column":16}},"20":{"start":{"line":66,"column":17},"end":{"line":66,"column":34}},"21":{"start":{"line":67,"column":4},"end":{"line":75,"column":5}},"22":{"start":{"line":68,"column":6},"end":{"line":68,"column":20}},"23":{"start":{"line":69,"column":27},"end":{"line":69,"column":37}},"24":{"start":{"line":70,"column":6},"end":{"line":73,"column":7}},"25":{"start":{"line":70,"column":19},"end":{"line":70,"column":20}},"26":{"start":{"line":71,"column":21},"end":{"line":71,"column":36}},"27":{"start":{"line":72,"column":8},"end":{"line":72,"column":74}},"28":{"start":{"line":74,"column":6},"end":{"line":74,"column":12}},"29":{"start":{"line":78,"column":2},"end":{"line":80,"column":3}},"30":{"start":{"line":79,"column":4},"end":{"line":79,"column":26}},"31":{"start":{"line":83,"column":42},"end":{"line":83,"column":44}},"32":{"start":{"line":84,"column":2},"end":{"line":89,"column":3}},"33":{"start":{"line":85,"column":4},"end":{"line":88,"column":5}},"34":{"start":{"line":86,"column":20},"end":{"line":86,"column":81}},"35":{"start":{"line":86,"column":59},"end":{"line":86,"column":80}},"36":{"start":{"line":87,"column":6},"end":{"line":87,"column":40}},"37":{"start":{"line":91,"column":20},"end":{"line":91,"column":58}},"38":{"start":{"line":92,"column":22},"end":{"line":94,"column":14}},"39":{"start":{"line":93,"column":26},"end":{"line":93,"column":44}},"40":{"start":{"line":96,"column":2},"end":{"line":98,"column":3}},"41":{"start":{"line":97,"column":4},"end":{"line":97,"column":32}},"42":{"start":{"line":100,"column":2},"end":{"line":104,"column":3}},"43":{"start":{"line":101,"column":4},"end":{"line":101,"column":78}},"44":{"start":{"line":103,"column":4},"end":{"line":103,"column":80}},"45":{"start":{"line":108,"column":13},"end":{"line":108,"column":45}},"46":{"start":{"line":111,"column":2},"end":{"line":111,"column":44}},"47":{"start":{"line":111,"column":18},"end":{"line":111,"column":44}},"48":{"start":{"line":114,"column":2},"end":{"line":114,"column":44}},"49":{"start":{"line":114,"column":17},"end":{"line":114,"column":44}},"50":{"start":{"line":117,"column":2},"end":{"line":117,"column":42}},"51":{"start":{"line":117,"column":17},"end":{"line":117,"column":42}},"52":{"start":{"line":120,"column":2},"end":{"line":124,"column":3}},"53":{"start":{"line":121,"column":4},"end":{"line":123,"column":5}},"54":{"start":{"line":122,"column":6},"end":{"line":122,"column":49}},"55":{"start":{"line":127,"column":2},"end":{"line":140,"column":3}},"56":{"start":{"line":128,"column":4},"end":{"line":139,"column":5}},"57":{"start":{"line":136,"column":6},"end":{"line":138,"column":94}},"58":{"start":{"line":137,"column":8},"end":{"line":137,"column":34}},"59":{"start":{"line":138,"column":13},"end":{"line":138,"column":94}},"60":{"start":{"line":143,"column":2},"end":{"line":151,"column":3}},"61":{"start":{"line":144,"column":4},"end":{"line":150,"column":5}},"62":{"start":{"line":145,"column":6},"end":{"line":147,"column":9}},"63":{"start":{"line":146,"column":8},"end":{"line":146,"column":46}},"64":{"start":{"line":149,"column":6},"end":{"line":149,"column":52}},"65":{"start":{"line":153,"column":2},"end":{"line":153,"column":17}}},"fnMap":{"0":{"name":"ready","decl":{"start":{"line":1,"column":16},"end":{"line":1,"column":21}},"loc":{"start":{"line":1,"column":67},"end":{"line":3,"column":1}}},"1":{"name":"leaving","decl":{"start":{"line":5,"column":16},"end":{"line":5,"column":23}},"loc":{"start":{"line":5,"column":69},"end":{"line":7,"column":1}}},"2":{"name":"(anonymous_2)","decl":{"start":{"line":6,"column":44},"end":{"line":6,"column":45}},"loc":{"start":{"line":6,"column":51},"end":{"line":6,"column":77}}},"3":{"name":"documentCss","decl":{"start":{"line":43,"column":16},"end":{"line":43,"column":27}},"loc":{"start":{"line":45,"column":70},"end":{"line":105,"column":1}}},"4":{"name":"(anonymous_4)","decl":{"start":{"line":86,"column":54},"end":{"line":86,"column":55}},"loc":{"start":{"line":86,"column":59},"end":{"line":86,"column":80}}},"5":{"name":"(anonymous_5)","decl":{"start":{"line":93,"column":9},"end":{"line":93,"column":10}},"loc":{"start":{"line":93,"column":26},"end":{"line":93,"column":44}}},"6":{"name":"createElements","decl":{"start":{"line":107,"column":16},"end":{"line":107,"column":30}},"loc":{"start":{"line":107,"column":71},"end":{"line":154,"column":1}}},"7":{"name":"(anonymous_7)","decl":{"start":{"line":145,"column":28},"end":{"line":145,"column":33}},"loc":{"start":{"line":145,"column":36},"end":{"line":147,"column":7}}}},"branchMap":{"0":{"loc":{"start":{"line":48,"column":2},"end":{"line":50,"column":3}},"type":"if","locations":[{"start":{"line":48,"column":2},"end":{"line":50,"column":3}},{"start":{},"end":{}}]},"1":{"loc":{"start":{"line":55,"column":2},"end":{"line":59,"column":3}},"type":"if","locations":[{"start":{"line":55,"column":2},"end":{"line":59,"column":3}},{"start":{},"end":{}}]},"2":{"loc":{"start":{"line":67,"column":4},"end":{"line":75,"column":5}},"type":"if","locations":[{"start":{"line":67,"column":4},"end":{"line":75,"column":5}},{"start":{},"end":{}}]},"3":{"loc":{"start":{"line":67,"column":8},"end":{"line":67,"column":70}},"type":"binary-expr","locations":[{"start":{"line":67,"column":8},"end":{"line":67,"column":36}},{"start":{"line":67,"column":40},"end":{"line":67,"column":70}}]},"4":{"loc":{"start":{"line":78,"column":2},"end":{"line":80,"column":3}},"type":"if","locations":[{"start":{"line":78,"column":2},"end":{"line":80,"column":3}},{"start":{},"end":{}}]},"5":{"loc":{"start":{"line":78,"column":6},"end":{"line":78,"column":49}},"type":"binary-expr","locations":[{"start":{"line":78,"column":6},"end":{"line":78,"column":13}},{"start":{"line":78,"column":17},"end":{"line":78,"column":49}}]},"6":{"loc":{"start":{"line":85,"column":4},"end":{"line":88,"column":5}},"type":"if","locations":[{"start":{"line":85,"column":4},"end":{"line":88,"column":5}},{"start":{},"end":{}}]},"7":{"loc":{"start":{"line":85,"column":8},"end":{"line":85,"column":41}},"type":"binary-expr","locations":[{"start":{"line":85,"column":8},"end":{"line":85,"column":20}},{"start":{"line":85,"column":24},"end":{"line":85,"column":41}}]},"8":{"loc":{"start":{"line":96,"column":2},"end":{"line":98,"column":3}},"type":"if","locations":[{"start":{"line":96,"column":2},"end":{"line":98,"column":3}},{"start":{},"end":{}}]},"9":{"loc":{"start":{"line":111,"column":2},"end":{"line":111,"column":44}},"type":"if","locations":[{"start":{"line":111,"column":2},"end":{"line":111,"column":44}},{"start":{},"end":{}}]},"10":{"loc":{"start":{"line":114,"column":2},"end":{"line":114,"column":44}},"type":"if","locations":[{"start":{"line":114,"column":2},"end":{"line":114,"column":44}},{"start":{},"end":{}}]},"11":{"loc":{"start":{"line":117,"column":2},"end":{"line":117,"column":42}},"type":"if","locations":[{"start":{"line":117,"column":2},"end":{"line":117,"column":42}},{"start":{},"end":{}}]},"12":{"loc":{"start":{"line":120,"column":2},"end":{"line":124,"column":3}},"type":"if","locations":[{"start":{"line":120,"column":2},"end":{"line":124,"column":3}},{"start":{},"end":{}}]},"13":{"loc":{"start":{"line":120,"column":6},"end":{"line":120,"column":50}},"type":"binary-expr","locations":[{"start":{"line":120,"column":6},"end":{"line":120,"column":16}},{"start":{"line":120,"column":20},"end":{"line":120,"column":50}}]},"14":{"loc":{"start":{"line":128,"column":4},"end":{"line":139,"column":5}},"type":"if","locations":[{"start":{"line":128,"column":4},"end":{"line":139,"column":5}},{"start":{},"end":{}}]},"15":{"loc":{"start":{"line":129,"column":6},"end":{"line":134,"column":24}},"type":"binary-expr","locations":[{"start":{"line":129,"column":6},"end":{"line":129,"column":19}},{"start":{"line":130,"column":6},"end":{"line":130,"column":21}},{"start":{"line":131,"column":6},"end":{"line":131,"column":20}},{"start":{"line":132,"column":6},"end":{"line":132,"column":20}},{"start":{"line":133,"column":6},"end":{"line":133,"column":21}},{"start":{"line":134,"column":6},"end":{"line":134,"column":24}}]},"16":{"loc":{"start":{"line":136,"column":6},"end":{"line":138,"column":94}},"type":"if","locations":[{"start":{"line":136,"column":6},"end":{"line":138,"column":94}},{"start":{"line":138,"column":13},"end":{"line":138,"column":94}}]},"17":{"loc":{"start":{"line":136,"column":10},"end":{"line":136,"column":60}},"type":"binary-expr","locations":[{"start":{"line":136,"column":10},"end":{"line":136,"column":33}},{"start":{"line":136,"column":37},"end":{"line":136,"column":60}}]},"18":{"loc":{"start":{"line":143,"column":2},"end":{"line":151,"column":3}},"type":"if","locations":[{"start":{"line":143,"column":2},"end":{"line":151,"column":3}},{"start":{},"end":{}}]},"19":{"loc":{"start":{"line":144,"column":4},"end":{"line":150,"column":5}},"type":"if","locations":[{"start":{"line":144,"column":4},"end":{"line":150,"column":5}},{"start":{"line":148,"column":11},"end":{"line":150,"column":5}}]}},"s":{"0":15,"1":15,"2":15,"3":15,"4":1,"5":1,"6":0,"7":3,"8":3,"9":0,"10":3,"11":3,"12":1,"13":1,"14":1,"15":3,"16":3,"17":3,"18":3,"19":3,"20":2,"21":2,"22":2,"23":2,"24":2,"25":2,"26":2,"27":2,"28":2,"29":3,"30":2,"31":1,"32":1,"33":1,"34":1,"35":0,"36":1,"37":1,"38":1,"39":1,"40":1,"41":0,"42":1,"43":1,"44":0,"45":6,"46":6,"47":0,"48":6,"49":0,"50":6,"51":0,"52":6,"53":0,"54":0,"55":6,"56":13,"57":4,"58":3,"59":1,"60":5,"61":3,"62":0,"63":0,"64":3,"65":4},"f":{"0":1,"1":1,"2":0,"3":3,"4":0,"5":1,"6":6,"7":0},"b":{"0":[0,3],"1":[1,2],"2":[2,0],"3":[2,2],"4":[2,1],"5":[3,1],"6":[1,0],"7":[1,1],"8":[0,1],"9":[0,6],"10":[0,6],"11":[0,6],"12":[0,6],"13":[6,0],"14":[4,9],"15":[13,7,7,7,7,7],"16":[3,1],"17":[4,3],"18":[3,2],"19":[0,3]}}
,"C:\\Users\\Noahh\\Code\\VScode\\Modules\\JS\\Opti\\src\\elements.ts": {"path":"C:\\Users\\Noahh\\Code\\VScode\\Modules\\JS\\Opti\\src\\elements.ts","statementMap":{"0":{"start":{"line":7,"column":0},"end":{"line":7,"column":16}},"1":{"start":{"line":15,"column":0},"end":{"line":15,"column":16}},"2":{"start":{"line":19,"column":0},"end":{"line":19,"column":16}},"3":{"start":{"line":23,"column":0},"end":{"line":23,"column":16}},"4":{"start":{"line":27,"column":0},"end":{"line":27,"column":16}},"5":{"start":{"line":51,"column":0},"end":{"line":51,"column":16}},"6":{"start":{"line":109,"column":0},"end":{"line":109,"column":16}},"7":{"start":{"line":113,"column":0},"end":{"line":113,"column":16}},"8":{"start":{"line":136,"column":0},"end":{"line":136,"column":16}},"9":{"start":{"line":140,"column":0},"end":{"line":140,"column":16}},"10":{"start":{"line":160,"column":0},"end":{"line":160,"column":16}},"11":{"start":{"line":164,"column":0},"end":{"line":164,"column":16}},"12":{"start":{"line":168,"column":0},"end":{"line":168,"column":16}},"13":{"start":{"line":176,"column":0},"end":{"line":176,"column":16}},"14":{"start":{"line":181,"column":0},"end":{"line":181,"column":16}},"15":{"start":{"line":185,"column":0},"end":{"line":185,"column":16}},"16":{"start":{"line":189,"column":0},"end":{"line":189,"column":16}},"17":{"start":{"line":198,"column":0},"end":{"line":198,"column":16}},"18":{"start":{"line":217,"column":0},"end":{"line":217,"column":16}},"19":{"start":{"line":240,"column":0},"end":{"line":240,"column":16}},"20":{"start":{"line":296,"column":0},"end":{"line":296,"column":16}},"21":{"start":{"line":310,"column":0},"end":{"line":310,"column":16}},"22":{"start":{"line":8,"column":2},"end":{"line":12,"column":3}},"23":{"start":{"line":9,"column":4},"end":{"line":9,"column":37}},"24":{"start":{"line":11,"column":4},"end":{"line":11,"column":33}},"25":{"start":{"line":16,"column":2},"end":{"line":16,"column":30}},"26":{"start":{"line":20,"column":2},"end":{"line":20,"column":33}},"27":{"start":{"line":24,"column":2},"end":{"line":24,"column":33}},"28":{"start":{"line":28,"column":2},"end":{"line":28,"column":42}},"29":{"start":{"line":32,"column":2},"end":{"line":32,"column":37}},"30":{"start":{"line":32,"column":28},"end":{"line":32,"column":37}},"31":{"start":{"line":33,"column":2},"end":{"line":33,"column":48}},"32":{"start":{"line":33,"column":28},"end":{"line":33,"column":48}},"33":{"start":{"line":34,"column":2},"end":{"line":34,"column":14}},"34":{"start":{"line":38,"column":2},"end":{"line":38,"column":61}},"35":{"start":{"line":38,"column":44},"end":{"line":38,"column":59}},"36":{"start":{"line":43,"column":2},"end":{"line":43,"column":59}},"37":{"start":{"line":43,"column":36},"end":{"line":43,"column":57}},"38":{"start":{"line":56,"column":14},"end":{"line":56,"column":24}},"39":{"start":{"line":58,"column":2},"end":{"line":88,"column":3}},"40":{"start":{"line":60,"column":30},"end":{"line":60,"column":32}},"41":{"start":{"line":61,"column":4},"end":{"line":70,"column":5}},"42":{"start":{"line":61,"column":17},"end":{"line":61,"column":18}},"43":{"start":{"line":62,"column":48},"end":{"line":62,"column":54}},"44":{"start":{"line":64,"column":6},"end":{"line":64,"column":26}},"45":{"start":{"line":64,"column":17},"end":{"line":64,"column":26}},"46":{"start":{"line":66,"column":24},"end":{"line":66,"column":41}},"47":{"start":{"line":67,"column":20},"end":{"line":67,"column":53}},"48":{"start":{"line":69,"column":6},"end":{"line":69,"column":72}},"49":{"start":{"line":72,"column":4},"end":{"line":85,"column":5}},"50":{"start":{"line":73,"column":23},"end":{"line":73,"column":45}},"51":{"start":{"line":74,"column":37},"end":{"line":74,"column":39}},"52":{"start":{"line":76,"column":6},"end":{"line":82,"column":7}},"53":{"start":{"line":76,"column":19},"end":{"line":76,"column":20}},"54":{"start":{"line":77,"column":21},"end":{"line":77,"column":32}},"55":{"start":{"line":78,"column":8},"end":{"line":78,"column":28}},"56":{"start":{"line":78,"column":19},"end":{"line":78,"column":28}},"57":{"start":{"line":79,"column":26},"end":{"line":79,"column":43}},"58":{"start":{"line":80,"column":22},"end":{"line":80,"column":60}},"59":{"start":{"line":81,"column":8},"end":{"line":81,"column":79}},"60":{"start":{"line":84,"column":6},"end":{"line":84,"column":43}},"61":{"start":{"line":87,"column":4},"end":{"line":87,"column":18}},"62":{"start":{"line":90,"column":2},"end":{"line":106,"column":3}},"63":{"start":{"line":91,"column":4},"end":{"line":98,"column":5}},"64":{"start":{"line":92,"column":6},"end":{"line":92,"column":70}},"65":{"start":{"line":95,"column":6},"end":{"line":97,"column":7}},"66":{"start":{"line":96,"column":8},"end":{"line":96,"column":60}},"67":{"start":{"line":101,"column":4},"end":{"line":105,"column":5}},"68":{"start":{"line":102,"column":6},"end":{"line":104,"column":7}},"69":{"start":{"line":103,"column":8},"end":{"line":103,"column":70}},"70":{"start":{"line":110,"column":2},"end":{"line":110,"column":28}},"71":{"start":{"line":115,"column":2},"end":{"line":122,"column":3}},"72":{"start":{"line":116,"column":28},"end":{"line":116,"column":32}},"73":{"start":{"line":117,"column":4},"end":{"line":120,"column":5}},"74":{"start":{"line":117,"column":17},"end":{"line":117,"column":18}},"75":{"start":{"line":118,"column":6},"end":{"line":118,"column":41}},"76":{"start":{"line":118,"column":29},"end":{"line":118,"column":41}},"77":{"start":{"line":119,"column":6},"end":{"line":119,"column":29}},"78":{"start":{"line":121,"column":4},"end":{"line":121,"column":16}},"79":{"start":{"line":125,"column":19},"end":{"line":125,"column":22}},"80":{"start":{"line":126,"column":27},"end":{"line":126,"column":78}},"81":{"start":{"line":127,"column":2},"end":{"line":132,"column":3}},"82":{"start":{"line":128,"column":4},"end":{"line":130,"column":5}},"83":{"start":{"line":129,"column":6},"end":{"line":129,"column":21}},"84":{"start":{"line":131,"column":4},"end":{"line":131,"column":26}},"85":{"start":{"line":133,"column":2},"end":{"line":133,"column":14}},"86":{"start":{"line":137,"column":2},"end":{"line":137,"column":73}},"87":{"start":{"line":142,"column":2},"end":{"line":154,"column":3}},"88":{"start":{"line":143,"column":4},"end":{"line":153,"column":5}},"89":{"start":{"line":144,"column":6},"end":{"line":144,"column":26}},"90":{"start":{"line":145,"column":21},"end":{"line":145,"column":36}},"91":{"start":{"line":148,"column":6},"end":{"line":150,"column":17}},"92":{"start":{"line":152,"column":6},"end":{"line":152,"column":54}},"93":{"start":{"line":157,"column":2},"end":{"line":157,"column":32}},"94":{"start":{"line":161,"column":2},"end":{"line":161,"column":36}},"95":{"start":{"line":165,"column":2},"end":{"line":165,"column":35}},"96":{"start":{"line":169,"column":2},"end":{"line":173,"column":3}},"97":{"start":{"line":170,"column":4},"end":{"line":170,"column":16}},"98":{"start":{"line":172,"column":4},"end":{"line":172,"column":16}},"99":{"start":{"line":177,"column":2},"end":{"line":177,"column":155}},"100":{"start":{"line":177,"column":30},"end":{"line":177,"column":155}},"101":{"start":{"line":178,"column":2},"end":{"line":178,"column":47}},"102":{"start":{"line":182,"column":2},"end":{"line":182,"column":50}},"103":{"start":{"line":186,"column":2},"end":{"line":186,"column":25}},"104":{"start":{"line":190,"column":19},"end":{"line":190,"column":58}},"105":{"start":{"line":191,"column":2},"end":{"line":195,"column":3}},"106":{"start":{"line":192,"column":4},"end":{"line":192,"column":20}},"107":{"start":{"line":194,"column":4},"end":{"line":194,"column":59}},"108":{"start":{"line":194,"column":35},"end":{"line":194,"column":57}},"109":{"start":{"line":199,"column":19},"end":{"line":199,"column":37}},"110":{"start":{"line":202,"column":38},"end":{"line":202,"column":40}},"111":{"start":{"line":205,"column":2},"end":{"line":207,"column":5}},"112":{"start":{"line":206,"column":4},"end":{"line":206,"column":42}},"113":{"start":{"line":210,"column":2},"end":{"line":214,"column":15}},"114":{"start":{"line":212,"column":6},"end":{"line":212,"column":71}},"115":{"start":{"line":218,"column":2},"end":{"line":218,"column":37}},"116":{"start":{"line":219,"column":2},"end":{"line":219,"column":14}},"117":{"start":{"line":222,"column":43},"end":{"line":228,"column":2}},"118":{"start":{"line":231,"column":2},"end":{"line":234,"column":49}},"119":{"start":{"line":242,"column":2},"end":{"line":253,"column":3}},"120":{"start":{"line":243,"column":4},"end":{"line":247,"column":6}},"121":{"start":{"line":249,"column":4},"end":{"line":252,"column":6}},"122":{"start":{"line":255,"column":16},"end":{"line":255,"column":78}},"123":{"start":{"line":257,"column":2},"end":{"line":261,"column":3}},"124":{"start":{"line":258,"column":4},"end":{"line":260,"column":5}},"125":{"start":{"line":259,"column":6},"end":{"line":259,"column":48}},"126":{"start":{"line":263,"column":2},"end":{"line":267,"column":3}},"127":{"start":{"line":264,"column":4},"end":{"line":266,"column":5}},"128":{"start":{"line":265,"column":6},"end":{"line":265,"column":47}},"129":{"start":{"line":269,"column":2},"end":{"line":273,"column":3}},"130":{"start":{"line":270,"column":4},"end":{"line":272,"column":5}},"131":{"start":{"line":271,"column":6},"end":{"line":271,"column":47}},"132":{"start":{"line":275,"column":2},"end":{"line":291,"column":3}},"133":{"start":{"line":276,"column":4},"end":{"line":290,"column":5}},"134":{"start":{"line":277,"column":6},"end":{"line":289,"column":9}},"135":{"start":{"line":278,"column":8},"end":{"line":286,"column":9}},"136":{"start":{"line":279,"column":10},"end":{"line":285,"column":11}},"137":{"start":{"line":280,"column":28},"end":{"line":280,"column":34}},"138":{"start":{"line":282,"column":14},"end":{"line":282,"column":95}},"139":{"start":{"line":284,"column":14},"end":{"line":284,"column":77}},"140":{"start":{"line":288,"column":8},"end":{"line":288,"column":89}},"141":{"start":{"line":293,"column":2},"end":{"line":293,"column":15}},"142":{"start":{"line":297,"column":2},"end":{"line":299,"column":38}},"143":{"start":{"line":303,"column":20},"end":{"line":303,"column":36}},"144":{"start":{"line":304,"column":20},"end":{"line":304,"column":41}},"145":{"start":{"line":305,"column":15},"end":{"line":305,"column":25}},"146":{"start":{"line":306,"column":2},"end":{"line":306,"column":40}},"147":{"start":{"line":307,"column":2},"end":{"line":307,"column":14}},"148":{"start":{"line":311,"column":15},"end":{"line":311,"column":19}},"149":{"start":{"line":313,"column":2},"end":{"line":341,"column":4}},"150":{"start":{"line":315,"column":6},"end":{"line":327,"column":7}},"151":{"start":{"line":318,"column":10},"end":{"line":318,"column":30}},"152":{"start":{"line":322,"column":10},"end":{"line":322,"column":49}},"153":{"start":{"line":322,"column":37},"end":{"line":322,"column":49}},"154":{"start":{"line":323,"column":10},"end":{"line":323,"column":51}},"155":{"start":{"line":323,"column":38},"end":{"line":323,"column":51}},"156":{"start":{"line":326,"column":10},"end":{"line":326,"column":22}},"157":{"start":{"line":330,"column":18},"end":{"line":330,"column":36}},"158":{"start":{"line":331,"column":6},"end":{"line":331,"column":44}},"159":{"start":{"line":334,"column":17},"end":{"line":334,"column":33}},"160":{"start":{"line":335,"column":6},"end":{"line":335,"column":70}},"161":{"start":{"line":335,"column":41},"end":{"line":335,"column":70}},"162":{"start":{"line":336,"column":6},"end":{"line":336,"column":18}},"163":{"start":{"line":339,"column":6},"end":{"line":339,"column":30}}},"fnMap":{"0":{"name":"hasText","decl":{"start":{"line":7,"column":16},"end":{"line":7,"column":23}},"loc":{"start":{"line":7,"column":60},"end":{"line":13,"column":1}}},"1":{"name":"addClass","decl":{"start":{"line":15,"column":16},"end":{"line":15,"column":24}},"loc":{"start":{"line":15,"column":55},"end":{"line":17,"column":1}}},"2":{"name":"removeClass","decl":{"start":{"line":19,"column":16},"end":{"line":19,"column":27}},"loc":{"start":{"line":19,"column":58},"end":{"line":21,"column":1}}},"3":{"name":"toggleClass","decl":{"start":{"line":23,"column":16},"end":{"line":23,"column":27}},"loc":{"start":{"line":23,"column":58},"end":{"line":25,"column":1}}},"4":{"name":"hasClass","decl":{"start":{"line":27,"column":16},"end":{"line":27,"column":24}},"loc":{"start":{"line":27,"column":55},"end":{"line":29,"column":1}}},"5":{"name":"parseUnit","decl":{"start":{"line":31,"column":9},"end":{"line":31,"column":18}},"loc":{"start":{"line":31,"column":31},"end":{"line":35,"column":1}}},"6":{"name":"dashToCamel","decl":{"start":{"line":37,"column":9},"end":{"line":37,"column":20}},"loc":{"start":{"line":37,"column":32},"end":{"line":39,"column":1}}},"7":{"name":"(anonymous_7)","decl":{"start":{"line":38,"column":34},"end":{"line":38,"column":35}},"loc":{"start":{"line":38,"column":44},"end":{"line":38,"column":59}}},"8":{"name":"camelToDash","decl":{"start":{"line":42,"column":9},"end":{"line":42,"column":20}},"loc":{"start":{"line":42,"column":32},"end":{"line":44,"column":1}}},"9":{"name":"(anonymous_9)","decl":{"start":{"line":43,"column":31},"end":{"line":43,"column":32}},"loc":{"start":{"line":43,"column":36},"end":{"line":43,"column":57}}},"10":{"name":"css","decl":{"start":{"line":51,"column":16},"end":{"line":51,"column":19}},"loc":{"start":{"line":54,"column":25},"end":{"line":107,"column":1}}},"11":{"name":"getParent","decl":{"start":{"line":109,"column":16},"end":{"line":109,"column":25}},"loc":{"start":{"line":109,"column":25},"end":{"line":111,"column":1}}},"12":{"name":"getAncestor","decl":{"start":{"line":113,"column":16},"end":{"line":113,"column":27}},"loc":{"start":{"line":113,"column":84},"end":{"line":134,"column":1}}},"13":{"name":"html","decl":{"start":{"line":136,"column":16},"end":{"line":136,"column":20}},"loc":{"start":{"line":136,"column":50},"end":{"line":138,"column":1}}},"14":{"name":"text","decl":{"start":{"line":140,"column":16},"end":{"line":140,"column":20}},"loc":{"start":{"line":140,"column":100},"end":{"line":158,"column":1}}},"15":{"name":"show","decl":{"start":{"line":160,"column":16},"end":{"line":160,"column":20}},"loc":{"start":{"line":160,"column":20},"end":{"line":162,"column":1}}},"16":{"name":"hide","decl":{"start":{"line":164,"column":16},"end":{"line":164,"column":20}},"loc":{"start":{"line":164,"column":20},"end":{"line":166,"column":1}}},"17":{"name":"toggle","decl":{"start":{"line":168,"column":16},"end":{"line":168,"column":22}},"loc":{"start":{"line":168,"column":22},"end":{"line":174,"column":1}}},"18":{"name":"$","decl":{"start":{"line":176,"column":16},"end":{"line":176,"column":17}},"loc":{"start":{"line":176,"column":52},"end":{"line":179,"column":1}}},"19":{"name":"$$","decl":{"start":{"line":181,"column":16},"end":{"line":181,"column":18}},"loc":{"start":{"line":181,"column":53},"end":{"line":183,"column":1}}},"20":{"name":"getChildren","decl":{"start":{"line":185,"column":16},"end":{"line":185,"column":27}},"loc":{"start":{"line":185,"column":27},"end":{"line":187,"column":1}}},"21":{"name":"getSiblings","decl":{"start":{"line":189,"column":16},"end":{"line":189,"column":27}},"loc":{"start":{"line":189,"column":64},"end":{"line":196,"column":1}}},"22":{"name":"(anonymous_22)","decl":{"start":{"line":194,"column":27},"end":{"line":194,"column":31}},"loc":{"start":{"line":194,"column":35},"end":{"line":194,"column":57}}},"23":{"name":"serialize","decl":{"start":{"line":198,"column":16},"end":{"line":198,"column":25}},"loc":{"start":{"line":198,"column":25},"end":{"line":215,"column":1}}},"24":{"name":"(anonymous_24)","decl":{"start":{"line":205,"column":19},"end":{"line":205,"column":20}},"loc":{"start":{"line":205,"column":34},"end":{"line":207,"column":3}}},"25":{"name":"(anonymous_25)","decl":{"start":{"line":211,"column":9},"end":{"line":211,"column":10}},"loc":{"start":{"line":211,"column":26},"end":{"line":213,"column":5}}},"26":{"name":"cut","decl":{"start":{"line":217,"column":16},"end":{"line":217,"column":19}},"loc":{"start":{"line":217,"column":19},"end":{"line":220,"column":1}}},"27":{"name":"isEventTarget","decl":{"start":{"line":230,"column":9},"end":{"line":230,"column":22}},"loc":{"start":{"line":230,"column":31},"end":{"line":235,"column":1}}},"28":{"name":"copy","decl":{"start":{"line":240,"column":16},"end":{"line":240,"column":20}},"loc":{"start":{"line":240,"column":120},"end":{"line":294,"column":1}}},"29":{"name":"(anonymous_29)","decl":{"start":{"line":277,"column":21},"end":{"line":277,"column":25}},"loc":{"start":{"line":277,"column":28},"end":{"line":289,"column":7}}},"30":{"name":"isVisible","decl":{"start":{"line":296,"column":16},"end":{"line":296,"column":25}},"loc":{"start":{"line":296,"column":25},"end":{"line":300,"column":1}}},"31":{"name":"parseTime","decl":{"start":{"line":302,"column":9},"end":{"line":302,"column":18}},"loc":{"start":{"line":302,"column":32},"end":{"line":308,"column":1}}},"32":{"name":"val","decl":{"start":{"line":310,"column":16},"end":{"line":310,"column":19}},"loc":{"start":{"line":310,"column":19},"end":{"line":342,"column":1}}},"33":{"name":"(anonymous_33)","decl":{"start":{"line":314,"column":4},"end":{"line":314,"column":13}},"loc":{"start":{"line":314,"column":13},"end":{"line":328,"column":5}}},"34":{"name":"(anonymous_34)","decl":{"start":{"line":329,"column":4},"end":{"line":329,"column":12}},"loc":{"start":{"line":329,"column":12},"end":{"line":332,"column":5}}},"35":{"name":"(anonymous_35)","decl":{"start":{"line":333,"column":4},"end":{"line":333,"column":10}},"loc":{"start":{"line":333,"column":10},"end":{"line":337,"column":5}}},"36":{"name":"(anonymous_36)","decl":{"start":{"line":338,"column":4},"end":{"line":338,"column":12}},"loc":{"start":{"line":338,"column":12},"end":{"line":340,"column":5}}}},"branchMap":{"0":{"loc":{"start":{"line":8,"column":2},"end":{"line":12,"column":3}},"type":"if","locations":[{"start":{"line":8,"column":2},"end":{"line":12,"column":3}},{"start":{"line":10,"column":9},"end":{"line":12,"column":3}}]},"1":{"loc":{"start":{"line":32,"column":2},"end":{"line":32,"column":37}},"type":"if","locations":[{"start":{"line":32,"column":2},"end":{"line":32,"column":37}},{"start":{},"end":{}}]},"2":{"loc":{"start":{"line":33,"column":2},"end":{"line":33,"column":48}},"type":"if","locations":[{"start":{"line":33,"column":2},"end":{"line":33,"column":48}},{"start":{},"end":{}}]},"3":{"loc":{"start":{"line":58,"column":2},"end":{"line":88,"column":3}},"type":"if","locations":[{"start":{"line":58,"column":2},"end":{"line":88,"column":3}},{"start":{},"end":{}}]},"4":{"loc":{"start":{"line":58,"column":6},"end":{"line":58,"column":26}},"type":"binary-expr","locations":[{"start":{"line":58,"column":6},"end":{"line":58,"column":10}},{"start":{"line":58,"column":14},"end":{"line":58,"column":26}}]},"5":{"loc":{"start":{"line":64,"column":6},"end":{"line":64,"column":26}},"type":"if","locations":[{"start":{"line":64,"column":6},"end":{"line":64,"column":26}},{"start":{},"end":{}}]},"6":{"loc":{"start":{"line":72,"column":4},"end":{"line":85,"column":5}},"type":"if","locations":[{"start":{"line":72,"column":4},"end":{"line":85,"column":5}},{"start":{},"end":{}}]},"7":{"loc":{"start":{"line":78,"column":8},"end":{"line":78,"column":28}},"type":"if","locations":[{"start":{"line":78,"column":8},"end":{"line":78,"column":28}},{"start":{},"end":{}}]},"8":{"loc":{"start":{"line":90,"column":2},"end":{"line":106,"column":3}},"type":"if","locations":[{"start":{"line":90,"column":2},"end":{"line":106,"column":3}},{"start":{"line":99,"column":9},"end":{"line":106,"column":3}}]},"9":{"loc":{"start":{"line":91,"column":4},"end":{"line":98,"column":5}},"type":"if","locations":[{"start":{"line":91,"column":4},"end":{"line":98,"column":5}},{"start":{"line":93,"column":11},"end":{"line":98,"column":5}}]},"10":{"loc":{"start":{"line":95,"column":6},"end":{"line":97,"column":7}},"type":"if","locations":[{"start":{"line":95,"column":6},"end":{"line":97,"column":7}},{"start":{},"end":{}}]},"11":{"loc":{"start":{"line":102,"column":6},"end":{"line":104,"column":7}},"type":"if","locations":[{"start":{"line":102,"column":6},"end":{"line":104,"column":7}},{"start":{},"end":{}}]},"12":{"loc":{"start":{"line":102,"column":10},"end":{"line":102,"column":43}},"type":"binary-expr","locations":[{"start":{"line":102,"column":10},"end":{"line":102,"column":22}},{"start":{"line":102,"column":26},"end":{"line":102,"column":43}}]},"13":{"loc":{"start":{"line":115,"column":2},"end":{"line":122,"column":3}},"type":"if","locations":[{"start":{"line":115,"column":2},"end":{"line":122,"column":3}},{"start":{},"end":{}}]},"14":{"loc":{"start":{"line":118,"column":6},"end":{"line":118,"column":41}},"type":"if","locations":[{"start":{"line":118,"column":6},"end":{"line":118,"column":41}},{"start":{},"end":{}}]},"15":{"loc":{"start":{"line":118,"column":11},"end":{"line":118,"column":27}},"type":"cond-expr","locations":[{"start":{"line":118,"column":15},"end":{"line":118,"column":17}},{"start":{"line":118,"column":11},"end":{"line":118,"column":27}}]},"16":{"loc":{"start":{"line":118,"column":11},"end":{"line":118,"column":17}},"type":"binary-expr","locations":[{"start":{"line":118,"column":11},"end":{"line":118,"column":17}},{"start":{"line":118,"column":11},"end":{"line":118,"column":17}}]},"17":{"loc":{"start":{"line":126,"column":27},"end":{"line":126,"column":78}},"type":"cond-expr","locations":[{"start":{"line":126,"column":53},"end":{"line":126,"column":57}},{"start":{"line":126,"column":60},"end":{"line":126,"column":78}}]},"18":{"loc":{"start":{"line":128,"column":4},"end":{"line":130,"column":5}},"type":"if","locations":[{"start":{"line":128,"column":4},"end":{"line":130,"column":5}},{"start":{},"end":{}}]},"19":{"loc":{"start":{"line":137,"column":9},"end":{"line":137,"column":72}},"type":"cond-expr","locations":[{"start":{"line":137,"column":32},"end":{"line":137,"column":54}},{"start":{"line":137,"column":58},"end":{"line":137,"column":72}}]},"20":{"loc":{"start":{"line":142,"column":2},"end":{"line":154,"column":3}},"type":"if","locations":[{"start":{"line":142,"column":2},"end":{"line":154,"column":3}},{"start":{},"end":{}}]},"21":{"loc":{"start":{"line":143,"column":4},"end":{"line":153,"column":5}},"type":"if","locations":[{"start":{"line":143,"column":4},"end":{"line":153,"column":5}},{"start":{"line":151,"column":11},"end":{"line":153,"column":5}}]},"22":{"loc":{"start":{"line":148,"column":25},"end":{"line":150,"column":16}},"type":"cond-expr","locations":[{"start":{"line":149,"column":10},"end":{"line":149,"column":63}},{"start":{"line":150,"column":10},"end":{"line":150,"column":16}}]},"23":{"loc":{"start":{"line":149,"column":40},"end":{"line":149,"column":62}},"type":"cond-expr","locations":[{"start":{"line":149,"column":56},"end":{"line":149,"column":60}},{"start":{"line":149,"column":60},"end":{"line":149,"column":62}}]},"24":{"loc":{"start":{"line":149,"column":40},"end":{"line":149,"column":60}},"type":"binary-expr","locations":[{"start":{"line":149,"column":40},"end":{"line":149,"column":60}},{"start":{"line":149,"column":56},"end":{"line":149,"column":60}}]},"25":{"loc":{"start":{"line":152,"column":30},"end":{"line":152,"column":52}},"type":"cond-expr","locations":[{"start":{"line":152,"column":46},"end":{"line":152,"column":50}},{"start":{"line":152,"column":50},"end":{"line":152,"column":52}}]},"26":{"loc":{"start":{"line":152,"column":30},"end":{"line":152,"column":50}},"type":"binary-expr","locations":[{"start":{"line":152,"column":30},"end":{"line":152,"column":50}},{"start":{"line":152,"column":46},"end":{"line":152,"column":50}}]},"27":{"loc":{"start":{"line":157,"column":9},"end":{"line":157,"column":31}},"type":"cond-expr","locations":[{"start":{"line":157,"column":25},"end":{"line":157,"column":29}},{"start":{"line":157,"column":29},"end":{"line":157,"column":31}}]},"28":{"loc":{"start":{"line":157,"column":9},"end":{"line":157,"column":29}},"type":"binary-expr","locations":[{"start":{"line":157,"column":9},"end":{"line":157,"column":29}},{"start":{"line":157,"column":25},"end":{"line":157,"column":29}}]},"29":{"loc":{"start":{"line":169,"column":2},"end":{"line":173,"column":3}},"type":"if","locations":[{"start":{"line":169,"column":2},"end":{"line":173,"column":3}},{"start":{"line":171,"column":9},"end":{"line":173,"column":3}}]},"30":{"loc":{"start":{"line":169,"column":6},"end":{"line":169,"column":75}},"type":"binary-expr","locations":[{"start":{"line":169,"column":6},"end":{"line":169,"column":42}},{"start":{"line":169,"column":46},"end":{"line":169,"column":75}}]},"31":{"loc":{"start":{"line":177,"column":2},"end":{"line":177,"column":155}},"type":"if","locations":[{"start":{"line":177,"column":2},"end":{"line":177,"column":155}},{"start":{},"end":{}}]},"32":{"loc":{"start":{"line":191,"column":2},"end":{"line":195,"column":3}},"type":"if","locations":[{"start":{"line":191,"column":2},"end":{"line":195,"column":3}},{"start":{"line":193,"column":9},"end":{"line":195,"column":3}}]},"33":{"loc":{"start":{"line":218,"column":2},"end":{"line":218,"column":36}},"type":"cond-expr","locations":[{"start":{"line":218,"column":17},"end":{"line":218,"column":19}},{"start":{"line":218,"column":17},"end":{"line":218,"column":36}}]},"34":{"loc":{"start":{"line":218,"column":2},"end":{"line":218,"column":19}},"type":"binary-expr","locations":[{"start":{"line":218,"column":2},"end":{"line":218,"column":19}},{"start":{"line":218,"column":17},"end":{"line":218,"column":19}}]},"35":{"loc":{"start":{"line":231,"column":9},"end":{"line":234,"column":48}},"type":"binary-expr","locations":[{"start":{"line":231,"column":9},"end":{"line":231,"column":12}},{"start":{"line":232,"column":9},"end":{"line":232,"column":51}},{"start":{"line":233,"column":9},"end":{"line":233,"column":54}},{"start":{"line":234,"column":9},"end":{"line":234,"column":48}}]},"36":{"loc":{"start":{"line":240,"column":49},"end":{"line":240,"column":95}},"type":"default-arg","locations":[{"start":{"line":240,"column":91},"end":{"line":240,"column":95}}]},"37":{"loc":{"start":{"line":240,"column":97},"end":{"line":240,"column":120}},"type":"default-arg","locations":[{"start":{"line":240,"column":115},"end":{"line":240,"column":120}}]},"38":{"loc":{"start":{"line":242,"column":2},"end":{"line":253,"column":3}},"type":"if","locations":[{"start":{"line":242,"column":2},"end":{"line":253,"column":3}},{"start":{"line":248,"column":9},"end":{"line":253,"column":3}}]},"39":{"loc":{"start":{"line":257,"column":2},"end":{"line":261,"column":3}},"type":"if","locations":[{"start":{"line":257,"column":2},"end":{"line":261,"column":3}},{"start":{},"end":{}}]},"40":{"loc":{"start":{"line":257,"column":6},"end":{"line":257,"column":47}},"type":"binary-expr","locations":[{"start":{"line":257,"column":6},"end":{"line":257,"column":28}},{"start":{"line":257,"column":32},"end":{"line":257,"column":47}}]},"41":{"loc":{"start":{"line":263,"column":2},"end":{"line":267,"column":3}},"type":"if","locations":[{"start":{"line":263,"column":2},"end":{"line":267,"column":3}},{"start":{},"end":{}}]},"42":{"loc":{"start":{"line":263,"column":6},"end":{"line":263,"column":45}},"type":"binary-expr","locations":[{"start":{"line":263,"column":6},"end":{"line":263,"column":26}},{"start":{"line":263,"column":30},"end":{"line":263,"column":45}}]},"43":{"loc":{"start":{"line":269,"column":2},"end":{"line":273,"column":3}},"type":"if","locations":[{"start":{"line":269,"column":2},"end":{"line":273,"column":3}},{"start":{},"end":{}}]},"44":{"loc":{"start":{"line":269,"column":6},"end":{"line":269,"column":43}},"type":"binary-expr","locations":[{"start":{"line":269,"column":6},"end":{"line":269,"column":24}},{"start":{"line":269,"column":28},"end":{"line":269,"column":43}}]},"45":{"loc":{"start":{"line":270,"column":4},"end":{"line":272,"column":5}},"type":"if","locations":[{"start":{"line":270,"column":4},"end":{"line":272,"column":5}},{"start":{},"end":{}}]},"46":{"loc":{"start":{"line":270,"column":8},"end":{"line":270,"column":67}},"type":"binary-expr","locations":[{"start":{"line":270,"column":8},"end":{"line":270,"column":35}},{"start":{"line":270,"column":39},"end":{"line":270,"column":67}}]},"47":{"loc":{"start":{"line":275,"column":2},"end":{"line":291,"column":3}},"type":"if","locations":[{"start":{"line":275,"column":2},"end":{"line":291,"column":3}},{"start":{},"end":{}}]},"48":{"loc":{"start":{"line":275,"column":6},"end":{"line":275,"column":68}},"type":"binary-expr","locations":[{"start":{"line":275,"column":7},"end":{"line":275,"column":25}},{"start":{"line":275,"column":29},"end":{"line":275,"column":44}},{"start":{"line":275,"column":49},"end":{"line":275,"column":68}}]},"49":{"loc":{"start":{"line":277,"column":6},"end":{"line":289,"column":8}},"type":"cond-expr","locations":[{"start":{"line":277,"column":11},"end":{"line":277,"column":13}},{"start":{"line":277,"column":6},"end":{"line":289,"column":8}}]},"50":{"loc":{"start":{"line":277,"column":6},"end":{"line":277,"column":13}},"type":"binary-expr","locations":[{"start":{"line":277,"column":6},"end":{"line":277,"column":13}},{"start":{"line":277,"column":6},"end":{"line":277,"column":13}}]},"51":{"loc":{"start":{"line":278,"column":8},"end":{"line":286,"column":9}},"type":"if","locations":[{"start":{"line":278,"column":8},"end":{"line":286,"column":9}},{"start":{},"end":{}}]},"52":{"loc":{"start":{"line":279,"column":10},"end":{"line":285,"column":11}},"type":"switch","locations":[{"start":{"line":280,"column":12},"end":{"line":280,"column":34}},{"start":{"line":281,"column":12},"end":{"line":282,"column":95}},{"start":{"line":283,"column":12},"end":{"line":284,"column":77}}]},"53":{"loc":{"start":{"line":297,"column":9},"end":{"line":299,"column":37}},"type":"cond-expr","locations":[{"start":{"line":298,"column":6},"end":{"line":298,"column":36}},{"start":{"line":299,"column":6},"end":{"line":299,"column":37}}]},"54":{"loc":{"start":{"line":304,"column":21},"end":{"line":304,"column":29}},"type":"cond-expr","locations":[{"start":{"line":304,"column":21},"end":{"line":304,"column":22}},{"start":{"line":304,"column":26},"end":{"line":304,"column":29}}]},"55":{"loc":{"start":{"line":304,"column":21},"end":{"line":304,"column":26}},"type":"binary-expr","locations":[{"start":{"line":304,"column":21},"end":{"line":304,"column":26}},{"start":{"line":304,"column":21},"end":{"line":304,"column":26}}]},"56":{"loc":{"start":{"line":306,"column":30},"end":{"line":306,"column":38}},"type":"binary-expr","locations":[{"start":{"line":306,"column":30},"end":{"line":306,"column":33}},{"start":{"line":306,"column":37},"end":{"line":306,"column":38}}]},"57":{"loc":{"start":{"line":315,"column":6},"end":{"line":327,"column":7}},"type":"switch","locations":[{"start":{"line":316,"column":8},"end":{"line":316,"column":24}},{"start":{"line":317,"column":8},"end":{"line":318,"column":30}},{"start":{"line":321,"column":8},"end":{"line":326,"column":22}}]},"58":{"loc":{"start":{"line":322,"column":10},"end":{"line":322,"column":49}},"type":"if","locations":[{"start":{"line":322,"column":10},"end":{"line":322,"column":49}},{"start":{},"end":{}}]},"59":{"loc":{"start":{"line":323,"column":10},"end":{"line":323,"column":51}},"type":"if","locations":[{"start":{"line":323,"column":10},"end":{"line":323,"column":51}},{"start":{},"end":{}}]},"60":{"loc":{"start":{"line":331,"column":13},"end":{"line":331,"column":43}},"type":"cond-expr","locations":[{"start":{"line":331,"column":33},"end":{"line":331,"column":37}},{"start":{"line":331,"column":40},"end":{"line":331,"column":43}}]},"61":{"loc":{"start":{"line":335,"column":6},"end":{"line":335,"column":70}},"type":"if","locations":[{"start":{"line":335,"column":6},"end":{"line":335,"column":70}},{"start":{},"end":{}}]},"62":{"loc":{"start":{"line":335,"column":10},"end":{"line":335,"column":39}},"type":"binary-expr","locations":[{"start":{"line":335,"column":10},"end":{"line":335,"column":15}},{"start":{"line":335,"column":19},"end":{"line":335,"column":39}}]},"63":{"loc":{"start":{"line":339,"column":13},"end":{"line":339,"column":29}},"type":"cond-expr","locations":[{"start":{"line":339,"column":23},"end":{"line":339,"column":27}},{"start":{"line":339,"column":27},"end":{"line":339,"column":29}}]},"64":{"loc":{"start":{"line":339,"column":13},"end":{"line":339,"column":27}},"type":"binary-expr","locations":[{"start":{"line":339,"column":13},"end":{"line":339,"column":27}},{"start":{"line":339,"column":23},"end":{"line":339,"column":27}}]}},"s":{"0":15,"1":15,"2":15,"3":15,"4":15,"5":15,"6":15,"7":15,"8":15,"9":15,"10":15,"11":15,"12":15,"13":15,"14":15,"15":15,"16":15,"17":15,"18":15,"19":15,"20":15,"21":15,"22":0,"23":0,"24":0,"25":10,"26":14,"27":12,"28":0,"29":0,"30":0,"31":0,"32":0,"33":0,"34":0,"35":0,"36":0,"37":0,"38":0,"39":0,"40":0,"41":0,"42":0,"43":0,"44":0,"45":0,"46":0,"47":0,"48":0,"49":0,"50":0,"51":0,"52":0,"53":0,"54":0,"55":0,"56":0,"57":0,"58":0,"59":0,"60":0,"61":0,"62":0,"63":0,"64":0,"65":0,"66":0,"67":0,"68":0,"69":0,"70":1,"71":6,"72":4,"73":4,"74":4,"75":8,"76":1,"77":7,"78":3,"79":2,"80":2,"81":2,"82":7,"83":1,"84":6,"85":1,"86":0,"87":0,"88":0,"89":0,"90":0,"91":0,"92":0,"93":0,"94":0,"95":0,"96":0,"97":0,"98":0,"99":5,"100":1,"101":4,"102":3,"103":1,"104":1,"105":1,"106":0,"107":1,"108":2,"109":0,"110":0,"111":0,"112":0,"113":0,"114":0,"115":0,"116":0,"117":15,"118":0,"119":0,"120":0,"121":0,"122":0,"123":0,"124":0,"125":0,"126":0,"127":0,"128":0,"129":0,"130":0,"131":0,"132":0,"133":0,"134":0,"135":0,"136":0,"137":0,"138":0,"139":0,"140":0,"141":0,"142":0,"143":0,"144":0,"145":0,"146":0,"147":0,"148":0,"149":0,"150":0,"151":0,"152":0,"153":0,"154":0,"155":0,"156":0,"157":0,"158":0,"159":0,"160":0,"161":0,"162":0,"163":0},"f":{"0":0,"1":10,"2":14,"3":12,"4":0,"5":0,"6":0,"7":0,"8":0,"9":0,"10":0,"11":1,"12":6,"13":0,"14":0,"15":0,"16":0,"17":0,"18":5,"19":3,"20":1,"21":1,"22":2,"23":0,"24":0,"25":0,"26":0,"27":0,"28":0,"29":0,"30":0,"31":0,"32":0,"33":0,"34":0,"35":0,"36":0},"b":{"0":[0,0],"1":[0,0],"2":[0,0],"3":[0,0],"4":[0,0],"5":[0,0],"6":[0,0],"7":[0,0],"8":[0,0],"9":[0,0],"10":[0,0],"11":[0,0],"12":[0,0],"13":[4,2],"14":[1,7],"15":[0,8],"16":[8,8],"17":[2,0],"18":[1,6],"19":[0,0],"20":[0,0],"21":[0,0],"22":[0,0],"23":[0,0],"24":[0,0],"25":[0,0],"26":[0,0],"27":[0,0],"28":[0,0],"29":[0,0],"30":[0,0],"31":[1,4],"32":[0,1],"33":[0,0],"34":[0,0],"35":[0,0,0,0],"36":[0],"37":[0],"38":[0,0],"39":[0,0],"40":[0,0],"41":[0,0],"42":[0,0],"43":[0,0],"44":[0,0],"45":[0,0],"46":[0,0],"47":[0,0],"48":[0,0,0],"49":[0,0],"50":[0,0],"51":[0,0],"52":[0,0,0],"53":[0,0],"54":[0,0],"55":[0,0],"56":[0,0],"57":[0,0,0],"58":[0,0],"59":[0,0],"60":[0,0],"61":[0,0],"62":[0,0],"63":[0,0],"64":[0,0]}}
,"C:\\Users\\Noahh\\Code\\VScode\\Modules\\JS\\Opti\\src\\events.ts": {"path":"C:\\Users\\Noahh\\Code\\VScode\\Modules\\JS\\Opti\\src\\events.ts","statementMap":{"0":{"start":{"line":20,"column":0},"end":{"line":20,"column":16}},"1":{"start":{"line":44,"column":0},"end":{"line":44,"column":16}},"2":{"start":{"line":25,"column":2},"end":{"line":39,"column":3}},"3":{"start":{"line":27,"column":6},"end":{"line":30,"column":14}},"4":{"start":{"line":28,"column":8},"end":{"line":28,"column":36}},"5":{"start":{"line":29,"column":8},"end":{"line":29,"column":38}},"6":{"start":{"line":33,"column":6},"end":{"line":38,"column":14}},"7":{"start":{"line":34,"column":23},"end":{"line":34,"column":45}},"8":{"start":{"line":35,"column":21},"end":{"line":35,"column":70}},"9":{"start":{"line":36,"column":8},"end":{"line":36,"column":36}},"10":{"start":{"line":37,"column":8},"end":{"line":37,"column":22}},"11":{"start":{"line":45,"column":2},"end":{"line":47,"column":3}},"12":{"start":{"line":46,"column":4},"end":{"line":46,"column":24}},"13":{"start":{"line":49,"column":2},"end":{"line":49,"column":33}},"14":{"start":{"line":52,"column":33},"end":{"line":52,"column":71}},"15":{"start":{"line":54,"column":13},"end":{"line":80,"column":2}},"16":{"start":{"line":61,"column":4},"end":{"line":61,"column":30}},"17":{"start":{"line":64,"column":6},"end":{"line":66,"column":39}},"18":{"start":{"line":68,"column":4},"end":{"line":78,"column":7}}},"fnMap":{"0":{"name":"mixin","decl":{"start":{"line":20,"column":16},"end":{"line":20,"column":21}},"loc":{"start":{"line":23,"column":14},"end":{"line":40,"column":1}}},"1":{"name":"(anonymous_1)","decl":{"start":{"line":27,"column":14},"end":{"line":27,"column":36}},"loc":{"start":{"line":27,"column":58},"end":{"line":30,"column":7}}},"2":{"name":"(anonymous_2)","decl":{"start":{"line":33,"column":14},"end":{"line":33,"column":36}},"loc":{"start":{"line":33,"column":58},"end":{"line":38,"column":7}}},"3":{"name":"getEvents","decl":{"start":{"line":44,"column":16},"end":{"line":44,"column":25}},"loc":{"start":{"line":44,"column":102}
[...]
,"113":{"start":{"line":231,"column":4},"end":{"line":231,"column":16}}},"fnMap":{"0":{"name":"(anonymous_0)","decl":{"start":{"line":1,"column":0},"end":{"line":1,"column":13}},"loc":{"start":{"line":1,"column":0},"end":{"line":3,"column":1}}},"1":{"name":"parseQuery","decl":{"start":{"line":22,"column":9},"end":{"line":22,"column":19}},"loc":{"start":{"line":22,"column":31},"end":{"line":118,"column":1}}},"2":{"name":"set","decl":{"start":{"line":25,"column":11},"end":{"line":25,"column":14}},"loc":{"start":{"line":25,"column":86},"end":{"line":27,"column":3}}},"3":{"name":"replace","decl":{"start":{"line":29,"column":11},"end":{"line":29,"column":18}},"loc":{"start":{"line":29,"column":79},"end":{"line":33,"column":3}}},"4":{"name":"(anonymous_4)","decl":{"start":{"line":30,"column":29},"end":{"line":30,"column":30}},"loc":{"start":{"line":30,"column":55},"end":{"line":32,"column":5}}},"5":{"name":"(anonymous_5)","decl":{"start":{"line":38,"column":28},"end":{"line":38,"column":29}},"loc":{"start":{"line":38,"column":41},"end":{"line":40,"column":3}}},"6":{"name":"(anonymous_6)","decl":{"start":{"line":43,"column":27},"end":{"line":43,"column":28}},"loc":{"start":{"line":43,"column":40},"end":{"line":45,"column":3}}},"7":{"name":"(anonymous_7)","decl":{"start":{"line":47,"column":27},"end":{"line":47,"column":28}},"loc":{"start":{"line":47,"column":40},"end":{"line":49,"column":3}}},"8":{"name":"(anonymous_8)","decl":{"start":{"line":52,"column":37},"end":{"line":52,"column":38}},"loc":{"start":{"line":52,"column":50},"end":{"line":54,"column":3}}},"9":{"name":"(anonymous_9)","decl":{"start":{"line":57,"column":36},"end":{"line":57,"column":37}},"loc":{"start":{"line":57,"column":49},"end":{"line":59,"column":3}}},"10":{"name":"(anonymous_10)","decl":{"start":{"line":62,"column":40},"end":{"line":62,"column":41}},"loc":{"start":{"line":62,"column":53},"end":{"line":64,"column":3}}},"11":{"name":"(anonymous_11)","decl":{"start":{"line":67,"column":57},"end":{"line":67,"column":58}},"loc":{"start":{"line":67,"column":70},"end":{"line":74,"column":3}}},"12":{"name":"(anonymous_12)","decl":{"start":{"line":69,"column":43},"end":{"line":69,"column":44}},"loc":{"start":{"line":69,"column":48},"end":{"line":69,"column":56}}},"13":{"name":"(anonymous_13)","decl":{"start":{"line":71,"column":32},"end":{"line":71,"column":37}},"loc":{"start":{"line":71,"column":41},"end":{"line":71,"column":60}}},"14":{"name":"(anonymous_14)","decl":{"start":{"line":77,"column":65},"end":{"line":77,"column":66}},"loc":{"start":{"line":77,"column":78},"end":{"line":79,"column":3}}},"15":{"name":"(anonymous_15)","decl":{"start":{"line":78,"column":59},"end":{"line":78,"column":60}},"loc":{"start":{"line":78,"column":64},"end":{"line":78,"column":72}}},"16":{"name":"(anonymous_16)","decl":{"start":{"line":82,"column":56},"end":{"line":82,"column":57}},"loc":{"start":{"line":82,"column":69},"end":{"line":84,"column":3}}},"17":{"name":"(anonymous_17)","decl":{"start":{"line":83,"column":52},"end":{"line":83,"column":53}},"loc":{"start":{"line":83,"column":57},"end":{"line":83,"column":65}}},"18":{"name":"(anonymous_18)","decl":{"start":{"line":87,"column":40},"end":{"line":87,"column":41}},"loc":{"start":{"line":87,"column":53},"end":{"line":89,"column":3}}},"19":{"name":"(anonymous_19)","decl":{"start":{"line":88,"column":53},"end":{"line":88,"column":54}},"loc":{"start":{"line":88,"column":58},"end":{"line":88,"column":66}}},"20":{"name":"(anonymous_20)","decl":{"start":{"line":92,"column":35},"end":{"line":92,"column":36}},"loc":{"start":{"line":92,"column":56},"end":{"line":99,"column":3}}},"21":{"name":"(anonymous_21)","decl":{"start":{"line":94,"column":43},"end":{"line":94,"column":44}},"loc":{"start":{"line":94,"column":48},"end":{"line":94,"column":56}}},"22":{"name":"(anonymous_22)","decl":{"start":{"line":96,"column":32},"end":{"line":96,"column":37}},"loc":{"start":{"line":96,"column":41},"end":{"line":96,"column":65}}},"23":{"name":"(anonymous_23)","decl":{"start":{"line":102,"column":27},"end":{"line":102,"column":28}},"loc":{"start":{"line":102,"column":40},"end":{"line":105,"column":3}}},"24":{"name":"(anonymous_24)","decl":{"start":{"line":108,"column":28},"end":{"line":108,"column":29}},"loc":{"start":{"line":108,"column":41},"end":{"line":110,"column":3}}},"25":{"name":"(anonymous_25)","decl":{"start":{"line":113,"column":41},"end":{"line":113,"column":42}},"loc":{"start":{"line":113,"column":54},"end":{"line":115,"column":3}}},"26":{"name":"(anonymous_26)","decl":{"start":{"line":114,"column":51},"end":{"line":114,"column":52}},"loc":{"start":{"line":114,"column":56},"end":{"line":114,"column":64}}},"27":{"name":"(anonymous_27)","decl":{"start":{"line":120,"column":11},"end":{"line":120,"column":12}},"loc":{"start":{"line":120,"column":52},"end":{"line":157,"column":1}}},"28":{"name":"(anonymous_28)","decl":{"start":{"line":132,"column":70},"end":{"line":132,"column":72}},"loc":{"start":{"line":132,"column":75},"end":{"line":132,"column":99}}},"29":{"name":"(anonymous_29)","decl":{"start":{"line":159,"column":11},"end":{"line":159,"column":14}},"loc":{"start":{"line":159,"column":17},"end":{"line":159,"column":40}}},"30":{"name":"(anonymous_30)","decl":{"start":{"line":161,"column":12},"end":{"line":161,"column":22}},"loc":{"start":{"line":161,"column":38},"end":{"line":165,"column":1}}},"31":{"name":"(anonymous_31)","decl":{"start":{"line":162,"column":9},"end":{"line":162,"column":29}},"loc":{"start":{"line":162,"column":64},"end":{"line":164,"column":3}}},"32":{"name":"(anonymous_32)","decl":{"start":{"line":167,"column":9},"end":{"line":167,"column":19}},"loc":{"start":{"line":167,"column":35},"end":{"line":169,"column":1}}},"33":{"name":"(anonymous_33)","decl":{"start":{"line":171,"column":10},"end":{"line":171,"column":11}},"loc":{"start":{"line":171,"column":44},"end":{"line":173,"column":1}}},"34":{"name":"(anonymous_34)","decl":{"start":{"line":175,"column":14},"end":{"line":175,"column":15}},"loc":{"start":{"line":175,"column":93},"end":{"line":177,"column":1}}},"35":{"name":"(anonymous_35)","decl":{"start":{"line":176,"column":9},"end":{"line":176,"column":29}},"loc":{"start":{"line":176,"column":40},"end":{"line":176,"column":90}}},"36":{"name":"(anonymous_36)","decl":{"start":{"line":179,"column":10},"end":{"line":179,"column":11}},"loc":{"start":{"line":179,"column":51},"end":{"line":181,"column":1}}},"37":{"name":"(anonymous_37)","decl":{"start":{"line":185,"column":12},"end":{"line":185,"column":13}},"loc":{"start":{"line":185,"column":58},"end":{"line":187,"column":1}}},"38":{"name":"(anonymous_38)","decl":{"start":{"line":189,"column":10},"end":{"line":189,"column":20}},"loc":{"start":{"line":189,"column":36},"end":{"line":191,"column":1}}},"39":{"name":"(anonymous_39)","decl":{"start":{"line":193,"column":13},"end":{"line":193,"column":23}},"loc":{"start":{"line":193,"column":39},"end":{"line":197,"column":1}}},"40":{"name":"(anonymous_40)","decl":{"start":{"line":194,"column":9},"end":{"line":194,"column":29}},"loc":{"start":{"line":194,"column":69},"end":{"line":196,"column":3}}},"41":{"name":"(anonymous_41)","decl":{"start":{"line":199,"column":12},"end":{"line":199,"column":15}},"loc":{"start":{"line":199,"column":18},"end":{"line":199,"column":40}}},"42":{"name":"(anonymous_42)","decl":{"start":{"line":201,"column":15},"end":{"line":201,"column":16}},"loc":{"start":{"line":201,"column":99},"end":{"line":203,"column":1}}},"43":{"name":"(anonymous_43)","decl":{"start":{"line":202,"column":9},"end":{"line":202,"column":29}},"loc":{"start":{"line":202,"column":40},"end":{"line":202,"column":110}}},"44":{"name":"(anonymous_44)","decl":{"start":{"line":205,"column":11},"end":{"line":205,"column":12}},"loc":{"start":{"line":205,"column":60},"end":{"line":207,"column":1}}},"45":{"name":"(anonymous_45)","decl":{"start":{"line":209,"column":11},"end":{"line":209,"column":12}},"loc":{"start":{"line":209,"column":56},"end":{"line":211,"column":1}}},"46":{"name":"(anonymous_46)","decl":{"start":{"line":213,"column":11},"end":{"line":213,"column":12}},"loc":{"start":{"line":213,"column":57},"end":{"line":215,"column":1}}},"47":{"name":"(anonymous_47)","decl":{"start":{"line":222,"column":2},"end":{"line":222,"column":22}},"loc":{"start":{"line":222,"column":36},"end":{"line":222,"column":41}}},"48":{"name":"(anonymous_48)","decl":{"start":{"line":224,"column":9},"end":{"line":224,"column":11}},"loc":{"start":{"line":224,"column":28},"end":{"line":227,"column":3}}},"49":{"name":"(anonymous_49)","decl":{"start":{"line":229,"column":9},"end":{"line":229,"column":13}},"loc":{"start":{"line":229,"column":30},"end":{"line":232,"column":3}}}},"branchMap":{"0":{"loc":{"start":{"line":31,"column":13},"end":{"line":31,"column":35}},"type":"cond-expr","locations":[{"start":{"line":31,"column":29},"end":{"line":31,"column":33}},{"start":{"line":31,"column":33},"end":{"line":31,"column":35}}]},"1":{"loc":{"start":{"line":31,"column":13},"end":{"line":31,"column":33}},"type":"binary-expr","locations":[{"start":{"line":31,"column":13},"end":{"line":31,"column":33}},{"start":{"line":31,"column":29},"end":{"line":31,"column":33}}]},"2":{"loc":{"start":{"line":125,"column":2},"end":{"line":125,"column":43}},"type":"if","locations":[{"start":{"line":125,"column":2},"end":{"line":125,"column":43}},{"start":{},"end":{}}]},"3":{"loc":{"start":{"line":125,"column":6},"end":{"line":125,"column":24}},"type":"cond-expr","locations":[{"start":{"line":125,"column":16},"end":{"line":125,"column":18}},{"start":{"line":125,"column":6},"end":{"line":125,"column":24}}]},"4":{"loc":{"start":{"line":125,"column":6},"end":{"line":125,"column":18}},"type":"binary-expr","locations":[{"start":{"line":125,"column":6},"end":{"line":125,"column":18}},{"start":{"line":125,"column":6},"end":{"line":125,"column":18}}]},"5":{"loc":{"start":{"line":132,"column":4},"end":{"line":134,"column":5}},"type":"if","locations":[{"start":{"line":132,"column":4},"end":{"line":134,"column":5}},{"start":{},"end":{}}]},"6":{"loc":{"start":{"line":132,"column":8},"end":{"line":132,"column":100}},"type":"binary-expr","locations":[{"start":{"line":132,"column":8},"end":{"line":132,"column":20}},{"start":{"line":132,"column":25},"end":{"line":132,"column":33}},{"start":{"line":132,"column":37},"end":{"line":132,"column":99}}]},"7":{"loc":{"start":{"line":132,"column":76},"end":{"line":132,"column":98}},"type":"cond-expr","locations":[{"start":{"line":132,"column":84},"end":{"line":132,"column":86}},{"start":{"line":132,"column":84},"end":{"line":132,"column":98}}]},"8":{"loc":{"start":{"line":132,"column":76},"end":{"line":132,"column":86}},"type":"binary-expr","locations":[{"start":{"line":132,"column":76},"end":{"line":132,"column":86}},{"start":{"line":132,"column":84},"end":{"line":132,"column":86}}]},"9":{"loc":{"start":{"line":137,"column":4},"end":{"line":147,"column":5}},"type":"if","locations":[{"start":{"line":137,"column":4},"end":{"line":147,"column":5}},{"start":{},"end":{}}]},"10":{"loc":{"start":{"line":137,"column":8},"end":{"line":137,"column":39}},"type":"binary-expr","locations":[{"start":{"line":137,"column":8},"end":{"line":137,"column":21}},{"start":{"line":137,"column":25},"end":{"line":137,"column":39}}]},"11":{"loc":{"start":{"line":138,"column":22},"end":{"line":138,"column":71}},"type":"binary-expr","locations":[{"start":{"line":138,"column":22},"end":{"line":138,"column":39}},{"start":{"line":138,"column":43},"end":{"line":138,"column":71}}]},"12":{"loc":{"start":{"line":139,"column":25},"end":{"line":139,"column":80}},"type":"binary-expr","locations":[{"start":{"line":139,"column":25},"end":{"line":139,"column":45}},{"start":{"line":139,"column":49},"end":{"line":139,"column":80}}]},"13":{"loc":{"start":{"line":140,"column":22},"end":{"line":140,"column":71}},"type":"binary-expr","locations":[{"start":{"line":140,"column":22},"end":{"line":140,"column":39}},{"start":{"line":140,"column":43},"end":{"line":140,"column":71}}]},"14":{"loc":{"start":{"line":143,"column":21},"end":{"line":143,"column":110}},"type":"cond-expr","locations":[{"start":{"line":143,"column":90},"end":{"line":143,"column":99}},{"start":{"line":143,"column":102},"end":{"line":143,"column":110}}]},"15":{"loc":{"start":{"line":143,"column":22},"end":{"line":143,"column":86}},"type":"binary-expr","locations":[{"start":{"line":143,"column":22},"end":{"line":143,"column":40}},{"start":{"line":143,"column":44},"end":{"line":143,"column":67}},{"start":{"line":143,"column":71},"end":{"line":143,"column":86}}]},"16":{"loc":{"start":{"line":145,"column":6},"end":{"line":145,"column":57}},"type":"if","locations":[{"start":{"line":145,"column":6},"end":{"line":145,"column":57}},{"start":{},"end":{}}]},"17":{"loc":{"start":{"line":145,"column":10},"end":{"line":145,"column":46}},"type":"binary-expr","locations":[{"start":{"line":145,"column":10},"end":{"line":145,"column":23}},{"start":{"line":145,"column":27},"end":{"line":145,"column":46}}]},"18":{"loc":{"start":{"line":146,"column":6},"end":{"line":146,"column":59}},"type":"if","locations":[{"start":{"line":146,"column":6},"end":{"line":146,"column":59}},{"start":{},"end":{}}]},"19":{"loc":{"start":{"line":146,"column":10},"end":{"line":146,"column":48}},"type":"binary-expr","locations":[{"start":{"line":146,"column":10},"end":{"line":146,"column":24}},{"start":{"line":146,"column":28},"end":{"line":146,"column":48}}]},"20":{"loc":{"start":{"line":149,"column":4},"end":{"line":151,"column":5}},"type":"if","locations":[{"start":{"line":149,"column":4},"end":{"line":151,"column":5}},{"start":{},"end":{}}]}},"s":{"0":0,"1":1,"2":4,"3":0,"4":56,"5":0,"6":4,"7":4,"8":0,"9":4,"10":0,"11":4,"12":0,"13":4,"14":0,"15":4,"16":0,"17":4,"18":0,"19":4,"20":0,"21":0,"22":0,"23":0,"24":0,"25":0,"26":4,"27":0,"28":0,"29":4,"30":0,"31":0,"32":4,"33":0,"34":0,"35":4,"36":0,"37":0,"38":0,"39":0,"40":0,"41":0,"42":4,"43":0,"44":0,"45":4,"46":0,"47":4,"48":0,"49":0,"50":4,"51":1,"52":4,"53":4,"54":4,"55":1,"56":3,"57":3,"58":0,"59":3,"60":0,"61":0,"62":3,"63":0,"64":0,"65":0,"66":0,"67":0,"68":0,"69":0,"70":0,"71":3,"72":3,"73":0,"74":1,"75":0,"76":1,"77":0,"78":0,"79":1,"80":0,"81":1,"82":0,"83":1,"84":0,"85":0,"86":1,"87":0,"88":1,"89":1,"90":4,"91":1,"92":0,"93":1,"94":0,"95":0,"96":1,"97":0,"98":1,"99":0,"100":0,"101":1,"102":0,"103":1,"104":0,"105":1,"106":0,"107":1,"108":0,"109":0,"110":0,"111":0,"112":0,"113":0},"f":{"0":0,"1":4,"2":0,"3":56,"4":0,"5":0,"6":0,"7":0,"8":0,"9":0,"10":0,"11":0,"12":0,"13":0,"14":0,"15":0,"16":0,"17":0,"18":0,"19":0,"20":0,"21":0,"22":0,"23":0,"24":0,"25":0,"26":0,"27":4,"28":0,"29":0,"30":0,"31":0,"32":0,"33":0,"34":0,"35":0,"36":0,"37":4,"38":0,"39":0,"40":0,"41":0,"42":0,"43":0,"44":0,"45":0,"46":0,"47":0,"48":0,"49":0},"b":{"0":[0,0],"1":[0,0],"2":[1,3],"3":[0,4],"4":[4,4],"5":[0,3],"6":[3,0,0],"7":[0,0],"8":[0,0],"9":[0,3],"10":[3,3],"11":[0,0],"12":[0,0],"13":[0,0],"14":[0,0],"15":[0,0,0],"16":[0,0],"17":[0,0],"18":[0,0],"19":[0,0],"20":[0,3]}}
,"C:\\Users\\Noahh\\Code\\VScode\\Modules\\JS\\Opti\\src\\Requests\\requestfunc.ts": {"path":"C:\\Users\\Noahh\\Code\\VScode\\Modules\\JS\\Opti\\src\\Requests\\requestfunc.ts","statementMap":{"0":{"start":{"line":1,"column":34},"end":{"line":3,"column":1}},"1":{"start":{"line":2,"column":2},"end":{"line":2,"column":49}},"2":{"start":{"line":5,"column":0},"end":{"line":7,"column":2}},"3":{"start":{"line":6,"column":2},"end":{"line":6,"column":49}},"4":{"start":{"line":8,"column":0},"end":{"line":10,"column":2}},"5":{"start":{"line":9,"column":2},"end":{"line":9,"column":49}},"6":{"start":{"line":11,"column":0},"end":{"line":13,"column":2}},"7":{"start":{"line":12,"column":2},"end":{"line":12,"column":49}},"8":{"start":{"line":14,"column":0},"end":{"line":16,"column":2}},"9":{"start":{"line":15,"column":2},"end":{"line":15,"column":49}},"10":{"start":{"line":17,"column":0},"end":{"line":19,"column":2}},"11":{"start":{"line":18,"column":2},"end":{"line":18,"column":49}},"12":{"start":{"line":20,"column":0},"end":{"line":22,"column":2}},"13":{"start":{"line":21,"column":2},"end":{"line":21,"column":49}},"14":{"start":{"line":23,"column":0},"end":{"line":25,"column":2}},"15":{"start":{"line":24,"column":2},"end":{"line":24,"column":49}},"16":{"start":{"line":27,"column":13},"end":{"line":27,"column":58}}},"fnMap":{"0":{"name":"(anonymous_0)","decl":{"start":{"line":1,"column":34},"end":{"line":1,"column":44}},"loc":{"start":{"line":1,"column":173},"end":{"line":3,"column":1}}},"1":{"name":"(anonymous_1)","decl":{"start":{"line":5,"column":16},"end":{"line":5,"column":26}},"loc":{"start":{"line":5,"column":89},"end":{"line":7,"column":1}}},"2":{"name":"(anonymous_2)","decl":{"start":{"line":8,"column":15},"end":{"line":8,"column":25}},"loc":{"start":{"line":8,"column":88},"end":{"line":10,"column":1}}},"3":{"name":"(anonymous_3)","decl":{"start":{"line":11,"column":16},"end":{"line":11,"column":36}},"loc":{"start":{"line":11,"column":115},"end":{"line":13,"column":1}}},"4":{"name":"(anonymous_4)","decl":{"start":{"line":14,"column":15},"end":{"line":14,"column":16}},"loc":{"start":{"line":14,"column":108},"end":{"line":16,"column":1}}},"5":{"name":"(anonymous_5)","decl":{"start":{"line":17,"column":15},"end":{"line":17,"column":16}},"loc":{"start":{"line":17,"column":110},"end":{"line":19,"column":1}}},"6":{"name":"(anonymous_6)","decl":{"start":{"line":20,"column":16},"end":{"line":20,"column":17}},"loc":{"start":{"line":20,"column":104},"end":{"line":22,"column":1}}},"7":{"name":"(anonymous_7)","decl":{"start":{"line":23,"column":14},"end":{"line":23,"column":33}},"loc":{"start":{"line":23,"column":160},"end":{"line":25,"column":1}}}},"branchMap":{},"s":{"0":1,"1":0,"2":1,"3":0,"4":1,"5":0,"6":1,"7":0,"8":1,"9":0,"10":1,"11":0,"12":1,"13":0,"14":1,"15":0,"16":1},"f":{"0":0,"1":0,"2":0,"3":0,"4":0,"5":0,"6":0,"7":0},"b":{}}
,"C:\\Users\\Noahh\\Code\\VScode\\Modules\\JS\\Opti\\src\\Requests\\requests.ts": {"path":"C:\\Users\\Noahh\\Code\\VScode\\Modules\\JS\\Opti\\src\\Requests\\requests.ts","statementMap":{"0":{"start":{"line":1,"column":0},"end":{"line":1,"column":38}},"1":{"start":{"line":3,"column":0},"end":{"line":5,"column":5}},"2":{"start":{"line":4,"column":2},"end":{"line":4,"column":36}}},"fnMap":{"0":{"name":"(anonymous_9)","decl":{"start":{"line":3,"column":1},"end":{"line":3,"column":null}},"loc":{"start":{"line":3,"column":1},"end":{"line":5,"column":1}}}},"branchMap":{},"s":{"0":1,"1":1,"2":1},"f":{"0":1},"b":{}}
,"C:\\Users\\Noahh\\Code\\VScode\\Modules\\JS\\Opti\\src\\Store\\store.ts": {"path":"C:\\Users\\Noahh\\Code\\VScode\\Modules\\JS\\Opti\\src\\Store\\store.ts","statementMap":{"0":{"start":{"line":3,"column":0},"end":{"line":18,"column":5}},"1":{"start":{"line":4,"column":2},"end":{"line":4,"column":39}},"2":{"start":{"line":5,"column":2},"end":{"line":5,"column":39}},"3":{"start":{"line":6,"column":2},"end":{"line":6,"column":39}},"4":{"start":{"line":7,"column":2},"end":{"line":7,"column":39}},"5":{"start":{"line":8,"column":2},"end":{"line":8,"column":35}},"6":{"start":{"line":9,"column":2},"end":{"line":9,"column":35}},"7":{"start":{"line":10,"column":2},"end":{"line":10,"column":43}},"8":{"start":{"line":11,"column":2},"end":{"line":11,"column":43}},"9":{"start":{"line":12,"column":2},"end":{"line":12,"column":37}},"10":{"start":{"line":13,"column":2},"end":{"line":13,"column":39}},"11":{"start":{"line":14,"column":2},"end":{"line":14,"column":37}},"12":{"start":{"line":15,"column":2},"end":{"line":15,"column":39}},"13":{"start":{"line":16,"column":2},"end":{"line":16,"column":35}},"14":{"start":{"line":17,"column":2},"end":{"line":17,"column":33}}},"fnMap":{"0":{"name":"(anonymous_0)","decl":{"start":{"line":3,"column":1},"end":{"line":3,"column":4}},"loc":{"start":{"line":3,"column":6},"end":{"line":18,"column":1}}}},"branchMap":{},"s":{"0":0,"1":0,"2":0,"3":0,"4":0,"5":0,"6":0,"7":0,"8":0,"9":0,"10":0,"11":0,"12":0,"13":0,"14":0},"f":{"0":0},"b":{}}
}
