TN:
SF:src\Core\arrays.ts
FN:3,unique
FN:7,pluck
FN:16,pluckLast
FN:25,relocate
FN:35,relocateTo
FN:44,sortBy
FN:54,(anonymous_6)
FN:55,(anonymous_7)
FN:64,(anonymous_8)
FN:65,(anonymous_9)
FN:72,replace
FN:89,chunk
FN:95,(anonymous_12)
FN:111,insert
FNF:14
FNH:0
FNDA:0,unique
FNDA:0,pluck
FNDA:0,pluckLast
FNDA:0,relocate
FNDA:0,relocateTo
FNDA:0,sortBy
FNDA:0,(anonymous_6)
FNDA:0,(anonymous_7)
FNDA:0,(anonymous_8)
FNDA:0,(anonymous_9)
FNDA:0,replace
FNDA:0,chunk
FNDA:0,(anonymous_12)
FNDA:0,insert
DA:4,0
DA:8,0
DA:10,0
DA:12,0
DA:13,0
DA:17,0
DA:19,0
DA:21,0
DA:22,0
DA:26,0
DA:27,0
DA:28,0
DA:29,0
DA:31,0
DA:36,0
DA:37,0
DA:38,0
DA:39,0
DA:40,0
DA:43,0
DA:45,0
DA:46,0
DA:47,0
DA:48,0
DA:51,0
DA:52,0
DA:53,0
DA:54,0
DA:55,0
DA:57,0
DA:58,0
DA:59,0
DA:60,0
DA:62,0
DA:63,0
DA:64,0
DA:65,0
DA:69,0
DA:73,0
DA:74,0
DA:75,0
DA:77,0
DA:79,0
DA:80,0
DA:82,0
DA:83,0
DA:85,0
DA:90,0
DA:92,0
DA:93,0
DA:95,0
DA:96,0
DA:97,0
DA:98,0
DA:99,0
DA:104,0
DA:105,0
DA:108,0
DA:112,0
LF:59
LH:0
BRDA:10,0,0,0
BRDA:10,0,1,0
BRDA:13,1,0,0
BRDA:13,1,1,0
BRDA:19,2,0,0
BRDA:19,2,1,0
BRDA:22,3,0,0
BRDA:22,3,1,0
BRDA:27,4,0,0
BRDA:27,4,1,0
BRDA:37,5,0,0
BRDA:37,5,1,0
BRDA:45,6,0,0
BRDA:45,6,1,0
BRDA:47,7,0,0
BRDA:47,7,1,0
BRDA:52,8,0,0
BRDA:52,8,1,0
BRDA:53,9,0,0
BRDA:53,9,1,0
BRDA:57,10,0,0
BRDA:57,10,1,0
BRDA:58,11,0,0
BRDA:58,11,1,0
BRDA:62,12,0,0
BRDA:62,12,1,0
BRDA:63,13,0,0
BRDA:63,13,1,0
BRDA:73,14,0,0
BRDA:73,14,1,0
BRDA:77,15,0,0
BRDA:77,15,1,0
BRDA:80,16,0,0
BRDA:80,16,1,0
BRDA:85,17,0,0
BRDA:85,17,1,0
BRDA:90,18,0,0
BRDA:90,18,1,0
BRDA:97,19,0,0
BRDA:97,19,1,0
BRDA:104,20,0,0
BRDA:104,20,1,0
BRF:42
BRH:0
end_of_record
TN:
SF:src\Core\collections.ts
FN:1,addClassList
FN:7,removeClassList
FN:13,toggleClassList
FNF:3
FNH:0
FNDA:0,addClassList
FNDA:0,removeClassList
FNDA:0,toggleClassList
DA:2,0
DA:3,0
DA:8,0
DA:9,0
DA:14,0
DA:15,0
LF:6
LH:0
BRF:0
BRH:0
end_of_record
TN:
SF:src\Core\constructableobjects.ts
FN:1,Tuple
FN:5,Enum
FN:8,(anonymous_2)
FN:28,(anonymous_3)
FNF:4
FNH:0
FNDA:0,Tuple
FNDA:0,Enum
FNDA:0,(anonymous_2)
FNDA:0,(anonymous_3)
DA:2,0
DA:6,0
DA:8,0
DA:9,0
DA:11,0
DA:12,0
DA:13,0
DA:14,0
DA:17,0
DA:26,0
DA:29,0
DA:30,0
DA:35,0
LF:13
LH:0
BRDA:11,0,0,0
BRDA:11,0,1,0
BRDA:13,1,0,0
BRDA:13,1,1,0
BRF:4
BRH:0
end_of_record
TN:
SF:src\Core\document.ts
FN:1,ready
FN:6,leaving
FN:9,handler
FN:16,(anonymous_3)
FN:35,documentCss
FN:79,(anonymous_5)
FN:86,(anonymous_6)
FNF:7
FNH:0
FNDA:0,ready
FNDA:0,leaving
FNDA:0,handler
FNDA:0,(anonymous_3)
FNDA:0,documentCss
FNDA:0,(anonymous_5)
FNDA:0,(anonymous_6)
DA:2,0
DA:5,0
DA:7,0
DA:10,0
DA:11,0
DA:14,0
DA:15,0
DA:16,0
DA:17,0
DA:39,0
DA:40,0
DA:41,0
DA:44,0
DA:46,0
DA:47,0
DA:48,0
DA:49,0
DA:52,0
DA:53,0
DA:54,0
DA:56,0
DA:57,0
DA:58,0
DA:59,0
DA:60,0
DA:61,0
DA:62,0
DA:63,0
DA:65,0
DA:67,0
DA:71,0
DA:72,0
DA:76,0
DA:77,0
DA:78,0
DA:79,0
DA:80,0
DA:84,0
DA:85,0
DA:86,0
DA:89,0
DA:90,0
DA:93,0
DA:94,0
DA:96,0
LF:45
LH:0
BRDA:7,0,0,0
BRDA:7,0,1,0
BRDA:14,1,0,0
BRDA:14,1,1,0
BRDA:15,2,0,0
BRDA:15,2,1,0
BRDA:17,3,0,0
BRDA:17,3,1,0
BRDA:40,4,0,0
BRDA:40,4,1,0
BRDA:46,5,0,0
BRDA:46,5,1,0
BRDA:58,6,0,0
BRDA:58,6,1,0
BRDA:58,7,0,0
BRDA:58,7,1,0
BRDA:63,8,0,0
BRDA:63,8,1,0
BRDA:71,9,0,0
BRDA:71,9,1,0
BRDA:71,10,0,0
BRDA:71,10,1,0
BRDA:78,11,0,0
BRDA:78,11,1,0
BRDA:78,12,0,0
BRDA:78,12,1,0
BRDA:89,13,0,0
BRDA:89,13,1,0
BRF:28
BRH:0
end_of_record
TN:
SF:src\Core\exceptions.ts
FN:6,(anonymous_0)
FN:17,(anonymous_1)
FN:21,(anonymous_2)
FN:25,(anonymous_3)
FN:29,(anonymous_4)
FN:33,(anonymous_5)
FN:37,(anonymous_6)
FN:41,(anonymous_7)
FN:45,(anonymous_8)
FN:56,(anonymous_9)
FN:63,(anonymous_10)
FN:67,(anonymous_11)
FN:71,(anonymous_12)
FN:75,(anonymous_13)
FN:79,(anonymous_14)
FN:83,(anonymous_15)
FNF:16
FNH:0
FNDA:0,(anonymous_0)
FNDA:0,(anonymous_1)
FNDA:0,(anonymous_2)
FNDA:0,(anonymous_3)
FNDA:0,(anonymous_4)
FNDA:0,(anonymous_5)
FNDA:0,(anonymous_6)
FNDA:0,(anonymous_7)
FNDA:0,(anonymous_8)
FNDA:0,(anonymous_9)
FNDA:0,(anonymous_10)
FNDA:0,(anonymous_11)
FNDA:0,(anonymous_12)
FNDA:0,(anonymous_13)
FNDA:0,(anonymous_14)
FNDA:0,(anonymous_15)
DA:7,0
DA:8,0
DA:10,0
DA:12,0
DA:13,0
DA:14,0
DA:18,0
DA:22,0
DA:26,0
DA:30,0
DA:34,0
DA:38,0
DA:42,0
DA:46,0
DA:57,0
DA:58,0
DA:59,0
DA:60,0
DA:64,0
DA:68,0
DA:72,0
DA:76,0
DA:80,0
DA:84,0
LF:24
LH:0
BRDA:12,0,0,0
BRDA:12,0,1,0
BRDA:13,1,0,0
BRDA:13,1,1,0
BRDA:14,2,0,0
BRDA:14,2,1,0
BRDA:46,3,0,0
BRDA:46,3,1,0
BRDA:56,4,0,0
BRDA:56,5,0,0
BRDA:60,6,0,0
BRDA:60,6,1,0
BRDA:76,7,0,0
BRDA:76,7,1,0
BRF:14
BRH:0
end_of_record
TN:
SF:src\Core\globals.ts
FN:1,typeObject
FN:4,(anonymous_1)
FN:5,(anonymous_2)
FN:6,(anonymous_3)
FN:50,(anonymous_4)
FN:54,(anonymous_5)
FN:57,(anonymous_6)
FN:60,(anonymous_7)
FN:63,(anonymous_8)
FN:66,(anonymous_9)
FN:69,(anonymous_10)
FN:74,hasOwn
FN:85,(anonymous_12)
FN:100,(anonymous_13)
FN:116,(anonymous_14)
FN:130,(anonymous_15)
FN:140,is
FN:175,assert
FN:181,sleep
FN:182,(anonymous_19)
FN:199,isEmpty
FNF:21
FNH:0
FNDA:0,typeObject
FNDA:0,(anonymous_1)
FNDA:0,(anonymous_2)
FNDA:0,(anonymous_3)
FNDA:0,(anonymous_4)
FNDA:0,(anonymous_5)
FNDA:0,(anonymous_6)
FNDA:0,(anonymous_7)
FNDA:0,(anonymous_8)
FNDA:0,(anonymous_9)
FNDA:0,(anonymous_10)
FNDA:0,hasOwn
FNDA:0,(anonymous_12)
FNDA:0,(anonymous_13)
FNDA:0,(anonymous_14)
FNDA:0,(anonymous_15)
FNDA:0,is
FNDA:0,assert
FNDA:0,sleep
FNDA:0,(anonymous_19)
FNDA:0,isEmpty
DA:2,0
DA:3,0
DA:4,0
DA:5,0
DA:7,0
DA:9,0
DA:10,0
DA:16,0
DA:18,0
DA:19,0
DA:21,0
DA:22,0
DA:23,0
DA:25,0
DA:26,0
DA:27,0
DA:28,0
DA:31,0
DA:33,0
DA:35,0
DA:37,0
DA:38,0
DA:40,0
DA:41,0
DA:43,0
DA:44,0
DA:47,0
DA:51,0
DA:52,0
DA:55,0
DA:58,0
DA:61,0
DA:64,0
DA:67,0
DA:70,0
DA:75,0
DA:76,0
DA:79,0
DA:80,0
DA:83,0
DA:84,0
DA:86,0
DA:92,0
DA:93,0
DA:94,0
DA:95,0
DA:98,0
DA:101,0
DA:107,0
DA:108,0
DA:109,0
DA:110,0
DA:113,0
DA:117,0
DA:118,0
DA:119,0
DA:120,0
DA:122,0
DA:127,0
DA:128,0
DA:129,0
DA:131,0
DA:132,0
DA:137,0
DA:141,0
DA:142,0
DA:143,0
DA:145,0
DA:146,0
DA:148,0
DA:149,0
DA:150,0
DA:153,0
DA:155,0
DA:156,0
DA:158,0
DA:159,0
DA:160,0
DA:161,0
DA:162,0
DA:163,0
DA:164,0
DA:165,0
DA:167,0
DA:169,0
DA:172,0
DA:176,0
DA:177,0
DA:182,0
DA:183,0
DA:184,0
DA:202,0
DA:205,0
DA:208,0
DA:210,0
DA:211,0
DA:215,0
DA:216,0
DA:217,0
DA:218,0
DA:221,0
LF:101
LH:0
BRDA:7,0,0,0
BRDA:7,0,1,0
BRDA:7,0,2,0
BRDA:7,0,3,0
BRDA:7,0,4,0
BRDA:7,0,5,0
BRDA:7,0,6,0
BRDA:7,0,7,0
BRDA:9,1,0,0
BRDA:9,1,1,0
BRDA:21,2,0,0
BRDA:21,2,1,0
BRDA:25,3,0,0
BRDA:25,3,1,0
BRDA:27,4,0,0
BRDA:27,4,1,0
BRDA:31,5,0,0
BRDA:31,5,1,0
BRDA:31,6,0,0
BRDA:31,6,1,0
BRDA:37,7,0,0
BRDA:37,7,1,0
BRDA:41,8,0,0
BRDA:41,8,1,0
BRDA:41,9,0,0
BRDA:41,9,1,0
BRDA:43,10,0,0
BRDA:43,10,1,0
BRDA:51,11,0,0
BRDA:51,11,1,0
BRDA:51,12,0,0
BRDA:51,12,1,0
BRDA:55,13,0,0
BRDA:55,13,1,0
BRDA:75,14,0,0
BRDA:75,14,1,0
BRDA:75,15,0,0
BRDA:75,15,1,0
BRDA:79,16,0,0
BRDA:79,16,1,0
BRDA:83,17,0,0
BRDA:83,17,1,0
BRDA:83,18,0,0
BRDA:83,18,1,0
BRDA:83,18,2,0
BRDA:86,19,0,0
BRDA:86,19,1,0
BRDA:88,20,0,0
BRDA:88,20,1,0
BRDA:92,21,0,0
BRDA:92,21,1,0
BRDA:92,22,0,0
BRDA:92,22,1,0
BRDA:94,23,0,0
BRDA:94,23,1,0
BRDA:94,24,0,0
BRDA:94,24,1,0
BRDA:94,24,2,0
BRDA:101,25,0,0
BRDA:101,25,1,0
BRDA:103,26,0,0
BRDA:103,26,1,0
BRDA:107,27,0,0
BRDA:107,27,1,0
BRDA:107,28,0,0
BRDA:107,28,1,0
BRDA:109,29,0,0
BRDA:109,29,1,0
BRDA:109,30,0,0
BRDA:109,30,1,0
BRDA:117,31,0,0
BRDA:117,31,1,0
BRDA:117,32,0,0
BRDA:117,32,1,0
BRDA:119,33,0,0
BRDA:119,33,1,0
BRDA:119,34,0,0
BRDA:119,34,1,0
BRDA:127,35,0,0
BRDA:127,35,1,0
BRDA:131,36,0,0
BRDA:131,36,1,0
BRDA:141,37,0,0
BRDA:141,37,1,0
BRDA:142,38,0,0
BRDA:142,38,1,0
BRDA:143,39,0,0
BRDA:143,39,1,0
BRDA:143,40,0,0
BRDA:143,40,1,0
BRDA:146,41,0,0
BRDA:146,41,1,0
BRDA:149,42,0,0
BRDA:149,42,1,0
BRDA:149,43,0,0
BRDA:149,43,1,0
BRDA:153,44,0,0
BRDA:153,44,1,0
BRDA:153,44,2,0
BRDA:158,45,0,0
BRDA:158,45,1,0
BRDA:158,46,0,0
BRDA:158,46,1,0
BRDA:160,47,0,0
BRDA:160,47,1,0
BRDA:160,48,0,0
BRDA:160,48,1,0
BRDA:162,49,0,0
BRDA:162,49,1,0
BRDA:162,50,0,0
BRDA:162,50,1,0
BRDA:164,51,0,0
BRDA:164,51,1,0
BRDA:176,52,0,0
BRDA:176,52,1,0
BRDA:183,53,0,0
BRDA:183,53,1,0
BRDA:202,54,0,0
BRDA:202,54,1,0
BRDA:202,55,0,0
BRDA:202,55,1,0
BRDA:202,55,2,0
BRDA:205,56,0,0
BRDA:205,56,1,0
BRDA:205,57,0,0
BRDA:205,57,1,0
BRDA:208,58,0,0
BRDA:208,58,1,0
BRDA:208,59,0,0
BRDA:208,59,1,0
BRDA:210,60,0,0
BRDA:210,60,1,0
BRDA:210,61,0,0
BRDA:210,61,1,0
BRDA:215,62,0,0
BRDA:215,62,1,0
BRDA:217,63,0,0
BRDA:217,63,1,0
BRDA:218,64,0,0
BRDA:218,64,1,0
BRF:140
BRH:0
end_of_record
TN:
SF:src\Core\misc.ts
FN:2,throttle
FN:7,(anonymous_1)
FN:17,(anonymous_2)
FN:18,(anonymous_3)
FN:35,debounce
FN:39,(anonymous_5)
FN:47,(anonymous_6)
FN:49,(anonymous_7)
FN:59,memo
FN:68,(anonymous_9)
FN:85,atDate
FN:93,clone
FN:119,(anonymous_12)
FN:124,(anonymous_13)
FN:129,(anonymous_14)
FN:144,forEach
FN:154,repeat
FN:162,remove
FN:168,capitalize
FN:182,matches
FN:186,toCase
FN:194,(anonymous_21)
FN:195,(anonymous_22)
FN:195,(anonymous_23)
FN:196,(anonymous_24)
FN:196,(anonymous_25)
FN:201,randomRange
FNF:27
FNH:0
FNDA:0,throttle
FNDA:0,(anonymous_1)
FNDA:0,(anonymous_2)
FNDA:0,(anonymous_3)
FNDA:0,debounce
FNDA:0,(anonymous_5)
FNDA:0,(anonymous_6)
FNDA:0,(anonymous_7)
FNDA:0,memo
FNDA:0,(anonymous_9)
FNDA:0,atDate
FNDA:0,clone
FNDA:0,(anonymous_12)
FNDA:0,(anonymous_13)
FNDA:0,(anonymous_14)
FNDA:0,forEach
FNDA:0,repeat
FNDA:0,remove
FNDA:0,capitalize
FNDA:0,matches
FNDA:0,toCase
FNDA:0,(anonymous_21)
FNDA:0,(anonymous_22)
FNDA:0,(anonymous_23)
FNDA:0,(anonymous_24)
FNDA:0,(anonymous_25)
FNDA:0,randomRange
DA:3,0
DA:4,0
DA:5,0
DA:7,0
DA:8,0
DA:9,0
DA:10,0
DA:11,0
DA:15,0
DA:17,0
DA:18,0
DA:19,0
DA:20,0
DA:21,0
DA:22,0
DA:23,0
DA:25,0
DA:30,0
DA:31,0
DA:36,0
DA:37,0
DA:39,0
DA:41,0
DA:42,0
DA:43,0
DA:46,0
DA:47,0
DA:48,0
DA:49,0
DA:50,0
DA:51,0
DA:52,0
DA:58,0
DA:61,0
DA:63,0
DA:64,0
DA:65,0
DA:68,0
DA:69,0
DA:70,0
DA:71,0
DA:72,0
DA:75,0
DA:77,0
DA:78,0
DA:79,0
DA:86,0
DA:94,0
DA:95,0
DA:98,0
DA:99,0
DA:100,0
DA:102,0
DA:105,0
DA:110,0
DA:113,0
DA:114,0
DA:118,0
DA:119,0
DA:123,0
DA:124,0
DA:128,0
DA:129,0
DA:133,0
DA:134,0
DA:136,0
DA:137,0
DA:138,0
DA:141,0
DA:145,0
DA:146,0
DA:147,0
DA:155,0
DA:156,0
DA:163,0
DA:169,0
DA:170,0
DA:176,0
DA:179,0
DA:183,0
DA:187,0
DA:188,0
DA:190,0
DA:191,0
DA:192,0
DA:193,0
DA:194,0
DA:195,0
DA:196,0
DA:202,0
DA:203,0
DA:205,0
LF:92
LH:0
BRDA:8,0,0,0
BRDA:8,0,1,0
BRDA:19,1,0,0
BRDA:19,1,1,0
BRDA:41,2,0,0
BRDA:41,2,1,0
BRDA:43,3,0,0
BRDA:43,3,1,0
BRDA:63,4,0,0
BRDA:63,4,1,0
BRDA:71,5,0,0
BRDA:71,5,1,0
BRDA:75,6,0,0
BRDA:75,6,1,0
BRDA:93,7,0,0
BRDA:94,8,0,0
BRDA:94,8,1,0
BRDA:98,9,0,0
BRDA:98,9,1,0
BRDA:99,10,0,0
BRDA:99,10,1,0
BRDA:105,11,0,0
BRDA:105,11,1,0
BRDA:106,12,0,0
BRDA:106,12,1,0
BRDA:106,12,2,0
BRDA:113,13,0,0
BRDA:113,13,1,0
BRDA:118,14,0,0
BRDA:118,14,1,0
BRDA:123,15,0,0
BRDA:123,15,1,0
BRDA:128,16,0,0
BRDA:128,16,1,0
BRDA:138,17,0,0
BRDA:138,17,1,0
BRDA:146,18,0,0
BRDA:146,18,1,0
BRDA:170,19,0,0
BRDA:170,19,1,0
BRDA:171,20,0,0
BRDA:171,20,1,0
BRDA:171,20,2,0
BRDA:171,20,3,0
BRDA:190,21,0,0
BRDA:190,21,1,0
BRDA:190,21,2,0
BRDA:190,21,3,0
BRDA:190,21,4,0
BRDA:190,21,5,0
BRDA:202,22,0,0
BRDA:202,22,1,0
BRDA:202,23,0,0
BRDA:202,23,1,0
BRF:54
BRH:0
end_of_record
TN:
SF:src\Core\nodes.ts
FN:4,addClass
FN:8,removeClass
FN:12,toggleClass
FN:16,hasClass
FN:25,css
FN:86,getParent
FN:90,getAncestor
FN:113,html
FN:117,text
FN:130,show
FN:134,hide
FN:138,toggle
FN:146,$
FN:151,$$
FN:155,getChildren
FN:159,getSiblings
FN:166,(anonymous_16)
FN:170,serialize
FN:175,(anonymous_18)
FN:180,(anonymous_19)
FN:186,cut
FN:204,copy
FN:256,(anonymous_22)
FN:275,isVisible
FN:287,parseTime
FN:295,val
FN:299,(anonymous_26)
FN:314,(anonymous_27)
FN:318,(anonymous_28)
FN:323,(anonymous_29)
FN:326,(anonymous_30)
FN:329,(anonymous_31)
FNF:32
FNH:0
FNDA:0,addClass
FNDA:0,removeClass
FNDA:0,toggleClass
FNDA:0,hasClass
FNDA:0,css
FNDA:0,getParent
FNDA:0,getAncestor
FNDA:0,html
FNDA:0,text
FNDA:0,show
FNDA:0,hide
FNDA:0,toggle
FNDA:0,$
FNDA:0,$$
FNDA:0,getChildren
FNDA:0,getSiblings
FNDA:0,(anonymous_16)
FNDA:0,serialize
FNDA:0,(anonymous_18)
FNDA:0,(anonymous_19)
FNDA:0,cut
FNDA:0,copy
FNDA:0,(anonymous_22)
FNDA:0,isVisible
FNDA:0,parseTime
FNDA:0,val
FNDA:0,(anonymous_26)
FNDA:0,(anonymous_27)
FNDA:0,(anonymous_28)
FNDA:0,(anonymous_29)
FNDA:0,(anonymous_30)
FNDA:0,(anonymous_31)
DA:5,0
DA:9,0
DA:13,0
DA:17,0
DA:30,0
DA:33,0
DA:35,0
DA:36,0
DA:37,0
DA:39,0
DA:41,0
DA:42,0
DA:44,0
DA:47,0
DA:48,0
DA:49,0
DA:51,0
DA:52,0
DA:53,0
DA:54,0
DA:55,0
DA:56,0
DA:59,0
DA:62,0
DA:65,0
DA:66,0
DA:67,0
DA:68,0
DA:69,0
DA:72,0
DA:73,0
DA:78,0
DA:79,0
DA:80,0
DA:87,0
DA:92,0
DA:93,0
DA:94,0
DA:95,0
DA:96,0
DA:98,0
DA:102,0
DA:103,0
DA:104,0
DA:105,0
DA:106,0
DA:108,0
DA:110,0
DA:114,0
DA:119,0
DA:120,0
DA:121,0
DA:122,0
DA:124,0
DA:127,0
DA:131,0
DA:135,0
DA:139,0
DA:140,0
DA:142,0
DA:147,0
DA:148,0
DA:152,0
DA:156,0
DA:160,0
DA:162,0
DA:163,0
DA:164,0
DA:166,0
DA:171,0
DA:173,0
DA:175,0
DA:176,0
DA:179,0
DA:181,0
DA:187,0
DA:188,0
DA:191,0
DA:206,0
DA:207,0
DA:213,0
DA:219,0
DA:221,0
DA:222,0
DA:223,0
DA:224,0
DA:225,0
DA:226,0
DA:228,0
DA:232,0
DA:236,0
DA:237,0
DA:238,0
DA:239,0
DA:240,0
DA:243,0
DA:247,0
DA:248,0
DA:249,0
DA:253,0
DA:255,0
DA:256,0
DA:257,0
DA:258,0
DA:259,0
DA:261,0
DA:263,0
DA:267,0
DA:272,0
DA:276,0
DA:278,0
DA:280,0
DA:288,0
DA:289,0
DA:290,0
DA:291,0
DA:292,0
DA:296,0
DA:298,0
DA:300,0
DA:303,0
DA:307,0
DA:308,0
DA:311,0
DA:315,0
DA:316,0
DA:319,0
DA:320,0
DA:321,0
DA:324,0
DA:327,0
DA:330,0
LF:132
LH:0
BRDA:33,0,0,0
BRDA:33,0,1,0
BRDA:33,1,0,0
BRDA:33,1,1,0
BRDA:39,2,0,0
BRDA:39,2,1,0
BRDA:47,3,0,0
BRDA:47,3,1,0
BRDA:53,4,0,0
BRDA:53,4,1,0
BRDA:65,5,0,0
BRDA:65,5,1,0
BRDA:66,6,0,0
BRDA:66,6,1,0
BRDA:68,7,0,0
BRDA:68,7,1,0
BRDA:72,8,0,0
BRDA:72,8,1,0
BRDA:79,9,0,0
BRDA:79,9,1,0
BRDA:79,10,0,0
BRDA:79,10,1,0
BRDA:92,11,0,0
BRDA:92,11,1,0
BRDA:95,12,0,0
BRDA:95,12,1,0
BRDA:103,13,0,0
BRDA:103,13,1,0
BRDA:105,14,0,0
BRDA:105,14,1,0
BRDA:114,15,0,0
BRDA:114,15,1,0
BRDA:119,16,0,0
BRDA:119,16,1,0
BRDA:120,17,0,0
BRDA:120,17,1,0
BRDA:139,18,0,0
BRDA:139,18,1,0
BRDA:139,19,0,0
BRDA:139,19,1,0
BRDA:147,20,0,0
BRDA:147,20,1,0
BRDA:160,21,0,0
BRDA:160,21,1,0
BRDA:163,22,0,0
BRDA:163,22,1,0
BRDA:187,23,0,0
BRDA:187,23,1,0
BRDA:204,24,0,0
BRDA:204,25,0,0
BRDA:206,26,0,0
BRDA:206,26,1,0
BRDA:221,27,0,0
BRDA:221,27,1,0
BRDA:221,28,0,0
BRDA:221,28,1,0
BRDA:223,29,0,0
BRDA:223,29,1,0
BRDA:223,30,0,0
BRDA:223,30,1,0
BRDA:224,31,0,0
BRDA:224,31,1,0
BRDA:236,32,0,0
BRDA:236,32,1,0
BRDA:236,33,0,0
BRDA:236,33,1,0
BRDA:238,34,0,0
BRDA:238,34,1,0
BRDA:238,35,0,0
BRDA:238,35,1,0
BRDA:247,36,0,0
BRDA:247,36,1,0
BRDA:247,37,0,0
BRDA:247,37,1,0
BRDA:248,38,0,0
BRDA:248,38,1,0
BRDA:248,39,0,0
BRDA:248,39,1,0
BRDA:253,40,0,0
BRDA:253,40,1,0
BRDA:253,41,0,0
BRDA:253,41,1,0
BRDA:253,41,2,0
BRDA:257,42,0,0
BRDA:257,42,1,0
BRDA:258,43,0,0
BRDA:258,43,1,0
BRDA:258,43,2,0
BRDA:276,44,0,0
BRDA:276,44,1,0
BRDA:281,45,0,0
BRDA:281,45,1,0
BRDA:281,45,2,0
BRDA:289,46,0,0
BRDA:289,46,1,0
BRDA:291,47,0,0
BRDA:291,47,1,0
BRDA:291,48,0,0
BRDA:291,48,1,0
BRDA:291,49,0,0
BRDA:291,49,1,0
BRDA:291,50,0,0
BRDA:291,50,1,0
BRDA:300,51,0,0
BRDA:300,51,1,0
BRDA:300,51,2,0
BRDA:307,52,0,0
BRDA:307,52,1,0
BRDA:308,53,0,0
BRDA:308,53,1,0
BRDA:316,54,0,0
BRDA:316,54,1,0
BRDA:320,55,0,0
BRDA:320,55,1,0
BRDA:320,56,0,0
BRDA:320,56,1,0
BRDA:324,57,0,0
BRDA:324,57,1,0
BRDA:327,58,0,0
BRDA:327,58,1,0
BRDA:327,58,2,0
BRDA:327,58,3,0
BRF:122
BRH:0
end_of_record
TN:
SF:src\Core\opti.ts
FN:49,(anonymous_0)
FN:65,(anonymous_1)
FN:66,(anonymous_2)
FN:67,(anonymous_3)
FNF:4
FNH:0
FNDA:0,(anonymous_0)
FNDA:0,(anonymous_1)
FNDA:0,(anonymous_2)
FNDA:0,(anonymous_3)
DA:12,0
DA:13,0
DA:18,0
DA:27,0
DA:28,0
DA:29,0
DA:30,0
DA:32,0
DA:33,0
DA:34,0
DA:35,0
DA:36,0
DA:37,0
DA:38,0
DA:39,0
DA:40,0
DA:41,0
DA:42,0
DA:43,0
DA:44,0
DA:45,0
DA:46,0
DA:47,0
DA:49,0
DA:54,0
DA:57,0
DA:58,0
DA:59,0
DA:60,0
DA:62,0
DA:63,0
DA:65,0
DA:66,0
DA:67,0
DA:69,0
DA:70,0
DA:71,0
DA:72,0
DA:73,0
DA:74,0
DA:75,0
DA:77,0
DA:78,0
DA:79,0
DA:80,0
DA:81,0
DA:82,0
DA:83,0
DA:85,0
DA:86,0
DA:87,0
DA:88,0
DA:89,0
DA:91,0
DA:93,0
DA:95,0
DA:96,0
DA:97,0
DA:99,0
DA:100,0
DA:101,0
DA:103,0
DA:104,0
DA:105,0
DA:106,0
DA:108,0
DA:110,0
DA:111,0
DA:112,0
DA:114,0
DA:115,0
DA:116,0
DA:117,0
DA:118,0
DA:119,0
DA:120,0
DA:121,0
DA:122,0
DA:124,0
DA:126,0
DA:127,0
DA:129,0
LF:82
LH:0
BRDA:12,0,0,0
BRDA:12,0,1,0
BRDA:12,1,0,0
BRDA:12,1,1,0
BRDA:54,2,0,0
BRDA:54,2,1,0
BRF:6
BRH:0
end_of_record
TN:
SF:src\Crafty\class.ts
FN:10,(anonymous_0)
FN:11,(anonymous_1)
FN:47,(anonymous_2)
FN:57,(anonymous_3)
FN:69,(anonymous_4)
FN:70,(anonymous_5)
FN:71,(anonymous_6)
FN:72,(anonymous_7)
FN:73,(anonymous_8)
FN:74,(anonymous_9)
FNF:10
FNH:0
FNDA:0,(anonymous_0)
FNDA:0,(anonymous_1)
FNDA:0,(anonymous_2)
FNDA:0,(anonymous_3)
FNDA:0,(anonymous_4)
FNDA:0,(anonymous_5)
FNDA:0,(anonymous_6)
FNDA:0,(anonymous_7)
FNDA:0,(anonymous_8)
FNDA:0,(anonymous_9)
DA:17,0
DA:18,0
DA:22,0
DA:23,0
DA:24,0
DA:26,0
DA:27,0
DA:32,0
DA:39,0
DA:40,0
DA:41,0
DA:42,0
DA:46,0
DA:47,0
DA:48,0
DA:51,0
DA:58,0
DA:59,0
DA:60,0
DA:61,0
DA:62,0
DA:63,0
DA:65,0
DA:69,0
DA:70,0
DA:71,0
DA:72,0
DA:73,0
DA:74,0
DA:76,0
DA:77,0
DA:78,0
LF:32
LH:0
BRDA:17,0,0,0
BRDA:17,0,1,0
BRDA:17,1,0,0
BRDA:17,1,1,0
BRDA:22,2,0,0
BRDA:22,2,1,0
BRDA:23,3,0,0
BRDA:23,3,1,0
BRDA:24,4,0,0
BRDA:24,4,1,0
BRDA:24,5,0,0
BRDA:24,5,1,0
BRDA:26,6,0,0
BRDA:26,6,1,0
BRDA:39,7,0,0
BRDA:39,7,1,0
BRDA:48,8,0,0
BRDA:48,8,1,0
BRDA:48,8,2,0
BRDA:58,9,0,0
BRDA:58,9,1,0
BRDA:60,10,0,0
BRDA:60,10,1,0
BRF:23
BRH:0
end_of_record
TN:
SF:src\Crafty\comment.ts
FN:5,(anonymous_0)
FN:10,(anonymous_1)
FN:14,(anonymous_2)
FNF:3
FNH:0
FNDA:0,(anonymous_0)
FNDA:0,(anonymous_1)
FNDA:0,(anonymous_2)
DA:4,0
DA:6,0
DA:9,0
DA:11,0
DA:15,0
LF:5
LH:0
BRF:0
BRH:0
end_of_record
TN:
SF:src\Crafty\crafty.ts
FN:4,(anonymous_0)
FNF:1
FNH:0
FNDA:0,(anonymous_0)
DA:4,0
DA:5,0
DA:7,0
DA:8,0
LF:4
LH:0
BRDA:5,0,0,0
BRDA:5,0,1,0
BRF:2
BRH:0
end_of_record
TN:
SF:src\Crafty\element.ts
FN:24,(anonymous_0)
FN:36,(anonymous_1)
FN:43,(anonymous_2)
FN:46,(anonymous_3)
FN:47,(anonymous_4)
FN:52,(anonymous_5)
FN:53,(anonymous_6)
FN:60,(anonymous_7)
FN:65,(anonymous_8)
FN:68,(anonymous_9)
FN:74,(anonymous_10)
FN:79,(anonymous_11)
FN:83,(anonymous_12)
FN:89,(anonymous_13)
FN:96,(anonymous_14)
FN:107,(anonymous_15)
FN:117,(anonymous_16)
FN:125,(anonymous_17)
FN:129,(anonymous_18)
FN:133,(anonymous_19)
FN:140,(anonymous_20)
FN:144,(anonymous_21)
FN:147,(anonymous_22)
FN:151,(anonymous_23)
FNF:24
FNH:0
FNDA:0,(anonymous_0)
FNDA:0,(anonymous_1)
FNDA:0,(anonymous_2)
FNDA:0,(anonymous_3)
FNDA:0,(anonymous_4)
FNDA:0,(anonymous_5)
FNDA:0,(anonymous_6)
FNDA:0,(anonymous_7)
FNDA:0,(anonymous_8)
FNDA:0,(anonymous_9)
FNDA:0,(anonymous_10)
FNDA:0,(anonymous_11)
FNDA:0,(anonymous_12)
FNDA:0,(anonymous_13)
FNDA:0,(anonymous_14)
FNDA:0,(anonymous_15)
FNDA:0,(anonymous_16)
FNDA:0,(anonymous_17)
FNDA:0,(anonymous_18)
FNDA:0,(anonymous_19)
FNDA:0,(anonymous_20)
FNDA:0,(anonymous_21)
FNDA:0,(anonymous_22)
FNDA:0,(anonymous_23)
DA:5,0
DA:18,0
DA:25,0
DA:26,0
DA:27,0
DA:28,0
DA:29,0
DA:30,0
DA:31,0
DA:33,0
DA:37,0
DA:44,0
DA:45,0
DA:46,0
DA:47,0
DA:51,0
DA:52,0
DA:53,0
DA:56,0
DA:60,0
DA:62,0
DA:66,0
DA:68,0
DA:69,0
DA:70,0
DA:74,0
DA:76,0
DA:80,0
DA:84,0
DA:85,0
DA:90,0
DA:91,0
DA:92,0
DA:97,0
DA:98,0
DA:99,0
DA:100,0
DA:102,0
DA:108,0
DA:118,0
DA:120,0
DA:126,0
DA:130,0
DA:134,0
DA:141,0
DA:145,0
DA:148,0
DA:152,0
LF:48
LH:0
BRDA:24,0,0,0
BRDA:25,1,0,0
BRDA:25,1,1,0
BRDA:28,2,0,0
BRDA:28,2,1,0
BRDA:30,3,0,0
BRDA:30,3,1,0
BRDA:44,4,0,0
BRDA:44,4,1,0
BRDA:56,5,0,0
BRDA:56,5,1,0
BRDA:69,6,0,0
BRDA:69,6,1,0
BRDA:70,7,0,0
BRDA:70,7,1,0
BRDA:84,8,0,0
BRDA:84,8,1,0
BRDA:90,9,0,0
BRDA:90,9,1,0
BRDA:97,10,0,0
BRDA:97,10,1,0
BRDA:99,11,0,0
BRDA:99,11,1,0
BRF:23
BRH:0
end_of_record
TN:
SF:src\Crafty\exceptions.ts
FNF:0
FNH:0
DA:1,0
DA:2,0
DA:3,0
LF:3
LH:0
BRF:0
BRH:0
end_of_record
TN:
SF:src\Crafty\fragment.ts
FN:7,(anonymous_0)
FN:13,(anonymous_1)
FN:23,(anonymous_2)
FN:25,(anonymous_3)
FN:34,(anonymous_4)
FNF:5
FNH:0
FNDA:0,(anonymous_0)
FNDA:0,(anonymous_1)
FNDA:0,(anonymous_2)
FNDA:0,(anonymous_3)
FNDA:0,(anonymous_4)
DA:5,0
DA:8,0
DA:14,0
DA:15,0
DA:16,0
DA:17,0
DA:19,0
DA:24,0
DA:25,0
DA:27,0
DA:28,0
DA:31,0
DA:35,0
LF:13
LH:0
BRDA:14,0,0,0
BRDA:14,0,1,0
BRDA:16,1,0,0
BRDA:16,1,1,0
BRF:4
BRH:0
end_of_record
TN:
SF:src\Crafty\node.ts
FN:9,(anonymous_0)
FN:16,(anonymous_1)
FN:31,(anonymous_2)
FN:36,(anonymous_3)
FN:37,(anonymous_4)
FN:44,(anonymous_5)
FN:45,(anonymous_6)
FN:48,(anonymous_7)
FN:49,(anonymous_8)
FN:50,(anonymous_9)
FN:51,(anonymous_10)
FN:53,(anonymous_11)
FN:57,(anonymous_12)
FN:61,(anonymous_13)
FNF:14
FNH:0
FNDA:0,(anonymous_0)
FNDA:0,(anonymous_1)
FNDA:0,(anonymous_2)
FNDA:0,(anonymous_3)
FNDA:0,(anonymous_4)
FNDA:0,(anonymous_5)
FNDA:0,(anonymous_6)
FNDA:0,(anonymous_7)
FNDA:0,(anonymous_8)
FNDA:0,(anonymous_9)
FNDA:0,(anonymous_10)
FNDA:0,(anonymous_11)
FNDA:0,(anonymous_12)
FNDA:0,(anonymous_13)
DA:10,0
DA:17,0
DA:18,0
DA:19,0
DA:21,0
DA:24,0
DA:32,0
DA:33,0
DA:34,0
DA:35,0
DA:36,0
DA:37,0
DA:40,0
DA:45,0
DA:48,0
DA:49,0
DA:50,0
DA:51,0
DA:54,0
DA:58,0
DA:62,0
LF:21
LH:0
BRDA:10,0,0,0
BRDA:10,0,1,0
BRDA:17,1,0,0
BRDA:17,1,1,0
BRDA:18,2,0,0
BRDA:18,2,1,0
BRDA:32,3,0,0
BRDA:32,3,1,0
BRDA:34,4,0,0
BRDA:34,4,1,0
BRF:10
BRH:0
end_of_record
TN:
SF:src\Crafty\text.ts
FN:6,(anonymous_0)
FN:9,(anonymous_1)
FN:17,(anonymous_2)
FN:27,(anonymous_3)
FN:31,(anonymous_4)
FN:37,(anonymous_5)
FNF:6
FNH:0
FNDA:0,(anonymous_0)
FNDA:0,(anonymous_1)
FNDA:0,(anonymous_2)
FNDA:0,(anonymous_3)
FNDA:0,(anonymous_4)
FNDA:0,(anonymous_5)
DA:4,0
DA:7,0
DA:10,0
DA:11,0
DA:18,0
DA:19,0
DA:20,0
DA:21,0
DA:23,0
DA:28,0
DA:32,0
DA:33,0
DA:34,0
DA:38,0
LF:14
LH:0
BRDA:18,0,0,0
BRDA:18,0,1,0
BRDA:20,1,0,0
BRDA:20,1,1,0
BRF:4
BRH:0
end_of_record
TN:
SF:src\Flow\flow.ts
FN:5,(anonymous_0)
FNF:1
FNH:0
FNDA:0,(anonymous_0)
DA:5,0
DA:6,0
DA:8,0
DA:9,0
DA:10,0
LF:5
LH:0
BRDA:6,0,0,0
BRDA:6,0,1,0
BRF:2
BRH:0
end_of_record
TN:
SF:src\Flow\flowclass.ts
FN:2,(anonymous_0)
FN:6,(anonymous_1)
FN:13,(anonymous_2)
FN:21,(anonymous_3)
FN:27,(anonymous_4)
FNF:5
FNH:0
FNDA:0,(anonymous_0)
FNDA:0,(anonymous_1)
FNDA:0,(anonymous_2)
FNDA:0,(anonymous_3)
FNDA:0,(anonymous_4)
DA:3,0
DA:7,0
DA:8,0
DA:10,0
DA:14,0
DA:15,0
DA:17,0
DA:20,0
DA:22,0
DA:23,0
DA:24,0
DA:25,0
DA:28,0
LF:13
LH:0
BRDA:3,0,0,0
BRDA:3,0,1,0
BRDA:7,1,0,0
BRDA:7,1,1,0
BRDA:14,2,0,0
BRDA:14,2,1,0
BRDA:23,3,0,0
BRDA:23,3,1,0
BRF:8
BRH:0
end_of_record
TN:
SF:src\Query\class.ts
FNF:0
FNH:0
DA:5,0
DA:6,0
DA:9,0
DA:10,0
LF:4
LH:0
BRF:0
BRH:0
end_of_record
TN:
SF:src\Query\exceptions.ts
FNF:0
FNH:0
DA:1,0
DA:2,0
DA:4,0
LF:3
LH:0
BRF:0
BRH:0
end_of_record
TN:
SF:src\Query\query.ts
FN:5,(anonymous_0)
FN:12,(anonymous_1)
FN:13,(anonymous_2)
FNF:3
FNH:0
FNDA:0,(anonymous_0)
FNDA:0,(anonymous_1)
FNDA:0,(anonymous_2)
DA:5,0
DA:6,0
DA:8,0
DA:9,0
DA:10,0
DA:12,0
DA:13,0
LF:7
LH:0
BRDA:6,0,0,0
BRDA:6,0,1,0
BRF:2
BRH:0
end_of_record
TN:
SF:src\Query\selectors.ts
FN:31,(anonymous_0)
FN:37,(anonymous_1)
FN:55,(anonymous_2)
FN:61,(anonymous_3)
FN:67,(anonymous_4)
FN:73,(anonymous_5)
FN:79,(anonymous_6)
FN:85,(anonymous_7)
FN:91,(anonymous_8)
FN:97,(anonymous_9)
FN:103,(anonymous_10)
FN:109,(anonymous_11)
FN:117,parseQuery
FN:121,set
FN:128,replace
FN:129,(anonymous_15)
FN:137,(anonymous_16)
FN:142,(anonymous_17)
FN:146,(anonymous_18)
FN:151,(anonymous_19)
FN:156,(anonymous_20)
FN:161,(anonymous_21)
FN:166,(anonymous_22)
FN:168,(anonymous_23)
FN:170,(anonymous_24)
FN:176,(anonymous_25)
FN:177,(anonymous_26)
FN:181,(anonymous_27)
FN:182,(anonymous_28)
FN:186,(anonymous_29)
FN:187,(anonymous_30)
FN:191,(anonymous_31)
FN:193,(anonymous_32)
FN:195,(anonymous_33)
FN:201,(anonymous_34)
FN:207,(anonymous_35)
FN:212,(anonymous_36)
FN:213,(anonymous_37)
FN:216,(anonymous_38)
FN:231,tokenise
FN:238,(anonymous_40)
FN:241,(anonymous_41)
FN:244,(anonymous_42)
FN:247,(anonymous_43)
FN:252,(anonymous_44)
FN:254,(anonymous_45)
FN:255,(anonymous_46)
FN:256,(anonymous_47)
FN:259,(anonymous_48)
FN:267,(anonymous_49)
FN:272,(anonymous_50)
FN:278,(anonymous_51)
FN:283,(anonymous_52)
FN:286,(anonymous_53)
FN:289,(anonymous_54)
FN:294,_$
FN:322,(anonymous_56)
FN:334,(anonymous_57)
FN:336,(anonymous_58)
FN:340,(anonymous_59)
FN:344,(anonymous_60)
FN:348,(anonymous_61)
FN:352,(anonymous_62)
FN:358,_$$
FN:362,(anonymous_64)
FN:366,(anonymous_65)
FN:367,(anonymous_66)
FN:370,(anonymous_67)
FN:378,(anonymous_68)
FN:380,(anonymous_69)
FN:384,(anonymous_70)
FN:388,(anonymous_71)
FN:398,(anonymous_72)
FN:402,(anonymous_73)
FN:407,(anonymous_74)
FNF:75
FNH:0
FNDA:0,(anonymous_0)
FNDA:0,(anonymous_1)
FNDA:0,(anonymous_2)
FNDA:0,(anonymous_3)
FNDA:0,(anonymous_4)
FNDA:0,(anonymous_5)
FNDA:0,(anonymous_6)
FNDA:0,(anonymous_7)
FNDA:0,(anonymous_8)
FNDA:0,(anonymous_9)
FNDA:0,(anonymous_10)
FNDA:0,(anonymous_11)
FNDA:0,parseQuery
FNDA:0,set
FNDA:0,replace
FNDA:0,(anonymous_15)
FNDA:0,(anonymous_16)
FNDA:0,(anonymous_17)
FNDA:0,(anonymous_18)
FNDA:0,(anonymous_19)
FNDA:0,(anonymous_20)
FNDA:0,(anonymous_21)
FNDA:0,(anonymous_22)
FNDA:0,(anonymous_23)
FNDA:0,(anonymous_24)
FNDA:0,(anonymous_25)
FNDA:0,(anonymous_26)
FNDA:0,(anonymous_27)
FNDA:0,(anonymous_28)
FNDA:0,(anonymous_29)
FNDA:0,(anonymous_30)
FNDA:0,(anonymous_31)
FNDA:0,(anonymous_32)
FNDA:0,(anonymous_33)
FNDA:0,(anonymous_34)
FNDA:0,(anonymous_35)
FNDA:0,(anonymous_36)
FNDA:0,(anonymous_37)
FNDA:0,(anonymous_38)
FNDA:0,tokenise
FNDA:0,(anonymous_40)
FNDA:0,(anonymous_41)
FNDA:0,(anonymous_42)
FNDA:0,(anonymous_43)
FNDA:0,(anonymous_44)
FNDA:0,(anonymous_45)
FNDA:0,(anonymous_46)
FNDA:0,(anonymous_47)
FNDA:0,(anonymous_48)
FNDA:0,(anonymous_49)
FNDA:0,(anonymous_50)
FNDA:0,(anonymous_51)
FNDA:0,(anonymous_52)
FNDA:0,(anonymous_53)
FNDA:0,(anonymous_54)
FNDA:0,_$
FNDA:0,(anonymous_56)
FNDA:0,(anonymous_57)
FNDA:0,(anonymous_58)
FNDA:0,(anonymous_59)
FNDA:0,(anonymous_60)
FNDA:0,(anonymous_61)
FNDA:0,(anonymous_62)
FNDA:0,_$$
FNDA:0,(anonymous_64)
FNDA:0,(anonymous_65)
FNDA:0,(anonymous_66)
FNDA:0,(anonymous_67)
FNDA:0,(anonymous_68)
FNDA:0,(anonymous_69)
FNDA:0,(anonymous_70)
FNDA:0,(anonymous_71)
FNDA:0,(anonymous_72)
FNDA:0,(anonymous_73)
FNDA:0,(anonymous_74)
DA:4,0
DA:5,0
DA:6,0
DA:28,0
DA:32,0
DA:38,0
DA:40,0
DA:41,0
DA:42,0
DA:44,0
DA:118,0
DA:119,0
DA:122,0
DA:124,0
DA:125,0
DA:129,0
DA:130,0
DA:134,0
DA:137,0
DA:138,0
DA:142,0
DA:143,0
DA:146,0
DA:147,0
DA:151,0
DA:152,0
DA:156,0
DA:157,0
DA:161,0
DA:162,0
DA:166,0
DA:167,0
DA:168,0
DA:170,0
DA:172,0
DA:176,0
DA:177,0
DA:181,0
DA:182,0
DA:186,0
DA:187,0
DA:191,0
DA:192,0
DA:193,0
DA:195,0
DA:197,0
DA:201,0
DA:202,0
DA:203,0
DA:207,0
DA:208,0
DA:212,0
DA:213,0
DA:216,0
DA:220,0
DA:232,0
DA:237,0
DA:239,0
DA:245,0
DA:248,0
DA:250,0
DA:252,0
DA:254,0
DA:255,0
DA:257,0
DA:260,0
DA:261,0
DA:262,0
DA:265,0
DA:267,0
DA:268,0
DA:269,0
DA:273,0
DA:274,0
DA:276,0
DA:278,0
DA:279,0
DA:280,0
DA:284,0
DA:287,0
DA:290,0
DA:295,0
DA:297,0
DA:299,0
DA:301,0
DA:302,0
DA:309,0
DA:310,0
DA:311,0
DA:312,0
DA:315,0
DA:317,0
DA:318,0
DA:321,0
DA:322,0
DA:323,0
DA:327,0
DA:331,0
DA:334,0
DA:336,0
DA:337,0
DA:340,0
DA:341,0
DA:344,0
DA:345,0
DA:348,0
DA:349,0
DA:352,0
DA:353,0
DA:356,0
DA:359,0
DA:362,0
DA:363,0
DA:366,0
DA:367,0
DA:368,0
DA:370,0
DA:371,0
DA:374,0
DA:378,0
DA:380,0
DA:381,0
DA:384,0
DA:385,0
DA:388,0
DA:389,0
DA:392,0
DA:395,0
DA:399,0
DA:403,0
DA:404,0
DA:408,0
DA:409,0
LF:133
LH:0
BRDA:38,0,0,0
BRDA:38,0,1,0
BRDA:41,1,0,0
BRDA:41,1,1,0
BRDA:41,2,0,0
BRDA:41,2,1,0
BRDA:45,3,0,0
BRDA:45,3,1,0
BRDA:45,3,2,0
BRDA:45,3,3,0
BRDA:45,3,4,0
BRDA:122,4,0,0
BRDA:122,4,1,0
BRDA:130,5,0,0
BRDA:130,5,1,0
BRDA:177,6,0,0
BRDA:177,6,1,0
BRDA:182,7,0,0
BRDA:182,7,1,0
BRDA:187,8,0,0
BRDA:187,8,1,0
BRDA:213,9,0,0
BRDA:213,9,1,0
BRDA:232,10,0,0
BRDA:232,10,1,0
BRDA:248,11,0,0
BRDA:248,11,1,0
BRDA:252,12,0,0
BRDA:252,12,1,0
BRDA:260,13,0,0
BRDA:260,13,1,0
BRDA:261,14,0,0
BRDA:261,14,1,0
BRDA:261,15,0,0
BRDA:261,15,1,0
BRDA:269,16,0,0
BRDA:269,16,1,0
BRDA:273,17,0,0
BRDA:273,17,1,0
BRDA:274,18,0,0
BRDA:274,18,1,0
BRDA:274,19,0,0
BRDA:274,19,1,0
BRDA:280,20,0,0
BRDA:280,20,1,0
BRDA:299,21,0,0
BRDA:299,21,1,0
BRDA:309,22,0,0
BRDA:309,22,1,0
BRDA:309,23,0,0
BRDA:309,23,1,0
BRDA:310,24,0,0
BRDA:310,24,1,0
BRDA:311,25,0,0
BRDA:311,25,1,0
BRDA:312,26,0,0
BRDA:312,26,1,0
BRDA:315,27,0,0
BRDA:315,27,1,0
BRDA:315,28,0,0
BRDA:315,28,1,0
BRDA:315,28,2,0
BRDA:317,29,0,0
BRDA:317,29,1,0
BRDA:317,30,0,0
BRDA:317,30,1,0
BRDA:318,31,0,0
BRDA:318,31,1,0
BRDA:318,32,0,0
BRDA:318,32,1,0
BRDA:321,33,0,0
BRDA:321,33,1,0
BRDA:322,34,0,0
BRDA:322,34,1,0
BRF:74
BRH:0
end_of_record
TN:
SF:src\Query\styleElement.ts
FN:7,(anonymous_0)
FN:14,(anonymous_1)
FN:35,(anonymous_2)
FNF:3
FNH:0
FNDA:0,(anonymous_0)
FNDA:0,(anonymous_1)
FNDA:0,(anonymous_2)
DA:8,0
DA:9,0
DA:15,0
DA:17,0
DA:18,0
DA:20,0
DA:21,0
DA:22,0
DA:24,0
DA:26,0
DA:28,0
DA:29,0
DA:31,0
DA:36,0
DA:37,0
DA:41,0
LF:16
LH:0
BRDA:17,0,0,0
BRDA:17,0,1,0
BRDA:24,1,0,0
BRDA:24,1,1,0
BRDA:28,2,0,0
BRDA:28,2,1,0
BRDA:37,3,0,0
BRDA:37,3,1,0
BRF:8
BRH:0
end_of_record
TN:
SF:src\Requests\requestfunc.ts
FN:3,(anonymous_0)
FN:7,(anonymous_1)
FN:10,(anonymous_2)
FN:13,(anonymous_3)
FN:16,(anonymous_4)
FN:19,(anonymous_5)
FN:22,(anonymous_6)
FN:25,(anonymous_7)
FNF:8
FNH:0
FNDA:0,(anonymous_0)
FNDA:0,(anonymous_1)
FNDA:0,(anonymous_2)
FNDA:0,(anonymous_3)
FNDA:0,(anonymous_4)
FNDA:0,(anonymous_5)
FNDA:0,(anonymous_6)
FNDA:0,(anonymous_7)
DA:3,0
DA:4,0
DA:7,0
DA:8,0
DA:10,0
DA:11,0
DA:13,0
DA:14,0
DA:16,0
DA:17,0
DA:19,0
DA:20,0
DA:22,0
DA:23,0
DA:25,0
DA:26,0
DA:29,0
LF:17
LH:0
BRF:0
BRH:0
end_of_record
TN:
SF:src\Requests\requests.ts
FN:4,(anonymous_0)
FNF:1
FNH:0
FNDA:0,(anonymous_0)
DA:4,0
DA:5,0
DA:7,0
LF:3
LH:0
BRDA:5,0,0,0
BRDA:5,0,1,0
BRF:2
BRH:0
end_of_record
TN:
SF:src\Unsync\class.ts
FNF:0
FNH:0
DA:4,0
LF:1
LH:0
BRF:0
BRH:0
end_of_record
TN:
SF:src\Unsync\events.ts
FN:5,(anonymous_0)
FN:9,(anonymous_1)
FN:16,(anonymous_2)
FN:20,(anonymous_3)
FN:33,(anonymous_4)
FN:40,(anonymous_5)
FN:44,(anonymous_6)
FNF:7
FNH:0
FNDA:0,(anonymous_0)
FNDA:0,(anonymous_1)
FNDA:0,(anonymous_2)
FNDA:0,(anonymous_3)
FNDA:0,(anonymous_4)
FNDA:0,(anonymous_5)
FNDA:0,(anonymous_6)
DA:2,0
DA:6,0
DA:10,0
DA:11,0
DA:12,0
DA:13,0
DA:17,0
DA:21,0
DA:22,0
DA:23,0
DA:24,0
DA:31,0
DA:37,0
DA:41,0
DA:45,0
DA:46,0
DA:47,0
DA:48,0
LF:18
LH:0
BRDA:10,0,0,0
BRDA:10,0,1,0
BRDA:11,1,0,0
BRDA:11,1,1,0
BRDA:22,2,0,0
BRDA:22,2,1,0
BRDA:37,3,0,0
BRDA:37,3,1,0
BRDA:46,4,0,0
BRDA:46,4,1,0
BRF:10
BRH:0
end_of_record
TN:
SF:src\Unsync\exceptions.ts
FNF:0
FNH:0
DA:2,0
LF:1
LH:0
BRF:0
BRH:0
end_of_record
TN:
SF:src\Unsync\listeners.ts
FN:1,addConditionalListener
FN:18,(anonymous_1)
FN:29,(anonymous_2)
FN:41,addEventListeners
FN:62,delegateEventListener
FN:78,(anonymous_5)
FN:103,addEventController
FN:115,(anonymous_7)
FN:118,(anonymous_8)
FN:122,(anonymous_9)
FN:131,addEventListenerEnum
FNF:11
FNH:0
FNDA:0,addConditionalListener
FNDA:0,(anonymous_1)
FNDA:0,(anonymous_2)
FNDA:0,addEventListeners
FNDA:0,delegateEventListener
FNDA:0,(anonymous_5)
FNDA:0,addEventController
FNDA:0,(anonymous_7)
FNDA:0,(anonymous_8)
FNDA:0,(anonymous_9)
FNDA:0,addEventListenerEnum
DA:9,0
DA:11,0
DA:13,0
DA:14,0
DA:16,0
DA:18,0
DA:19,0
DA:20,0
DA:22,0
DA:23,0
DA:27,0
DA:29,0
DA:30,0
DA:31,0
DA:32,0
DA:34,0
DA:37,0
DA:49,0
DA:50,0
DA:51,0
DA:54,0
DA:55,0
DA:56,0
DA:74,0
DA:76,0
DA:79,0
DA:81,0
DA:84,0
DA:85,0
DA:87,0
DA:90,0
DA:92,0
DA:96,0
DA:109,0
DA:110,0
DA:112,0
DA:113,0
DA:116,0
DA:119,0
DA:120,0
DA:123,0
DA:124,0
DA:128,0
DA:137,0
DA:138,0
DA:139,0
LF:46
LH:0
BRDA:13,0,0,0
BRDA:13,0,1,0
BRDA:14,1,0,0
BRDA:14,1,1,0
BRDA:22,2,0,0
BRDA:22,2,1,0
BRDA:30,3,0,0
BRDA:30,3,1,0
BRDA:49,4,0,0
BRDA:49,4,1,0
BRDA:55,5,0,0
BRDA:55,5,1,0
BRDA:81,6,0,0
BRDA:81,6,1,0
BRDA:84,7,0,0
BRDA:84,7,1,0
BRDA:92,8,0,0
BRDA:92,8,1,0
BRDA:93,9,0,0
BRDA:93,9,1,0
BRDA:93,9,2,0
BRDA:138,10,0,0
BRDA:138,10,1,0
BRF:23
BRH:0
end_of_record
TN:
SF:src\Unsync\unsync.ts
FN:6,(anonymous_0)
FNF:1
FNH:0
FNDA:0,(anonymous_0)
DA:6,0
DA:7,0
DA:9,0
DA:10,0
DA:11,0
DA:12,0
DA:14,0
DA:15,0
DA:16,0
DA:17,0
DA:18,0
DA:19,0
LF:12
LH:0
BRDA:7,0,0,0
BRDA:7,0,1,0
BRF:2
BRH:0
end_of_record
