TN:
SF:src\Core\arrays.ts
FN:1,unique
FN:5,pluck
FN:14,pluckLast
FN:23,relocate
FN:33,relocateTo
FN:41,arrType
FN:45,(anonymous_6)
FN:55,sortBy
FN:65,(anonymous_8)
FN:66,(anonymous_9)
FN:75,(anonymous_10)
FN:76,(anonymous_11)
FN:83,replace
FN:100,chunk
FN:106,(anonymous_14)
FN:122,insert
FNF:16
FNH:16
FNDA:2,unique
FNDA:2,pluck
FNDA:2,pluckLast
FNDA:2,relocate
FNDA:1,relocateTo
FNDA:15,arrType
FNDA:40,(anonymous_6)
FNDA:723,sortBy
FNDA:3,(anonymous_8)
FNDA:4,(anonymous_9)
FNDA:14,(anonymous_10)
FNDA:14,(anonymous_11)
FNDA:6,replace
FNDA:4,chunk
FNDA:9,(anonymous_14)
FNDA:2,insert
DA:2,2
DA:6,2
DA:8,2
DA:10,1
DA:11,1
DA:15,2
DA:17,2
DA:19,1
DA:20,1
DA:24,2
DA:25,2
DA:26,1
DA:27,1
DA:29,1
DA:34,1
DA:35,1
DA:36,1
DA:37,1
DA:38,0
DA:45,15
DA:46,40
DA:54,4
DA:56,723
DA:57,698
DA:58,25
DA:59,18
DA:62,7
DA:63,7
DA:64,2
DA:65,3
DA:66,4
DA:68,5
DA:69,2
DA:70,1
DA:71,1
DA:73,3
DA:74,2
DA:75,14
DA:76,14
DA:80,1
DA:84,6
DA:85,3
DA:86,3
DA:88,3
DA:90,3
DA:91,3
DA:93,3
DA:94,3
DA:96,3
DA:101,4
DA:103,2
DA:104,2
DA:106,2
DA:107,9
DA:108,9
DA:109,4
DA:110,4
DA:115,2
DA:116,1
DA:119,2
DA:123,2
LF:61
LH:60
BRDA:8,0,0,1
BRDA:8,0,1,1
BRDA:11,1,0,1
BRDA:11,1,1,0
BRDA:17,2,0,1
BRDA:17,2,1,1
BRDA:20,3,0,1
BRDA:20,3,1,0
BRDA:24,4,0,2
BRDA:24,4,1,1
BRDA:25,5,0,1
BRDA:25,5,1,1
BRDA:34,6,0,1
BRDA:34,6,1,0
BRDA:35,7,0,1
BRDA:35,7,1,0
BRDA:46,8,0,13
BRDA:46,8,1,27
BRDA:47,9,0,16
BRDA:47,9,1,11
BRDA:48,10,0,0
BRDA:48,10,1,11
BRDA:49,11,0,0
BRDA:49,11,1,11
BRDA:56,12,0,698
BRDA:56,12,1,25
BRDA:58,13,0,18
BRDA:58,13,1,7
BRDA:63,14,0,2
BRDA:63,14,1,5
BRDA:64,15,0,1
BRDA:64,15,1,1
BRDA:68,16,0,2
BRDA:68,16,1,3
BRDA:69,17,0,1
BRDA:69,17,1,1
BRDA:73,18,0,2
BRDA:73,18,1,1
BRDA:74,19,0,1
BRDA:74,19,1,1
BRDA:84,20,0,3
BRDA:84,20,1,3
BRDA:88,21,0,3
BRDA:88,21,1,0
BRDA:91,22,0,0
BRDA:91,22,1,3
BRDA:96,23,0,3
BRDA:96,23,1,0
BRDA:101,24,0,2
BRDA:101,24,1,2
BRDA:108,25,0,4
BRDA:108,25,1,5
BRDA:115,26,0,1
BRDA:115,26,1,1
BRF:54
BRH:45
end_of_record
TN:
SF:src\Core\collections.ts
FN:1,addClassList
FN:7,removeClassList
FN:13,toggleClassList
FNF:3
FNH:3
FNDA:2,addClassList
FNDA:2,removeClassList
FNDA:2,toggleClassList
DA:2,2
DA:3,10
DA:8,2
DA:9,14
DA:14,2
DA:15,12
LF:6
LH:6
BRF:0
BRH:0
end_of_record
TN:
SF:src\Core\constructableobjects.ts
FN:1,Tuple
FN:5,Enum
FN:8,(anonymous_2)
FN:28,(anonymous_3)
FN:38,deepFreeze
FN:41,(anonymous_5)
FNF:6
FNH:4
FNDA:1,Tuple
FNDA:6,Enum
FNDA:20,(anonymous_2)
FNDA:6,(anonymous_3)
FNDA:0,deepFreeze
FNDA:0,(anonymous_5)
DA:2,1
DA:6,6
DA:8,6
DA:9,20
DA:11,20
DA:12,1
DA:13,19
DA:14,1
DA:17,18
DA:26,6
DA:29,2
DA:30,8
DA:35,6
DA:40,0
DA:41,0
DA:42,0
DA:44,0
DA:45,0
DA:48,0
DA:50,0
LF:20
LH:13
BRDA:11,0,0,1
BRDA:11,0,1,19
BRDA:13,1,0,1
BRDA:13,1,1,18
BRDA:40,2,0,0
BRDA:40,2,1,0
BRDA:40,3,0,0
BRDA:40,3,1,0
BRDA:44,4,0,0
BRDA:44,4,1,0
BRDA:44,5,0,0
BRDA:44,5,1,0
BRDA:44,5,2,0
BRF:13
BRH:4
end_of_record
TN:
SF:src\Core\document.ts
FN:1,ready
FN:5,leaving
FN:6,(anonymous_2)
FN:65,documentCss
FN:109,(anonymous_4)
FN:116,(anonymous_5)
FN:130,createElements
FN:168,(anonymous_7)
FNF:8
FNH:6
FNDA:1,ready
FNDA:1,leaving
FNDA:1,(anonymous_2)
FNDA:3,documentCss
FNDA:0,(anonymous_4)
FNDA:1,(anonymous_5)
FNDA:6,createElements
FNDA:0,(anonymous_7)
DA:2,1
DA:6,1
DA:8,1
DA:11,1
DA:12,1
DA:13,1
DA:69,3
DA:70,3
DA:71,0
DA:74,3
DA:76,3
DA:77,1
DA:78,1
DA:79,1
DA:82,3
DA:83,3
DA:84,3
DA:86,3
DA:87,2
DA:88,2
DA:89,2
DA:90,2
DA:91,2
DA:92,2
DA:93,2
DA:95,2
DA:97,2
DA:101,3
DA:102,2
DA:106,1
DA:107,1
DA:108,1
DA:109,1
DA:110,1
DA:114,1
DA:115,1
DA:116,1
DA:119,1
DA:120,0
DA:123,1
DA:124,1
DA:126,0
DA:131,6
DA:134,6
DA:137,6
DA:140,6
DA:143,6
DA:144,0
DA:145,0
DA:150,6
DA:151,13
DA:159,4
DA:160,3
DA:161,1
DA:166,5
DA:167,3
DA:168,0
DA:169,0
DA:172,3
DA:176,4
LF:60
LH:53
BRDA:70,0,0,0
BRDA:70,0,1,3
BRDA:76,1,0,1
BRDA:76,1,1,2
BRDA:88,2,0,2
BRDA:88,2,1,0
BRDA:88,3,0,2
BRDA:88,3,1,2
BRDA:93,4,0,0
BRDA:93,4,1,2
BRDA:101,5,0,2
BRDA:101,5,1,1
BRDA:101,6,0,3
BRDA:101,6,1,1
BRDA:108,7,0,1
BRDA:108,7,1,0
BRDA:108,8,0,1
BRDA:108,8,1,1
BRDA:119,9,0,0
BRDA:119,9,1,1
BRDA:134,10,0,0
BRDA:134,10,1,6
BRDA:137,11,0,0
BRDA:137,11,1,6
BRDA:140,12,0,0
BRDA:140,12,1,6
BRDA:143,13,0,0
BRDA:143,13,1,6
BRDA:143,14,0,6
BRDA:143,14,1,0
BRDA:151,15,0,4
BRDA:151,15,1,9
BRDA:152,16,0,13
BRDA:152,16,1,7
BRDA:152,16,2,7
BRDA:152,16,3,7
BRDA:152,16,4,7
BRDA:152,16,5,7
BRDA:159,17,0,3
BRDA:159,17,1,1
BRDA:159,18,0,4
BRDA:159,18,1,3
BRDA:166,19,0,3
BRDA:166,19,1,2
BRDA:167,20,0,0
BRDA:167,20,1,3
BRF:46
BRH:35
end_of_record
TN:
SF:src\Core\events.ts
FN:16,mixin
FN:23,(anonymous_1)
FN:29,(anonymous_2)
FN:40,getEvents
FN:54,(anonymous_4)
FNF:5
FNH:3
FNDA:4,mixin
FNDA:45,(anonymous_1)
FNDA:0,(anonymous_2)
FNDA:0,getEvents
FNDA:45,(anonymous_4)
DA:21,4
DA:23,4
DA:24,45
DA:25,45
DA:29,0
DA:30,0
DA:31,0
DA:32,0
DA:33,0
DA:41,0
DA:43,0
DA:46,0
DA:49,4
DA:51,4
DA:58,45
DA:61,45
DA:65,45
DA:69,45
DA:72,0
DA:73,0
DA:75,0
DA:78,0
DA:87,45
DA:96,45
LF:24
LH:12
BRDA:21,0,0,4
BRDA:21,0,1,0
BRDA:41,1,0,0
BRDA:41,1,1,0
BRDA:46,2,0,0
BRDA:46,2,1,0
BRDA:61,3,0,0
BRDA:61,3,1,45
BRDA:65,4,0,45
BRDA:65,4,1,45
BRDA:69,5,0,0
BRDA:69,5,1,45
BRDA:72,6,0,0
BRDA:72,6,1,0
BRDA:72,7,0,0
BRDA:72,7,1,0
BRDA:81,8,0,0
BRDA:81,8,1,0
BRDA:81,9,0,0
BRDA:81,9,1,0
BRDA:90,10,0,0
BRDA:90,10,1,45
BRDA:90,11,0,45
BRDA:90,11,1,9
BRF:24
BRH:8
end_of_record
TN:
SF:src\Core\exceptions.ts
FN:6,(anonymous_0)
FN:17,(anonymous_1)
FN:21,(anonymous_2)
FN:25,(anonymous_3)
FN:29,(anonymous_4)
FN:33,(anonymous_5)
FN:37,(anonymous_6)
FN:41,(anonymous_7)
FN:45,(anonymous_8)
FN:55,(anonymous_9)
FN:61,(anonymous_10)
FN:65,(anonymous_11)
FN:69,(anonymous_12)
FN:73,(anonymous_13)
FN:77,(anonymous_14)
FN:81,(anonymous_15)
FNF:16
FNH:11
FNDA:71,(anonymous_0)
FNDA:0,(anonymous_1)
FNDA:41,(anonymous_2)
FNDA:24,(anonymous_3)
FNDA:12,(anonymous_4)
FNDA:12,(anonymous_5)
FNDA:3,(anonymous_6)
FNDA:4,(anonymous_7)
FNDA:4,(anonymous_8)
FNDA:2,(anonymous_9)
FNDA:1,(anonymous_10)
FNDA:1,(anonymous_11)
FNDA:0,(anonymous_12)
FNDA:0,(anonymous_13)
FNDA:0,(anonymous_14)
FNDA:0,(anonymous_15)
DA:7,71
DA:8,71
DA:10,71
DA:12,71
DA:13,71
DA:14,71
DA:18,0
DA:22,41
DA:26,24
DA:30,12
DA:34,12
DA:38,3
DA:42,0
DA:46,0
DA:56,2
DA:57,2
DA:58,2
DA:62,1
DA:66,1
DA:70,0
DA:74,0
DA:78,0
DA:82,0
LF:23
LH:16
BRDA:12,0,0,71
BRDA:12,0,1,37
BRDA:13,1,0,71
BRDA:13,1,1,47
BRDA:14,2,0,71
BRDA:14,2,1,57
BRDA:46,3,0,0
BRDA:46,3,1,0
BRDA:55,4,0,2
BRDA:55,5,0,2
BRDA:58,6,0,2
BRDA:58,6,1,0
BRF:12
BRH:9
end_of_record
TN:
SF:src\Core\globals.ts
FN:1,typeObject
FN:4,(anonymous_1)
FN:5,(anonymous_2)
FN:6,(anonymous_3)
FN:50,(anonymous_4)
FN:54,(anonymous_5)
FN:57,(anonymous_6)
FN:60,(anonymous_7)
FN:63,(anonymous_8)
FN:66,(anonymous_9)
FN:69,(anonymous_10)
FN:74,hasOwn
FN:85,(anonymous_12)
FN:100,(anonymous_13)
FN:116,(anonymous_14)
FN:130,(anonymous_15)
FN:140,is
FN:175,assert
FN:181,sleep
FN:182,(anonymous_19)
FN:199,isEmpty
FNF:21
FNH:21
FNDA:483,typeObject
FNDA:9,(anonymous_1)
FNDA:18,(anonymous_2)
FNDA:8,(anonymous_3)
FNDA:19,(anonymous_4)
FNDA:10,(anonymous_5)
FNDA:10,(anonymous_6)
FNDA:10,(anonymous_7)
FNDA:10,(anonymous_8)
FNDA:10,(anonymous_9)
FNDA:11,(anonymous_10)
FNDA:900,hasOwn
FNDA:4,(anonymous_12)
FNDA:4,(anonymous_13)
FNDA:2,(anonymous_14)
FNDA:2,(anonymous_15)
FNDA:483,is
FNDA:3,assert
FNDA:4,sleep
FNDA:4,(anonymous_19)
FNDA:16,isEmpty
DA:2,483
DA:3,483
DA:4,9
DA:5,18
DA:7,8
DA:9,1
DA:10,0
DA:16,5
DA:18,2
DA:19,2
DA:21,2
DA:22,2
DA:23,2
DA:25,2
DA:26,0
DA:27,2
DA:28,0
DA:31,2
DA:33,0
DA:35,0
DA:37,1
DA:38,1
DA:40,0
DA:41,1
DA:43,0
DA:44,0
DA:47,0
DA:51,19
DA:52,17
DA:55,10
DA:58,10
DA:61,10
DA:64,10
DA:67,10
DA:70,11
DA:75,900
DA:76,84
DA:79,816
DA:80,808
DA:83,483
DA:84,189
DA:86,4
DA:92,4
DA:93,0
DA:94,4
DA:95,4
DA:98,0
DA:101,4
DA:107,4
DA:108,0
DA:109,4
DA:110,4
DA:113,0
DA:117,2
DA:118,0
DA:119,2
DA:120,2
DA:122,0
DA:127,483
DA:128,63
DA:129,63
DA:131,2
DA:132,1
DA:137,483
DA:141,483
DA:142,462
DA:143,441
DA:145,378
DA:146,378
DA:148,483
DA:149,483
DA:150,42
DA:153,378
DA:155,42
DA:156,42
DA:158,231
DA:159,42
DA:160,189
DA:161,21
DA:162,168
DA:163,84
DA:164,84
DA:165,42
DA:167,231
DA:169,21
DA:172,378
DA:176,3
DA:177,1
DA:182,4
DA:183,4
DA:184,2
DA:202,16
DA:205,12
DA:208,9
DA:210,8
DA:211,0
DA:215,8
DA:216,4
DA:217,4
DA:218,4
DA:221,4
LF:101
LH:85
BRDA:7,0,0,1
BRDA:7,0,1,3
BRDA:7,0,2,3
BRDA:7,0,3,5
BRDA:7,0,4,5
BRDA:7,0,5,2
BRDA:7,0,6,0
BRDA:7,0,7,1
BRDA:9,1,0,0
BRDA:9,1,1,1
BRDA:21,2,0,2
BRDA:21,2,1,0
BRDA:25,3,0,0
BRDA:25,3,1,2
BRDA:27,4,0,0
BRDA:27,4,1,2
BRDA:31,5,0,2
BRDA:31,5,1,2
BRDA:31,6,0,2
BRDA:31,6,1,2
BRDA:37,7,0,1
BRDA:37,7,1,0
BRDA:41,8,0,0
BRDA:41,8,1,1
BRDA:41,9,0,1
BRDA:41,9,1,0
BRDA:43,10,0,0
BRDA:43,10,1,0
BRDA:51,11,0,2
BRDA:51,11,1,17
BRDA:51,12,0,19
BRDA:51,12,1,18
BRDA:55,13,0,10
BRDA:55,13,1,9
BRDA:75,14,0,84
BRDA:75,14,1,816
BRDA:75,15,0,900
BRDA:75,15,1,858
BRDA:79,16,0,8
BRDA:79,16,1,808
BRDA:83,17,0,189
BRDA:83,17,1,294
BRDA:83,18,0,483
BRDA:83,18,1,441
BRDA:83,18,2,441
BRDA:86,19,0,4
BRDA:86,19,1,0
BRDA:88,20,0,0
BRDA:88,20,1,0
BRDA:92,21,0,0
BRDA:92,21,1,4
BRDA:92,22,0,4
BRDA:92,22,1,2
BRDA:94,23,0,4
BRDA:94,23,1,0
BRDA:94,24,0,4
BRDA:94,24,1,2
BRDA:94,24,2,2
BRDA:101,25,0,4
BRDA:101,25,1,0
BRDA:103,26,0,0
BRDA:103,26,1,0
BRDA:107,27,0,0
BRDA:107,27,1,4
BRDA:107,28,0,4
BRDA:107,28,1,2
BRDA:109,29,0,4
BRDA:109,29,1,0
BRDA:109,30,0,4
BRDA:109,30,1,4
BRDA:117,31,0,0
BRDA:117,31,1,2
BRDA:117,32,0,2
BRDA:117,32,1,1
BRDA:119,33,0,2
BRDA:119,33,1,0
BRDA:119,34,0,2
BRDA:119,34,1,2
BRDA:127,35,0,63
BRDA:127,35,1,420
BRDA:131,36,0,1
BRDA:131,36,1,1
BRDA:141,37,0,21
BRDA:141,37,1,462
BRDA:142,38,0,21
BRDA:142,38,1,441
BRDA:143,39,0,63
BRDA:143,39,1,378
BRDA:143,40,0,63
BRDA:143,40,1,42
BRDA:146,41,0,378
BRDA:146,41,1,0
BRDA:149,42,0,42
BRDA:149,42,1,441
BRDA:149,43,0,483
BRDA:149,43,1,378
BRDA:153,44,0,378
BRDA:153,44,1,231
BRDA:153,44,2,21
BRDA:158,45,0,42
BRDA:158,45,1,189
BRDA:158,46,0,231
BRDA:158,46,1,210
BRDA:160,47,0,21
BRDA:160,47,1,168
BRDA:160,48,0,189
BRDA:160,48,1,42
BRDA:162,49,0,84
BRDA:162,49,1,84
BRDA:162,50,0,168
BRDA:162,50,1,84
BRDA:164,51,0,42
BRDA:164,51,1,42
BRDA:176,52,0,1
BRDA:176,52,1,2
BRDA:183,53,0,2
BRDA:183,53,1,2
BRDA:202,54,0,4
BRDA:202,54,1,12
BRDA:202,55,0,16
BRDA:202,55,1,14
BRDA:202,55,2,13
BRDA:205,56,0,3
BRDA:205,56,1,9
BRDA:205,57,0,3
BRDA:205,57,1,2
BRDA:208,58,0,1
BRDA:208,58,1,8
BRDA:208,59,0,9
BRDA:208,59,1,2
BRDA:210,60,0,0
BRDA:210,60,1,8
BRDA:210,61,0,8
BRDA:210,61,1,8
BRDA:215,62,0,4
BRDA:215,62,1,4
BRDA:217,63,0,4
BRDA:217,63,1,2
BRDA:218,64,0,4
BRDA:218,64,1,2
BRF:140
BRH:116
end_of_record
TN:
SF:src\Core\misc.ts
FN:2,throttle
FN:7,(anonymous_1)
FN:17,(anonymous_2)
FN:18,(anonymous_3)
FN:35,debounce
FN:39,(anonymous_5)
FN:47,(anonymous_6)
FN:49,(anonymous_7)
FN:59,memo
FN:68,(anonymous_9)
FN:85,atDate
FN:93,clone
FN:119,(anonymous_12)
FN:124,(anonymous_13)
FN:129,(anonymous_14)
FN:144,forEach
FN:154,repeat
FN:162,remove
FN:166,capitalize
FN:171,matches
FN:175,toCase
FN:183,(anonymous_21)
FN:184,(anonymous_22)
FN:184,(anonymous_23)
FN:185,(anonymous_24)
FN:185,(anonymous_25)
FN:190,randomRange
FNF:27
FNH:24
FNDA:1,throttle
FNDA:3,(anonymous_1)
FNDA:1,(anonymous_2)
FNDA:0,(anonymous_3)
FNDA:2,debounce
FNDA:3,(anonymous_5)
FNDA:3,(anonymous_6)
FNDA:3,(anonymous_7)
FNDA:1,memo
FNDA:4,(anonymous_9)
FNDA:1,atDate
FNDA:22,clone
FNDA:8,(anonymous_12)
FNDA:0,(anonymous_13)
FNDA:0,(anonymous_14)
FNDA:1,forEach
FNDA:1,repeat
FNDA:8,remove
FNDA:1,capitalize
FNDA:6,matches
FNDA:12,toCase
FNDA:4,(anonymous_21)
FNDA:2,(anonymous_22)
FNDA:1,(anonymous_23)
FNDA:2,(anonymous_24)
FNDA:1,(anonymous_25)
FNDA:200,randomRange
DA:3,1
DA:4,1
DA:5,1
DA:7,1
DA:8,3
DA:9,2
DA:10,2
DA:11,2
DA:15,1
DA:17,1
DA:18,1
DA:19,0
DA:20,0
DA:21,0
DA:22,0
DA:23,0
DA:25,0
DA:30,1
DA:31,1
DA:36,2
DA:37,2
DA:39,2
DA:41,3
DA:42,0
DA:43,0
DA:46,3
DA:47,3
DA:48,3
DA:49,3
DA:50,3
DA:51,3
DA:52,3
DA:58,4
DA:61,1
DA:63,1
DA:64,1
DA:65,1
DA:68,1
DA:69,4
DA:70,4
DA:71,8
DA:72,8
DA:75,4
DA:77,2
DA:78,2
DA:79,2
DA:86,1
DA:94,22
DA:95,1
DA:98,21
DA:99,0
DA:100,0
DA:102,0
DA:105,21
DA:110,14
DA:113,7
DA:114,0
DA:118,7
DA:119,8
DA:123,4
DA:124,0
DA:128,4
DA:129,0
DA:133,4
DA:134,4
DA:136,4
DA:137,4
DA:138,4
DA:141,4
DA:145,1
DA:146,3
DA:147,3
DA:155,1
DA:156,5
DA:163,8
DA:167,1
DA:168,1
DA:172,6
DA:176,12
DA:177,12
DA:179,12
DA:180,3
DA:181,2
DA:182,2
DA:183,4
DA:184,2
DA:185,2
DA:191,200
DA:192,100
DA:194,100
LF:90
LH:76
BRDA:8,0,0,2
BRDA:8,0,1,1
BRDA:19,1,0,0
BRDA:19,1,1,0
BRDA:41,2,0,0
BRDA:41,2,1,3
BRDA:43,3,0,0
BRDA:43,3,1,0
BRDA:63,4,0,1
BRDA:63,4,1,0
BRDA:71,5,0,4
BRDA:71,5,1,4
BRDA:75,6,0,2
BRDA:75,6,1,2
BRDA:93,7,0,22
BRDA:94,8,0,1
BRDA:94,8,1,21
BRDA:98,9,0,0
BRDA:98,9,1,21
BRDA:99,10,0,0
BRDA:99,10,1,0
BRDA:105,11,0,14
BRDA:105,11,1,7
BRDA:106,12,0,21
BRDA:106,12,1,20
BRDA:106,12,2,19
BRDA:113,13,0,0
BRDA:113,13,1,7
BRDA:118,14,0,3
BRDA:118,14,1,4
BRDA:123,15,0,0
BRDA:123,15,1,4
BRDA:128,16,0,0
BRDA:128,16,1,4
BRDA:138,17,0,4
BRDA:138,17,1,0
BRDA:146,18,0,3
BRDA:146,18,1,0
BRDA:168,19,0,0
BRDA:168,19,1,1
BRDA:179,20,0,3
BRDA:179,20,1,2
BRDA:179,20,2,2
BRDA:179,20,3,3
BRDA:179,20,4,1
BRDA:179,20,5,1
BRDA:191,21,0,100
BRDA:191,21,1,100
BRDA:191,22,0,200
BRDA:191,22,1,200
BRF:50
BRH:35
end_of_record
TN:
SF:src\Core\nodes.ts
FN:3,addClass
FN:7,removeClass
FN:11,toggleClass
FN:15,hasClass
FN:19,parseUnit
FN:25,dashToCamel
FN:26,(anonymous_6)
FN:30,camelToDash
FN:31,(anonymous_8)
FN:39,css
FN:100,getParent
FN:104,getAncestor
FN:127,html
FN:131,text
FN:151,show
FN:155,hide
FN:159,toggle
FN:167,$
FN:172,$$
FN:176,getChildren
FN:180,getSiblings
FN:187,(anonymous_21)
FN:191,serialize
FN:196,(anonymous_23)
FN:201,(anonymous_24)
FN:207,cut
FN:221,isEventTarget
FN:233,copy
FN:271,(anonymous_28)
FN:290,isVisible
FN:302,parseTime
FN:310,val
FN:314,(anonymous_32)
FN:329,(anonymous_33)
FN:333,(anonymous_34)
FN:338,(anonymous_35)
FN:341,(anonymous_36)
FN:344,(anonymous_37)
FNF:38
FNH:31
FNDA:11,addClass
FNDA:15,removeClass
FNDA:14,toggleClass
FNDA:2,hasClass
FNDA:20,parseUnit
FNDA:13,dashToCamel
FNDA:7,(anonymous_6)
FNDA:19,camelToDash
FNDA:4,(anonymous_8)
FNDA:21,css
FNDA:1,getParent
FNDA:6,getAncestor
FNDA:1,html
FNDA:2,text
FNDA:3,show
FNDA:3,hide
FNDA:2,toggle
FNDA:5,$
FNDA:3,$$
FNDA:1,getChildren
FNDA:1,getSiblings
FNDA:2,(anonymous_21)
FNDA:7,serialize
FNDA:7,(anonymous_23)
FNDA:7,(anonymous_24)
FNDA:0,cut
FNDA:0,isEventTarget
FNDA:0,copy
FNDA:0,(anonymous_28)
FNDA:8,isVisible
FNDA:0,parseTime
FNDA:5,val
FNDA:1,(anonymous_32)
FNDA:1,(anonymous_33)
FNDA:1,(anonymous_34)
FNDA:2,(anonymous_35)
FNDA:0,(anonymous_36)
FNDA:0,(anonymous_37)
DA:4,11
DA:8,15
DA:12,14
DA:16,2
DA:20,20
DA:21,20
DA:22,15
DA:26,13
DA:31,19
DA:44,21
DA:47,21
DA:49,2
DA:50,2
DA:51,7
DA:53,7
DA:55,7
DA:56,7
DA:58,7
DA:61,2
DA:62,1
DA:63,1
DA:65,1
DA:66,6
DA:67,6
DA:68,6
DA:69,6
DA:70,6
DA:73,1
DA:76,1
DA:79,19
DA:80,18
DA:81,7
DA:82,11
DA:83,2
DA:86,9
DA:87,9
DA:92,1
DA:93,1
DA:94,1
DA:101,1
DA:106,6
DA:107,4
DA:108,4
DA:109,8
DA:110,7
DA:112,3
DA:116,2
DA:117,2
DA:118,6
DA:119,7
DA:120,1
DA:122,6
DA:124,1
DA:128,1
DA:133,2
DA:134,1
DA:135,1
DA:136,1
DA:139,1
DA:143,0
DA:148,2
DA:152,3
DA:156,3
DA:160,2
DA:161,1
DA:163,1
DA:168,5
DA:169,4
DA:173,3
DA:177,1
DA:181,1
DA:183,1
DA:184,1
DA:185,0
DA:187,2
DA:192,7
DA:194,7
DA:196,7
DA:197,7
DA:200,7
DA:202,7
DA:208,0
DA:209,0
DA:210,0
DA:213,4
DA:222,0
DA:235,0
DA:236,0
DA:242,0
DA:248,0
DA:250,0
DA:251,0
DA:252,0
DA:256,0
DA:257,0
DA:258,0
DA:262,0
DA:263,0
DA:264,0
DA:268,0
DA:270,0
DA:271,0
DA:272,0
DA:273,0
DA:274,0
DA:276,0
DA:278,0
DA:282,0
DA:287,0
DA:291,8
DA:293,4
DA:295,4
DA:303,0
DA:304,0
DA:305,0
DA:306,0
DA:307,0
DA:311,5
DA:313,5
DA:315,1
DA:318,0
DA:322,1
DA:323,1
DA:326,1
DA:330,1
DA:331,1
DA:334,1
DA:335,1
DA:336,1
DA:339,2
DA:342,0
DA:345,0
LF:132
LH:95
BRDA:20,0,0,0
BRDA:20,0,1,20
BRDA:21,1,0,5
BRDA:21,1,1,15
BRDA:47,2,0,2
BRDA:47,2,1,19
BRDA:47,3,0,21
BRDA:47,3,1,20
BRDA:53,4,0,0
BRDA:53,4,1,7
BRDA:61,5,0,1
BRDA:61,5,1,1
BRDA:67,6,0,0
BRDA:67,6,1,6
BRDA:79,7,0,18
BRDA:79,7,1,1
BRDA:80,8,0,7
BRDA:80,8,1,11
BRDA:82,9,0,2
BRDA:82,9,1,9
BRDA:86,10,0,9
BRDA:86,10,1,0
BRDA:93,11,0,1
BRDA:93,11,1,0
BRDA:93,12,0,1
BRDA:93,12,1,1
BRDA:106,13,0,4
BRDA:106,13,1,2
BRDA:109,14,0,1
BRDA:109,14,1,7
BRDA:117,15,0,2
BRDA:117,15,1,0
BRDA:119,16,0,1
BRDA:119,16,1,6
BRDA:128,17,0,1
BRDA:128,17,1,0
BRDA:133,18,0,1
BRDA:133,18,1,1
BRDA:134,19,0,1
BRDA:134,19,1,0
BRDA:139,20,0,0
BRDA:139,20,1,1
BRDA:140,21,0,0
BRDA:140,21,1,0
BRDA:143,22,0,0
BRDA:143,22,1,0
BRDA:148,23,0,2
BRDA:148,23,1,0
BRDA:160,24,0,1
BRDA:160,24,1,1
BRDA:160,25,0,2
BRDA:160,25,1,1
BRDA:168,26,0,1
BRDA:168,26,1,4
BRDA:181,27,0,0
BRDA:181,27,1,1
BRDA:184,28,0,0
BRDA:184,28,1,1
BRDA:208,29,0,0
BRDA:208,29,1,0
BRDA:222,30,0,0
BRDA:222,30,1,0
BRDA:222,30,2,0
BRDA:222,30,3,0
BRDA:233,31,0,0
BRDA:233,32,0,0
BRDA:235,33,0,0
BRDA:235,33,1,0
BRDA:250,34,0,0
BRDA:250,34,1,0
BRDA:250,35,0,0
BRDA:250,35,1,0
BRDA:256,36,0,0
BRDA:256,36,1,0
BRDA:256,37,0,0
BRDA:256,37,1,0
BRDA:262,38,0,0
BRDA:262,38,1,0
BRDA:262,39,0,0
BRDA:262,39,1,0
BRDA:263,40,0,0
BRDA:263,40,1,0
BRDA:263,41,0,0
BRDA:263,41,1,0
BRDA:268,42,0,0
BRDA:268,42,1,0
BRDA:268,43,0,0
BRDA:268,43,1,0
BRDA:268,43,2,0
BRDA:272,44,0,0
BRDA:272,44,1,0
BRDA:273,45,0,0
BRDA:273,45,1,0
BRDA:273,45,2,0
BRDA:291,46,0,4
BRDA:291,46,1,4
BRDA:296,47,0,4
BRDA:296,47,1,3
BRDA:296,47,2,2
BRDA:304,48,0,0
BRDA:304,48,1,0
BRDA:306,49,0,0
BRDA:306,49,1,0
BRDA:306,50,0,0
BRDA:306,50,1,0
BRDA:306,51,0,0
BRDA:306,51,1,0
BRDA:306,52,0,0
BRDA:306,52,1,0
BRDA:315,53,0,0
BRDA:315,53,1,0
BRDA:315,53,2,1
BRDA:322,54,0,0
BRDA:322,54,1,1
BRDA:323,55,0,0
BRDA:323,55,1,1
BRDA:331,56,0,1
BRDA:331,56,1,0
BRDA:335,57,0,0
BRDA:335,57,1,1
BRDA:335,58,0,1
BRDA:335,58,1,1
BRDA:339,59,0,2
BRDA:339,59,1,0
BRDA:342,60,0,0
BRDA:342,60,1,0
BRDA:342,60,2,0
BRDA:342,60,3,0
BRF:128
BRH:55
end_of_record
TN:
SF:src\Core\opti.ts
FN:55,(anonymous_0)
FN:71,(anonymous_1)
FN:72,(anonymous_2)
FN:73,(anonymous_3)
FN:74,(anonymous_4)
FNF:5
FNH:5
FNDA:2,(anonymous_0)
FNDA:8,(anonymous_1)
FNDA:8,(anonymous_2)
FNDA:8,(anonymous_3)
FNDA:8,(anonymous_4)
DA:15,4
DA:17,4
DA:18,0
DA:23,4
DA:32,4
DA:33,4
DA:34,4
DA:35,4
DA:37,4
DA:38,4
DA:39,4
DA:40,4
DA:41,4
DA:42,4
DA:43,4
DA:44,4
DA:45,4
DA:46,4
DA:47,4
DA:48,4
DA:49,4
DA:50,4
DA:51,4
DA:52,4
DA:54,4
DA:55,4
DA:60,2
DA:63,4
DA:64,4
DA:65,4
DA:66,4
DA:68,4
DA:69,4
DA:71,8
DA:72,8
DA:73,8
DA:74,8
DA:76,4
DA:77,4
DA:78,4
DA:79,4
DA:80,4
DA:81,4
DA:82,4
DA:84,4
DA:85,4
DA:86,4
DA:87,4
DA:88,4
DA:89,4
DA:90,4
DA:92,4
DA:93,4
DA:94,4
DA:95,4
DA:96,4
DA:98,4
DA:100,4
DA:102,4
DA:103,4
DA:104,4
DA:106,4
DA:107,4
DA:108,4
DA:110,4
DA:111,4
DA:113,4
DA:114,4
DA:115,4
DA:116,4
DA:118,4
DA:120,4
DA:121,4
DA:122,4
DA:124,4
DA:125,4
DA:126,4
DA:127,4
DA:128,4
DA:129,4
DA:130,4
DA:131,4
DA:132,4
DA:134,4
DA:136,4
DA:137,4
DA:139,4
LF:87
LH:86
BRDA:17,0,0,0
BRDA:17,0,1,4
BRDA:17,1,0,4
BRDA:17,1,1,4
BRDA:60,2,0,2
BRDA:60,2,1,2
BRF:6
BRH:5
end_of_record
TN:
SF:src\Core\registry.ts
FN:9,(anonymous_0)
FN:19,(anonymous_1)
FN:23,(anonymous_2)
FN:28,(anonymous_3)
FN:32,(anonymous_4)
FNF:5
FNH:1
FNDA:4,(anonymous_0)
FNDA:0,(anonymous_1)
FNDA:0,(anonymous_2)
FNDA:0,(anonymous_3)
FNDA:0,(anonymous_4)
DA:10,4
DA:11,0
DA:12,4
DA:13,0
DA:15,4
DA:20,0
DA:24,0
DA:25,0
DA:29,0
DA:33,0
DA:34,0
DA:40,4
DA:158,4
DA:159,4
DA:160,4
LF:15
LH:7
BRDA:9,0,0,4
BRDA:10,1,0,0
BRDA:10,1,1,4
BRDA:12,2,0,0
BRDA:12,2,1,4
BRDA:24,3,0,0
BRDA:24,3,1,0
BRF:7
BRH:3
end_of_record
TN:
SF:src\Crafty\class.ts
FN:15,(anonymous_0)
FN:29,(anonymous_1)
FN:55,(anonymous_2)
FN:64,(anonymous_3)
FNF:4
FNH:2
FNDA:0,(anonymous_0)
FNDA:2,(anonymous_1)
FNDA:0,(anonymous_2)
FNDA:2,(anonymous_3)
DA:35,5
DA:36,4
DA:39,1
DA:40,1
DA:47,0
DA:48,0
DA:49,0
DA:50,0
DA:51,0
DA:54,0
DA:56,0
DA:65,1
DA:66,0
DA:68,1
DA:71,2
DA:72,2
DA:73,2
DA:74,2
DA:75,2
DA:76,2
DA:77,2
DA:79,2
DA:80,2
DA:81,2
LF:24
LH:16
BRDA:35,0,0,4
BRDA:35,0,1,1
BRDA:35,1,0,5
BRDA:35,1,1,5
BRDA:39,2,0,1
BRDA:39,2,1,0
BRDA:39,3,0,1
BRDA:39,3,1,1
BRDA:39,3,2,1
BRDA:47,4,0,0
BRDA:47,4,1,0
BRDA:47,5,0,0
BRDA:47,5,1,0
BRDA:65,6,0,0
BRDA:65,6,1,1
BRF:15
BRH:9
end_of_record
TN:
SF:src\Crafty\comment.ts
FN:5,(anonymous_0)
FN:10,(anonymous_1)
FN:14,(anonymous_2)
FNF:3
FNH:1
FNDA:0,(anonymous_0)
FNDA:0,(anonymous_1)
FNDA:2,(anonymous_2)
DA:4,0
DA:6,0
DA:9,0
DA:11,0
DA:15,0
LF:5
LH:0
BRF:0
BRH:0
end_of_record
TN:
SF:src\Crafty\crafty.ts
FN:4,(anonymous_0)
FNF:1
FNH:1
FNDA:2,(anonymous_0)
DA:4,2
DA:5,2
DA:7,2
DA:8,2
LF:4
LH:4
BRDA:5,0,0,0
BRDA:5,0,1,2
BRF:2
BRH:1
end_of_record
TN:
SF:src\Crafty\element.ts
FN:24,(anonymous_0)
FN:36,(anonymous_1)
FN:43,(anonymous_2)
FN:46,(anonymous_3)
FN:47,(anonymous_4)
FN:52,(anonymous_5)
FN:53,(anonymous_6)
FN:60,(anonymous_7)
FN:65,(anonymous_8)
FN:68,(anonymous_9)
FN:74,(anonymous_10)
FN:79,(anonymous_11)
FN:83,(anonymous_12)
FN:87,(anonymous_13)
FN:97,(anonymous_14)
FN:105,(anonymous_15)
FN:109,(anonymous_16)
FN:113,(anonymous_17)
FN:119,(anonymous_18)
FN:122,(anonymous_19)
FN:126,(anonymous_20)
FNF:21
FNH:5
FNDA:1,(anonymous_0)
FNDA:0,(anonymous_1)
FNDA:0,(anonymous_2)
FNDA:0,(anonymous_3)
FNDA:0,(anonymous_4)
FNDA:0,(anonymous_5)
FNDA:0,(anonymous_6)
FNDA:0,(anonymous_7)
FNDA:0,(anonymous_8)
FNDA:0,(anonymous_9)
FNDA:0,(anonymous_10)
FNDA:0,(anonymous_11)
FNDA:0,(anonymous_12)
FNDA:2,(anonymous_13)
FNDA:1,(anonymous_14)
FNDA:0,(anonymous_15)
FNDA:0,(anonymous_16)
FNDA:2,(anonymous_17)
FNDA:0,(anonymous_18)
FNDA:0,(anonymous_19)
FNDA:2,(anonymous_20)
DA:5,2
DA:18,1
DA:25,1
DA:26,1
DA:27,1
DA:28,1
DA:29,1
DA:30,1
DA:31,1
DA:33,1
DA:37,0
DA:44,0
DA:45,0
DA:46,0
DA:47,0
DA:51,0
DA:52,0
DA:53,0
DA:56,0
DA:60,0
DA:62,0
DA:66,0
DA:68,0
DA:69,0
DA:70,0
DA:74,0
DA:76,0
DA:80,0
DA:84,0
DA:88,1
DA:98,1
DA:100,1
DA:106,0
DA:110,0
DA:114,0
DA:120,0
DA:123,0
DA:127,0
LF:38
LH:13
BRDA:24,0,0,1
BRDA:25,1,0,1
BRDA:25,1,1,0
BRDA:28,2,0,1
BRDA:28,2,1,1
BRDA:30,3,0,1
BRDA:30,3,1,0
BRDA:44,4,0,0
BRDA:44,4,1,0
BRDA:56,5,0,0
BRDA:56,5,1,0
BRDA:69,6,0,0
BRDA:69,6,1,0
BRDA:70,7,0,0
BRDA:70,7,1,0
BRF:15
BRH:5
end_of_record
TN:
SF:src\Crafty\exceptions.ts
FNF:0
FNH:0
DA:1,0
DA:2,0
DA:3,0
LF:3
LH:0
BRF:0
BRH:0
end_of_record
TN:
SF:src\Crafty\fragment.ts
FN:7,(anonymous_0)
FN:13,(anonymous_1)
FN:23,(anonymous_2)
FN:25,(anonymous_3)
FN:34,(anonymous_4)
FNF:5
FNH:1
FNDA:0,(anonymous_0)
FNDA:0,(anonymous_1)
FNDA:0,(anonymous_2)
FNDA:0,(anonymous_3)
FNDA:2,(anonymous_4)
DA:5,0
DA:8,0
DA:14,0
DA:15,0
DA:16,0
DA:17,0
DA:19,0
DA:24,0
DA:25,0
DA:27,0
DA:28,0
DA:31,0
DA:35,0
LF:13
LH:0
BRDA:14,0,0,0
BRDA:14,0,1,0
BRDA:16,1,0,0
BRDA:16,1,1,0
BRF:4
BRH:0
end_of_record
TN:
SF:src\Crafty\helpers.ts
FN:1,readonlyArrayOf
FN:217,isHTMLTag
FNF:2
FNH:2
FNDA:6,readonlyArrayOf
FNDA:1,isHTMLTag
DA:2,6
DA:5,2
DA:119,2
DA:184,2
DA:218,1
LF:5
LH:5
BRF:0
BRH:0
end_of_record
TN:
SF:src\Crafty\node.ts
FN:7,(anonymous_0)
FN:14,(anonymous_1)
FN:24,(anonymous_2)
FN:28,(anonymous_3)
FN:32,(anonymous_4)
FN:36,(anonymous_5)
FN:40,(anonymous_6)
FN:44,(anonymous_7)
FN:48,(anonymous_8)
FNF:9
FNH:3
FNDA:6,(anonymous_0)
FNDA:0,(anonymous_1)
FNDA:1,(anonymous_2)
FNDA:0,(anonymous_3)
FNDA:0,(anonymous_4)
FNDA:0,(anonymous_5)
FNDA:0,(anonymous_6)
FNDA:0,(anonymous_7)
FNDA:2,(anonymous_8)
DA:8,6
DA:15,0
DA:16,0
DA:17,0
DA:18,0
DA:20,0
DA:25,1
DA:26,1
DA:29,0
DA:30,0
DA:33,0
DA:37,0
DA:41,0
DA:45,0
DA:49,1
LF:15
LH:4
BRDA:8,0,0,6
BRDA:8,0,1,0
BRDA:15,1,0,0
BRDA:15,1,1,0
BRDA:17,2,0,0
BRDA:17,2,1,0
BRF:6
BRH:1
end_of_record
TN:
SF:src\Crafty\text.ts
FN:6,(anonymous_0)
FN:9,(anonymous_1)
FN:17,(anonymous_2)
FN:27,(anonymous_3)
FN:33,(anonymous_4)
FNF:5
FNH:2
FNDA:0,(anonymous_0)
FNDA:4,(anonymous_1)
FNDA:0,(anonymous_2)
FNDA:0,(anonymous_3)
FNDA:2,(anonymous_4)
DA:4,4
DA:7,0
DA:10,4
DA:11,4
DA:18,0
DA:19,0
DA:20,0
DA:21,0
DA:23,0
DA:28,0
DA:29,0
DA:30,0
DA:34,0
LF:13
LH:3
BRDA:18,0,0,0
BRDA:18,0,1,0
BRDA:20,1,0,0
BRDA:20,1,1,0
BRF:4
BRH:0
end_of_record
TN:
SF:src\Crafty\unknown.ts
FN:7,(anonymous_0)
FN:13,(anonymous_1)
FN:17,(anonymous_2)
FNF:3
FNH:2
FNDA:1,(anonymous_0)
FNDA:0,(anonymous_1)
FNDA:2,(anonymous_2)
DA:8,1
DA:9,1
DA:11,1
DA:14,0
DA:18,1
LF:5
LH:4
BRF:0
BRH:0
end_of_record
TN:
SF:src\Flow\flow.ts
FN:7,(anonymous_0)
FNF:1
FNH:1
FNDA:1,(anonymous_0)
DA:7,1
DA:8,1
DA:10,1
DA:11,1
DA:12,1
LF:5
LH:5
BRDA:8,0,0,0
BRDA:8,0,1,1
BRF:2
BRH:1
end_of_record
TN:
SF:src\Flow\flowclass.ts
FN:6,(anonymous_0)
FN:14,(anonymous_1)
FNF:2
FNH:2
FNDA:1,(anonymous_0)
FNDA:1,(anonymous_1)
DA:7,2
DA:8,1
DA:10,1
LF:3
LH:3
BRDA:7,0,0,1
BRDA:7,0,1,1
BRF:2
BRH:2
end_of_record
TN:
SF:src\Query\class.ts
FNF:0
FNH:0
DA:6,1
DA:7,1
DA:8,1
DA:11,1
DA:12,1
LF:5
LH:5
BRF:0
BRH:0
end_of_record
TN:
SF:src\Query\exceptions.ts
FNF:0
FNH:0
DA:1,0
DA:2,0
DA:4,0
LF:3
LH:0
BRF:0
BRH:0
end_of_record
TN:
SF:src\Query\query.ts
FN:7,(anonymous_0)
FN:14,(anonymous_1)
FN:15,(anonymous_2)
FNF:3
FNH:0
FNDA:0,(anonymous_0)
FNDA:0,(anonymous_1)
FNDA:0,(anonymous_2)
DA:7,0
DA:8,0
DA:10,0
DA:11,0
DA:12,0
DA:14,0
DA:15,0
LF:7
LH:0
BRDA:8,0,0,0
BRDA:8,0,1,0
BRF:2
BRH:0
end_of_record
TN:
SF:src\Query\selectors.ts
FN:31,(anonymous_0)
FN:37,(anonymous_1)
FN:55,(anonymous_2)
FN:61,(anonymous_3)
FN:67,(anonymous_4)
FN:73,(anonymous_5)
FN:79,(anonymous_6)
FN:85,(anonymous_7)
FN:91,(anonymous_8)
FN:97,(anonymous_9)
FN:103,(anonymous_10)
FN:109,(anonymous_11)
FN:117,parseQuery
FN:121,set
FN:128,replace
FN:129,(anonymous_15)
FN:137,(anonymous_16)
FN:142,(anonymous_17)
FN:146,(anonymous_18)
FN:151,(anonymous_19)
FN:156,(anonymous_20)
FN:161,(anonymous_21)
FN:166,(anonymous_22)
FN:168,(anonymous_23)
FN:170,(anonymous_24)
FN:176,(anonymous_25)
FN:177,(anonymous_26)
FN:181,(anonymous_27)
FN:182,(anonymous_28)
FN:186,(anonymous_29)
FN:187,(anonymous_30)
FN:191,(anonymous_31)
FN:193,(anonymous_32)
FN:195,(anonymous_33)
FN:201,(anonymous_34)
FN:207,(anonymous_35)
FN:212,(anonymous_36)
FN:213,(anonymous_37)
FN:216,(anonymous_38)
FN:231,tokenise
FN:238,(anonymous_40)
FN:241,(anonymous_41)
FN:244,(anonymous_42)
FN:247,(anonymous_43)
FN:252,(anonymous_44)
FN:254,(anonymous_45)
FN:255,(anonymous_46)
FN:256,(anonymous_47)
FN:259,(anonymous_48)
FN:267,(anonymous_49)
FN:272,(anonymous_50)
FN:278,(anonymous_51)
FN:283,(anonymous_52)
FN:286,(anonymous_53)
FN:289,(anonymous_54)
FN:294,_$
FN:322,(anonymous_56)
FN:334,(anonymous_57)
FN:336,(anonymous_58)
FN:340,(anonymous_59)
FN:344,(anonymous_60)
FN:348,(anonymous_61)
FN:352,(anonymous_62)
FN:358,_$$
FN:362,(anonymous_64)
FN:366,(anonymous_65)
FN:367,(anonymous_66)
FN:370,(anonymous_67)
FN:378,(anonymous_68)
FN:380,(anonymous_69)
FN:384,(anonymous_70)
FN:388,(anonymous_71)
FN:398,(anonymous_72)
FN:402,(anonymous_73)
FN:407,(anonymous_74)
FNF:75
FNH:0
FNDA:0,(anonymous_0)
FNDA:0,(anonymous_1)
FNDA:0,(anonymous_2)
FNDA:0,(anonymous_3)
FNDA:0,(anonymous_4)
FNDA:0,(anonymous_5)
FNDA:0,(anonymous_6)
FNDA:0,(anonymous_7)
FNDA:0,(anonymous_8)
FNDA:0,(anonymous_9)
FNDA:0,(anonymous_10)
FNDA:0,(anonymous_11)
FNDA:0,parseQuery
FNDA:0,set
FNDA:0,replace
FNDA:0,(anonymous_15)
FNDA:0,(anonymous_16)
FNDA:0,(anonymous_17)
FNDA:0,(anonymous_18)
FNDA:0,(anonymous_19)
FNDA:0,(anonymous_20)
FNDA:0,(anonymous_21)
FNDA:0,(anonymous_22)
FNDA:0,(anonymous_23)
FNDA:0,(anonymous_24)
FNDA:0,(anonymous_25)
FNDA:0,(anonymous_26)
FNDA:0,(anonymous_27)
FNDA:0,(anonymous_28)
FNDA:0,(anonymous_29)
FNDA:0,(anonymous_30)
FNDA:0,(anonymous_31)
FNDA:0,(anonymous_32)
FNDA:0,(anonymous_33)
FNDA:0,(anonymous_34)
FNDA:0,(anonymous_35)
FNDA:0,(anonymous_36)
FNDA:0,(anonymous_37)
FNDA:0,(anonymous_38)
FNDA:0,tokenise
FNDA:0,(anonymous_40)
FNDA:0,(anonymous_41)
FNDA:0,(anonymous_42)
FNDA:0,(anonymous_43)
FNDA:0,(anonymous_44)
FNDA:0,(anonymous_45)
FNDA:0,(anonymous_46)
FNDA:0,(anonymous_47)
FNDA:0,(anonymous_48)
FNDA:0,(anonymous_49)
FNDA:0,(anonymous_50)
FNDA:0,(anonymous_51)
FNDA:0,(anonymous_52)
FNDA:0,(anonymous_53)
FNDA:0,(anonymous_54)
FNDA:0,_$
FNDA:0,(anonymous_56)
FNDA:0,(anonymous_57)
FNDA:0,(anonymous_58)
FNDA:0,(anonymous_59)
FNDA:0,(anonymous_60)
FNDA:0,(anonymous_61)
FNDA:0,(anonymous_62)
FNDA:0,_$$
FNDA:0,(anonymous_64)
FNDA:0,(anonymous_65)
FNDA:0,(anonymous_66)
FNDA:0,(anonymous_67)
FNDA:0,(anonymous_68)
FNDA:0,(anonymous_69)
FNDA:0,(anonymous_70)
FNDA:0,(anonymous_71)
FNDA:0,(anonymous_72)
FNDA:0,(anonymous_73)
FNDA:0,(anonymous_74)
DA:4,0
DA:5,0
DA:6,0
DA:28,0
DA:32,0
DA:38,0
DA:40,0
DA:41,0
DA:42,0
DA:44,0
DA:118,0
DA:119,0
DA:122,0
DA:124,0
DA:125,0
DA:129,0
DA:130,0
DA:134,0
DA:137,0
DA:138,0
DA:142,0
DA:143,0
DA:146,0
DA:147,0
DA:151,0
DA:152,0
DA:156,0
DA:157,0
DA:161,0
DA:162,0
DA:166,0
DA:167,0
DA:168,0
DA:170,0
DA:172,0
DA:176,0
DA:177,0
DA:181,0
DA:182,0
DA:186,0
DA:187,0
DA:191,0
DA:192,0
DA:193,0
DA:195,0
DA:197,0
DA:201,0
DA:202,0
DA:203,0
DA:207,0
DA:208,0
DA:212,0
DA:213,0
DA:216,0
DA:220,0
DA:232,0
DA:237,0
DA:239,0
DA:245,0
DA:248,0
DA:250,0
DA:252,0
DA:254,0
DA:255,0
DA:257,0
DA:260,0
DA:261,0
DA:262,0
DA:265,0
DA:267,0
DA:268,0
DA:269,0
DA:273,0
DA:274,0
DA:276,0
DA:278,0
DA:279,0
DA:280,0
DA:284,0
DA:287,0
DA:290,0
DA:295,0
DA:297,0
DA:299,0
DA:301,0
DA:302,0
DA:309,0
DA:310,0
DA:311,0
DA:312,0
DA:315,0
DA:317,0
DA:318,0
DA:321,0
DA:322,0
DA:323,0
DA:327,0
DA:331,0
DA:334,0
DA:336,0
DA:337,0
DA:340,0
DA:341,0
DA:344,0
DA:345,0
DA:348,0
DA:349,0
DA:352,0
DA:353,0
DA:356,0
DA:359,0
DA:362,0
DA:363,0
DA:366,0
DA:367,0
DA:368,0
DA:370,0
DA:371,0
DA:374,0
DA:378,0
DA:380,0
DA:381,0
DA:384,0
DA:385,0
DA:388,0
DA:389,0
DA:392,0
DA:395,0
DA:399,0
DA:403,0
DA:404,0
DA:408,0
DA:409,0
LF:133
LH:0
BRDA:38,0,0,0
BRDA:38,0,1,0
BRDA:41,1,0,0
BRDA:41,1,1,0
BRDA:41,2,0,0
BRDA:41,2,1,0
BRDA:45,3,0,0
BRDA:45,3,1,0
BRDA:45,3,2,0
BRDA:45,3,3,0
BRDA:45,3,4,0
BRDA:122,4,0,0
BRDA:122,4,1,0
BRDA:130,5,0,0
BRDA:130,5,1,0
BRDA:177,6,0,0
BRDA:177,6,1,0
BRDA:182,7,0,0
BRDA:182,7,1,0
BRDA:187,8,0,0
BRDA:187,8,1,0
BRDA:213,9,0,0
BRDA:213,9,1,0
BRDA:232,10,0,0
BRDA:232,10,1,0
BRDA:248,11,0,0
BRDA:248,11,1,0
BRDA:252,12,0,0
BRDA:252,12,1,0
BRDA:260,13,0,0
BRDA:260,13,1,0
BRDA:261,14,0,0
BRDA:261,14,1,0
BRDA:261,15,0,0
BRDA:261,15,1,0
BRDA:269,16,0,0
BRDA:269,16,1,0
BRDA:273,17,0,0
BRDA:273,17,1,0
BRDA:274,18,0,0
BRDA:274,18,1,0
BRDA:274,19,0,0
BRDA:274,19,1,0
BRDA:280,20,0,0
BRDA:280,20,1,0
BRDA:299,21,0,0
BRDA:299,21,1,0
BRDA:309,22,0,0
BRDA:309,22,1,0
BRDA:309,23,0,0
BRDA:309,23,1,0
BRDA:310,24,0,0
BRDA:310,24,1,0
BRDA:311,25,0,0
BRDA:311,25,1,0
BRDA:312,26,0,0
BRDA:312,26,1,0
BRDA:315,27,0,0
BRDA:315,27,1,0
BRDA:315,28,0,0
BRDA:315,28,1,0
BRDA:315,28,2,0
BRDA:317,29,0,0
BRDA:317,29,1,0
BRDA:317,30,0,0
BRDA:317,30,1,0
BRDA:318,31,0,0
BRDA:318,31,1,0
BRDA:318,32,0,0
BRDA:318,32,1,0
BRDA:321,33,0,0
BRDA:321,33,1,0
BRDA:322,34,0,0
BRDA:322,34,1,0
BRF:74
BRH:0
end_of_record
TN:
SF:src\Query\styleElement.ts
FN:7,(anonymous_0)
FN:14,(anonymous_1)
FN:35,(anonymous_2)
FNF:3
FNH:0
FNDA:0,(anonymous_0)
FNDA:0,(anonymous_1)
FNDA:0,(anonymous_2)
DA:8,0
DA:9,0
DA:15,0
DA:17,0
DA:18,0
DA:20,0
DA:21,0
DA:22,0
DA:24,0
DA:26,0
DA:28,0
DA:29,0
DA:31,0
DA:36,0
DA:37,0
DA:41,0
LF:16
LH:0
BRDA:17,0,0,0
BRDA:17,0,1,0
BRDA:24,1,0,0
BRDA:24,1,1,0
BRDA:28,2,0,0
BRDA:28,2,1,0
BRDA:37,3,0,0
BRDA:37,3,1,0
BRF:8
BRH:0
end_of_record
TN:
SF:src\Requests\requestfunc.ts
FN:3,(anonymous_0)
FN:7,(anonymous_1)
FN:10,(anonymous_2)
FN:13,(anonymous_3)
FN:16,(anonymous_4)
FN:19,(anonymous_5)
FN:22,(anonymous_6)
FN:25,(anonymous_7)
FNF:8
FNH:0
FNDA:0,(anonymous_0)
FNDA:0,(anonymous_1)
FNDA:0,(anonymous_2)
FNDA:0,(anonymous_3)
FNDA:0,(anonymous_4)
FNDA:0,(anonymous_5)
FNDA:0,(anonymous_6)
FNDA:0,(anonymous_7)
DA:3,1
DA:4,0
DA:7,1
DA:8,0
DA:10,1
DA:11,0
DA:13,1
DA:14,0
DA:16,1
DA:17,0
DA:19,1
DA:20,0
DA:22,1
DA:23,0
DA:25,1
DA:26,0
DA:29,1
LF:17
LH:9
BRF:0
BRH:0
end_of_record
TN:
SF:src\Requests\requests.ts
FN:4,(anonymous_0)
FNF:1
FNH:1
FNDA:1,(anonymous_0)
DA:4,1
DA:5,1
DA:7,1
LF:3
LH:3
BRDA:5,0,0,0
BRDA:5,0,1,1
BRF:2
BRH:1
end_of_record
TN:
SF:src\Unsync\class.ts
FNF:0
FNH:0
DA:4,1
LF:1
LH:1
BRF:0
BRH:0
end_of_record
TN:
SF:src\Unsync\events.ts
FN:5,(anonymous_0)
FN:9,(anonymous_1)
FN:16,(anonymous_2)
FN:20,(anonymous_3)
FN:33,(anonymous_4)
FN:40,(anonymous_5)
FN:44,(anonymous_6)
FN:54,addConditionalListener
FN:71,(anonymous_8)
FN:82,(anonymous_9)
FN:94,addEventListeners
FN:115,delegateEventListener
FN:131,(anonymous_12)
FN:156,addEventController
FN:168,(anonymous_14)
FN:172,(anonymous_15)
FN:175,(anonymous_16)
FN:178,(anonymous_17)
FN:189,addEventListenerEnum
FNF:19
FNH:3
FNDA:0,(anonymous_0)
FNDA:0,(anonymous_1)
FNDA:0,(anonymous_2)
FNDA:0,(anonymous_3)
FNDA:0,(anonymous_4)
FNDA:0,(anonymous_5)
FNDA:0,(anonymous_6)
FNDA:2,addConditionalListener
FNDA:2,(anonymous_8)
FNDA:0,(anonymous_9)
FNDA:2,addEventListeners
FNDA:0,delegateEventListener
FNDA:0,(anonymous_12)
FNDA:0,addEventController
FNDA:0,(anonymous_14)
FNDA:0,(anonymous_15)
FNDA:0,(anonymous_16)
FNDA:0,(anonymous_17)
FNDA:0,addEventListenerEnum
DA:2,0
DA:6,0
DA:10,0
DA:11,0
DA:12,0
DA:13,0
DA:17,0
DA:21,0
DA:22,0
DA:23,0
DA:24,0
DA:31,0
DA:37,0
DA:41,0
DA:45,0
DA:46,0
DA:47,0
DA:48,0
DA:62,2
DA:64,2
DA:66,2
DA:67,1
DA:69,1
DA:71,1
DA:72,2
DA:73,2
DA:75,2
DA:76,1
DA:80,1
DA:82,1
DA:83,0
DA:84,0
DA:85,0
DA:87,0
DA:90,1
DA:102,2
DA:103,1
DA:104,2
DA:107,1
DA:108,2
DA:109,2
DA:127,0
DA:129,0
DA:132,0
DA:134,0
DA:137,0
DA:138,0
DA:140,0
DA:143,0
DA:145,0
DA:149,0
DA:162,0
DA:163,0
DA:165,0
DA:166,0
DA:169,0
DA:173,0
DA:176,0
DA:179,0
DA:180,0
DA:181,0
DA:182,0
DA:186,0
DA:195,0
DA:196,0
DA:197,0
LF:66
LH:19
BRDA:10,0,0,0
BRDA:10,0,1,0
BRDA:11,1,0,0
BRDA:11,1,1,0
BRDA:22,2,0,0
BRDA:22,2,1,0
BRDA:37,3,0,0
BRDA:37,3,1,0
BRDA:46,4,0,0
BRDA:46,4,1,0
BRDA:66,5,0,1
BRDA:66,5,1,1
BRDA:67,6,0,0
BRDA:67,6,1,1
BRDA:75,7,0,1
BRDA:75,7,1,1
BRDA:83,8,0,0
BRDA:83,8,1,0
BRDA:102,9,0,1
BRDA:102,9,1,1
BRDA:108,10,0,2
BRDA:108,10,1,0
BRDA:134,11,0,0
BRDA:134,11,1,0
BRDA:137,12,0,0
BRDA:137,12,1,0
BRDA:145,13,0,0
BRDA:145,13,1,0
BRDA:146,14,0,0
BRDA:146,14,1,0
BRDA:146,14,2,0
BRDA:196,15,0,0
BRDA:196,15,1,0
BRF:33
BRH:8
end_of_record
TN:
SF:src\Unsync\exceptions.ts
FNF:0
FNH:0
DA:2,0
LF:1
LH:0
BRF:0
BRH:0
end_of_record
TN:
SF:src\Unsync\unsync.ts
FN:5,(anonymous_0)
FNF:1
FNH:1
FNDA:1,(anonymous_0)
DA:5,1
DA:6,1
DA:8,1
DA:9,1
DA:10,1
DA:11,1
DA:13,1
DA:14,1
DA:15,1
DA:16,1
DA:17,1
DA:18,1
LF:12
LH:12
BRDA:6,0,0,0
BRDA:6,0,1,1
BRF:2
BRH:1
end_of_record
TN:
SF:src\helpers\helpers.ts
FN:2,declare
FN:7,(anonymous_1)
FN:14,setNotEnumerable
FN:24,setNameOfGlobalThisProp
FN:28,setPropName
FN:33,setGetter
FN:45,setReadOnly
FN:53,supportsStyles
FN:57,parseUnit
FN:63,dashToCamel
FN:64,(anonymous_10)
FN:67,camelToDash
FN:68,(anonymous_12)
FNF:13
FNH:5
FNDA:0,declare
FNDA:0,(anonymous_1)
FNDA:4,setNotEnumerable
FNDA:1,setNameOfGlobalThisProp
FNDA:2,setPropName
FNDA:8,setGetter
FNDA:8,setReadOnly
FNDA:0,supportsStyles
FNDA:0,parseUnit
FNDA:0,dashToCamel
FNDA:0,(anonymous_10)
FNDA:0,camelToDash
FNDA:0,(anonymous_12)
DA:3,0
DA:8,0
DA:15,4
DA:25,1
DA:29,2
DA:38,8
DA:46,8
DA:54,0
DA:58,0
DA:59,0
DA:60,0
DA:64,0
DA:68,0
LF:13
LH:5
BRDA:54,0,0,0
BRDA:54,0,1,0
BRDA:54,0,2,0
BRDA:58,1,0,0
BRDA:58,1,1,0
BRDA:59,2,0,0
BRDA:59,2,1,0
BRF:7
BRH:0
end_of_record
