{"C:\\Users\\Noahh\\Code\\VScode\\Modules\\JS\\Opti\\src\\arrays.ts": {"path":"C:\\Users\\Noahh\\Code\\VScode\\Modules\\JS\\Opti\\src\\arrays.ts","statementMap":{"0":{"start":{"line":1,"column":0},"end":{"line":1,"column":16}},"1":{"start":{"line":5,"column":0},"end":{"line":5,"column":16}},"2":{"start":{"line":14,"column":0},"end":{"line":14,"column":16}},"3":{"start":{"line":24,"column":0},"end":{"line":24,"column":16}},"4":{"start":{"line":32,"column":0},"end":{"line":32,"column":16}},"5":{"start":{"line":42,"column":0},"end":{"line":42,"column":16}},"6":{"start":{"line":60,"column":0},"end":{"line":60,"column":16}},"7":{"start":{"line":88,"column":0},"end":{"line":88,"column":16}},"8":{"start":{"line":105,"column":0},"end":{"line":105,"column":16}},"9":{"start":{"line":116,"column":0},"end":{"line":116,"column":16}},"10":{"start":{"line":138,"column":0},"end":{"line":138,"column":16}},"11":{"start":{"line":2,"column":2},"end":{"line":2,"column":28}},"12":{"start":{"line":6,"column":14},"end":{"line":6,"column":36}},"13":{"start":{"line":8,"column":2},"end":{"line":8,"column":30}},"14":{"start":{"line":8,"column":18},"end":{"line":8,"column":30}},"15":{"start":{"line":10,"column":17},"end":{"line":10,"column":36}},"16":{"start":{"line":11,"column":2},"end":{"line":11,"column":14}},"17":{"start":{"line":16,"column":16},"end":{"line":16,"column":50}},"18":{"start":{"line":17,"column":2},"end":{"line":17,"column":32}},"19":{"start":{"line":17,"column":20},"end":{"line":17,"column":32}},"20":{"start":{"line":20,"column":17},"end":{"line":20,"column":38}},"21":{"start":{"line":21,"column":2},"end":{"line":21,"column":14}},"22":{"start":{"line":25,"column":16},"end":{"line":25,"column":48}},"23":{"start":{"line":26,"column":2},"end":{"line":29,"column":21}},"24":{"start":{"line":27,"column":4},"end":{"line":27,"column":42}},"25":{"start":{"line":28,"column":4},"end":{"line":28,"column":26}},"26":{"start":{"line":29,"column":9},"end":{"line":29,"column":21}},"27":{"start":{"line":33,"column":16},"end":{"line":33,"column":48}},"28":{"start":{"line":34,"column":2},"end":{"line":37,"column":21}},"29":{"start":{"line":35,"column":4},"end":{"line":35,"column":36}},"30":{"start":{"line":36,"column":4},"end":{"line":36,"column":20}},"31":{"start":{"line":37,"column":9},"end":{"line":37,"column":21}},"32":{"start":{"line":43,"column":2},"end":{"line":43,"column":70}},"33":{"start":{"line":43,"column":35},"end":{"line":43,"column":59}},"34":{"start":{"line":50,"column":2},"end":{"line":56,"column":4}},"35":{"start":{"line":51,"column":4},"end":{"line":55,"column":29}},"36":{"start":{"line":59,"column":101},"end":{"line":59,"column":121}},"37":{"start":{"line":61,"column":2},"end":{"line":65,"column":3}},"38":{"start":{"line":62,"column":4},"end":{"line":62,"column":43}},"39":{"start":{"line":63,"column":9},"end":{"line":65,"column":3}},"40":{"start":{"line":64,"column":4},"end":{"line":64,"column":36}},"41":{"start":{"line":67,"column":15},"end":{"line":67,"column":24}},"42":{"start":{"line":68,"column":2},"end":{"line":83,"column":3}},"43":{"start":{"line":69,"column":4},"end":{"line":72,"column":5}},"44":{"start":{"line":70,"column":22},"end":{"line":70,"column":91}},"45":{"start":{"line":70,"column":64},"end":{"line":70,"column":89}},"46":{"start":{"line":71,"column":20},"end":{"line":71,"column":89}},"47":{"start":{"line":71,"column":62},"end":{"line":71,"column":87}},"48":{"start":{"line":73,"column":9},"end":{"line":83,"column":3}},"49":{"start":{"line":74,"column":4},"end":{"line":77,"column":5}},"50":{"start":{"line":75,"column":20},"end":{"line":75,"column":52}},"51":{"start":{"line":76,"column":28},"end":{"line":76,"column":70}},"52":{"start":{"line":78,"column":9},"end":{"line":83,"column":3}},"53":{"start":{"line":79,"column":4},"end":{"line":82,"column":5}},"54":{"start":{"line":80,"column":25},"end":{"line":80,"column":74}},"55":{"start":{"line":80,"column":67},"end":{"line":80,"column":72}},"56":{"start":{"line":81,"column":25},"end":{"line":81,"column":74}},"57":{"start":{"line":81,"column":67},"end":{"line":81,"column":72}},"58":{"start":{"line":85,"column":2},"end":{"line":85,"column":21}},"59":{"start":{"line":89,"column":2},"end":{"line":102,"column":3}},"60":{"start":{"line":90,"column":19},"end":{"line":90,"column":30}},"61":{"start":{"line":91,"column":4},"end":{"line":91,"column":25}},"62":{"start":{"line":93,"column":4},"end":{"line":93,"column":26}},"63":{"start":{"line":95,"column":14},"end":{"line":95,"column":35}},"64":{"start":{"line":96,"column":4},"end":{"line":96,"column":30}},"65":{"start":{"line":96,"column":18},"end":{"line":96,"column":30}},"66":{"start":{"line":98,"column":19},"end":{"line":98,"column":26}},"67":{"start":{"line":99,"column":4},"end":{"line":99,"column":21}},"68":{"start":{"line":101,"column":4},"end":{"line":101,"column":18}},"69":{"start":{"line":106,"column":2},"end":{"line":112,"column":3}},"70":{"start":{"line":106,"column":15},"end":{"line":106,"column":30}},"71":{"start":{"line":107,"column":4},"end":{"line":111,"column":5}},"72":{"start":{"line":108,"column":21},"end":{"line":108,"column":28}},"73":{"start":{"line":109,"column":6},"end":{"line":109,"column":23}},"74":{"start":{"line":110,"column":6},"end":{"line":110,"column":28}},"75":{"start":{"line":113,"column":2},"end":{"line":113,"column":14}},"76":{"start":{"line":117,"column":2},"end":{"line":117,"column":109}},"77":{"start":{"line":117,"column":22},"end":{"line":117,"column":109}},"78":{"start":{"line":119,"column":24},"end":{"line":119,"column":26}},"79":{"start":{"line":120,"column":21},"end":{"line":120,"column":23}},"80":{"start":{"line":122,"column":2},"end":{"line":128,"column":5}},"81":{"start":{"line":123,"column":4},"end":{"line":123,"column":22}},"82":{"start":{"line":124,"column":4},"end":{"line":127,"column":5}},"83":{"start":{"line":125,"column":6},"end":{"line":125,"column":27}},"84":{"start":{"line":126,"column":6},"end":{"line":126,"column":19}},"85":{"start":{"line":131,"column":2},"end":{"line":133,"column":3}},"86":{"start":{"line":132,"column":4},"end":{"line":132,"column":25}},"87":{"start":{"line":135,"column":2},"end":{"line":135,"column":16}},"88":{"start":{"line":139,"column":2},"end":{"line":139,"column":35}}},"fnMap":{"0":{"name":"unique","decl":{"start":{"line":1,"column":16},"end":{"line":1,"column":22}},"loc":{"start":{"line":1,"column":22},"end":{"line":3,"column":1}}},"1":{"name":"pluck","decl":{"start":{"line":5,"column":16},"end":{"line":5,"column":21}},"loc":{"start":{"line":5,"column":61},"end":{"line":12,"column":1}}},"2":{"name":"pluckLast","decl":{"start":{"line":14,"column":16},"end":{"line":14,"column":25}},"loc":{"start":{"line":14,"column":65},"end":{"line":22,"column":1}}},"3":{"name":"relocate","decl":{"start":{"line":24,"column":16},"end":{"line":24,"column":24}},"loc":{"start":{"line":24,"column":68},"end":{"line":30,"column":1}}},"4":{"name":"relocateTo","decl":{"start":{"line":32,"column":16},"end":{"line":32,"column":26}},"loc":{"start":{"line":32,"column":72},"end":{"line":38,"column":1}}},"5":{"name":"arrayType","decl":{"start":{"line":42,"column":16},"end":{"line":42,"column":25}},"loc":{"start":{"line":42,"column":25},"end":{"line":44,"column":1}}},"6":{"name":"(anonymous_6)","decl":{"start":{"line":43,"column":30},"end":{"line":43,"column":31}},"loc":{"start":{"line":43,"column":35},"end":{"line":43,"column":59}}},"7":{"name":"arrType","decl":{"start":{"line":46,"column":9},"end":{"line":46,"column":16}},"loc":{"start":{"line":48,"column":9},"end":{"line":57,"column":1}}},"8":{"name":"(anonymous_8)","decl":{"start":{"line":50,"column":21},"end":{"line":50,"column":22}},"loc":{"start":{"line":51,"column":4},"end":{"line":55,"column":29}}},"9":{"name":"sortBy","decl":{"start":{"line":60,"column":16},"end":{"line":60,"column":22}},"loc":{"start":{"line":60,"column":83},"end":{"line":86,"column":1}}},"10":{"name":"(anonymous_10)","decl":{"start":{"line":70,"column":54},"end":{"line":70,"column":55}},"loc":{"start":{"line":70,"column":64},"end":{"line":70,"column":89}}},"11":{"name":"(anonymous_11)","decl":{"start":{"line":71,"column":52},"end":{"line":71,"column":53}},"loc":{"start":{"line":71,"column":62},"end":{"line":71,"column":87}}},"12":{"name":"(anonymous_12)","decl":{"start":{"line":80,"column":57},"end":{"line":80,"column":58}},"loc":{"start":{"line":80,"column":67},"end":{"line":80,"column":72}}},"13":{"name":"(anonymous_13)","decl":{"start":{"line":81,"column":57},"end":{"line":81,"column":58}},"loc":{"start":{"line":81,"column":67},"end":{"line":81,"column":72}}},"14":{"name":"replace","decl":{"start":{"line":88,"column":16},"end":{"line":88,"column":23}},"loc":{"start":{"line":88,"column":88},"end":{"line":103,"column":1}}},"15":{"name":"replaceLast","decl":{"start":{"line":105,"column":16},"end":{"line":105,"column":27}},"loc":{"start":{"line":105,"column":82},"end":{"line":114,"column":1}}},"16":{"name":"chunk","decl":{"start":{"line":116,"column":16},"end":{"line":116,"column":21}},"loc":{"start":{"line":116,"column":53},"end":{"line":136,"column":1}}},"17":{"name":"(anonymous_17)","decl":{"start":{"line":122,"column":15},"end":{"line":122,"column":18}},"loc":{"start":{"line":122,"column":21},"end":{"line":128,"column":3}}},"18":{"name":"insert","decl":{"start":{"line":138,"column":16},"end":{"line":138,"column":22}},"loc":{"start":{"line":138,"column":72},"end":{"line":140,"column":1}}}},"branchMap":{"0":{"loc":{"start":{"line":8,"column":2},"end":{"line":8,"column":30}},"type":"if","locations":[{"start":{"line":8,"column":2},"end":{"line":8,"column":30}},{"start":{},"end":{}}]},"1":{"loc":{"start":{"line":17,"column":2},"end":{"line":17,"column":32}},"type":"if","locations":[{"start":{"line":17,"column":2},"end":{"line":17,"column":32}},{"start":{},"end":{}}]},"2":{"loc":{"start":{"line":25,"column":16},"end":{"line":25,"column":48}},"type":"cond-expr","locations":[{"start":{"line":25,"column":40},"end":{"line":25,"column":44}},{"start":{"line":25,"column":44},"end":{"line":25,"column":48}}]},"3":{"loc":{"start":{"line":25,"column":16},"end":{"line":25,"column":44}},"type":"binary-expr","locations":[{"start":{"line":25,"column":16},"end":{"line":25,"column":44}},{"start":{"line":25,"column":40},"end":{"line":25,"column":44}}]},"4":{"loc":{"start":{"line":26,"column":2},"end":{"line":29,"column":21}},"type":"if","locations":[{"start":{"line":26,"column":2},"end":{"line":29,"column":21}},{"start":{"line":29,"column":9},"end":{"line":29,"column":21}}]},"5":{"loc":{"start":{"line":33,"column":16},"end":{"line":33,"column":48}},"type":"cond-expr","locations":[{"start":{"line":33,"column":40},"end":{"line":33,"column":44}},{"start":{"line":33,"column":44},"end":{"line":33,"column":48}}]},"6":{"loc":{"start":{"line":33,"column":16},"end":{"line":33,"column":44}},"type":"binary-expr","locations":[{"start":{"line":33,"column":16},"end":{"line":33,"column":44}},{"start":{"line":33,"column":40},"end":{"line":33,"column":44}}]},"7":{"loc":{"start":{"line":34,"column":2},"end":{"line":37,"column":21}},"type":"if","locations":[{"start":{"line":34,"column":2},"end":{"line":37,"column":21}},{"start":{"line":37,"column":9},"end":{"line":37,"column":21}}]},"8":{"loc":{"start":{"line":51,"column":4},"end":{"line":55,"column":29}},"type":"cond-expr","locations":[{"start":{"line":51,"column":22},"end":{"line":51,"column":43}},{"start":{"line":52,"column":6},"end":{"line":55,"column":29}}]},"9":{"loc":{"start":{"line":52,"column":6},"end":{"line":55,"column":29}},"type":"cond-expr","locations":[{"start":{"line":52,"column":24},"end":{"line":52,"column":45}},{"start":{"line":53,"column":8},"end":{"line":55,"column":29}}]},"10":{"loc":{"start":{"line":53,"column":8},"end":{"line":55,"column":29}},"type":"cond-expr","locations":[{"start":{"line":53,"column":27},"end":{"line":53,"column":49}},{"start":{"line":54,"column":10},"end":{"line":55,"column":29}}]},"11":{"loc":{"start":{"line":54,"column":10},"end":{"line":55,"column":29}},"type":"cond-expr","locations":[{"start":{"line":54,"column":28},"end":{"line":54,"column":49}},{"start":{"line":55,"column":12},"end":{"line":55,"column":29}}]},"12":{"loc":{"start":{"line":61,"column":2},"end":{"line":65,"column":3}},"type":"if","locations":[{"start":{"line":61,"column":2},"end":{"line":65,"column":3}},{"start":{"line":63,"column":9},"end":{"line":65,"column":3}}]},"13":{"loc":{"start":{"line":63,"column":9},"end":{"line":65,"column":3}},"type":"if","locations":[{"start":{"line":63,"column":9},"end":{"line":65,"column":3}},{"start":{},"end":{}}]},"14":{"loc":{"start":{"line":68,"column":2},"end":{"line":83,"column":3}},"type":"if","locations":[{"start":{"line":68,"column":2},"end":{"line":83,"column":3}},{"start":{"line":73,"column":9},"end":{"line":83,"column":3}}]},"15":{"loc":{"start":{"line":69,"column":4},"end":{"line":72,"column":5}},"type":"switch","locations":[{"start":{"line":70,"column":6},"end":{"line":70,"column":91}},{"start":{"line":71,"column":6},"end":{"line":71,"column":89}}]},"16":{"loc":{"start":{"line":73,"column":9},"end":{"line":83,"column":3}},"type":"if","locations":[{"start":{"line":73,"column":9},"end":{"line":83,"column":3}},{"start":{"line":78,"column":9},"end":{"line":83,"column":3}}]},"17":{"loc":{"start":{"line":74,"column":4},"end":{"line":77,"column":5}},"type":"switch","locations":[{"start":{"line":75,"column":6},"end":{"line":75,"column":52}},{"start":{"line":76,"column":6},"end":{"line":76,"column":70}}]},"18":{"loc":{"start":{"line":78,"column":9},"end":{"line":83,"column":3}},"type":"if","locations":[{"start":{"line":78,"column":9},"end":{"line":83,"column":3}},{"start":{},"end":{}}]},"19":{"loc":{"start":{"line":79,"column":4},"end":{"line":82,"column":5}},"type":"switch","locations":[{"start":{"line":80,"column":6},"end":{"line":80,"column":74}},{"start":{"line":81,"column":6},"end":{"line":81,"column":74}}]},"20":{"loc":{"start":{"line":89,"column":2},"end":{"line":102,"column":3}},"type":"if","locations":[{"start":{"line":89,"column":2},"end":{"line":102,"column":3}},{"start":{"line":94,"column":9},"end":{"line":102,"column":3}}]},"21":{"loc":{"start":{"line":93,"column":11},"end":{"line":93,"column":25}},"type":"cond-expr","locations":[{"start":{"line":93,"column":11},"end":{"line":93,"column":17}},{"start":{"line":93,"column":21},"end":{"line":93,"column":25}}]},"22":{"loc":{"start":{"line":93,"column":11},"end":{"line":93,"column":21}},"type":"binary-expr","locations":[{"start":{"line":93,"column":11},"end":{"line":93,"column":21}},{"start":{"line":93,"column":11},"end":{"line":93,"column":21}}]},"23":{"loc":{"start":{"line":96,"column":4},"end":{"line":96,"column":30}},"type":"if","locations":[{"start":{"line":96,"column":4},"end":{"line":96,"column":30}},{"start":{},"end":{}}]},"24":{"loc":{"start":{"line":107,"column":4},"end":{"line":111,"column":5}},"type":"if","locations":[{"start":{"line":107,"column":4},"end":{"line":111,"column":5}},{"start":{},"end":{}}]},"25":{"loc":{"start":{"line":110,"column":13},"end":{"line":110,"column":27}},"type":"cond-expr","locations":[{"start":{"line":110,"column":13},"end":{"line":110,"column":19}},{"start":{"line":110,"column":23},"end":{"line":110,"column":27}}]},"26":{"loc":{"start":{"line":110,"column":13},"end":{"line":110,"column":23}},"type":"binary-expr","locations":[{"start":{"line":110,"column":13},"end":{"line":110,"column":23}},{"start":{"line":110,"column":13},"end":{"line":110,"column":23}}]},"27":{"loc":{"start":{"line":117,"column":2},"end":{"line":117,"column":109}},"type":"if","locations":[{"start":{"line":117,"column":2},"end":{"line":117,"column":109}},{"start":{},"end":{}}]},"28":{"loc":{"start":{"line":124,"column":4},"end":{"line":127,"column":5}},"type":"if","locations":[{"start":{"line":124,"column":4},"end":{"line":127,"column":5}},{"start":{},"end":{}}]},"29":{"loc":{"start":{"line":131,"column":2},"end":{"line":133,"column":3}},"type":"if","locations":[{"start":{"line":131,"column":2},"end":{"line":133,"column":3}},{"start":{},"end":{}}]}},"s":{"0":15,"1":15,"2":15,"3":15,"4":15,"5":15,"6":15,"7":15,"8":15,"9":15,"10":15,"11":2,"12":2,"13":2,"14":1,"15":1,"16":1,"17":1,"18":1,"19":0,"20":1,"21":1,"22":1,"23":1,"24":1,"25":1,"26":0,"27":1,"28":1,"29":1,"30":1,"31":0,"32":2,"33":6,"34":15,"35":40,"36":15,"37":15,"38":1,"39":14,"40":7,"41":7,"42":7,"43":2,"44":1,"45":3,"46":1,"47":4,"48":5,"49":2,"50":1,"51":1,"52":3,"53":2,"54":1,"55":14,"56":1,"57":14,"58":1,"59":6,"60":3,"61":3,"62":3,"63":3,"64":3,"65":0,"66":3,"67":3,"68":3,"69":3,"70":3,"71":3,"72":3,"73":3,"74":3,"75":0,"76":2,"77":0,"78":2,"79":2,"80":2,"81":9,"82":9,"83":4,"84":4,"85":2,"86":1,"87":2,"88":2},"f":{"0":2,"1":2,"2":1,"3":1,"4":1,"5":2,"6":6,"7":15,"8":40,"9":15,"10":3,"11":4,"12":14,"13":14,"14":6,"15":3,"16":2,"17":9,"18":2},"b":{"0":[1,1],"1":[0,1],"2":[1,0],"3":[1,1],"4":[1,0],"5":[1,0],"6":[1,1],"7":[1,0],"8":[13,27],"9":[16,11],"10":[0,11],"11":[0,11],"12":[1,14],"13":[7,7],"14":[2,5],"15":[1,1],"16":[2,3],"17":[1,1],"18":[2,1],"19":[1,1],"20":[3,3],"21":[3,0],"22":[3,3],"23":[0,3],"24":[3,0],"25":[3,0],"26":[3,3],"27":[0,2],"28":[4,5],"29":[1,1]}}
,"C:\\Users\\Noahh\\Code\\VScode\\Modules\\JS\\Opti\\src\\constructableobjects.ts": {"path":"C:\\Users\\Noahh\\Code\\VScode\\Modules\\JS\\Opti\\src\\constructableobjects.ts","statementMap":{"0":{"start":{"line":1,"column":0},"end":{"line":1,"column":16}},"1":{"start":{"line":5,"column":0},"end":{"line":5,"column":16}},"2":{"start":{"line":2,"column":2},"end":{"line":2,"column":16}},"3":{"start":{"line":6,"column":14},"end":{"line":6,"column":48}},"4":{"start":{"line":8,"column":2},"end":{"line":23,"column":5}},"5":{"start":{"line":9,"column":16},"end":{"line":9,"column":27}},"6":{"start":{"line":11,"column":4},"end":{"line":15,"column":5}},"7":{"start":{"line":12,"column":6},"end":{"line":12,"column":117}},"8":{"start":{"line":13,"column":11},"end":{"line":15,"column":5}},"9":{"start":{"line":14,"column":6},"end":{"line":14,"column":67}},"10":{"start":{"line":17,"column":4},"end":{"line":22,"column":7}},"11":{"start":{"line":26,"column":2},"end":{"line":33,"column":5}},"12":{"start":{"line":29,"column":6},"end":{"line":31,"column":7}},"13":{"start":{"line":30,"column":8},"end":{"line":30,"column":18}},"14":{"start":{"line":35,"column":2},"end":{"line":35,"column":13}},"15":{"start":{"line":40,"column":2},"end":{"line":49,"column":3}},"16":{"start":{"line":41,"column":4},"end":{"line":47,"column":7}},"17":{"start":{"line":42,"column":21},"end":{"line":42,"column":38}},"18":{"start":{"line":44,"column":6},"end":{"line":46,"column":7}},"19":{"start":{"line":45,"column":8},"end":{"line":45,"column":26}},"20":{"start":{"line":48,"column":4},"end":{"line":48,"column":45}},"21":{"start":{"line":50,"column":2},"end":{"line":50,"column":13}},"22":{"start":{"line":58,"column":4},"end":{"line":58,"column":29}},"23":{"start":{"line":62,"column":4},"end":{"line":62,"column":29}},"24":{"start":{"line":66,"column":4},"end":{"line":66,"column":52}},"25":{"start":{"line":70,"column":4},"end":{"line":70,"column":45}},"26":{"start":{"line":77,"column":17},"end":{"line":77,"column":34}},"27":{"start":{"line":79,"column":4},"end":{"line":79,"column":113}},"28":{"start":{"line":79,"column":15},"end":{"line":79,"column":113}},"29":{"start":{"line":81,"column":4},"end":{"line":81,"column":29}},"30":{"start":{"line":85,"column":4},"end":{"line":85,"column":42}},"31":{"start":{"line":89,"column":4},"end":{"line":89,"column":22}},"32":{"start":{"line":93,"column":4},"end":{"line":93,"column":32}},"33":{"start":{"line":97,"column":4},"end":{"line":97,"column":29}},"34":{"start":{"line":101,"column":4},"end":{"line":101,"column":31}},"35":{"start":{"line":105,"column":4},"end":{"line":105,"column":22}},"36":{"start":{"line":109,"column":4},"end":{"line":109,"column":39}},"37":{"start":{"line":53,"column":0},"end":{"line":53,"column":13}}},"fnMap":{"0":{"name":"Tuple","decl":{"start":{"line":1,"column":16},"end":{"line":1,"column":21}},"loc":{"start":{"line":1,"column":55},"end":{"line":3,"column":1}}},"1":{"name":"Enum","decl":{"start":{"line":5,"column":16},"end":{"line":5,"column":20}},"loc":{"start":{"line":5,"column":62},"end":{"line":36,"column":1}}},"2":{"name":"(anonymous_2)","decl":{"start":{"line":8,"column":17},"end":{"line":8,"column":18}},"loc":{"start":{"line":8,"column":25},"end":{"line":23,"column":3}}},"3":{"name":"(anonymous_3)","decl":{"start":{"line":28,"column":11},"end":{"line":28,"column":19}},"loc":{"start":{"line":28,"column":20},"end":{"line":32,"column":5}}},"4":{"name":"deepFreeze","decl":{"start":{"line":38,"column":9},"end":{"line":38,"column":19}},"loc":{"start":{"line":38,"column":29},"end":{"line":51,"column":1}}},"5":{"name":"(anonymous_5)","decl":{"start":{"line":41,"column":44},"end":{"line":41,"column":45}},"loc":{"start":{"line":41,"column":53},"end":{"line":47,"column":5}}},"6":{"name":"(anonymous_6)","decl":{"start":{"line":57,"column":2},"end":{"line":57,"column":22}},"loc":{"start":{"line":57,"column":33},"end":{"line":59,"column":3}}},"7":{"name":"(anonymous_7)","decl":{"start":{"line":61,"column":2},"end":{"line":61,"column":6}},"loc":{"start":{"line":61,"column":12},"end":{"line":63,"column":3}}},"8":{"name":"(anonymous_8)","decl":{"start":{"line":65,"column":9},"end":{"line":65,"column":15}},"loc":{"start":{"line":65,"column":47},"end":{"line":67,"column":3}}},"9":{"name":"(anonymous_9)","decl":{"start":{"line":69,"column":9},"end":{"line":69,"column":15}},"loc":{"start":{"line":69,"column":52},"end":{"line":71,"column":3}}},"10":{"name":"(anonymous_10)","decl":{"start":{"line":76,"column":2},"end":{"line":76,"column":6}},"loc":{"start":{"line":76,"column":20},"end":{"line":82,"column":3}}},"11":{"name":"(anonymous_11)","decl":{"start":{"line":84,"column":2},"end":{"line":84,"column":6}},"loc":{"start":{"line":84,"column":63},"end":{"line":86,"column":3}}},"12":{"name":"(anonymous_12)","decl":{"start":{"line":88,"column":2},"end":{"line":88,"column":3}},"loc":{"start":{"line":88,"column":20},"end":{"line":90,"column":3}}},"13":{"name":"(anonymous_13)","decl":{"start":{"line":92,"column":2},"end":{"line":92,"column":3}},"loc":{"start":{"line":92,"column":10},"end":{"line":94,"column":3}}},"14":{"name":"(anonymous_14)","decl":{"start":{"line":96,"column":2},"end":{"line":96,"column":3}},"loc":{"start":{"line":96,"column":7},"end":{"line":98,"column":3}}},"15":{"name":"(anonymous_15)","decl":{"start":{"line":100,"column":2},"end":{"line":100,"column":3}},"loc":{"start":{"line":100,"column":9},"end":{"line":102,"column":3}}},"16":{"name":"(anonymous_16)","decl":{"start":{"line":104,"column":2},"end":{"line":104,"column":9}},"loc":{"start":{"line":104,"column":9},"end":{"line":106,"column":3}}},"17":{"name":"(anonymous_17)","decl":{"start":{"line":108,"column":2},"end":{"line":108,"column":17}},"loc":{"start":{"line":108,"column":17},"end":{"line":110,"column":3}}}},"branchMap":{"0":{"loc":{"start":{"line":11,"column":4},"end":{"line":15,"column":5}},"type":"if","locations":[{"start":{"line":11,"column":4},"end":{"line":15,"column":5}},{"start":{"line":13,"column":11},"end":{"line":15,"column":5}}]},"1":{"loc":{"start":{"line":13,"column":11},"end":{"line":15,"column":5}},"type":"if","locations":[{"start":{"line":13,"column":11},"end":{"line":15,"column":5}},{"start":{},"end":{}}]},"2":{"loc":{"start":{"line":40,"column":2},"end":{"line":49,"column":3}},"type":"if","locations":[{"start":{"line":40,"column":2},"end":{"line":49,"column":3}},{"start":{},"end":{}}]},"3":{"loc":{"start":{"line":40,"column":6},"end":{"line":40,"column":36}},"type":"binary-expr","locations":[{"start":{"line":40,"column":6},"end":{"line":40,"column":9}},{"start":{"line":40,"column":13},"end":{"line":40,"column":36}}]},"4":{"loc":{"start":{"line":44,"column":6},"end":{"line":46,"column":7}},"type":"if","locations":[{"start":{"line":44,"column":6},"end":{"line":46,"column":7}},{"start":{},"end":{}}]},"5":{"loc":{"start":{"line":44,"column":10},"end":{"line":44,"column":71}},"type":"binary-expr","locations":[{"start":{"line":44,"column":10},"end":{"line":44,"column":15}},{"start":{"line":44,"column":19},"end":{"line":44,"column":44}},{"start":{"line":44,"column":48},"end":{"line":44,"column":71}}]},"6":{"loc":{"start":{"line":58,"column":17},"end":{"line":58,"column":28}},"type":"cond-expr","locations":[{"start":{"line":58,"column":17},"end":{"line":58,"column":22}},{"start":{"line":58,"column":26},"end":{"line":58,"column":28}}]},"7":{"loc":{"start":{"line":58,"column":17},"end":{"line":58,"column":26}},"type":"binary-expr","locations":[{"start":{"line":58,"column":17},"end":{"line":58,"column":26}},{"start":{"line":58,"column":17},"end":{"line":58,"column":26}}]},"8":{"loc":{"start":{"line":79,"column":4},"end":{"line":79,"column":113}},"type":"if","locations":[{"start":{"line":79,"column":4},"end":{"line":79,"column":113}},{"start":{},"end":{}}]}},"s":{"0":15,"1":15,"2":1,"3":6,"4":6,"5":20,"6":20,"7":1,"8":19,"9":1,"10":18,"11":4,"12":2,"13":8,"14":4,"15":6,"16":6,"17":19,"18":19,"19":0,"20":6,"21":0,"22":23,"23":8,"24":14,"25":9,"26":0,"27":0,"28":0,"29":0,"30":6,"31":3,"32":3,"33":0,"34":0,"35":6,"36":6,"37":15},"f":{"0":1,"1":6,"2":20,"3":2,"4":6,"5":19,"6":23,"7":8,"8":14,"9":9,"10":0,"11":6,"12":3,"13":3,"14":0,"15":0,"16":6,"17":6},"b":{"0":[1,19],"1":[1,18],"2":[6,0],"3":[6,6],"4":[0,19],"5":[19,16,0],"6":[23,0],"7":[23,23],"8":[0,0]}}
,"C:\\Users\\Noahh\\Code\\VScode\\Modules\\JS\\Opti\\src\\decorators.ts": {"path":"C:\\Users\\Noahh\\Code\\VScode\\Modules\\JS\\Opti\\src\\decorators.ts","statementMap":{"0":{"start":{"line":5,"column":0},"end":{"line":5,"column":16}},"1":{"start":{"line":54,"column":0},"end":{"line":54,"column":16}},"2":{"start":{"line":2,"column":2},"end":{"line":2,"column":33}},"3":{"start":{"line":12,"column":2},"end":{"line":33,"column":3}},"4":{"start":{"line":13,"column":4},"end":{"line":15,"column":5}},"5":{"start":{"line":14,"column":6},"end":{"line":14,"column":75}},"6":{"start":{"line":17,"column":21},"end":{"line":17,"column":27}},"7":{"start":{"line":19,"column":20},"end":{"line":28,"column":6}},"8":{"start":{"line":21,"column":8},"end":{"line":25,"column":9}},"9":{"start":{"line":22,"column":10},"end":{"line":24,"column":12}},"10":{"start":{"line":26,"column":8},"end":{"line":26,"column":23}},"11":{"start":{"line":30,"column":4},"end":{"line":30,"column":69}},"12":{"start":{"line":32,"column":4},"end":{"line":32,"column":19}},"13":{"start":{"line":36,"column":2},"end":{"line":38,"column":3}},"14":{"start":{"line":37,"column":4},"end":{"line":37,"column":64}},"15":{"start":{"line":40,"column":25},"end":{"line":40,"column":41}},"16":{"start":{"line":42,"column":2},"end":{"line":49,"column":4}},"17":{"start":{"line":43,"column":4},"end":{"line":47,"column":5}},"18":{"start":{"line":44,"column":6},"end":{"line":46,"column":8}},"19":{"start":{"line":48,"column":4},"end":{"line":48,"column":44}},"20":{"start":{"line":51,"column":2},"end":{"line":51,"column":20}},"21":{"start":{"line":55,"column":2},"end":{"line":59,"column":3}},"22":{"start":{"line":57,"column":4},"end":{"line":57,"column":32}},"23":{"start":{"line":58,"column":4},"end":{"line":58,"column":11}},"24":{"start":{"line":62,"column":19},"end":{"line":62,"column":25}},"25":{"start":{"line":65,"column":4},"end":{"line":67,"column":5}},"26":{"start":{"line":66,"column":6},"end":{"line":66,"column":86}},"27":{"start":{"line":68,"column":4},"end":{"line":68,"column":57}},"28":{"start":{"line":72,"column":2},"end":{"line":72,"column":54}},"29":{"start":{"line":74,"column":2},"end":{"line":74,"column":37}}},"fnMap":{"0":{"name":"isClass","decl":{"start":{"line":1,"column":9},"end":{"line":1,"column":16}},"loc":{"start":{"line":1,"column":23},"end":{"line":3,"column":1}}},"1":{"name":"Abstract","decl":{"start":{"line":5,"column":16},"end":{"line":5,"column":24}},"loc":{"start":{"line":8,"column":33},"end":{"line":52,"column":1}}},"2":{"name":"(anonymous_2)","decl":{"start":{"line":20,"column":6},"end":{"line":20,"column":18}},"loc":{"start":{"line":20,"column":32},"end":{"line":27,"column":7}}},"3":{"name":"(anonymous_3)","decl":{"start":{"line":42,"column":21},"end":{"line":42,"column":42}},"loc":{"start":{"line":42,"column":56},"end":{"line":49,"column":3}}},"4":{"name":"Final","decl":{"start":{"line":54,"column":16},"end":{"line":54,"column":21}},"loc":{"start":{"line":54,"column":93},"end":{"line":75,"column":1}}},"5":{"name":"FinalizedConstructor","decl":{"start":{"line":64,"column":11},"end":{"line":64,"column":31}},"loc":{"start":{"line":64,"column":46},"end":{"line":69,"column":3}}}},"branchMap":{"0":{"loc":{"start":{"line":12,"column":2},"end":{"line":33,"column":3}},"type":"if","locations":[{"start":{"line":12,"column":2},"end":{"line":33,"column":3}},{"start":{},"end":{}}]},"1":{"loc":{"start":{"line":13,"column":4},"end":{"line":15,"column":5}},"type":"if","locations":[{"start":{"line":13,"column":4},"end":{"line":15,"column":5}},{"start":{},"end":{}}]},"2":{"loc":{"start":{"line":21,"column":8},"end":{"line":25,"column":9}},"type":"if","locations":[{"start":{"line":21,"column":8},"end":{"line":25,"column":9}},{"start":{},"end":{}}]},"3":{"loc":{"start":{"line":36,"column":2},"end":{"line":38,"column":3}},"type":"if","locations":[{"start":{"line":36,"column":2},"end":{"line":38,"column":3}},{"start":{},"end":{}}]},"4":{"loc":{"start":{"line":36,"column":6},"end":{"line":36,"column":59}},"type":"binary-expr","locations":[{"start":{"line":36,"column":6},"end":{"line":36,"column":17}},{"start":{"line":36,"column":21},"end":{"line":36,"column":59}}]},"5":{"loc":{"start":{"line":43,"column":4},"end":{"line":47,"column":5}},"type":"if","locations":[{"start":{"line":43,"column":4},"end":{"line":47,"column":5}},{"start":{},"end":{}}]},"6":{"loc":{"start":{"line":55,"column":2},"end":{"line":59,"column":3}},"type":"if","locations":[{"start":{"line":55,"column":2},"end":{"line":59,"column":3}},{"start":{},"end":{}}]},"7":{"loc":{"start":{"line":65,"column":4},"end":{"line":67,"column":5}},"type":"if","locations":[{"start":{"line":65,"column":4},"end":{"line":67,"column":5}},{"start":{},"end":{}}]}},"s":{"0":15,"1":15,"2":3,"3":6,"4":3,"5":0,"6":3,"7":3,"8":2,"9":0,"10":2,"11":3,"12":3,"13":3,"14":0,"15":3,"16":3,"17":0,"18":0,"19":0,"20":3,"21":2,"22":1,"23":1,"24":1,"25":0,"26":0,"27":0,"28":1,"29":1},"f":{"0":3,"1":6,"2":2,"3":0,"4":2,"5":0},"b":{"0":[3,3],"1":[0,3],"2":[0,2],"3":[0,3],"4":[3,3],"5":[0,0],"6":[1,1],"7":[0,0]}}
,"C:\\Users\\Noahh\\Code\\VScode\\Modules\\JS\\Opti\\src\\document.ts": {"path":"C:\\Users\\Noahh\\Code\\VScode\\Modules\\JS\\Opti\\src\\document.ts","statementMap":{"0":{"start":{"line":1,"column":0},"end":{"line":1,"column":16}},"1":{"start":{"line":5,"column":0},"end":{"line":5,"column":16}},"2":{"start":{"line":43,"column":0},"end":{"line":43,"column":16}},"3":{"start":{"line":107,"column":0},"end":{"line":107,"column":16}},"4":{"start":{"line":156,"column":0},"end":{"line":156,"column":16}},"5":{"start":{"line":160,"column":0},"end":{"line":160,"column":16}},"6":{"start":{"line":2,"column":2},"end":{"line":2,"column":58}},"7":{"start":{"line":6,"column":2},"end":{"line":6,"column":79}},"8":{"start":{"line":6,"column":51},"end":{"line":6,"column":77}},"9":{"start":{"line":47,"column":19},"end":{"line":47,"column":33}},"10":{"start":{"line":48,"column":2},"end":{"line":50,"column":3}},"11":{"start":{"line":49,"column":4},"end":{"line":49,"column":70}},"12":{"start":{"line":53,"column":17},"end":{"line":53,"column":86}},"13":{"start":{"line":55,"column":2},"end":{"line":59,"column":3}},"14":{"start":{"line":56,"column":4},"end":{"line":56,"column":47}},"15":{"start":{"line":57,"column":4},"end":{"line":57,"column":43}},"16":{"start":{"line":58,"column":4},"end":{"line":58,"column":40}},"17":{"start":{"line":61,"column":16},"end":{"line":61,"column":47}},"18":{"start":{"line":62,"column":18},"end":{"line":62,"column":20}},"19":{"start":{"line":63,"column":47},"end":{"line":63,"column":49}},"20":{"start":{"line":65,"column":2},"end":{"line":76,"column":3}},"21":{"start":{"line":65,"column":15},"end":{"line":65,"column":16}},"22":{"start":{"line":66,"column":17},"end":{"line":66,"column":34}},"23":{"start":{"line":67,"column":4},"end":{"line":75,"column":5}},"24":{"start":{"line":68,"column":6},"end":{"line":68,"column":20}},"25":{"start":{"line":69,"column":27},"end":{"line":69,"column":37}},"26":{"start":{"line":70,"column":6},"end":{"line":73,"column":7}},"27":{"start":{"line":70,"column":19},"end":{"line":70,"column":20}},"28":{"start":{"line":71,"column":21},"end":{"line":71,"column":36}},"29":{"start":{"line":72,"column":8},"end":{"line":72,"column":74}},"30":{"start":{"line":74,"column":6},"end":{"line":74,"column":12}},"31":{"start":{"line":78,"column":2},"end":{"line":80,"column":3}},"32":{"start":{"line":79,"column":4},"end":{"line":79,"column":26}},"33":{"start":{"line":83,"column":42},"end":{"line":83,"column":44}},"34":{"start":{"line":84,"column":2},"end":{"line":89,"column":3}},"35":{"start":{"line":85,"column":4},"end":{"line":88,"column":5}},"36":{"start":{"line":86,"column":20},"end":{"line":86,"column":70}},"37":{"start":{"line":86,"column":48},"end":{"line":86,"column":69}},"38":{"start":{"line":87,"column":6},"end":{"line":87,"column":40}},"39":{"start":{"line":91,"column":20},"end":{"line":91,"column":58}},"40":{"start":{"line":92,"column":22},"end":{"line":94,"column":14}},"41":{"start":{"line":93,"column":26},"end":{"line":93,"column":44}},"42":{"start":{"line":96,"column":2},"end":{"line":98,"column":3}},"43":{"start":{"line":97,"column":4},"end":{"line":97,"column":32}},"44":{"start":{"line":100,"column":2},"end":{"line":104,"column":3}},"45":{"start":{"line":101,"column":4},"end":{"line":101,"column":78}},"46":{"start":{"line":103,"column":4},"end":{"line":103,"column":80}},"47":{"start":{"line":108,"column":13},"end":{"line":108,"column":45}},"48":{"start":{"line":111,"column":2},"end":{"line":111,"column":44}},"49":{"start":{"line":111,"column":18},"end":{"line":111,"column":44}},"50":{"start":{"line":114,"column":2},"end":{"line":114,"column":44}},"51":{"start":{"line":114,"column":17},"end":{"line":114,"column":44}},"52":{"start":{"line":117,"column":2},"end":{"line":117,"column":42}},"53":{"start":{"line":117,"column":17},"end":{"line":117,"column":42}},"54":{"start":{"line":120,"column":2},"end":{"line":124,"column":3}},"55":{"start":{"line":121,"column":4},"end":{"line":123,"column":5}},"56":{"start":{"line":122,"column":6},"end":{"line":122,"column":49}},"57":{"start":{"line":127,"column":2},"end":{"line":140,"column":3}},"58":{"start":{"line":128,"column":4},"end":{"line":139,"column":5}},"59":{"start":{"line":136,"column":6},"end":{"line":138,"column":94}},"60":{"start":{"line":137,"column":8},"end":{"line":137,"column":34}},"61":{"start":{"line":138,"column":13},"end":{"line":138,"column":94}},"62":{"start":{"line":143,"column":2},"end":{"line":151,"column":3}},"63":{"start":{"line":144,"column":4},"end":{"line":150,"column":5}},"64":{"start":{"line":145,"column":6},"end":{"line":147,"column":9}},"65":{"start":{"line":146,"column":8},"end":{"line":146,"column":46}},"66":{"start":{"line":149,"column":6},"end":{"line":149,"column":52}},"67":{"start":{"line":153,"column":2},"end":{"line":153,"column":17}},"68":{"start":{"line":157,"column":2},"end":{"line":157,"column":42}},"69":{"start":{"line":161,"column":2},"end":{"line":161,"column":45}}},"fnMap":{"0":{"name":"ready","decl":{"start":{"line":1,"column":16},"end":{"line":1,"column":21}},"loc":{"start":{"line":1,"column":67},"end":{"line":3,"column":1}}},"1":{"name":"leaving","decl":{"start":{"line":5,"column":16},"end":{"line":5,"column":23}},"loc":{"start":{"line":5,"column":69},"end":{"line":7,"column":1}}},"2":{"name":"(anonymous_2)","decl":{"start":{"line":6,"column":44},"end":{"line":6,"column":45}},"loc":{"start":{"line":6,"column":51},"end":{"line":6,"column":77}}},"3":{"name":"documentCss","decl":{"start":{"line":43,"column":16},"end":{"line":43,"column":27}},"loc":{"start":{"line":45,"column":70},"end":{"line":105,"column":1}}},"4":{"name":"(anonymous_4)","decl":{"start":{"line":86,"column":43},"end":{"line":86,"column":44}},"loc":{"start":{"line":86,"column":48},"end":{"line":86,"column":69}}},"5":{"name":"(anonymous_5)","decl":{"start":{"line":93,"column":9},"end":{"line":93,"column":10}},"loc":{"start":{"line":93,"column":26},"end":{"line":93,"column":44}}},"6":{"name":"createElements","decl":{"start":{"line":107,"column":16},"end":{"line":107,"column":30}},"loc":{"start":{"line":107,"column":71},"end":{"line":154,"column":1}}},"7":{"name":"(anonymous_7)","decl":{"start":{"line":145,"column":28},"end":{"line":145,"column":33}},"loc":{"start":{"line":145,"column":36},"end":{"line":147,"column":7}}},"8":{"name":"$","decl":{"start":{"line":156,"column":16},"end":{"line":156,"column":17}},"loc":{"start":{"line":156,"column":35},"end":{"line":158,"column":1}}},"9":{"name":"$$","decl":{"start":{"line":160,"column":16},"end":{"line":160,"column":18}},"loc":{"start":{"line":160,"column":36},"end":{"line":162,"column":1}}}},"branchMap":{"0":{"loc":{"start":{"line":48,"column":2},"end":{"line":50,"column":3}},"type":"if","locations":[{"start":{"line":48,"column":2},"end":{"line":50,"column":3}},{"start":{},"end":{}}]},"1":{"loc":{"start":{"line":55,"column":2},"end":{"line":59,"column":3}},"type":"if","locations":[{"start":{"line":55,"column":2},"end":{"line":59,"column":3}},{"start":{},"end":{}}]},"2":{"loc":{"start":{"line":67,"column":4},"end":{"line":75,"column":5}},"type":"if","locations":[{"start":{"line":67,"column":4},"end":{"line":75,"column":5}},{"start":{},"end":{}}]},"3":{"loc":{"start":{"line":67,"column":8},"end":{"line":67,"column":70}},"type":"binary-expr","locations":[{"start":{"line":67,"column":8},"end":{"line":67,"column":36}},{"start":{"line":67,"column":40},"end":{"line":67,"column":70}}]},"4":{"loc":{"start":{"line":78,"column":2},"end":{"line":80,"column":3}},"type":"if","locations":[{"start":{"line":78,"column":2},"end":{"line":80,"column":3}},{"start":{},"end":{}}]},"5":{"loc":{"start":{"line":78,"column":6},"end":{"line":78,"column":49}},"type":"binary-expr","locations":[{"start":{"line":78,"column":6},"end":{"line":78,"column":13}},{"start":{"line":78,"column":17},"end":{"line":78,"column":49}}]},"6":{"loc":{"start":{"line":85,"column":4},"end":{"line":88,"column":5}},"type":"if","locations":[{"start":{"line":85,"column":4},"end":{"line":88,"column":5}},{"start":{},"end":{}}]},"7":{"loc":{"start":{"line":85,"column":8},"end":{"line":85,"column":41}},"type":"binary-expr","locations":[{"start":{"line":85,"column":8},"end":{"line":85,"column":20}},{"start":{"line":85,"column":24},"end":{"line":85,"column":41}}]},"8":{"loc":{"start":{"line":96,"column":2},"end":{"line":98,"column":3}},"type":"if","locations":[{"start":{"line":96,"column":2},"end":{"line":98,"column":3}},{"start":{},"end":{}}]},"9":{"loc":{"start":{"line":111,"column":2},"end":{"line":111,"column":44}},"type":"if","locations":[{"start":{"line":111,"column":2},"end":{"line":111,"column":44}},{"start":{},"end":{}}]},"10":{"loc":{"start":{"line":114,"column":2},"end":{"line":114,"column":44}},"type":"if","locations":[{"start":{"line":114,"column":2},"end":{"line":114,"column":44}},{"start":{},"end":{}}]},"11":{"loc":{"start":{"line":117,"column":2},"end":{"line":117,"column":42}},"type":"if","locations":[{"start":{"line":117,"column":2},"end":{"line":117,"column":42}},{"start":{},"end":{}}]},"12":{"loc":{"start":{"line":120,"column":2},"end":{"line":124,"column":3}},"type":"if","locations":[{"start":{"line":120,"column":2},"end":{"line":124,"column":3}},{"start":{},"end":{}}]},"13":{"loc":{"start":{"line":120,"column":6},"end":{"line":120,"column":50}},"type":"binary-expr","locations":[{"start":{"line":120,"column":6},"end":{"line":120,"column":16}},{"start":{"line":120,"column":20},"end":{"line":120,"column":50}}]},"14":{"loc":{"start":{"line":128,"column":4},"end":{"line":139,"column":5}},"type":"if","locations":[{"start":{"line":128,"column":4},"end":{"line":139,"column":5}},{"start":{},"end":{}}]},"15":{"loc":{"start":{"line":129,"column":6},"end":{"line":134,"column":24}},"type":"binary-expr","locations":[{"start":{"line":129,"column":6},"end":{"line":129,"column":19}},{"start":{"line":130,"column":6},"end":{"line":130,"column":21}},{"start":{"line":131,"column":6},"end":{"line":131,"column":20}},{"start":{"line":132,"column":6},"end":{"line":132,"column":20}},{"start":{"line":133,"column":6},"end":{"line":133,"column":21}},{"start":{"line":134,"column":6},"end":{"line":134,"column":24}}]},"16":{"loc":{"start":{"line":136,"column":6},"end":{"line":138,"column":94}},"type":"if","locations":[{"start":{"line":136,"column":6},"end":{"line":138,"column":94}},{"start":{"line":138,"column":13},"end":{"line":138,"column":94}}]},"17":{"loc":{"start":{"line":143,"column":2},"end":{"line":151,"column":3}},"type":"if","locations":[{"start":{"line":143,"column":2},"end":{"line":151,"column":3}},{"start":{},"end":{}}]},"18":{"loc":{"start":{"line":144,"column":4},"end":{"line":150,"column":5}},"type":"if","locations":[{"start":{"line":144,"column":4},"end":{"line":150,"column":5}},{"start":{"line":148,"column":11},"end":{"line":150,"column":5}}]}},"s":{"0":15,"1":15,"2":15,"3":15,"4":15,"5":15,"6":1,"7":1,"8":0,"9":3,"10":3,"11":0,"12":3,"13":3,"14":1,"15":1,"16":1,"17":3,"18":3,"19":3,"20":3,"21":3,"22":2,"23":2,"24":2,"25":2,"26":2,"27":2,"28":2,"29":2,"30":2,"31":3,"32":2,"33":1,"34":1,"35":1,"36":1,"37":0,"38":1,"39":1,"40":1,"41":1,"42":1,"43":0,"44":1,"45":1,"46":0,"47":6,"48":6,"49":0,"50":6,"51":0,"52":6,"53":0,"54":6,"55":0,"56":0,"57":6,"58":13,"59":4,"60":3,"61":1,"62":5,"63":3,"64":0,"65":0,"66":3,"67":4,"68":0,"69":0},"f":{"0":1,"1":1,"2":0,"3":3,"4":0,"5":1,"6":6,"7":0,"8":0,"9":0},"b":{"0":[0,3],"1":[1,2],"2":[2,0],"3":[2,2],"4":[2,1],"5":[3,1],"6":[1,0],"7":[1,1],"8":[0,1],"9":[0,6],"10":[0,6],"11":[0,6],"12":[0,6],"13":[6,0],"14":[4,9],"15":[13,7,7,7,7,7],"16":[3,1],"17":[3,2],"18":[0,3]}}
,"C:\\Users\\Noahh\\Code\\VScode\\Modules\\JS\\Opti\\src\\elements.ts": {"path":"C:\\Users\\Noahh\\Code\\VScode\\Modules\\JS\\Opti\\src\\elements.ts","statementMap":{"0":{"start":{"line":1,"column":0},"end":{"line":1,"column":16}},"1":{"start":{"line":9,"column":0},"end":{"line":9,"column":16}},"2":{"start":{"line":13,"column":0},"end":{"line":13,"column":16}},"3":{"start":{"line":17,"column":0},"end":{"line":17,"column":16}},"4":{"start":{"line":21,"column":0},"end":{"line":21,"column":16}},"5":{"start":{"line":45,"column":0},"end":{"line":45,"column":16}},"6":{"start":{"line":103,"column":0},"end":{"line":103,"column":16}},"7":{"start":{"line":107,"column":0},"end":{"line":107,"column":16}},"8":{"start":{"line":130,"column":0},"end":{"line":130,"column":16}},"9":{"start":{"line":134,"column":0},"end":{"line":134,"column":16}},"10":{"start":{"line":154,"column":0},"end":{"line":154,"column":16}},"11":{"start":{"line":158,"column":0},"end":{"line":158,"column":16}},"12":{"start":{"line":162,"column":0},"end":{"line":162,"column":16}},"13":{"start":{"line":170,"column":0},"end":{"line":170,"column":16}},"14":{"start":{"line":175,"column":0},"end":{"line":175,"column":16}},"15":{"start":{"line":179,"column":0},"end":{"line":179,"column":16}},"16":{"start":{"line":183,"column":0},"end":{"line":183,"column":16}},"17":{"start":{"line":192,"column":0},"end":{"line":192,"column":16}},"18":{"start":{"line":211,"column":0},"end":{"line":211,"column":16}},"19":{"start":{"line":234,"column":0},"end":{"line":234,"column":16}},"20":{"start":{"line":276,"column":0},"end":{"line":276,"column":16}},"21":{"start":{"line":2,"column":2},"end":{"line":6,"column":3}},"22":{"start":{"line":3,"column":4},"end":{"line":3,"column":37}},"23":{"start":{"line":5,"column":4},"end":{"line":5,"column":33}},"24":{"start":{"line":10,"column":2},"end":{"line":10,"column":30}},"25":{"start":{"line":14,"column":2},"end":{"line":14,"column":33}},"26":{"start":{"line":18,"column":2},"end":{"line":18,"column":33}},"27":{"start":{"line":22,"column":2},"end":{"line":22,"column":42}},"28":{"start":{"line":26,"column":2},"end":{"line":26,"column":37}},"29":{"start":{"line":26,"column":28},"end":{"line":26,"column":37}},"30":{"start":{"line":27,"column":2},"end":{"line":27,"column":48}},"31":{"start":{"line":27,"column":28},"end":{"line":27,"column":48}},"32":{"start":{"line":28,"column":2},"end":{"line":28,"column":14}},"33":{"start":{"line":32,"column":2},"end":{"line":32,"column":61}},"34":{"start":{"line":32,"column":44},"end":{"line":32,"column":59}},"35":{"start":{"line":37,"column":2},"end":{"line":37,"column":59}},"36":{"start":{"line":37,"column":36},"end":{"line":37,"column":57}},"37":{"start":{"line":50,"column":14},"end":{"line":50,"column":24}},"38":{"start":{"line":52,"column":2},"end":{"line":82,"column":3}},"39":{"start":{"line":54,"column":30},"end":{"line":54,"column":32}},"40":{"start":{"line":55,"column":4},"end":{"line":64,"column":5}},"41":{"start":{"line":55,"column":17},"end":{"line":55,"column":18}},"42":{"start":{"line":56,"column":48},"end":{"line":56,"column":54}},"43":{"start":{"line":58,"column":6},"end":{"line":58,"column":26}},"44":{"start":{"line":58,"column":17},"end":{"line":58,"column":26}},"45":{"start":{"line":60,"column":24},"end":{"line":60,"column":41}},"46":{"start":{"line":61,"column":20},"end":{"line":61,"column":53}},"47":{"start":{"line":63,"column":6},"end":{"line":63,"column":72}},"48":{"start":{"line":66,"column":4},"end":{"line":79,"column":5}},"49":{"start":{"line":67,"column":23},"end":{"line":67,"column":45}},"50":{"start":{"line":68,"column":37},"end":{"line":68,"column":39}},"51":{"start":{"line":70,"column":6},"end":{"line":76,"column":7}},"52":{"start":{"line":70,"column":19},"end":{"line":70,"column":20}},"53":{"start":{"line":71,"column":21},"end":{"line":71,"column":32}},"54":{"start":{"line":72,"column":8},"end":{"line":72,"column":28}},"55":{"start":{"line":72,"column":19},"end":{"line":72,"column":28}},"56":{"start":{"line":73,"column":26},"end":{"line":73,"column":43}},"57":{"start":{"line":74,"column":22},"end":{"line":74,"column":60}},"58":{"start":{"line":75,"column":8},"end":{"line":75,"column":79}},"59":{"start":{"line":78,"column":6},"end":{"line":78,"column":43}},"60":{"start":{"line":81,"column":4},"end":{"line":81,"column":18}},"61":{"start":{"line":84,"column":2},"end":{"line":100,"column":3}},"62":{"start":{"line":85,"column":4},"end":{"line":92,"column":5}},"63":{"start":{"line":86,"column":6},"end":{"line":86,"column":70}},"64":{"start":{"line":89,"column":6},"end":{"line":91,"column":7}},"65":{"start":{"line":90,"column":8},"end":{"line":90,"column":60}},"66":{"start":{"line":95,"column":4},"end":{"line":99,"column":5}},"67":{"start":{"line":96,"column":6},"end":{"line":98,"column":7}},"68":{"start":{"line":97,"column":8},"end":{"line":97,"column":59}},"69":{"start":{"line":104,"column":2},"end":{"line":104,"column":28}},"70":{"start":{"line":109,"column":2},"end":{"line":116,"column":3}},"71":{"start":{"line":110,"column":28},"end":{"line":110,"column":32}},"72":{"start":{"line":111,"column":4},"end":{"line":114,"column":5}},"73":{"start":{"line":111,"column":17},"end":{"line":111,"column":18}},"74":{"start":{"line":112,"column":6},"end":{"line":112,"column":41}},"75":{"start":{"line":112,"column":29},"end":{"line":112,"column":41}},"76":{"start":{"line":113,"column":6},"end":{"line":113,"column":29}},"77":{"start":{"line":115,"column":4},"end":{"line":115,"column":16}},"78":{"start":{"line":119,"column":19},"end":{"line":119,"column":22}},"79":{"start":{"line":120,"column":27},"end":{"line":120,"column":78}},"80":{"start":{"line":121,"column":2},"end":{"line":126,"column":3}},"81":{"start":{"line":122,"column":4},"end":{"line":124,"column":5}},"82":{"start":{"line":123,"column":6},"end":{"line":123,"column":21}},"83":{"start":{"line":125,"column":4},"end":{"line":125,"column":26}},"84":{"start":{"line":127,"column":2},"end":{"line":127,"column":14}},"85":{"start":{"line":131,"column":2},"end":{"line":131,"column":73}},"86":{"start":{"line":136,"column":2},"end":{"line":148,"column":3}},"87":{"start":{"line":137,"column":4},"end":{"line":147,"column":5}},"88":{"start":{"line":138,"column":6},"end":{"line":138,"column":26}},"89":{"start":{"line":139,"column":21},"end":{"line":139,"column":36}},"90":{"start":{"line":142,"column":6},"end":{"line":144,"column":17}},"91":{"start":{"line":146,"column":6},"end":{"line":146,"column":54}},"92":{"start":{"line":151,"column":2},"end":{"line":151,"column":32}},"93":{"start":{"line":155,"column":2},"end":{"line":155,"column":36}},"94":{"start":{"line":159,"column":2},"end":{"line":159,"column":35}},"95":{"start":{"line":163,"column":2},"end":{"line":167,"column":3}},"96":{"start":{"line":164,"column":4},"end":{"line":164,"column":16}},"97":{"start":{"line":166,"column":4},"end":{"line":166,"column":16}},"98":{"start":{"line":171,"column":2},"end":{"line":171,"column":155}},"99":{"start":{"line":171,"column":30},"end":{"line":171,"column":155}},"100":{"start":{"line":172,"column":2},"end":{"line":172,"column":47}},"101":{"start":{"line":176,"column":2},"end":{"line":176,"column":50}},"102":{"start":{"line":180,"column":2},"end":{"line":180,"column":25}},"103":{"start":{"line":184,"column":19},"end":{"line":184,"column":58}},"104":{"start":{"line":185,"column":2},"end":{"line":189,"column":3}},"105":{"start":{"line":186,"column":4},"end":{"line":186,"column":20}},"106":{"start":{"line":188,"column":4},"end":{"line":188,"column":59}},"107":{"start":{"line":188,"column":35},"end":{"line":188,"column":57}},"108":{"start":{"line":193,"column":19},"end":{"line":193,"column":37}},"109":{"start":{"line":196,"column":38},"end":{"line":196,"column":40}},"110":{"start":{"line":199,"column":2},"end":{"line":201,"column":5}},"111":{"start":{"line":200,"column":4},"end":{"line":200,"column":42}},"112":{"start":{"line":204,"column":2},"end":{"line":208,"column":15}},"113":{"start":{"line":206,"column":6},"end":{"line":206,"column":71}},"114":{"start":{"line":212,"column":16},"end":{"line":212,"column":78}},"115":{"start":{"line":215,"column":2},"end":{"line":217,"column":3}},"116":{"start":{"line":216,"column":4},"end":{"line":216,"column":46}},"117":{"start":{"line":220,"column":2},"end":{"line":222,"column":3}},"118":{"start":{"line":221,"column":4},"end":{"line":221,"column":45}},"119":{"start":{"line":225,"column":2},"end":{"line":227,"column":3}},"120":{"start":{"line":226,"column":4},"end":{"line":226,"column":45}},"121":{"start":{"line":229,"column":2},"end":{"line":229,"column":16}},"122":{"start":{"line":231,"column":2},"end":{"line":231,"column":15}},"123":{"start":{"line":235,"column":2},"end":{"line":237,"column":38}},"124":{"start":{"line":245,"column":16},"end":{"line":245,"column":33}},"125":{"start":{"line":247,"column":2},"end":{"line":265,"column":3}},"126":{"start":{"line":249,"column":6},"end":{"line":249,"column":19}},"127":{"start":{"line":252,"column":18},"end":{"line":252,"column":31}},"128":{"start":{"line":253,"column":6},"end":{"line":253,"column":54}},"129":{"start":{"line":256,"column":6},"end":{"line":256,"column":54}},"130":{"start":{"line":256,"column":42},"end":{"line":256,"column":54}},"131":{"start":{"line":257,"column":6},"end":{"line":257,"column":56}},"132":{"start":{"line":257,"column":43},"end":{"line":257,"column":56}},"133":{"start":{"line":260,"column":19},"end":{"line":260,"column":34}},"134":{"start":{"line":261,"column":6},"end":{"line":261,"column":46}},"135":{"start":{"line":261,"column":34},"end":{"line":261,"column":46}},"136":{"start":{"line":264,"column":6},"end":{"line":264,"column":18}},"137":{"start":{"line":269,"column":20},"end":{"line":269,"column":36}},"138":{"start":{"line":270,"column":20},"end":{"line":270,"column":41}},"139":{"start":{"line":271,"column":15},"end":{"line":271,"column":25}},"140":{"start":{"line":272,"column":2},"end":{"line":272,"column":40}},"141":{"start":{"line":273,"column":2},"end":{"line":273,"column":14}},"142":{"start":{"line":277,"column":15},"end":{"line":277,"column":19}},"143":{"start":{"line":279,"column":2},"end":{"line":307,"column":4}},"144":{"start":{"line":281,"column":6},"end":{"line":293,"column":7}},"145":{"start":{"line":284,"column":10},"end":{"line":284,"column":30}},"146":{"start":{"line":288,"column":10},"end":{"line":288,"column":49}},"147":{"start":{"line":288,"column":37},"end":{"line":288,"column":49}},"148":{"start":{"line":289,"column":10},"end":{"line":289,"column":51}},"149":{"start":{"line":289,"column":38},"end":{"line":289,"column":51}},"150":{"start":{"line":292,"column":10},"end":{"line":292,"column":22}},"151":{"start":{"line":296,"column":18},"end":{"line":296,"column":36}},"152":{"start":{"line":297,"column":6},"end":{"line":297,"column":44}},"153":{"start":{"line":300,"column":17},"end":{"line":300,"column":33}},"154":{"start":{"line":301,"column":6},"end":{"line":301,"column":70}},"155":{"start":{"line":301,"column":41},"end":{"line":301,"column":70}},"156":{"start":{"line":302,"column":6},"end":{"line":302,"column":18}},"157":{"start":{"line":305,"column":6},"end":{"line":305,"column":30}}},"fnMap":{"0":{"name":"hasText","decl":{"start":{"line":1,"column":16},"end":{"line":1,"column":23}},"loc":{"start":{"line":1,"column":60},"end":{"line":7,"column":1}}},"1":{"name":"addClass","decl":{"start":{"line":9,"column":16},"end":{"line":9,"column":24}},"loc":{"start":{"line":9,"column":55},"end":{"line":11,"column":1}}},"2":{"name":"removeClass","decl":{"start":{"line":13,"column":16},"end":{"line":13,"column":27}},"loc":{"start":{"line":13,"column":58},"end":{"line":15,"column":1}}},"3":{"name":"toggleClass","decl":{"start":{"line":17,"column":16},"end":{"line":17,"column":27}},"loc":{"start":{"line":17,"column":58},"end":{"line":19,"column":1}}},"4":{"name":"hasClass","decl":{"start":{"line":21,"column":16},"end":{"line":21,"column":24}},"loc":{"start":{"line":21,"column":55},"end":{"line":23,"column":1}}},"5":{"name":"parseUnit","decl":{"start":{"line":25,"column":9},"end":{"line":25,"column":18}},"loc":{"start":{"line":25,"column":31},"end":{"line":29,"column":1}}},"6":{"name":"dashToCamel","decl":{"start":{"line":31,"column":9},"end":{"line":31,"column":20}},"loc":{"start":{"line":31,"column":32},"end":{"line":33,"column":1}}},"7":{"name":"(anonymous_7)","decl":{"start":{"line":32,"column":34},"end":{"line":32,"column":35}},"loc":{"start":{"line":32,"column":44},"end":{"line":32,"column":59}}},"8":{"name":"camelToDash","decl":{"start":{"line":36,"column":9},"end":{"line":36,"column":20}},"loc":{"start":{"line":36,"column":32},"end":{"line":38,"column":1}}},"9":{"name":"(anonymous_9)","decl":{"start":{"line":37,"column":31},"end":{"line":37,"column":32}},"loc":{"start":{"line":37,"column":36},"end":{"line":37,"column":57}}},"10":{"name":"css","decl":{"start":{"line":45,"column":16},"end":{"line":45,"column":19}},"loc":{"start":{"line":48,"column":25},"end":{"line":101,"column":1}}},"11":{"name":"getParent","decl":{"start":{"line":103,"column":16},"end":{"line":103,"column":25}},"loc":{"start":{"line":103,"column":25},"end":{"line":105,"column":1}}},"12":{"name":"getAncestor","decl":{"start":{"line":107,"column":16},"end":{"line":107,"column":27}},"loc":{"start":{"line":107,"column":84},"end":{"line":128,"column":1}}},"13":{"name":"html","decl":{"start":{"line":130,"column":16},"end":{"line":130,"column":20}},"loc":{"start":{"line":130,"column":50},"end":{"line":132,"column":1}}},"14":{"name":"text","decl":{"start":{"line":134,"column":16},"end":{"line":134,"column":20}},"loc":{"start":{"line":134,"column":100},"end":{"line":152,"column":1}}},"15":{"name":"show","decl":{"start":{"line":154,"column":16},"end":{"line":154,"column":20}},"loc":{"start":{"line":154,"column":20},"end":{"line":156,"column":1}}},"16":{"name":"hide","decl":{"start":{"line":158,"column":16},"end":{"line":158,"column":20}},"loc":{"start":{"line":158,"column":20},"end":{"line":160,"column":1}}},"17":{"name":"toggle","decl":{"start":{"line":162,"column":16},"end":{"line":162,"column":22}},"loc":{"start":{"line":162,"column":22},"end":{"line":168,"column":1}}},"18":{"name":"$","decl":{"start":{"line":170,"column":16},"end":{"line":170,"column":17}},"loc":{"start":{"line":170,"column":52},"end":{"line":173,"column":1}}},"19":{"name":"$$","decl":{"start":{"line":175,"column":16},"end":{"line":175,"column":18}},"loc":{"start":{"line":175,"column":53},"end":{"line":177,"column":1}}},"20":{"name":"getChildren","decl":{"start":{"line":179,"column":16},"end":{"line":179,"column":27}},"loc":{"start":{"line":179,"column":27},"end":{"line":181,"column":1}}},"21":{"name":"getSiblings","decl":{"start":{"line":183,"column":16},"end":{"line":183,"column":27}},"loc":{"start":{"line":183,"column":64},"end":{"line":190,"column":1}}},"22":{"name":"(anonymous_22)","decl":{"start":{"line":188,"column":27},"end":{"line":188,"column":31}},"loc":{"start":{"line":188,"column":35},"end":{"line":188,"column":57}}},"23":{"name":"serialize","decl":{"start":{"line":192,"column":16},"end":{"line":192,"column":25}},"loc":{"start":{"line":192,"column":25},"end":{"line":209,"column":1}}},"24":{"name":"(anonymous_24)","decl":{"start":{"line":199,"column":19},"end":{"line":199,"column":20}},"loc":{"start":{"line":199,"column":34},"end":{"line":201,"column":3}}},"25":{"name":"(anonymous_25)","decl":{"start":{"line":205,"column":9},"end":{"line":205,"column":10}},"loc":{"start":{"line":205,"column":26},"end":{"line":207,"column":5}}},"26":{"name":"cut","decl":{"start":{"line":211,"column":16},"end":{"line":211,"column":19}},"loc":{"start":{"line":211,"column":19},"end":{"line":232,"column":1}}},"27":{"name":"isVisible","decl":{"start":{"line":234,"column":16},"end":{"line":234,"column":25}},"loc":{"start":{"line":234,"column":25},"end":{"line":238,"column":1}}},"28":{"name":"as","decl":{"start":{"line":244,"column":9},"end":{"line":244,"column":11}},"loc":{"start":{"line":244,"column":48},"end":{"line":266,"column":1}}},"29":{"name":"parseTime","decl":{"start":{"line":268,"column":9},"end":{"line":268,"column":18}},"loc":{"start":{"line":268,"column":32},"end":{"line":274,"column":1}}},"30":{"name":"val","decl":{"start":{"line":276,"column":16},"end":{"line":276,"column":19}},"loc":{"start":{"line":276,"column":19},"end":{"line":308,"column":1}}},"31":{"name":"(anonymous_31)","decl":{"start":{"line":280,"column":4},"end":{"line":280,"column":13}},"loc":{"start":{"line":280,"column":13},"end":{"line":294,"column":5}}},"32":{"name":"(anonymous_32)","decl":{"start":{"line":295,"column":4},"end":{"line":295,"column":12}},"loc":{"start":{"line":295,"column":12},"end":{"line":298,"column":5}}},"33":{"name":"(anonymous_33)","decl":{"start":{"line":299,"column":4},"end":{"line":299,"column":10}},"loc":{"start":{"line":299,"column":10},"end":{"line":303,"column":5}}},"34":{"name":"(anonymous_34)","decl":{"start":{"line":304,"column":4},"end":{"line":304,"column":12}},"loc":{"start":{"line":304,"column":12},"end":{"line":306,"column":5}}}},"branchMap":{"0":{"loc":{"start":{"line":2,"column":2},"end":{"line":6,"column":3}},"type":"if","locations":[{"start":{"line":2,"column":2},"end":{"line":6,"column":3}},{"start":{"line":4,"column":9},"end":{"line":6,"column":3}}]},"1":{"loc":{"start":{"line":26,"column":2},"end":{"line":26,"column":37}},"type":"if","locations":[{"start":{"line":26,"column":2},"end":{"line":26,"column":37}},{"start":{},"end":{}}]},"2":{"loc":{"start":{"line":27,"column":2},"end":{"line":27,"column":48}},"type":"if","locations":[{"start":{"line":27,"column":2},"end":{"line":27,"column":48}},{"start":{},"end":{}}]},"3":{"loc":{"start":{"line":52,"column":2},"end":{"line":82,"column":3}},"type":"if","locations":[{"start":{"line":52,"column":2},"end":{"line":82,"column":3}},{"start":{},"end":{}}]},"4":{"loc":{"start":{"line":52,"column":6},"end":{"line":52,"column":26}},"type":"binary-expr","locations":[{"start":{"line":52,"column":6},"end":{"line":52,"column":10}},{"start":{"line":52,"column":14},"end":{"line":52,"column":26}}]},"5":{"loc":{"start":{"line":58,"column":6},"end":{"line":58,"column":26}},"type":"if","locations":[{"start":{"line":58,"column":6},"end":{"line":58,"column":26}},{"start":{},"end":{}}]},"6":{"loc":{"start":{"line":66,"column":4},"end":{"line":79,"column":5}},"type":"if","locations":[{"start":{"line":66,"column":4},"end":{"line":79,"column":5}},{"start":{},"end":{}}]},"7":{"loc":{"start":{"line":72,"column":8},"end":{"line":72,"column":28}},"type":"if","locations":[{"start":{"line":72,"column":8},"end":{"line":72,"column":28}},{"start":{},"end":{}}]},"8":{"loc":{"start":{"line":84,"column":2},"end":{"line":100,"column":3}},"type":"if","locations":[{"start":{"line":84,"column":2},"end":{"line":100,"column":3}},{"start":{"line":93,"column":9},"end":{"line":100,"column":3}}]},"9":{"loc":{"start":{"line":85,"column":4},"end":{"line":92,"column":5}},"type":"if","locations":[{"start":{"line":85,"column":4},"end":{"line":92,"column":5}},{"start":{"line":87,"column":11},"end":{"line":92,"column":5}}]},"10":{"loc":{"start":{"line":89,"column":6},"end":{"line":91,"column":7}},"type":"if","locations":[{"start":{"line":89,"column":6},"end":{"line":91,"column":7}},{"start":{},"end":{}}]},"11":{"loc":{"start":{"line":96,"column":6},"end":{"line":98,"column":7}},"type":"if","locations":[{"start":{"line":96,"column":6},"end":{"line":98,"column":7}},{"start":{},"end":{}}]},"12":{"loc":{"start":{"line":96,"column":10},"end":{"line":96,"column":43}},"type":"binary-expr","locations":[{"start":{"line":96,"column":10},"end":{"line":96,"column":22}},{"start":{"line":96,"column":26},"end":{"line":96,"column":43}}]},"13":{"loc":{"start":{"line":109,"column":2},"end":{"line":116,"column":3}},"type":"if","locations":[{"start":{"line":109,"column":2},"end":{"line":116,"column":3}},{"start":{},"end":{}}]},"14":{"loc":{"start":{"line":112,"column":6},"end":{"line":112,"column":41}},"type":"if","locations":[{"start":{"line":112,"column":6},"end":{"line":112,"column":41}},{"start":{},"end":{}}]},"15":{"loc":{"start":{"line":112,"column":11},"end":{"line":112,"column":27}},"type":"cond-expr","locations":[{"start":{"line":112,"column":15},"end":{"line":112,"column":17}},{"start":{"line":112,"column":11},"end":{"line":112,"column":27}}]},"16":{"loc":{"start":{"line":112,"column":11},"end":{"line":112,"column":17}},"type":"binary-expr","locations":[{"start":{"line":112,"column":11},"end":{"line":112,"column":17}},{"start":{"line":112,"column":11},"end":{"line":112,"column":17}}]},"17":{"loc":{"start":{"line":120,"column":27},"end":{"line":120,"column":78}},"type":"cond-expr","locations":[{"start":{"line":120,"column":53},"end":{"line":120,"column":57}},{"start":{"line":120,"column":60},"end":{"line":120,"column":78}}]},"18":{"loc":{"start":{"line":122,"column":4},"end":{"line":124,"column":5}},"type":"if","locations":[{"start":{"line":122,"column":4},"end":{"line":124,"column":5}},{"start":{},"end":{}}]},"19":{"loc":{"start":{"line":131,"column":9},"end":{"line":131,"column":72}},"type":"cond-expr","locations":[{"start":{"line":131,"column":32},"end":{"line":131,"column":54}},{"start":{"line":131,"column":58},"end":{"line":131,"column":72}}]},"20":{"loc":{"start":{"line":136,"column":2},"end":{"line":148,"column":3}},"type":"if","locations":[{"start":{"line":136,"column":2},"end":{"line":148,"column":3}},{"start":{},"end":{}}]},"21":{"loc":{"start":{"line":137,"column":4},"end":{"line":147,"column":5}},"type":"if","locations":[{"start":{"line":137,"column":4},"end":{"line":147,"column":5}},{"start":{"line":145,"column":11},"end":{"line":147,"column":5}}]},"22":{"loc":{"start":{"line":142,"column":25},"end":{"line":144,"column":16}},"type":"cond-expr","locations":[{"start":{"line":143,"column":10},"end":{"line":143,"column":63}},{"start":{"line":144,"column":10},"end":{"line":144,"column":16}}]},"23":{"loc":{"start":{"line":143,"column":40},"end":{"line":143,"column":62}},"type":"cond-expr","locations":[{"start":{"line":143,"column":56},"end":{"line":143,"column":60}},{"start":{"line":143,"column":60},"end":{"line":143,"column":62}}]},"24":{"loc":{"start":{"line":143,"column":40},"end":{"line":143,"column":60}},"type":"binary-expr","locations":[{"start":{"line":143,"column":40},"end":{"line":143,"column":60}},{"start":{"line":143,"column":56},"end":{"line":143,"column":60}}]},"25":{"loc":{"start":{"line":146,"column":30},"end":{"line":146,"column":52}},"type":"cond-expr","locations":[{"start":{"line":146,"column":46},"end":{"line":146,"column":50}},{"start":{"line":146,"column":50},"end":{"line":146,"column":52}}]},"26":{"loc":{"start":{"line":146,"column":30},"end":{"line":146,"column":50}},"type":"binary-expr","locations":[{"start":{"line":146,"column":30},"end":{"line":146,"column":50}},{"start":{"line":146,"column":46},"end":{"line":146,"column":50}}]},"27":{"loc":{"start":{"line":151,"column":9},"end":{"line":151,"column":31}},"type":"cond-expr","locations":[{"start":{"line":151,"column":25},"end":{"line":151,"column":29}},{"start":{"line":151,"column":29},"end":{"line":151,"column":31}}]},"28":{"loc":{"start":{"line":151,"column":9},"end":{"line":151,"column":29}},"type":"binary-expr","locations":[{"start":{"line":151,"column":9},"end":{"line":151,"column":29}},{"start":{"line":151,"column":25},"end":{"line":151,"column":29}}]},"29":{"loc":{"start":{"line":163,"column":2},"end":{"line":167,"column":3}},"type":"if","locations":[{"start":{"line":163,"column":2},"end":{"line":167,"column":3}},{"start":{"line":165,"column":9},"end":{"line":167,"column":3}}]},"30":{"loc":{"start":{"line":163,"column":6},"end":{"line":163,"column":75}},"type":"binary-expr","locations":[{"start":{"line":163,"column":6},"end":{"line":163,"column":42}},{"start":{"line":163,"column":46},"end":{"line":163,"column":75}}]},"31":{"loc":{"start":{"line":171,"column":2},"end":{"line":171,"column":155}},"type":"if","locations":[{"start":{"line":171,"column":2},"end":{"line":171,"column":155}},{"start":{},"end":{}}]},"32":{"loc":{"start":{"line":185,"column":2},"end":{"line":189,"column":3}},"type":"if","locations":[{"start":{"line":185,"column":2},"end":{"line":189,"column":3}},{"start":{"line":187,"column":9},"end":{"line":189,"column":3}}]},"33":{"loc":{"start":{"line":225,"column":2},"end":{"line":227,"column":3}},"type":"if","locations":[{"start":{"line":225,"column":2},"end":{"line":227,"column":3}},{"start":{},"end":{}}]},"34":{"loc":{"start":{"line":225,"column":6},"end":{"line":225,"column":65}},"type":"binary-expr","locations":[{"start":{"line":225,"column":6},"end":{"line":225,"column":33}},{"start":{"line":225,"column":37},"end":{"line":225,"column":65}}]},"35":{"loc":{"start":{"line":235,"column":9},"end":{"line":237,"column":37}},"type":"cond-expr","locations":[{"start":{"line":236,"column":6},"end":{"line":236,"column":36}},{"start":{"line":237,"column":6},"end":{"line":237,"column":37}}]},"36":{"loc":{"start":{"line":247,"column":2},"end":{"line":265,"column":3}},"type":"switch","locations":[{"start":{"line":248,"column":4},"end":{"line":249,"column":19}},{"start":{"line":251,"column":4},"end":{"line":253,"column":54}},{"start":{"line":255,"column":4},"end":{"line":257,"column":56}},{"start":{"line":259,"column":4},"end":{"line":261,"column":46}},{"start":{"line":263,"column":4},"end":{"line":264,"column":18}}]},"37":{"loc":{"start":{"line":253,"column":13},"end":{"line":253,"column":53}},"type":"cond-expr","locations":[{"start":{"line":253,"column":43},"end":{"line":253,"column":46}},{"start":{"line":253,"column":49},"end":{"line":253,"column":53}}]},"38":{"loc":{"start":{"line":253,"column":13},"end":{"line":253,"column":40}},"type":"binary-expr","locations":[{"start":{"line":253,"column":13},"end":{"line":253,"column":24}},{"start":{"line":253,"column":28},"end":{"line":253,"column":40}}]},"39":{"loc":{"start":{"line":256,"column":6},"end":{"line":256,"column":54}},"type":"if","locations":[{"start":{"line":256,"column":6},"end":{"line":256,"column":54}},{"start":{},"end":{}}]},"40":{"loc":{"start":{"line":257,"column":6},"end":{"line":257,"column":56}},"type":"if","locations":[{"start":{"line":257,"column":6},"end":{"line":257,"column":56}},{"start":{},"end":{}}]},"41":{"loc":{"start":{"line":261,"column":6},"end":{"line":261,"column":46}},"type":"if","locations":[{"start":{"line":261,"column":6},"end":{"line":261,"column":46}},{"start":{},"end":{}}]},"42":{"loc":{"start":{"line":270,"column":21},"end":{"line":270,"column":29}},"type":"cond-expr","locations":[{"start":{"line":270,"column":21},"end":{"line":270,"column":22}},{"start":{"line":270,"column":26},"end":{"line":270,"column":29}}]},"43":{"loc":{"start":{"line":270,"column":21},"end":{"line":270,"column":26}},"type":"binary-expr","locations":[{"start":{"line":270,"column":21},"end":{"line":270,"column":26}},{"start":{"line":270,"column":21},"end":{"line":270,"column":26}}]},"44":{"loc":{"start":{"line":272,"column":30},"end":{"line":272,"column":38}},"type":"binary-expr","locations":[{"start":{"line":272,"column":30},"end":{"line":272,"column":33}},{"start":{"line":272,"column":37},"end":{"line":272,"column":38}}]},"45":{"loc":{"start":{"line":281,"column":6},"end":{"line":293,"column":7}},"type":"switch","locations":[{"start":{"line":282,"column":8},"end":{"line":282,"column":24}},{"start":{"line":283,"column":8},"end":{"line":284,"column":30}},{"start":{"line":287,"column":8},"end":{"line":292,"column":22}}]},"46":{"loc":{"start":{"line":288,"column":10},"end":{"line":288,"column":49}},"type":"if","locations":[{"start":{"line":288,"column":10},"end":{"line":288,"column":49}},{"start":{},"end":{}}]},"47":{"loc":{"start":{"line":289,"column":10},"end":{"line":289,"column":51}},"type":"if","locations":[{"start":{"line":289,"column":10},"end":{"line":289,"column":51}},{"start":{},"end":{}}]},"48":{"loc":{"start":{"line":297,"column":13},"end":{"line":297,"column":43}},"type":"cond-expr","locations":[{"start":{"line":297,"column":33},"end":{"line":297,"column":37}},{"start":{"line":297,"column":40},"end":{"line":297,"column":43}}]},"49":{"loc":{"start":{"line":301,"column":6},"end":{"line":301,"column":70}},"type":"if","locations":[{"start":{"line":301,"column":6},"end":{"line":301,"column":70}},{"start":{},"end":{}}]},"50":{"loc":{"start":{"line":301,"column":10},"end":{"line":301,"column":39}},"type":"binary-expr","locations":[{"start":{"line":301,"column":10},"end":{"line":301,"column":15}},{"start":{"line":301,"column":19},"end":{"line":301,"column":39}}]},"51":{"loc":{"start":{"line":305,"column":13},"end":{"line":305,"column":29}},"type":"cond-expr","locations":[{"start":{"line":305,"column":23},"end":{"line":305,"column":27}},{"start":{"line":305,"column":27},"end":{"line":305,"column":29}}]},"52":{"loc":{"start":{"line":305,"column":13},"end":{"line":305,"column":27}},"type":"binary-expr","locations":[{"start":{"line":305,"column":13},"end":{"line":305,"column":27}},{"start":{"line":305,"column":23},"end":{"line":305,"column":27}}]}},"s":{"0":15,"1":15,"2":15,"3":15,"4":15,"5":15,"6":15,"7":15,"8":15,"9":15,"10":15,"11":15,"12":15,"13":15,"14":15,"15":15,"16":15,"17":15,"18":15,"19":15,"20":15,"21":2,"22":2,"23":0,"24":11,"25":15,"26":14,"27":2,"28":17,"29":2,"30":15,"31":2,"32":13,"33":9,"34":2,"35":17,"36":4,"37":20,"38":20,"39":2,"40":2,"41":2,"42":5,"43":5,"44":0,"45":5,"46":5,"47":5,"48":2,"49":1,"50":1,"51":1,"52":1,"53":4,"54":4,"55":0,"56":4,"57":4,"58":4,"59":1,"60":1,"61":18,"62":17,"63":8,"64":9,"65":8,"66":1,"67":1,"68":1,"69":1,"70":6,"71":4,"72":4,"73":4,"74":8,"75":1,"76":7,"77":3,"78":2,"79":2,"80":2,"81":7,"82":1,"83":6,"84":1,"85":1,"86":4,"87":1,"88":1,"89":1,"90":1,"91":0,"92":4,"93":3,"94":3,"95":2,"96":1,"97":1,"98":5,"99":1,"100":4,"101":3,"102":1,"103":1,"104":1,"105":0,"106":1,"107":2,"108":7,"109":7,"110":7,"111":7,"112":7,"113":7,"114":0,"115":0,"116":0,"117":0,"118":0,"119":0,"120":0,"121":0,"122":0,"123":0,"124":0,"125":0,"126":0,"127":0,"128":0,"129":0,"130":0,"131":0,"132":0,"133":0,"134":0,"135":0,"136":0,"137":0,"138":0,"139":0,"140":0,"141":0,"142":5,"143":5,"144":1,"145":0,"146":1,"147":0,"148":1,"149":0,"150":1,"151":1,"152":1,"153":1,"154":1,"155":0,"156":1,"157":2},"f":{"0":2,"1":11,"2":15,"3":14,"4":2,"5":17,"6":9,"7":2,"8":17,"9":4,"10":20,"11":1,"12":6,"13":1,"14":4,"15":3,"16":3,"17":2,"18":5,"19":3,"20":1,"21":1,"22":2,"23":7,"24":7,"25":7,"26":0,"27":0,"28":0,"29":0,"30":5,"31":1,"32":1,"33":1,"34":2},"b":{"0":[2,0],"1":[2,15],"2":[2,13],"3":[2,18],"4":[20,19],"5":[0,5],"6":[1,1],"7":[0,4],"8":[17,1],"9":[8,9],"10":[8,1],"11":[1,0],"12":[1,1],"13":[4,2],"14":[1,7],"15":[0,8],"16":[8,8],"17":[2,0],"18":[1,6],"19":[1,0],"20":[1,3],"21":[1,0],"22":[0,1],"23":[0,0],"24":[0,0],"25":[0,0],"26":[0,0],"27":[4,0],"28":[4,4],"29":[1,1],"30":[2,1],"31":[1,4],"32":[0,1],"33":[0,0],"34":[0,0],"35":[0,0],"36":[0,0,0,0,0],"37":[0,0],"38":[0,0],"39":[0,0],"40":[0,0],"41":[0,0],"42":[0,0],"43":[0,0],"44":[0,0],"45":[0,0,1],"46":[0,1],"47":[0,1],"48":[1,0],"49":[0,1],"50":[1,1],"51":[2,0],"52":[2,2]}}
,"C:\\Users\\Noahh\\Code\\VScode\\Modules\\JS\\Opti\\src\\exception.ts": {"path":"C:\\Users\\Noahh\\Code\\VScode\\Modules\\JS\\Opti\\src\\exception.ts","statementMap":{"0":{"start":{"line":8,"column":4},"end":{"line":8,"column":12}},"1":{"start":{"line":2,"column":12},"end":{"line":2,"column":40}},"2":{"start":{"line":9,"column":4},"end":{"line":9,"column":34}},"3":{"start":{"line":10,"column":4},"end":{"line":10,"column":30}},"4":{"start":{"line":12,"column":4},"end":{"line":12,"column":50}},"5":{"start":{"line":16,"column":4},"end":{"line":16,"column":22}},"6":{"start":{"line":20,"column":4},"end":{"line":20,"column":25}},"7":{"start":{"line":24,"column":4},"end":{"line":24,"column":23}},"8":{"start":{"line":28,"column":4},"end":{"line":28,"column":15}},"9":{"start":{"line":32,"column":4},"end":{"line":32,"column":31}},"10":{"start":{"line":36,"column":4},"end":{"line":36,"column":71}},"11":{"start":{"line":1,"column":0},"end":{"line":1,"column":13}},"12":{"start":{"line":45,"column":4},"end":{"line":45,"column":28}},"13":{"start":{"line":46,"column":4},"end":{"line":46,"column":24}},"14":{"start":{"line":50,"column":4},"end":{"line":50,"column":30}},"15":{"start":{"line":54,"column":4},"end":{"line":54,"column":25}},"16":{"start":{"line":58,"column":4},"end":{"line":58,"column":23}},"17":{"start":{"line":62,"column":4},"end":{"line":62,"column":48}},"18":{"start":{"line":40,"column":0},"end":{"line":40,"column":13}},"19":{"start":{"line":67,"column":2},"end":{"line":69,"column":42}},"20":{"start":{"line":68,"column":4},"end":{"line":68,"column":17}},"21":{"start":{"line":72,"column":13},"end":{"line":72,"column":64}},"22":{"start":{"line":73,"column":13},"end":{"line":73,"column":62}},"23":{"start":{"line":74,"column":13},"end":{"line":74,"column":80}},"24":{"start":{"line":75,"column":13},"end":{"line":75,"column":60}},"25":{"start":{"line":76,"column":13},"end":{"line":76,"column":80}},"26":{"start":{"line":77,"column":13},"end":{"line":77,"column":66}},"27":{"start":{"line":78,"column":13},"end":{"line":78,"column":64}},"28":{"start":{"line":79,"column":13},"end":{"line":79,"column":70}},"29":{"start":{"line":81,"column":13},"end":{"line":81,"column":62}},"30":{"start":{"line":82,"column":13},"end":{"line":82,"column":60}},"31":{"start":{"line":83,"column":13},"end":{"line":83,"column":70}},"32":{"start":{"line":84,"column":13},"end":{"line":84,"column":94}},"33":{"start":{"line":85,"column":13},"end":{"line":85,"column":96}},"34":{"start":{"line":86,"column":13},"end":{"line":86,"column":94}},"35":{"start":{"line":88,"column":13},"end":{"line":88,"column":80}}},"fnMap":{"0":{"name":"(anonymous_0)","decl":{"start":{"line":7,"column":2},"end":{"line":7,"column":14}},"loc":{"start":{"line":7,"column":46},"end":{"line":13,"column":3}}},"1":{"name":"(anonymous_1)","decl":{"start":{"line":15,"column":2},"end":{"line":15,"column":13}},"loc":{"start":{"line":15,"column":17},"end":{"line":17,"column":3}}},"2":{"name":"(anonymous_2)","decl":{"start":{"line":19,"column":9},"end":{"line":19,"column":19}},"loc":{"start":{"line":19,"column":19},"end":{"line":21,"column":3}}},"3":{"name":"(anonymous_3)","decl":{"start":{"line":23,"column":9},"end":{"line":23,"column":17}},"loc":{"start":{"line":23,"column":17},"end":{"line":25,"column":3}}},"4":{"name":"(anonymous_4)","decl":{"start":{"line":27,"column":9},"end":{"line":27,"column":14}},"loc":{"start":{"line":27,"column":14},"end":{"line":29,"column":3}}},"5":{"name":"(anonymous_5)","decl":{"start":{"line":31,"column":9},"end":{"line":31,"column":22}},"loc":{"start":{"line":31,"column":22},"end":{"line":33,"column":3}}},"6":{"name":"(anonymous_6)","decl":{"start":{"line":35,"column":18},"end":{"line":35,"column":26}},"loc":{"start":{"line":35,"column":26},"end":{"line":37,"column":3}}},"7":{"name":"(anonymous_7)","decl":{"start":{"line":44,"column":2},"end":{"line":44,"column":21}},"loc":{"start":{"line":44,"column":61},"end":{"line":47,"column":3}}},"8":{"name":"(anonymous_8)","decl":{"start":{"line":49,"column":2},"end":{"line":49,"column":13}},"loc":{"start":{"line":49,"column":17},"end":{"line":51,"column":3}}},"9":{"name":"(anonymous_9)","decl":{"start":{"line":53,"column":9},"end":{"line":53,"column":19}},"loc":{"start":{"line":53,"column":19},"end":{"line":55,"column":3}}},"10":{"name":"(anonymous_10)","decl":{"start":{"line":57,"column":9},"end":{"line":57,"column":17}},"loc":{"start":{"line":57,"column":17},"end":{"line":59,"column":3}}},"11":{"name":"(anonymous_11)","decl":{"start":{"line":61,"column":9},"end":{"line":61,"column":17}},"loc":{"start":{"line":61,"column":17},"end":{"line":63,"column":3}}},"12":{"name":"makeException","decl":{"start":{"line":66,"column":9},"end":{"line":66,"column":22}},"loc":{"start":{"line":66,"column":35},"end":{"line":70,"column":1}}},"13":{"name":"(anonymous_13)","decl":{"start":{"line":67,"column":9},"end":{"line":67,"column":15}},"loc":{"start":{"line":67,"column":9},"end":{"line":69,"column":3}}}},"branchMap":{"0":{"loc":{"start":{"line":9,"column":20},"end":{"line":9,"column":33}},"type":"cond-expr","locations":[{"start":{"line":9,"column":20},"end":{"line":9,"column":27}},{"start":{"line":9,"column":31},"end":{"line":9,"column":33}}]},"1":{"loc":{"start":{"line":9,"column":20},"end":{"line":9,"column":31}},"type":"binary-expr","locations":[{"start":{"line":9,"column":20},"end":{"line":9,"column":31}},{"start":{"line":9,"column":20},"end":{"line":9,"column":31}}]},"2":{"loc":{"start":{"line":10,"column":18},"end":{"line":10,"column":29}},"type":"cond-expr","locations":[{"start":{"line":10,"column":18},"end":{"line":10,"column":23}},{"start":{"line":10,"column":27},"end":{"line":10,"column":29}}]},"3":{"loc":{"start":{"line":10,"column":18},"end":{"line":10,"column":27}},"type":"binary-expr","locations":[{"start":{"line":10,"column":18},"end":{"line":10,"column":27}},{"start":{"line":10,"column":18},"end":{"line":10,"column":27}}]},"4":{"loc":{"start":{"line":12,"column":26},"end":{"line":12,"column":49}},"type":"cond-expr","locations":[{"start":{"line":12,"column":43},"end":{"line":12,"column":47}},{"start":{"line":12,"column":47},"end":{"line":12,"column":49}}]},"5":{"loc":{"start":{"line":12,"column":26},"end":{"line":12,"column":47}},"type":"binary-expr","locations":[{"start":{"line":12,"column":26},"end":{"line":12,"column":47}},{"start":{"line":12,"column":43},"end":{"line":12,"column":47}}]},"6":{"loc":{"start":{"line":44,"column":21},"end":{"line":44,"column":41}},"type":"default-arg","locations":[{"start":{"line":44,"column":39},"end":{"line":44,"column":41}}]},"7":{"loc":{"start":{"line":44,"column":43},"end":{"line":44,"column":61}},"type":"default-arg","locations":[{"start":{"line":44,"column":59},"end":{"line":44,"column":61}}]}},"s":{"0":74,"1":74,"2":74,"3":74,"4":74
[...]
,"113":{"start":{"line":231,"column":4},"end":{"line":231,"column":16}}},"fnMap":{"0":{"name":"(anonymous_0)","decl":{"start":{"line":1,"column":0},"end":{"line":1,"column":13}},"loc":{"start":{"line":1,"column":0},"end":{"line":3,"column":1}}},"1":{"name":"parseQuery","decl":{"start":{"line":22,"column":9},"end":{"line":22,"column":19}},"loc":{"start":{"line":22,"column":31},"end":{"line":118,"column":1}}},"2":{"name":"set","decl":{"start":{"line":25,"column":11},"end":{"line":25,"column":14}},"loc":{"start":{"line":25,"column":86},"end":{"line":27,"column":3}}},"3":{"name":"replace","decl":{"start":{"line":29,"column":11},"end":{"line":29,"column":18}},"loc":{"start":{"line":29,"column":79},"end":{"line":33,"column":3}}},"4":{"name":"(anonymous_4)","decl":{"start":{"line":30,"column":29},"end":{"line":30,"column":30}},"loc":{"start":{"line":30,"column":55},"end":{"line":32,"column":5}}},"5":{"name":"(anonymous_5)","decl":{"start":{"line":38,"column":28},"end":{"line":38,"column":29}},"loc":{"start":{"line":38,"column":41},"end":{"line":40,"column":3}}},"6":{"name":"(anonymous_6)","decl":{"start":{"line":43,"column":27},"end":{"line":43,"column":28}},"loc":{"start":{"line":43,"column":40},"end":{"line":45,"column":3}}},"7":{"name":"(anonymous_7)","decl":{"start":{"line":47,"column":27},"end":{"line":47,"column":28}},"loc":{"start":{"line":47,"column":40},"end":{"line":49,"column":3}}},"8":{"name":"(anonymous_8)","decl":{"start":{"line":52,"column":37},"end":{"line":52,"column":38}},"loc":{"start":{"line":52,"column":50},"end":{"line":54,"column":3}}},"9":{"name":"(anonymous_9)","decl":{"start":{"line":57,"column":36},"end":{"line":57,"column":37}},"loc":{"start":{"line":57,"column":49},"end":{"line":59,"column":3}}},"10":{"name":"(anonymous_10)","decl":{"start":{"line":62,"column":40},"end":{"line":62,"column":41}},"loc":{"start":{"line":62,"column":53},"end":{"line":64,"column":3}}},"11":{"name":"(anonymous_11)","decl":{"start":{"line":67,"column":57},"end":{"line":67,"column":58}},"loc":{"start":{"line":67,"column":70},"end":{"line":74,"column":3}}},"12":{"name":"(anonymous_12)","decl":{"start":{"line":69,"column":43},"end":{"line":69,"column":44}},"loc":{"start":{"line":69,"column":48},"end":{"line":69,"column":56}}},"13":{"name":"(anonymous_13)","decl":{"start":{"line":71,"column":32},"end":{"line":71,"column":37}},"loc":{"start":{"line":71,"column":41},"end":{"line":71,"column":60}}},"14":{"name":"(anonymous_14)","decl":{"start":{"line":77,"column":65},"end":{"line":77,"column":66}},"loc":{"start":{"line":77,"column":78},"end":{"line":79,"column":3}}},"15":{"name":"(anonymous_15)","decl":{"start":{"line":78,"column":59},"end":{"line":78,"column":60}},"loc":{"start":{"line":78,"column":64},"end":{"line":78,"column":72}}},"16":{"name":"(anonymous_16)","decl":{"start":{"line":82,"column":56},"end":{"line":82,"column":57}},"loc":{"start":{"line":82,"column":69},"end":{"line":84,"column":3}}},"17":{"name":"(anonymous_17)","decl":{"start":{"line":83,"column":52},"end":{"line":83,"column":53}},"loc":{"start":{"line":83,"column":57},"end":{"line":83,"column":65}}},"18":{"name":"(anonymous_18)","decl":{"start":{"line":87,"column":40},"end":{"line":87,"column":41}},"loc":{"start":{"line":87,"column":53},"end":{"line":89,"column":3}}},"19":{"name":"(anonymous_19)","decl":{"start":{"line":88,"column":53},"end":{"line":88,"column":54}},"loc":{"start":{"line":88,"column":58},"end":{"line":88,"column":66}}},"20":{"name":"(anonymous_20)","decl":{"start":{"line":92,"column":35},"end":{"line":92,"column":36}},"loc":{"start":{"line":92,"column":56},"end":{"line":99,"column":3}}},"21":{"name":"(anonymous_21)","decl":{"start":{"line":94,"column":43},"end":{"line":94,"column":44}},"loc":{"start":{"line":94,"column":48},"end":{"line":94,"column":56}}},"22":{"name":"(anonymous_22)","decl":{"start":{"line":96,"column":32},"end":{"line":96,"column":37}},"loc":{"start":{"line":96,"column":41},"end":{"line":96,"column":65}}},"23":{"name":"(anonymous_23)","decl":{"start":{"line":102,"column":27},"end":{"line":102,"column":28}},"loc":{"start":{"line":102,"column":40},"end":{"line":105,"column":3}}},"24":{"name":"(anonymous_24)","decl":{"start":{"line":108,"column":28},"end":{"line":108,"column":29}},"loc":{"start":{"line":108,"column":41},"end":{"line":110,"column":3}}},"25":{"name":"(anonymous_25)","decl":{"start":{"line":113,"column":41},"end":{"line":113,"column":42}},"loc":{"start":{"line":113,"column":54},"end":{"line":115,"column":3}}},"26":{"name":"(anonymous_26)","decl":{"start":{"line":114,"column":51},"end":{"line":114,"column":52}},"loc":{"start":{"line":114,"column":56},"end":{"line":114,"column":64}}},"27":{"name":"(anonymous_27)","decl":{"start":{"line":120,"column":11},"end":{"line":120,"column":12}},"loc":{"start":{"line":120,"column":52},"end":{"line":157,"column":1}}},"28":{"name":"(anonymous_28)","decl":{"start":{"line":132,"column":70},"end":{"line":132,"column":72}},"loc":{"start":{"line":132,"column":75},"end":{"line":132,"column":99}}},"29":{"name":"(anonymous_29)","decl":{"start":{"line":159,"column":11},"end":{"line":159,"column":14}},"loc":{"start":{"line":159,"column":17},"end":{"line":159,"column":40}}},"30":{"name":"(anonymous_30)","decl":{"start":{"line":161,"column":12},"end":{"line":161,"column":22}},"loc":{"start":{"line":161,"column":38},"end":{"line":165,"column":1}}},"31":{"name":"(anonymous_31)","decl":{"start":{"line":162,"column":9},"end":{"line":162,"column":29}},"loc":{"start":{"line":162,"column":64},"end":{"line":164,"column":3}}},"32":{"name":"(anonymous_32)","decl":{"start":{"line":167,"column":9},"end":{"line":167,"column":19}},"loc":{"start":{"line":167,"column":35},"end":{"line":169,"column":1}}},"33":{"name":"(anonymous_33)","decl":{"start":{"line":171,"column":10},"end":{"line":171,"column":11}},"loc":{"start":{"line":171,"column":44},"end":{"line":173,"column":1}}},"34":{"name":"(anonymous_34)","decl":{"start":{"line":175,"column":14},"end":{"line":175,"column":15}},"loc":{"start":{"line":175,"column":93},"end":{"line":177,"column":1}}},"35":{"name":"(anonymous_35)","decl":{"start":{"line":176,"column":9},"end":{"line":176,"column":29}},"loc":{"start":{"line":176,"column":40},"end":{"line":176,"column":90}}},"36":{"name":"(anonymous_36)","decl":{"start":{"line":179,"column":10},"end":{"line":179,"column":11}},"loc":{"start":{"line":179,"column":51},"end":{"line":181,"column":1}}},"37":{"name":"(anonymous_37)","decl":{"start":{"line":185,"column":12},"end":{"line":185,"column":13}},"loc":{"start":{"line":185,"column":58},"end":{"line":187,"column":1}}},"38":{"name":"(anonymous_38)","decl":{"start":{"line":189,"column":10},"end":{"line":189,"column":20}},"loc":{"start":{"line":189,"column":36},"end":{"line":191,"column":1}}},"39":{"name":"(anonymous_39)","decl":{"start":{"line":193,"column":13},"end":{"line":193,"column":23}},"loc":{"start":{"line":193,"column":39},"end":{"line":197,"column":1}}},"40":{"name":"(anonymous_40)","decl":{"start":{"line":194,"column":9},"end":{"line":194,"column":29}},"loc":{"start":{"line":194,"column":69},"end":{"line":196,"column":3}}},"41":{"name":"(anonymous_41)","decl":{"start":{"line":199,"column":12},"end":{"line":199,"column":15}},"loc":{"start":{"line":199,"column":18},"end":{"line":199,"column":40}}},"42":{"name":"(anonymous_42)","decl":{"start":{"line":201,"column":15},"end":{"line":201,"column":16}},"loc":{"start":{"line":201,"column":99},"end":{"line":203,"column":1}}},"43":{"name":"(anonymous_43)","decl":{"start":{"line":202,"column":9},"end":{"line":202,"column":29}},"loc":{"start":{"line":202,"column":40},"end":{"line":202,"column":110}}},"44":{"name":"(anonymous_44)","decl":{"start":{"line":205,"column":11},"end":{"line":205,"column":12}},"loc":{"start":{"line":205,"column":60},"end":{"line":207,"column":1}}},"45":{"name":"(anonymous_45)","decl":{"start":{"line":209,"column":11},"end":{"line":209,"column":12}},"loc":{"start":{"line":209,"column":56},"end":{"line":211,"column":1}}},"46":{"name":"(anonymous_46)","decl":{"start":{"line":213,"column":11},"end":{"line":213,"column":12}},"loc":{"start":{"line":213,"column":57},"end":{"line":215,"column":1}}},"47":{"name":"(anonymous_47)","decl":{"start":{"line":222,"column":2},"end":{"line":222,"column":22}},"loc":{"start":{"line":222,"column":36},"end":{"line":222,"column":41}}},"48":{"name":"(anonymous_48)","decl":{"start":{"line":224,"column":9},"end":{"line":224,"column":11}},"loc":{"start":{"line":224,"column":28},"end":{"line":227,"column":3}}},"49":{"name":"(anonymous_49)","decl":{"start":{"line":229,"column":9},"end":{"line":229,"column":13}},"loc":{"start":{"line":229,"column":30},"end":{"line":232,"column":3}}}},"branchMap":{"0":{"loc":{"start":{"line":31,"column":13},"end":{"line":31,"column":35}},"type":"cond-expr","locations":[{"start":{"line":31,"column":29},"end":{"line":31,"column":33}},{"start":{"line":31,"column":33},"end":{"line":31,"column":35}}]},"1":{"loc":{"start":{"line":31,"column":13},"end":{"line":31,"column":33}},"type":"binary-expr","locations":[{"start":{"line":31,"column":13},"end":{"line":31,"column":33}},{"start":{"line":31,"column":29},"end":{"line":31,"column":33}}]},"2":{"loc":{"start":{"line":125,"column":2},"end":{"line":125,"column":43}},"type":"if","locations":[{"start":{"line":125,"column":2},"end":{"line":125,"column":43}},{"start":{},"end":{}}]},"3":{"loc":{"start":{"line":125,"column":6},"end":{"line":125,"column":24}},"type":"cond-expr","locations":[{"start":{"line":125,"column":16},"end":{"line":125,"column":18}},{"start":{"line":125,"column":6},"end":{"line":125,"column":24}}]},"4":{"loc":{"start":{"line":125,"column":6},"end":{"line":125,"column":18}},"type":"binary-expr","locations":[{"start":{"line":125,"column":6},"end":{"line":125,"column":18}},{"start":{"line":125,"column":6},"end":{"line":125,"column":18}}]},"5":{"loc":{"start":{"line":132,"column":4},"end":{"line":134,"column":5}},"type":"if","locations":[{"start":{"line":132,"column":4},"end":{"line":134,"column":5}},{"start":{},"end":{}}]},"6":{"loc":{"start":{"line":132,"column":8},"end":{"line":132,"column":100}},"type":"binary-expr","locations":[{"start":{"line":132,"column":8},"end":{"line":132,"column":20}},{"start":{"line":132,"column":25},"end":{"line":132,"column":33}},{"start":{"line":132,"column":37},"end":{"line":132,"column":99}}]},"7":{"loc":{"start":{"line":132,"column":76},"end":{"line":132,"column":98}},"type":"cond-expr","locations":[{"start":{"line":132,"column":84},"end":{"line":132,"column":86}},{"start":{"line":132,"column":84},"end":{"line":132,"column":98}}]},"8":{"loc":{"start":{"line":132,"column":76},"end":{"line":132,"column":86}},"type":"binary-expr","locations":[{"start":{"line":132,"column":76},"end":{"line":132,"column":86}},{"start":{"line":132,"column":84},"end":{"line":132,"column":86}}]},"9":{"loc":{"start":{"line":137,"column":4},"end":{"line":147,"column":5}},"type":"if","locations":[{"start":{"line":137,"column":4},"end":{"line":147,"column":5}},{"start":{},"end":{}}]},"10":{"loc":{"start":{"line":137,"column":8},"end":{"line":137,"column":39}},"type":"binary-expr","locations":[{"start":{"line":137,"column":8},"end":{"line":137,"column":21}},{"start":{"line":137,"column":25},"end":{"line":137,"column":39}}]},"11":{"loc":{"start":{"line":138,"column":22},"end":{"line":138,"column":71}},"type":"binary-expr","locations":[{"start":{"line":138,"column":22},"end":{"line":138,"column":39}},{"start":{"line":138,"column":43},"end":{"line":138,"column":71}}]},"12":{"loc":{"start":{"line":139,"column":25},"end":{"line":139,"column":80}},"type":"binary-expr","locations":[{"start":{"line":139,"column":25},"end":{"line":139,"column":45}},{"start":{"line":139,"column":49},"end":{"line":139,"column":80}}]},"13":{"loc":{"start":{"line":140,"column":22},"end":{"line":140,"column":71}},"type":"binary-expr","locations":[{"start":{"line":140,"column":22},"end":{"line":140,"column":39}},{"start":{"line":140,"column":43},"end":{"line":140,"column":71}}]},"14":{"loc":{"start":{"line":143,"column":21},"end":{"line":143,"column":110}},"type":"cond-expr","locations":[{"start":{"line":143,"column":90},"end":{"line":143,"column":99}},{"start":{"line":143,"column":102},"end":{"line":143,"column":110}}]},"15":{"loc":{"start":{"line":143,"column":22},"end":{"line":143,"column":86}},"type":"binary-expr","locations":[{"start":{"line":143,"column":22},"end":{"line":143,"column":40}},{"start":{"line":143,"column":44},"end":{"line":143,"column":67}},{"start":{"line":143,"column":71},"end":{"line":143,"column":86}}]},"16":{"loc":{"start":{"line":145,"column":6},"end":{"line":145,"column":57}},"type":"if","locations":[{"start":{"line":145,"column":6},"end":{"line":145,"column":57}},{"start":{},"end":{}}]},"17":{"loc":{"start":{"line":145,"column":10},"end":{"line":145,"column":46}},"type":"binary-expr","locations":[{"start":{"line":145,"column":10},"end":{"line":145,"column":23}},{"start":{"line":145,"column":27},"end":{"line":145,"column":46}}]},"18":{"loc":{"start":{"line":146,"column":6},"end":{"line":146,"column":59}},"type":"if","locations":[{"start":{"line":146,"column":6},"end":{"line":146,"column":59}},{"start":{},"end":{}}]},"19":{"loc":{"start":{"line":146,"column":10},"end":{"line":146,"column":48}},"type":"binary-expr","locations":[{"start":{"line":146,"column":10},"end":{"line":146,"column":24}},{"start":{"line":146,"column":28},"end":{"line":146,"column":48}}]},"20":{"loc":{"start":{"line":149,"column":4},"end":{"line":151,"column":5}},"type":"if","locations":[{"start":{"line":149,"column":4},"end":{"line":151,"column":5}},{"start":{},"end":{}}]}},"s":{"0":0,"1":1,"2":4,"3":0,"4":56,"5":0,"6":4,"7":4,"8":0,"9":4,"10":0,"11":4,"12":0,"13":4,"14":0,"15":4,"16":0,"17":4,"18":0,"19":4,"20":0,"21":0,"22":0,"23":0,"24":0,"25":0,"26":4,"27":0,"28":0,"29":4,"30":0,"31":0,"32":4,"33":0,"34":0,"35":4,"36":0,"37":0,"38":0,"39":0,"40":0,"41":0,"42":4,"43":0,"44":0,"45":4,"46":0,"47":4,"48":0,"49":0,"50":4,"51":1,"52":4,"53":4,"54":4,"55":1,"56":3,"57":3,"58":0,"59":3,"60":0,"61":0,"62":3,"63":0,"64":0,"65":0,"66":0,"67":0,"68":0,"69":0,"70":0,"71":3,"72":3,"73":0,"74":1,"75":0,"76":1,"77":0,"78":0,"79":1,"80":0,"81":1,"82":0,"83":1,"84":0,"85":0,"86":1,"87":0,"88":1,"89":1,"90":4,"91":1,"92":0,"93":1,"94":0,"95":0,"96":1,"97":0,"98":1,"99":0,"100":0,"101":1,"102":0,"103":1,"104":0,"105":1,"106":0,"107":1,"108":0,"109":0,"110":0,"111":0,"112":0,"113":0},"f":{"0":0,"1":4,"2":0,"3":56,"4":0,"5":0,"6":0,"7":0,"8":0,"9":0,"10":0,"11":0,"12":0,"13":0,"14":0,"15":0,"16":0,"17":0,"18":0,"19":0,"20":0,"21":0,"22":0,"23":0,"24":0,"25":0,"26":0,"27":4,"28":0,"29":0,"30":0,"31":0,"32":0,"33":0,"34":0,"35":0,"36":0,"37":4,"38":0,"39":0,"40":0,"41":0,"42":0,"43":0,"44":0,"45":0,"46":0,"47":0,"48":0,"49":0},"b":{"0":[0,0],"1":[0,0],"2":[1,3],"3":[0,4],"4":[4,4],"5":[0,3],"6":[3,0,0],"7":[0,0],"8":[0,0],"9":[0,3],"10":[3,3],"11":[0,0],"12":[0,0],"13":[0,0],"14":[0,0],"15":[0,0,0],"16":[0,0],"17":[0,0],"18":[0,0],"19":[0,0],"20":[0,3]}}
,"C:\\Users\\Noahh\\Code\\VScode\\Modules\\JS\\Opti\\src\\Requests\\requestfunc.ts": {"path":"C:\\Users\\Noahh\\Code\\VScode\\Modules\\JS\\Opti\\src\\Requests\\requestfunc.ts","statementMap":{"0":{"start":{"line":1,"column":34},"end":{"line":3,"column":1}},"1":{"start":{"line":2,"column":2},"end":{"line":2,"column":49}},"2":{"start":{"line":5,"column":0},"end":{"line":7,"column":2}},"3":{"start":{"line":6,"column":2},"end":{"line":6,"column":49}},"4":{"start":{"line":8,"column":0},"end":{"line":10,"column":2}},"5":{"start":{"line":9,"column":2},"end":{"line":9,"column":49}},"6":{"start":{"line":11,"column":0},"end":{"line":13,"column":2}},"7":{"start":{"line":12,"column":2},"end":{"line":12,"column":49}},"8":{"start":{"line":14,"column":0},"end":{"line":16,"column":2}},"9":{"start":{"line":15,"column":2},"end":{"line":15,"column":49}},"10":{"start":{"line":17,"column":0},"end":{"line":19,"column":2}},"11":{"start":{"line":18,"column":2},"end":{"line":18,"column":49}},"12":{"start":{"line":20,"column":0},"end":{"line":22,"column":2}},"13":{"start":{"line":21,"column":2},"end":{"line":21,"column":49}},"14":{"start":{"line":23,"column":0},"end":{"line":25,"column":2}},"15":{"start":{"line":24,"column":2},"end":{"line":24,"column":49}},"16":{"start":{"line":27,"column":13},"end":{"line":27,"column":58}}},"fnMap":{"0":{"name":"(anonymous_0)","decl":{"start":{"line":1,"column":34},"end":{"line":1,"column":44}},"loc":{"start":{"line":1,"column":173},"end":{"line":3,"column":1}}},"1":{"name":"(anonymous_1)","decl":{"start":{"line":5,"column":16},"end":{"line":5,"column":26}},"loc":{"start":{"line":5,"column":89},"end":{"line":7,"column":1}}},"2":{"name":"(anonymous_2)","decl":{"start":{"line":8,"column":15},"end":{"line":8,"column":25}},"loc":{"start":{"line":8,"column":88},"end":{"line":10,"column":1}}},"3":{"name":"(anonymous_3)","decl":{"start":{"line":11,"column":16},"end":{"line":11,"column":36}},"loc":{"start":{"line":11,"column":115},"end":{"line":13,"column":1}}},"4":{"name":"(anonymous_4)","decl":{"start":{"line":14,"column":15},"end":{"line":14,"column":16}},"loc":{"start":{"line":14,"column":108},"end":{"line":16,"column":1}}},"5":{"name":"(anonymous_5)","decl":{"start":{"line":17,"column":15},"end":{"line":17,"column":16}},"loc":{"start":{"line":17,"column":110},"end":{"line":19,"column":1}}},"6":{"name":"(anonymous_6)","decl":{"start":{"line":20,"column":16},"end":{"line":20,"column":17}},"loc":{"start":{"line":20,"column":104},"end":{"line":22,"column":1}}},"7":{"name":"(anonymous_7)","decl":{"start":{"line":23,"column":14},"end":{"line":23,"column":33}},"loc":{"start":{"line":23,"column":160},"end":{"line":25,"column":1}}}},"branchMap":{},"s":{"0":1,"1":0,"2":1,"3":0,"4":1,"5":0,"6":1,"7":0,"8":1,"9":0,"10":1,"11":0,"12":1,"13":0,"14":1,"15":0,"16":1},"f":{"0":0,"1":0,"2":0,"3":0,"4":0,"5":0,"6":0,"7":0},"b":{}}
,"C:\\Users\\Noahh\\Code\\VScode\\Modules\\JS\\Opti\\src\\Requests\\requests.ts": {"path":"C:\\Users\\Noahh\\Code\\VScode\\Modules\\JS\\Opti\\src\\Requests\\requests.ts","statementMap":{"0":{"start":{"line":1,"column":0},"end":{"line":1,"column":38}},"1":{"start":{"line":3,"column":0},"end":{"line":5,"column":5}},"2":{"start":{"line":4,"column":2},"end":{"line":4,"column":36}}},"fnMap":{"0":{"name":"(anonymous_9)","decl":{"start":{"line":3,"column":1},"end":{"line":3,"column":null}},"loc":{"start":{"line":3,"column":1},"end":{"line":5,"column":1}}}},"branchMap":{},"s":{"0":1,"1":1,"2":1},"f":{"0":1},"b":{}}
,"C:\\Users\\Noahh\\Code\\VScode\\Modules\\JS\\Opti\\src\\Store\\store.ts": {"path":"C:\\Users\\Noahh\\Code\\VScode\\Modules\\JS\\Opti\\src\\Store\\store.ts","statementMap":{"0":{"start":{"line":3,"column":0},"end":{"line":18,"column":5}},"1":{"start":{"line":4,"column":2},"end":{"line":4,"column":39}},"2":{"start":{"line":5,"column":2},"end":{"line":5,"column":39}},"3":{"start":{"line":6,"column":2},"end":{"line":6,"column":39}},"4":{"start":{"line":7,"column":2},"end":{"line":7,"column":39}},"5":{"start":{"line":8,"column":2},"end":{"line":8,"column":35}},"6":{"start":{"line":9,"column":2},"end":{"line":9,"column":35}},"7":{"start":{"line":10,"column":2},"end":{"line":10,"column":43}},"8":{"start":{"line":11,"column":2},"end":{"line":11,"column":43}},"9":{"start":{"line":12,"column":2},"end":{"line":12,"column":37}},"10":{"start":{"line":13,"column":2},"end":{"line":13,"column":39}},"11":{"start":{"line":14,"column":2},"end":{"line":14,"column":37}},"12":{"start":{"line":15,"column":2},"end":{"line":15,"column":39}},"13":{"start":{"line":16,"column":2},"end":{"line":16,"column":35}},"14":{"start":{"line":17,"column":2},"end":{"line":17,"column":33}}},"fnMap":{"0":{"name":"(anonymous_0)","decl":{"start":{"line":3,"column":1},"end":{"line":3,"column":4}},"loc":{"start":{"line":3,"column":6},"end":{"line":18,"column":1}}}},"branchMap":{},"s":{"0":0,"1":0,"2":0,"3":0,"4":0,"5":0,"6":0,"7":0,"8":0,"9":0,"10":0,"11":0,"12":0,"13":0,"14":0},"f":{"0":0},"b":{}}
}
