TN:
SF:src\arrays.ts
FN:1,unique
FN:5,pluck
FN:14,pluckLast
FN:24,relocate
FN:32,relocateTo
FN:42,arrayType
FN:43,(anonymous_6)
FN:46,arrType
FN:50,(anonymous_8)
FN:60,sortBy
FN:70,(anonymous_10)
FN:71,(anonymous_11)
FN:80,(anonymous_12)
FN:81,(anonymous_13)
FN:88,replace
FN:105,replaceLast
FN:116,chunk
FN:122,(anonymous_17)
FN:138,insert
FNF:19
FNH:19
FNDA:2,unique
FNDA:2,pluck
FNDA:2,pluckLast
FNDA:2,relocate
FNDA:1,relocateTo
FNDA:5,arrayType
FNDA:15,(anonymous_6)
FNDA:15,arrType
FNDA:40,(anonymous_8)
FNDA:18,sortBy
FNDA:3,(anonymous_10)
FNDA:4,(anonymous_11)
FNDA:14,(anonymous_12)
FNDA:14,(anonymous_13)
FNDA:6,replace
FNDA:3,replaceLast
FNDA:4,chunk
FNDA:9,(anonymous_17)
FNDA:2,insert
DA:1,15
DA:2,2
DA:5,15
DA:6,2
DA:8,2
DA:10,1
DA:11,1
DA:14,15
DA:16,2
DA:17,2
DA:20,1
DA:21,1
DA:24,15
DA:25,2
DA:26,2
DA:27,1
DA:28,1
DA:29,1
DA:32,15
DA:33,1
DA:34,1
DA:35,1
DA:36,1
DA:37,0
DA:42,15
DA:43,15
DA:50,15
DA:51,40
DA:59,15
DA:60,15
DA:61,18
DA:62,1
DA:63,17
DA:64,10
DA:67,7
DA:68,7
DA:69,2
DA:70,3
DA:71,4
DA:73,5
DA:74,2
DA:75,1
DA:76,1
DA:78,3
DA:79,2
DA:80,14
DA:81,14
DA:85,1
DA:88,15
DA:89,6
DA:90,3
DA:91,3
DA:93,3
DA:95,3
DA:96,3
DA:98,3
DA:99,3
DA:101,3
DA:105,15
DA:106,3
DA:107,3
DA:108,3
DA:109,3
DA:110,3
DA:113,0
DA:116,15
DA:117,4
DA:119,2
DA:120,2
DA:122,2
DA:123,9
DA:124,9
DA:125,4
DA:126,4
DA:131,2
DA:132,1
DA:135,2
DA:138,15
DA:139,2
LF:79
LH:77
BRDA:8,0,0,1
BRDA:8,0,1,1
BRDA:17,1,0,1
BRDA:17,1,1,1
BRDA:25,2,0,1
BRDA:25,2,1,1
BRDA:25,3,0,2
BRDA:25,3,1,2
BRDA:26,4,0,1
BRDA:26,4,1,1
BRDA:33,5,0,1
BRDA:33,5,1,0
BRDA:33,6,0,1
BRDA:33,6,1,1
BRDA:34,7,0,1
BRDA:34,7,1,0
BRDA:51,8,0,13
BRDA:51,8,1,27
BRDA:52,9,0,16
BRDA:52,9,1,11
BRDA:53,10,0,0
BRDA:53,10,1,11
BRDA:54,11,0,0
BRDA:54,11,1,11
BRDA:61,12,0,1
BRDA:61,12,1,17
BRDA:63,13,0,10
BRDA:63,13,1,7
BRDA:68,14,0,2
BRDA:68,14,1,5
BRDA:69,15,0,1
BRDA:69,15,1,1
BRDA:73,16,0,2
BRDA:73,16,1,3
BRDA:74,17,0,1
BRDA:74,17,1,1
BRDA:78,18,0,2
BRDA:78,18,1,1
BRDA:79,19,0,1
BRDA:79,19,1,1
BRDA:89,20,0,3
BRDA:89,20,1,3
BRDA:93,21,0,3
BRDA:93,21,1,0
BRDA:93,22,0,3
BRDA:93,22,1,3
BRDA:96,23,0,0
BRDA:96,23,1,3
BRDA:107,24,0,3
BRDA:107,24,1,0
BRDA:110,25,0,3
BRDA:110,25,1,0
BRDA:110,26,0,3
BRDA:110,26,1,3
BRDA:117,27,0,2
BRDA:117,27,1,2
BRDA:124,28,0,4
BRDA:124,28,1,5
BRDA:131,29,0,1
BRDA:131,29,1,1
BRF:60
BRH:52
end_of_record
TN:
SF:src\collections.ts
FN:1,addClassList
FN:7,removeClassList
FN:13,toggleClassList
FNF:3
FNH:3
FNDA:2,addClassList
FNDA:2,removeClassList
FNDA:2,toggleClassList
DA:1,15
DA:2,2
DA:3,10
DA:7,15
DA:8,2
DA:9,14
DA:13,15
DA:14,2
DA:15,12
LF:9
LH:9
BRF:0
BRH:0
end_of_record
TN:
SF:src\constructableobjects.ts
FN:1,Tuple
FN:5,Enum
FN:8,(anonymous_2)
FN:28,(anonymous_3)
FN:38,deepFreeze
FN:41,(anonymous_5)
FN:57,(anonymous_6)
FN:61,(anonymous_7)
FN:65,(anonymous_8)
FN:69,(anonymous_9)
FN:76,(anonymous_10)
FN:84,(anonymous_11)
FN:88,(anonymous_12)
FN:92,(anonymous_13)
FN:96,(anonymous_14)
FN:100,(anonymous_15)
FN:104,(anonymous_16)
FN:108,(anonymous_17)
FNF:18
FNH:15
FNDA:1,Tuple
FNDA:6,Enum
FNDA:20,(anonymous_2)
FNDA:2,(anonymous_3)
FNDA:6,deepFreeze
FNDA:19,(anonymous_5)
FNDA:23,(anonymous_6)
FNDA:8,(anonymous_7)
FNDA:14,(anonymous_8)
FNDA:9,(anonymous_9)
FNDA:0,(anonymous_10)
FNDA:6,(anonymous_11)
FNDA:3,(anonymous_12)
FNDA:3,(anonymous_13)
FNDA:0,(anonymous_14)
FNDA:0,(anonymous_15)
FNDA:6,(anonymous_16)
FNDA:6,(anonymous_17)
DA:1,15
DA:2,1
DA:5,15
DA:6,6
DA:8,6
DA:9,20
DA:11,20
DA:12,1
DA:13,19
DA:14,1
DA:17,18
DA:26,4
DA:29,2
DA:30,8
DA:35,4
DA:40,6
DA:41,6
DA:42,19
DA:44,19
DA:45,0
DA:48,6
DA:50,0
DA:53,15
DA:58,23
DA:62,8
DA:66,14
DA:70,9
DA:77,0
DA:79,0
DA:81,0
DA:85,6
DA:89,3
DA:93,3
DA:97,0
DA:101,0
DA:105,6
DA:109,6
LF:37
LH:30
BRDA:11,0,0,1
BRDA:11,0,1,19
BRDA:13,1,0,1
BRDA:13,1,1,18
BRDA:40,2,0,6
BRDA:40,2,1,0
BRDA:40,3,0,6
BRDA:40,3,1,6
BRDA:44,4,0,0
BRDA:44,4,1,19
BRDA:44,5,0,19
BRDA:44,5,1,16
BRDA:44,5,2,0
BRDA:58,6,0,23
BRDA:58,6,1,0
BRDA:58,7,0,23
BRDA:58,7,1,23
BRDA:79,8,0,0
BRDA:79,8,1,0
BRF:19
BRH:13
end_of_record
TN:
SF:src\decorators.ts
FN:1,isClass
FN:5,Abstract
FN:20,(anonymous_2)
FN:42,(anonymous_3)
FN:54,Final
FN:64,FinalizedConstructor
FNF:6
FNH:4
FNDA:3,isClass
FNDA:6,Abstract
FNDA:2,(anonymous_2)
FNDA:0,(anonymous_3)
FNDA:2,Final
FNDA:0,FinalizedConstructor
DA:2,3
DA:5,15
DA:12,6
DA:13,3
DA:14,0
DA:17,3
DA:19,3
DA:21,2
DA:22,0
DA:26,2
DA:30,3
DA:32,3
DA:36,3
DA:37,0
DA:40,3
DA:42,3
DA:43,0
DA:44,0
DA:48,0
DA:51,3
DA:54,15
DA:55,2
DA:57,1
DA:58,1
DA:62,1
DA:65,0
DA:66,0
DA:68,0
DA:72,1
DA:74,1
LF:30
LH:21
BRDA:12,0,0,3
BRDA:12,0,1,3
BRDA:13,1,0,0
BRDA:13,1,1,3
BRDA:21,2,0,0
BRDA:21,2,1,2
BRDA:36,3,0,0
BRDA:36,3,1,3
BRDA:36,4,0,3
BRDA:36,4,1,3
BRDA:43,5,0,0
BRDA:43,5,1,0
BRDA:55,6,0,1
BRDA:55,6,1,1
BRDA:65,7,0,0
BRDA:65,7,1,0
BRF:16
BRH:9
end_of_record
TN:
SF:src\document.ts
FN:1,ready
FN:5,leaving
FN:6,(anonymous_2)
FN:43,documentCss
FN:86,(anonymous_4)
FN:93,(anonymous_5)
FN:107,createElements
FN:145,(anonymous_7)
FNF:8
FNH:5
FNDA:1,ready
FNDA:1,leaving
FNDA:0,(anonymous_2)
FNDA:3,documentCss
FNDA:0,(anonymous_4)
FNDA:1,(anonymous_5)
FNDA:6,createElements
FNDA:0,(anonymous_7)
DA:1,15
DA:2,1
DA:5,15
DA:6,1
DA:43,15
DA:47,3
DA:48,3
DA:49,0
DA:53,3
DA:55,3
DA:56,1
DA:57,1
DA:58,1
DA:61,3
DA:62,3
DA:63,3
DA:65,3
DA:66,2
DA:67,2
DA:68,2
DA:69,2
DA:70,2
DA:71,2
DA:72,2
DA:74,2
DA:78,3
DA:79,2
DA:83,1
DA:84,1
DA:85,1
DA:86,1
DA:87,1
DA:91,1
DA:92,1
DA:93,1
DA:96,1
DA:97,0
DA:100,1
DA:101,1
DA:103,0
DA:107,15
DA:108,6
DA:111,6
DA:114,6
DA:117,6
DA:120,6
DA:121,0
DA:122,0
DA:127,6
DA:128,13
DA:136,4
DA:137,3
DA:138,1
DA:143,5
DA:144,3
DA:145,0
DA:146,0
DA:149,3
DA:153,4
LF:59
LH:52
BRDA:48,0,0,0
BRDA:48,0,1,3
BRDA:55,1,0,1
BRDA:55,1,1,2
BRDA:67,2,0,2
BRDA:67,2,1,0
BRDA:67,3,0,2
BRDA:67,3,1,2
BRDA:78,4,0,2
BRDA:78,4,1,1
BRDA:78,5,0,3
BRDA:78,5,1,1
BRDA:85,6,0,1
BRDA:85,6,1,0
BRDA:85,7,0,1
BRDA:85,7,1,1
BRDA:96,8,0,0
BRDA:96,8,1,1
BRDA:111,9,0,0
BRDA:111,9,1,6
BRDA:114,10,0,0
BRDA:114,10,1,6
BRDA:117,11,0,0
BRDA:117,11,1,6
BRDA:120,12,0,0
BRDA:120,12,1,6
BRDA:120,13,0,6
BRDA:120,13,1,0
BRDA:128,14,0,4
BRDA:128,14,1,9
BRDA:129,15,0,13
BRDA:129,15,1,7
BRDA:129,15,2,7
BRDA:129,15,3,7
BRDA:129,15,4,7
BRDA:129,15,5,7
BRDA:136,16,0,3
BRDA:136,16,1,1
BRDA:136,17,0,4
BRDA:136,17,1,3
BRDA:143,18,0,3
BRDA:143,18,1,2
BRDA:144,19,0,0
BRDA:144,19,1,3
BRF:44
BRH:34
end_of_record
TN:
SF:src\elements.ts
FN:7,hasText
FN:15,addClass
FN:19,removeClass
FN:23,toggleClass
FN:27,hasClass
FN:31,parseUnit
FN:37,dashToCamel
FN:38,(anonymous_7)
FN:42,camelToDash
FN:43,(anonymous_9)
FN:51,css
FN:109,getParent
FN:113,getAncestor
FN:136,html
FN:140,text
FN:160,show
FN:164,hide
FN:168,toggle
FN:176,$
FN:181,$$
FN:185,getChildren
FN:189,getSiblings
FN:194,(anonymous_22)
FN:198,serialize
FN:205,(anonymous_24)
FN:211,(anonymous_25)
FN:217,cut
FN:230,isEventTarget
FN:240,copy
FN:277,(anonymous_29)
FN:296,isVisible
FN:302,parseTime
FN:310,val
FN:314,(anonymous_33)
FN:329,(anonymous_34)
FN:333,(anonymous_35)
FN:338,(anonymous_36)
FNF:37
FNH:10
FNDA:0,hasText
FNDA:10,addClass
FNDA:14,removeClass
FNDA:12,toggleClass
FNDA:0,hasClass
FNDA:0,parseUnit
FNDA:0,dashToCamel
FNDA:0,(anonymous_7)
FNDA:0,camelToDash
FNDA:0,(anonymous_9)
FNDA:0,css
FNDA:1,getParent
FNDA:6,getAncestor
FNDA:0,html
FNDA:0,text
FNDA:0,show
FNDA:0,hide
FNDA:0,toggle
FNDA:5,$
FNDA:3,$$
FNDA:1,getChildren
FNDA:1,getSiblings
FNDA:2,(anonymous_22)
FNDA:0,serialize
FNDA:0,(anonymous_24)
FNDA:0,(anonymous_25)
FNDA:0,cut
FNDA:0,isEventTarget
FNDA:0,copy
FNDA:0,(anonymous_29)
FNDA:0,isVisible
FNDA:0,parseTime
FNDA:0,val
FNDA:0,(anonymous_33)
FNDA:0,(anonymous_34)
FNDA:0,(anonymous_35)
FNDA:0,(anonymous_36)
DA:7,15
DA:8,0
DA:9,0
DA:11,0
DA:15,15
DA:16,10
DA:19,15
DA:20,14
DA:23,15
DA:24,12
DA:27,15
DA:28,0
DA:32,0
DA:33,0
DA:34,0
DA:38,0
DA:43,0
DA:51,15
DA:56,0
DA:58,0
DA:60,0
DA:61,0
DA:62,0
DA:64,0
DA:66,0
DA:67,0
DA:69,0
DA:72,0
DA:73,0
DA:74,0
DA:76,0
DA:77,0
DA:78,0
DA:79,0
DA:80,0
DA:81,0
DA:84,0
DA:87,0
DA:90,0
DA:91,0
DA:92,0
DA:95,0
DA:96,0
DA:101,0
DA:102,0
DA:103,0
DA:109,15
DA:110,1
DA:113,15
DA:115,6
DA:116,4
DA:117,4
DA:118,8
DA:119,7
DA:121,3
DA:125,2
DA:126,2
DA:127,2
DA:128,7
DA:129,1
DA:131,6
DA:133,1
DA:136,15
DA:137,0
DA:140,15
DA:142,0
DA:143,0
DA:144,0
DA:145,0
DA:148,0
DA:152,0
DA:157,0
DA:160,15
DA:161,0
DA:164,15
DA:165,0
DA:168,15
DA:169,0
DA:170,0
DA:172,0
DA:176,15
DA:177,5
DA:178,4
DA:181,15
DA:182,3
DA:185,15
DA:186,1
DA:189,15
DA:190,1
DA:191,1
DA:192,0
DA:194,2
DA:198,15
DA:199,0
DA:202,0
DA:205,0
DA:206,0
DA:210,0
DA:212,0
DA:217,15
DA:218,0
DA:219,0
DA:222,15
DA:231,0
DA:240,15
DA:242,0
DA:243,0
DA:249,0
DA:255,0
DA:257,0
DA:258,0
DA:259,0
DA:263,0
DA:264,0
DA:265,0
DA:269,0
DA:270,0
DA:271,0
DA:275,0
DA:276,0
DA:277,0
DA:278,0
DA:279,0
DA:280,0
DA:282,0
DA:284,0
DA:288,0
DA:293,0
DA:296,15
DA:297,0
DA:303,0
DA:304,0
DA:305,0
DA:306,0
DA:307,0
DA:310,15
DA:311,0
DA:313,0
DA:315,0
DA:318,0
DA:322,0
DA:323,0
DA:326,0
DA:330,0
DA:331,0
DA:334,0
DA:335,0
DA:336,0
DA:339,0
LF:149
LH:47
BRDA:8,0,0,0
BRDA:8,0,1,0
BRDA:32,1,0,0
BRDA:32,1,1,0
BRDA:33,2,0,0
BRDA:33,2,1,0
BRDA:58,3,0,0
BRDA:58,3,1,0
BRDA:58,4,0,0
BRDA:58,4,1,0
BRDA:64,5,0,0
BRDA:64,5,1,0
BRDA:72,6,0,0
BRDA:72,6,1,0
BRDA:78,7,0,0
BRDA:78,7,1,0
BRDA:90,8,0,0
BRDA:90,8,1,0
BRDA:91,9,0,0
BRDA:91,9,1,0
BRDA:95,10,0,0
BRDA:95,10,1,0
BRDA:102,11,0,0
BRDA:102,11,1,0
BRDA:102,12,0,0
BRDA:102,12,1,0
BRDA:115,13,0,4
BRDA:115,13,1,2
BRDA:118,14,0,1
BRDA:118,14,1,7
BRDA:118,15,0,0
BRDA:118,15,1,8
BRDA:118,16,0,8
BRDA:118,16,1,8
BRDA:126,17,0,2
BRDA:126,17,1,0
BRDA:128,18,0,1
BRDA:128,18,1,6
BRDA:137,19,0,0
BRDA:137,19,1,0
BRDA:142,20,0,0
BRDA:142,20,1,0
BRDA:143,21,0,0
BRDA:143,21,1,0
BRDA:148,22,0,0
BRDA:148,22,1,0
BRDA:149,23,0,0
BRDA:149,23,1,0
BRDA:149,24,0,0
BRDA:149,24,1,0
BRDA:152,25,0,0
BRDA:152,25,1,0
BRDA:152,26,0,0
BRDA:152,26,1,0
BRDA:157,27,0,0
BRDA:157,27,1,0
BRDA:157,28,0,0
BRDA:157,28,1,0
BRDA:169,29,0,0
BRDA:169,29,1,0
BRDA:169,30,0,0
BRDA:169,30,1,0
BRDA:177,31,0,1
BRDA:177,31,1,4
BRDA:191,32,0,0
BRDA:191,32,1,1
BRDA:218,33,0,0
BRDA:218,33,1,0
BRDA:218,34,0,0
BRDA:218,34,1,0
BRDA:231,35,0,0
BRDA:231,35,1,0
BRDA:231,35,2,0
BRDA:231,35,3,0
BRDA:240,36,0,0
BRDA:240,37,0,0
BRDA:242,38,0,0
BRDA:242,38,1,0
BRDA:257,39,0,0
BRDA:257,39,1,0
BRDA:257,40,0,0
BRDA:257,40,1,0
BRDA:263,41,0,0
BRDA:263,41,1,0
BRDA:263,42,0,0
BRDA:263,42,1,0
BRDA:269,43,0,0
BRDA:269,43,1,0
BRDA:269,44,0,0
BRDA:269,44,1,0
BRDA:270,45,0,0
BRDA:270,45,1,0
BRDA:270,46,0,0
BRDA:270,46,1,0
BRDA:275,47,0,0
BRDA:275,47,1,0
BRDA:275,48,0,0
BRDA:275,48,1,0
BRDA:275,48,2,0
BRDA:277,49,0,0
BRDA:277,49,1,0
BRDA:277,50,0,0
BRDA:277,50,1,0
BRDA:278,51,0,0
BRDA:278,51,1,0
BRDA:279,52,0,0
BRDA:279,52,1,0
BRDA:279,52,2,0
BRDA:297,53,0,0
BRDA:297,53,1,0
BRDA:304,54,0,0
BRDA:304,54,1,0
BRDA:304,55,0,0
BRDA:304,55,1,0
BRDA:306,56,0,0
BRDA:306,56,1,0
BRDA:315,57,0,0
BRDA:315,57,1,0
BRDA:315,57,2,0
BRDA:322,58,0,0
BRDA:322,58,1,0
BRDA:323,59,0,0
BRDA:323,59,1,0
BRDA:331,60,0,0
BRDA:331,60,1,0
BRDA:335,61,0,0
BRDA:335,61,1,0
BRDA:335,62,0,0
BRDA:335,62,1,0
BRDA:339,63,0,0
BRDA:339,63,1,0
BRDA:339,64,0,0
BRDA:339,64,1,0
BRF:133
BRH:13
end_of_record
TN:
SF:src\events.ts
FN:20,mixin
FN:27,(anonymous_1)
FN:33,(anonymous_2)
FN:44,getEvents
FN:57,(anonymous_4)
FNF:5
FNH:4
FNDA:15,mixin
FNDA:30,(anonymous_1)
FNDA:0,(anonymous_2)
FNDA:4,getEvents
FNDA:30,(anonymous_4)
DA:20,15
DA:25,15
DA:27,15
DA:28,30
DA:29,30
DA:33,0
DA:34,0
DA:35,0
DA:36,0
DA:37,0
DA:44,15
DA:45,4
DA:46,0
DA:49,4
DA:52,15
DA:54,15
DA:61,30
DA:64,30
DA:68,30
LF:19
LH:13
BRDA:25,0,0,15
BRDA:25,0,1,0
BRDA:45,1,0,0
BRDA:45,1,1,4
BRDA:49,2,0,3
BRDA:49,2,1,1
BRDA:49,3,0,4
BRDA:49,3,1,4
BRDA:61,4,0,8
BRDA:61,4,1,22
BRDA:61,5,0,30
BRDA:61,5,1,30
BRDA:64,6,0,0
BRDA:64,6,1,30
BRDA:71,7,0,12
BRDA:71,7,1,18
BRDA:73,8,0,0
BRDA:73,8,1,18
BRDA:76,9,0,0
BRDA:76,9,1,30
BRDA:76,10,0,30
BRDA:76,10,1,30
BRF:22
BRH:17
end_of_record
TN:
SF:src\exception.ts
FN:7,(anonymous_0)
FN:15,(anonymous_1)
FN:19,(anonymous_2)
FN:23,(anonymous_3)
FN:27,(anonymous_4)
FN:31,(anonymous_5)
FN:35,(anonymous_6)
FN:44,(anonymous_7)
FN:49,(anonymous_8)
FN:53,(anonymous_9)
FN:57,(anonymous_10)
FN:61,(anonymous_11)
FN:66,makeException
FN:67,(anonymous_13)
FNF:14
FNH:11
FNDA:76,(anonymous_0)
FNDA:47,(anonymous_1)
FNDA:44,(anonymous_2)
FNDA:26,(anonymous_3)
FNDA:13,(anonymous_4)
FNDA:13,(anonymous_5)
FNDA:0,(anonymous_6)
FNDA:2,(anonymous_7)
FNDA:1,(anonymous_8)
FNDA:1,(anonymous_9)
FNDA:0,(anonymous_10)
FNDA:0,(anonymous_11)
FNDA:225,makeException
FNDA:70,(anonymous_13)
DA:1,15
DA:2,76
DA:8,76
DA:9,76
DA:10,76
DA:12,76
DA:16,47
DA:20,44
DA:24,26
DA:28,13
DA:32,13
DA:36,0
DA:40,15
DA:45,2
DA:46,2
DA:50,1
DA:54,1
DA:58,0
DA:62,0
DA:67,225
DA:68,70
DA:72,15
DA:73,15
DA:74,15
DA:75,15
DA:76,15
DA:77,15
DA:78,15
DA:79,15
DA:81,15
DA:82,15
DA:83,15
DA:84,15
DA:85,15
DA:86,15
DA:88,15
LF:36
LH:33
BRDA:9,0,0,36
BRDA:9,0,1,40
BRDA:9,1,0,76
BRDA:9,1,1,76
BRDA:10,2,0,26
BRDA:10,2,1,50
BRDA:10,3,0,76
BRDA:10,3,1,76
BRDA:12,4,0,76
BRDA:12,4,1,0
BRDA:12,5,0,76
BRDA:12,5,1,76
BRDA:44,6,0,2
BRDA:44,7,0,2
BRF:14
BRH:13
end_of_record
TN:
SF:src\globals.ts
FN:3,typeObject
FN:6,(anonymous_10)
FN:9,(anonymous_11)
FN:10,(anonymous_12)
FN:11,(anonymous_13)
FN:48,(anonymous_14)
FN:52,(anonymous_15)
FN:55,(anonymous_16)
FN:58,(anonymous_17)
FN:61,(anonymous_18)
FN:64,(anonymous_19)
FN:67,(anonymous_20)
FN:70,(anonymous_21)
FN:73,(anonymous_22)
FN:76,(anonymous_23)
FN:81,hasOwn
FN:92,(anonymous_25)
FN:108,(anonymous_26)
FN:124,(anonymous_27)
FN:137,(anonymous_28)
FN:139,(anonymous_29)
FN:142,(anonymous_30)
FN:154,(anonymous_31)
FN:164,typed
FN:237,info
FN:241,assert
FN:247,sleep
FN:248,(anonymous_36)
FN:264,isEmpty
FN:300,notEmpty
FNF:30
FNH:29
FNDA:636,typeObject
FNDA:36,(anonymous_10)
FNDA:18,(anonymous_11)
FNDA:15,(anonymous_12)
FNDA:9,(anonymous_13)
FNDA:19,(anonymous_14)
FNDA:10,(anonymous_15)
FNDA:10,(anonymous_16)
FNDA:10,(anonymous_17)
FNDA:10,(anonymous_18)
FNDA:10,(anonymous_19)
FNDA:12,(anonymous_20)
FNDA:10,(anonymous_21)
FNDA:11,(anonymous_22)
FNDA:10,(anonymous_23)
FNDA:1174,hasOwn
FNDA:4,(anonymous_25)
FNDA:4,(anonymous_26)
FNDA:2,(anonymous_27)
FNDA:6,(anonymous_28)
FNDA:7,(anonymous_29)
FNDA:4,(anonymous_30)
FNDA:2,(anonymous_31)
FNDA:636,typed
FNDA:0,info
FNDA:6,assert
FNDA:4,sleep
FNDA:4,(anonymous_36)
FNDA:32,isEmpty
FNDA:16,notEmpty
DA:1,15
DA:4,636
DA:5,636
DA:7,36
DA:9,18
DA:10,15
DA:12,9
DA:14,2
DA:15,1
DA:21,5
DA:23,2
DA:24,2
DA:26,2
DA:27,2
DA:29,2
DA:31,0
DA:33,0
DA:35,1
DA:36,1
DA:38,0
DA:39,0
DA:41,0
DA:42,0
DA:45,0
DA:49,19
DA:50,17
DA:53,10
DA:56,10
DA:59,10
DA:62,10
DA:65,10
DA:68,12
DA:71,10
DA:74,11
DA:77,10
DA:82,1174
DA:83,108
DA:86,1066
DA:87,1058
DA:90,636
DA:91,250
DA:93,4
DA:99,4
DA:100,0
DA:101,4
DA:102,4
DA:105,0
DA:109,4
DA:115,4
DA:116,0
DA:117,4
DA:118,4
DA:121,0
DA:125,2
DA:126,0
DA:127,2
DA:128,2
DA:130,0
DA:135,636
DA:136,108
DA:138,6
DA:139,7
DA:140,6
DA:143,4
DA:144,1
DA:150,636
DA:151,84
DA:153,84
DA:155,2
DA:156,1
DA:161,636
DA:164,15
DA:165,636
DA:166,609
DA:168,582
DA:201,84
DA:204,498
DA:205,498
DA:207,498
DA:208,498
DA:209,54
DA:212,498
DA:213,498
DA:215,498
DA:217,58
DA:218,58
DA:220,298
DA:221,54
DA:222,244
DA:223,28
DA:224,216
DA:225,108
DA:226,108
DA:227,54
DA:229,298
DA:231,27
DA:234,498
DA:237,15
DA:238,0
DA:241,15
DA:242,6
DA:243,1
DA:247,15
DA:248,4
DA:249,4
DA:250,2
DA:264,15
DA:267,32
DA:270,24
DA:273,18
DA:276,16
DA:277,0
DA:281,16
DA:282,8
DA:283,8
DA:284,8
DA:287,8
DA:300,15
DA:301,16
DA:305,15
LF:120
LH:105
BRDA:3,0,0,138
BRDA:12,1,0,2
BRDA:12,1,1,3
BRDA:12,1,2,3
BRDA:12,1,3,5
BRDA:12,1,4,5
BRDA:12,1,5,2
BRDA:12,1,6,0
BRDA:12,1,7,1
BRDA:14,2,0,1
BRDA:14,2,1,1
BRDA:26,3,0,2
BRDA:26,3,1,0
BRDA:29,4,0,2
BRDA:29,4,1,2
BRDA:29,5,0,2
BRDA:29,5,1,2
BRDA:35,6,0,1
BRDA:35,6,1,0
BRDA:38,7,0,0
BRDA:38,7,1,0
BRDA:38,8,0,0
BRDA:38,8,1,0
BRDA:39,9,0,0
BRDA:39,9,1,0
BRDA:39,10,0,0
BRDA:39,10,1,0
BRDA:41,11,0,0
BRDA:41,11,1,0
BRDA:49,12,0,2
BRDA:49,12,1,17
BRDA:49,13,0,19
BRDA:49,13,1,18
BRDA:53,14,0,10
BRDA:53,14,1,9
BRDA:68,15,0,10
BRDA:68,15,1,2
BRDA:68,16,0,12
BRDA:68,16,1,11
BRDA:82,17,0,108
BRDA:82,17,1,1066
BRDA:82,18,0,1174
BRDA:82,18,1,1120
BRDA:86,19,0,8
BRDA:86,19,1,1058
BRDA:90,20,0,250
BRDA:90,20,1,386
BRDA:90,21,0,636
BRDA:90,21,1,578
BRDA:90,21,2,578
BRDA:93,22,0,4
BRDA:93,22,1,0
BRDA:95,23,0,0
BRDA:95,23,1,0
BRDA:99,24,0,0
BRDA:99,24,1,4
BRDA:99,25,0,4
BRDA:99,25,1,2
BRDA:101,26,0,4
BRDA:101,26,1,0
BRDA:101,27,0,4
BRDA:101,27,1,2
BRDA:101,27,2,2
BRDA:109,28,0,4
BRDA:109,28,1,0
BRDA:111,29,0,0
BRDA:111,29,1,0
BRDA:115,30,0,0
BRDA:115,30,1,4
BRDA:115,31,0,4
BRDA:115,31,1,2
BRDA:117,32,0,4
BRDA:117,32,1,0
BRDA:117,33,0,4
BRDA:117,33,1,4
BRDA:125,34,0,0
BRDA:125,34,1,2
BRDA:125,35,0,2
BRDA:125,35,1,1
BRDA:127,36,0,2
BRDA:127,36,1,0
BRDA:127,37,0,2
BRDA:127,37,1,2
BRDA:135,38,0,108
BRDA:135,38,1,528
BRDA:137,39,0,4
BRDA:139,40,0,4
BRDA:139,40,1,2
BRDA:139,41,0,7
BRDA:139,41,1,5
BRDA:143,42,0,1
BRDA:143,42,1,3
BRDA:150,43,0,84
BRDA:150,43,1,552
BRDA:155,44,0,1
BRDA:155,44,1,1
BRDA:165,45,0,27
BRDA:165,45,1,609
BRDA:166,46,0,27
BRDA:166,46,1,582
BRDA:168,47,0,84
BRDA:168,47,1,498
BRDA:201,48,0,84
BRDA:201,48,1,54
BRDA:208,49,0,54
BRDA:208,49,1,444
BRDA:208,50,0,498
BRDA:208,50,1,498
BRDA:213,51,0,298
BRDA:213,51,1,200
BRDA:213,52,0,498
BRDA:213,52,1,498
BRDA:215,53,0,58
BRDA:215,53,1,298
BRDA:215,53,2,27
BRDA:220,54,0,54
BRDA:220,54,1,244
BRDA:220,55,0,298
BRDA:220,55,1,271
BRDA:222,56,0,28
BRDA:222,56,1,216
BRDA:222,57,0,244
BRDA:222,57,1,55
BRDA:224,58,0,108
BRDA:224,58,1,108
BRDA:224,59,0,216
BRDA:224,59,1,108
BRDA:226,60,0,54
BRDA:226,60,1,54
BRDA:242,61,0,1
BRDA:242,61,1,5
BRDA:249,62,0,2
BRDA:249,62,1,2
BRDA:267,63,0,8
BRDA:267,63,1,24
BRDA:267,64,0,32
BRDA:267,64,1,28
BRDA:267,64,2,26
BRDA:270,65,0,6
BRDA:270,65,1,18
BRDA:270,66,0,6
BRDA:270,66,1,4
BRDA:273,67,0,2
BRDA:273,67,1,16
BRDA:273,68,0,18
BRDA:273,68,1,4
BRDA:276,69,0,0
BRDA:276,69,1,16
BRDA:276,70,0,16
BRDA:276,70,1,16
BRDA:276,70,2,16
BRDA:276,70,3,16
BRDA:281,71,0,8
BRDA:281,71,1,8
BRDA:283,72,0,8
BRDA:283,72,1,4
BRDA:284,73,0,8
BRDA:284,73,1,4
BRF:158
BRH:132
end_of_record
TN:
SF:src\misc.ts
FN:3,args
FN:8,(anonymous_1)
FN:12,throttle
FN:15,(anonymous_3)
FN:20,(anonymous_4)
FN:31,debounce
FN:38,(anonymous_6)
FN:50,(anonymous_7)
FN:53,(anonymous_8)
FN:62,memo
FN:65,(anonymous_10)
FN:74,instMemo
FN:78,instDebounce
FN:82,instThrottle
FN:88,atDate
FN:96,clone
FN:122,(anonymous_16)
FN:127,(anonymous_17)
FN:132,(anonymous_18)
FN:147,forEach
FN:157,repeat
FN:165,remove
FN:169,capitalize
FN:174,matches
FN:178,toCase
FN:186,(anonymous_25)
FN:187,(anonymous_26)
FN:187,(anonymous_27)
FN:188,(anonymous_28)
FN:188,(anonymous_29)
FN:195,(anonymous_30)
FNF:31
FNH:26
FNDA:87,args
FNDA:115,(anonymous_1)
FNDA:1,throttle
FNDA:3,(anonymous_3)
FNDA:0,(anonymous_4)
FNDA:2,debounce
FNDA:3,(anonymous_6)
FNDA:3,(anonymous_7)
FNDA:3,(anonymous_8)
FNDA:2,memo
FNDA:8,(anonymous_10)
FNDA:1,instMemo
FNDA:0,instDebounce
FNDA:0,instThrottle
FNDA:1,atDate
FNDA:22,clone
FNDA:8,(anonymous_16)
FNDA:0,(anonymous_17)
FNDA:0,(anonymous_18)
FNDA:5,forEach
FNDA:1,repeat
FNDA:8,remove
FNDA:1,capitalize
FNDA:6,matches
FNDA:12,toCase
FNDA:4,(anonymous_25)
FNDA:2,(anonymous_26)
FNDA:1,(anonymous_27)
FNDA:2,(anonymous_28)
FNDA:1,(anonymous_29)
FNDA:49332,(anonymous_30)
DA:3,15
DA:4,87
DA:8,115
DA:12,15
DA:13,1
DA:14,1
DA:15,1
DA:16,3
DA:17,1
DA:18,1
DA:19,1
DA:20,1
DA:21,0
DA:22,0
DA:24,1
DA:26,2
DA:27,2
DA:31,15
DA:35,2
DA:36,2
DA:38,2
DA:39,3
DA:40,0
DA:41,0
DA:42,0
DA:45,3
DA:48,3
DA:50,3
DA:51,3
DA:53,3
DA:54,3
DA:55,3
DA:56,3
DA:62,15
DA:63,2
DA:65,2
DA:66,8
DA:67,8
DA:68,4
DA:69,4
DA:70,4
DA:74,15
DA:75,1
DA:78,15
DA:79,0
DA:82,15
DA:83,0
DA:88,15
DA:89,1
DA:96,15
DA:97,22
DA:98,1
DA:101,21
DA:102,0
DA:103,0
DA:105,0
DA:108,21
DA:113,14
DA:116,7
DA:117,0
DA:121,7
DA:122,8
DA:126,4
DA:127,0
DA:131,4
DA:132,0
DA:136,4
DA:137,4
DA:139,4
DA:140,4
DA:141,4
DA:144,4
DA:147,15
DA:148,5
DA:149,3
DA:150,3
DA:157,15
DA:158,1
DA:159,5
DA:165,15
DA:166,8
DA:169,15
DA:170,1
DA:171,1
DA:174,15
DA:175,6
DA:178,15
DA:179,12
DA:180,12
DA:182,12
DA:183,3
DA:184,2
DA:185,2
DA:186,4
DA:187,2
DA:188,2
DA:194,15
DA:195,15
DA:196,49332
DA:197,100
DA:198,49232
DA:199,100
DA:200,49132
LF:103
LH:90
BRDA:4,0,0,87
BRDA:4,0,1,0
BRDA:4,1,0,0
BRDA:4,1,1,87
BRDA:4,2,0,87
BRDA:4,2,1,87
BRDA:16,3,0,1
BRDA:16,3,1,2
BRDA:22,4,0,0
BRDA:22,4,1,0
BRDA:39,5,0,0
BRDA:39,5,1,3
BRDA:39,6,0,3
BRDA:39,6,1,0
BRDA:48,7,0,0
BRDA:48,7,1,3
BRDA:67,8,0,4
BRDA:67,8,1,4
BRDA:96,9,0,10
BRDA:97,10,0,1
BRDA:97,10,1,21
BRDA:101,11,0,0
BRDA:101,11,1,21
BRDA:102,12,0,0
BRDA:102,12,1,0
BRDA:108,13,0,14
BRDA:108,13,1,7
BRDA:109,14,0,21
BRDA:109,14,1,20
BRDA:109,14,2,19
BRDA:116,15,0,0
BRDA:116,15,1,7
BRDA:121,16,0,3
BRDA:121,16,1,4
BRDA:126,17,0,0
BRDA:126,17,1,4
BRDA:131,18,0,0
BRDA:131,18,1,4
BRDA:141,19,0,4
BRDA:141,19,1,0
BRDA:149,20,0,3
BRDA:149,20,1,0
BRDA:171,21,0,0
BRDA:171,21,1,1
BRDA:182,22,0,3
BRDA:182,22,1,2
BRDA:182,22,2,2
BRDA:182,22,3,3
BRDA:182,22,4,1
BRDA:182,22,5,1
BRDA:196,23,0,100
BRDA:196,23,1,49232
BRDA:196,24,0,49332
BRDA:196,24,1,200
BRDA:198,25,0,100
BRDA:198,25,1,49132
BRF:56
BRH:40
end_of_record
TN:
SF:src\opti.ts
FN:12,get
FN:24,(anonymous_10)
FN:67,(anonymous_11)
FNF:3
FNH:3
FNDA:60,get
FNDA:15,(anonymous_10)
FNDA:10,(anonymous_11)
DA:1,15
DA:2,15
DA:3,15
DA:4,15
DA:5,15
DA:6,15
DA:7,15
DA:8,15
DA:9,15
DA:10,15
DA:17,60
DA:24,15
DA:26,15
DA:35,15
DA:36,15
DA:38,15
DA:39,15
DA:40,15
DA:41,15
DA:42,15
DA:43,15
DA:44,15
DA:45,15
DA:46,15
DA:47,15
DA:48,15
DA:49,15
DA:50,15
DA:51,15
DA:52,15
DA:53,15
DA:55,15
DA:56,15
DA:58,15
DA:60,15
DA:66,15
DA:67,10
DA:71,15
DA:72,15
DA:73,15
DA:74,15
DA:75,15
DA:77,15
DA:78,15
DA:80,15
DA:81,15
DA:82,15
DA:83,15
DA:85,15
DA:86,15
DA:87,15
DA:88,15
DA:89,15
DA:90,15
DA:91,15
DA:93,15
DA:94,15
DA:95,15
DA:96,15
DA:97,15
DA:98,15
DA:99,15
DA:100,15
DA:102,15
DA:103,15
DA:104,15
DA:105,15
DA:106,15
DA:108,15
DA:110,15
DA:112,15
DA:113,15
DA:114,15
DA:116,15
DA:117,15
DA:118,15
DA:120,15
DA:121,15
DA:122,15
DA:124,15
DA:125,15
DA:126,15
DA:127,15
DA:129,15
DA:131,15
DA:132,15
DA:133,15
DA:134,15
DA:135,15
DA:136,15
DA:137,15
DA:139,15
DA:140,15
DA:141,15
DA:142,15
DA:143,15
DA:144,15
DA:145,15
DA:146,15
DA:147,15
DA:148,15
DA:149,15
DA:151,15
DA:153,15
DA:154,15
DA:156,15
LF:106
LH:106
BRF:0
BRH:0
end_of_record
TN:
SF:src\Crafty\class.ts
FN:3,(anonymous_9)
FN:20,(anonymous_10)
FN:35,(anonymous_11)
FN:10,(anonymous_12)
FNF:4
FNH:3
FNDA:0,(anonymous_9)
FNDA:4,(anonymous_10)
FNDA:1,(anonymous_11)
FNDA:1,(anonymous_12)
DA:1,1
DA:2,1
DA:4,1
DA:5,1
DA:6,1
DA:8,1
DA:11,1
DA:25,4
DA:26,4
DA:28,0
DA:36,1
DA:37,0
DA:38,1
DA:39,0
DA:41,1
LF:15
LH:12
BRDA:25,0,0,4
BRDA:25,0,1,0
BRDA:36,1,0,0
BRDA:36,1,1,1
BRDA:38,2,0,0
BRDA:38,2,1,1
BRF:6
BRH:3
end_of_record
TN:
SF:src\Crafty\crafty.ts
FN:3,(anonymous_9)
FNF:1
FNH:1
FNDA:1,(anonymous_9)
DA:1,1
DA:3,1
DA:5,1
DA:7,1
LF:4
LH:4
BRF:0
BRH:0
end_of_record
TN:
SF:src\Crafty\nodes.ts
FN:6,(anonymous_1)
FN:15,(anonymous_2)
FN:18,(anonymous_3)
FN:22,(anonymous_4)
FN:26,(anonymous_5)
FN:30,(anonymous_6)
FN:31,(anonymous_7)
FN:34,(anonymous_8)
FN:35,search
FN:54,(anonymous_10)
FN:55,search
FN:85,(anonymous_12)
FN:89,(anonymous_13)
FN:93,(anonymous_14)
FN:95,(anonymous_15)
FN:109,(anonymous_16)
FN:113,(anonymous_17)
FN:117,(anonymous_18)
FN:120,(anonymous_19)
FN:131,(anonymous_20)
FN:135,(anonymous_21)
FN:139,(anonymous_22)
FN:143,(anonymous_23)
FN:191,(anonymous_24)
FN:195,(anonymous_25)
FN:199,(anonymous_26)
FN:201,(anonymous_27)
FN:210,(anonymous_28)
FNF:28
FNH:4
FNDA:4,(anonymous_1)
FNDA:0,(anonymous_2)
FNDA:0,(anonymous_3)
FNDA:0,(anonymous_4)
FNDA:0,(anonymous_5)
FNDA:0,(anonymous_6)
FNDA:0,(anonymous_7)
FNDA:0,(anonymous_8)
FNDA:0,search
FNDA:0,(anonymous_10)
FNDA:0,search
FNDA:4,(anonymous_12)
FNDA:4,(anonymous_13)
FNDA:4,(anonymous_14)
FNDA:0,(anonymous_15)
FNDA:0,(anonymous_16)
FNDA:0,(anonymous_17)
FNDA:0,(anonymous_18)
FNDA:0,(anonymous_19)
FNDA:0,(anonymous_20)
FNDA:0,(anonymous_21)
FNDA:0,(anonymous_22)
FNDA:0,(anonymous_23)
FNDA:0,(anonymous_24)
FNDA:0,(anonymous_25)
FNDA:0,(anonymous_26)
FNDA:0,(anonymous_27)
FNDA:0,(anonymous_28)
DA:1,1
DA:7,4
DA:16,0
DA:19,0
DA:23,0
DA:27,0
DA:31,0
DA:36,0
DA:37,0
DA:38,0
DA:39,0
DA:41,0
DA:42,0
DA:43,0
DA:44,0
DA:45,0
DA:49,0
DA:51,0
DA:56,0
DA:57,0
DA:58,0
DA:59,0
DA:61,0
DA:62,0
DA:64,0
DA:65,0
DA:69,0
DA:71,0
DA:75,1
DA:86,4
DA:87,4
DA:88,4
DA:89,4
DA:90,4
DA:91,4
DA:93,4
DA:94,4
DA:95,4
DA:96,0
DA:97,0
DA:100,4
DA:102,4
DA:104,4
DA:106,4
DA:110,0
DA:114,0
DA:118,0
DA:120,0
DA:121,0
DA:122,0
DA:126,0
DA:128,0
DA:132,0
DA:136,0
DA:140,0
DA:144,0
DA:185,1
DA:192,0
DA:196,0
DA:200,0
DA:201,0
DA:203,0
DA:204,0
DA:207,0
DA:211,0
LF:65
LH:17
BRDA:7,0,0,4
BRDA:7,0,1,0
BRDA:7,1,0,4
BRDA:7,1,1,4
BRDA:38,2,0,0
BRDA:38,2,1,0
BRDA:42,3,0,0
BRDA:42,3,1,0
BRDA:42,4,0,0
BRDA:42,4,1,0
BRDA:44,5,0,0
BRDA:44,5,1,0
BRDA:44,6,0,0
BRDA:44,6,1,0
BRDA:58,7,0,0
BRDA:58,7,1,0
BRDA:61,8,0,0
BRDA:61,8,1,0
BRDA:64,9,0,0
BRDA:64,9,1,0
BRDA:85,10,0,4
BRDA:86,11,0,0
BRDA:86,11,1,4
BRDA:86,12,0,4
BRDA:86,12,1,4
BRDA:88,13,0,0
BRDA:88,13,1,4
BRDA:88,14,0,4
BRDA:88,14,1,4
BRDA:95,15,0,0
BRDA:95,15,1,4
BRDA:95,16,0,4
BRDA:95,16,1,4
BRDA:96,17,0,0
BRDA:96,17,1,0
BRDA:96,18,0,0
BRDA:96,18,1,0
BRDA:96,18,2,0
BRDA:102,19,0,4
BRDA:102,19,1,0
BRDA:121,20,0,0
BRDA:121,20,1,0
BRDA:122,21,0,0
BRDA:122,21,1,0
BRDA:144,22,0,0
BRDA:144,22,1,0
BRDA:144,23,0,0
BRDA:144,23,1,0
BRF:48
BRH:14
end_of_record
TN:
SF:src\Evented\evented.ts
FN:3,(anonymous_9)
FNF:1
FNH:1
FNDA:1,(anonymous_9)
DA:1,1
DA:3,1
DA:4,1
DA:5,1
DA:7,1
DA:8,1
DA:9,1
DA:10,1
DA:11,1
DA:12,1
LF:10
LH:10
BRF:0
BRH:0
end_of_record
TN:
SF:src\Evented\events.ts
FN:1,(anonymous_1)
FN:4,(anonymous_2)
FN:12,(anonymous_3)
FN:16,(anonymous_4)
FN:26,(anonymous_5)
FN:31,addConditionalListener
FN:46,(anonymous_7)
FN:59,(anonymous_8)
FN:71,addEventListeners
FN:92,delegateEventListener
FN:107,(anonymous_11)
FN:132,addEventController
FN:141,(anonymous_13)
FN:144,(anonymous_14)
FN:148,(anonymous_15)
FN:151,(anonymous_16)
FN:154,(anonymous_17)
FN:174,(anonymous_18)
FN:182,(anonymous_19)
FN:196,(anonymous_20)
FN:199,(anonymous_21)
FN:202,(anonymous_22)
FN:205,(anonymous_23)
FN:208,(anonymous_24)
FN:213,(anonymous_25)
FN:217,_Thread_then
FN:218,(anonymous_27)
FN:218,(anonymous_28)
FN:219,(anonymous_29)
FN:224,(anonymous_30)
FN:239,(anonymous_31)
FN:244,addEventListenerEnum
FNF:32
FNH:3
FNDA:0,(anonymous_1)
FNDA:0,(anonymous_2)
FNDA:0,(anonymous_3)
FNDA:0,(anonymous_4)
FNDA:0,(anonymous_5)
FNDA:2,addConditionalListener
FNDA:2,(anonymous_7)
FNDA:0,(anonymous_8)
FNDA:2,addEventListeners
FNDA:0,delegateEventListener
FNDA:0,(anonymous_11)
FNDA:0,addEventController
FNDA:0,(anonymous_13)
FNDA:0,(anonymous_14)
FNDA:0,(anonymous_15)
FNDA:0,(anonymous_16)
FNDA:0,(anonymous_17)
FNDA:0,(anonymous_18)
FNDA:0,(anonymous_19)
FNDA:0,(anonymous_20)
FNDA:0,(anonymous_21)
FNDA:0,(anonymous_22)
FNDA:0,(anonymous_23)
FNDA:0,(anonymous_24)
FNDA:0,(anonymous_25)
FNDA:0,_Thread_then
FNDA:0,(anonymous_27)
FNDA:0,(anonymous_28)
FNDA:0,(anonymous_29)
FNDA:0,(anonymous_30)
FNDA:0,(anonymous_31)
FNDA:0,addEventListenerEnum
DA:1,1
DA:2,0
DA:8,0
DA:9,0
DA:13,0
DA:17,0
DA:18,0
DA:19,0
DA:20,0
DA:27,0
DA:31,1
DA:38,2
DA:39,2
DA:41,2
DA:42,1
DA:44,1
DA:46,1
DA:47,2
DA:48,2
DA:50,2
DA:51,1
DA:55,1
DA:57,1
DA:59,1
DA:60,0
DA:61,0
DA:62,0
DA:64,0
DA:67,1
DA:71,1
DA:79,2
DA:80,1
DA:81,2
DA:84,1
DA:85,2
DA:86,2
DA:92,1
DA:103,0
DA:105,0
DA:108,0
DA:110,0
DA:113,0
DA:114,0
DA:116,0
DA:119,0
DA:121,0
DA:125,0
DA:132,1
DA:138,0
DA:139,0
DA:141,0
DA:142,0
DA:145,0
DA:149,0
DA:152,0
DA:155,0
DA:156,0
DA:157,0
DA:158,0
DA:162,0
DA:165,1
DA:175,0
DA:176,0
DA:177,0
DA:178,0
DA:179,0
DA:180,0
DA:182,0
DA:183,0
DA:184,0
DA:186,0
DA:189,0
DA:191,0
DA:192,0
DA:197,0
DA:200,0
DA:203,0
DA:206,0
DA:209,0
DA:210,0
DA:214,0
DA:217,1
DA:218,0
DA:219,0
DA:220,0
DA:221,0
DA:222,0
DA:223,0
DA:224,0
DA:225,0
DA:226,0
DA:229,0
DA:232,0
DA:236,0
DA:239,0
DA:244,1
DA:250,0
DA:251,0
DA:252,0
LF:99
LH:28
BRDA:8,0,0,0
BRDA:8,0,1,0
BRDA:8,1,0,0
BRDA:8,1,1,0
BRDA:9,2,0,0
BRDA:9,2,1,0
BRDA:18,3,0,0
BRDA:18,3,1,0
BRDA:27,4,0,0
BRDA:27,4,1,0
BRDA:27,5,0,0
BRDA:27,5,1,0
BRDA:41,6,0,1
BRDA:41,6,1,1
BRDA:42,7,0,0
BRDA:42,7,1,1
BRDA:50,8,0,1
BRDA:50,8,1,1
BRDA:57,9,0,0
BRDA:57,9,1,1
BRDA:60,10,0,0
BRDA:60,10,1,0
BRDA:79,11,0,1
BRDA:79,11,1,1
BRDA:85,12,0,2
BRDA:85,12,1,0
BRDA:110,13,0,0
BRDA:110,13,1,0
BRDA:113,14,0,0
BRDA:113,14,1,0
BRDA:121,15,0,0
BRDA:121,15,1,0
BRDA:122,16,0,0
BRDA:122,16,1,0
BRDA:122,16,2,0
BRDA:183,17,0,0
BRDA:183,17,1,0
BRDA:220,18,0,0
BRDA:220,18,1,0
BRDA:221,19,0,0
BRDA:221,19,1,0
BRDA:223,20,0,0
BRDA:223,20,1,0
BRDA:251,21,0,0
BRDA:251,21,1,0
BRF:45
BRH:9
end_of_record
TN:
SF:src\Flow\flow.ts
FN:3,(anonymous_9)
FNF:1
FNH:1
FNDA:1,(anonymous_9)
DA:1,1
DA:3,1
DA:5,1
DA:6,1
LF:4
LH:4
BRF:0
BRH:0
end_of_record
TN:
SF:src\Flow\flowclass.ts
FN:4,(anonymous_0)
FN:12,(anonymous_1)
FNF:2
FNH:1
FNDA:2,(anonymous_0)
FNDA:0,(anonymous_1)
DA:1,1
DA:5,2
DA:6,1
DA:8,1
LF:4
LH:4
BRDA:5,0,0,1
BRDA:5,0,1,1
BRF:2
BRH:2
end_of_record
TN:
SF:src\Query\query.ts
FN:3,(anonymous_9)
FNF:1
FNH:1
FNDA:1,(anonymous_9)
DA:1,1
DA:3,1
DA:4,1
DA:5,1
LF:4
LH:4
BRF:0
BRH:0
end_of_record
TN:
SF:src\Query\selectors.ts
FN:1,(anonymous_0)
FN:22,parseQuery
FN:25,set
FN:29,replace
FN:30,(anonymous_4)
FN:38,(anonymous_5)
FN:43,(anonymous_6)
FN:47,(anonymous_7)
FN:52,(anonymous_8)
FN:57,(anonymous_9)
FN:62,(anonymous_10)
FN:67,(anonymous_11)
FN:69,(anonymous_12)
FN:71,(anonymous_13)
FN:77,(anonymous_14)
FN:78,(anonymous_15)
FN:82,(anonymous_16)
FN:83,(anonymous_17)
FN:87,(anonymous_18)
FN:88,(anonymous_19)
FN:92,(anonymous_20)
FN:94,(anonymous_21)
FN:96,(anonymous_22)
FN:102,(anonymous_23)
FN:108,(anonymous_24)
FN:113,(anonymous_25)
FN:114,(anonymous_26)
FN:120,(anonymous_27)
FN:132,(anonymous_28)
FN:159,(anonymous_29)
FN:161,(anonymous_30)
FN:162,(anonymous_31)
FN:167,(anonymous_32)
FN:171,(anonymous_33)
FN:175,(anonymous_34)
FN:176,(anonymous_35)
FN:179,(anonymous_36)
FN:185,(anonymous_37)
FN:189,(anonymous_38)
FN:193,(anonymous_39)
FN:194,(anonymous_40)
FN:199,(anonymous_41)
FN:201,(anonymous_42)
FN:202,(anonymous_43)
FN:205,(anonymous_44)
FN:209,(anonymous_45)
FN:213,(anonymous_46)
FN:222,(anonymous_47)
FN:224,(anonymous_48)
FN:229,(anonymous_49)
FNF:50
FNH:4
FNDA:0,(anonymous_0)
FNDA:4,parseQuery
FNDA:0,set
FNDA:56,replace
FNDA:0,(anonymous_4)
FNDA:0,(anonymous_5)
FNDA:0,(anonymous_6)
FNDA:0,(anonymous_7)
FNDA:0,(anonymous_8)
FNDA:0,(anonymous_9)
FNDA:0,(anonymous_10)
FNDA:0,(anonymous_11)
FNDA:0,(anonymous_12)
FNDA:0,(anonymous_13)
FNDA:0,(anonymous_14)
FNDA:0,(anonymous_15)
FNDA:0,(anonymous_16)
FNDA:0,(anonymous_17)
FNDA:0,(anonymous_18)
FNDA:0,(anonymous_19)
FNDA:0,(anonymous_20)
FNDA:0,(anonymous_21)
FNDA:0,(anonymous_22)
FNDA:0,(anonymous_23)
FNDA:0,(anonymous_24)
FNDA:0,(anonymous_25)
FNDA:0,(anonymous_26)
FNDA:4,(anonymous_27)
FNDA:0,(anonymous_28)
FNDA:0,(anonymous_29)
FNDA:0,(anonymous_30)
FNDA:0,(anonymous_31)
FNDA:0,(anonymous_32)
FNDA:0,(anonymous_33)
FNDA:0,(anonymous_34)
FNDA:0,(anonymous_35)
FNDA:0,(anonymous_36)
FNDA:4,(anonymous_37)
FNDA:0,(anonymous_38)
FNDA:0,(anonymous_39)
FNDA:0,(anonymous_40)
FNDA:0,(anonymous_41)
FNDA:0,(anonymous_42)
FNDA:0,(anonymous_43)
FNDA:0,(anonymous_44)
FNDA:0,(anonymous_45)
FNDA:0,(anonymous_46)
FNDA:0,(anonymous_47)
FNDA:0,(anonymous_48)
FNDA:0,(anonymous_49)
DA:1,1
DA:2,0
DA:23,4
DA:26,0
DA:30,56
DA:31,0
DA:35,4
DA:38,4
DA:39,0
DA:43,4
DA:44,0
DA:47,4
DA:48,0
DA:52,4
DA:53,0
DA:57,4
DA:58,0
DA:62,4
DA:63,0
DA:67,4
DA:68,0
DA:69,0
DA:71,0
DA:73,0
DA:77,4
DA:78,0
DA:82,4
DA:83,0
DA:87,4
DA:88,0
DA:92,4
DA:93,0
DA:94,0
DA:96,0
DA:98,0
DA:102,4
DA:103,0
DA:104,0
DA:108,4
DA:109,0
DA:113,4
DA:114,0
DA:117,4
DA:120,1
DA:121,4
DA:123,4
DA:125,4
DA:127,3
DA:128,3
DA:129,0
DA:132,3
DA:133,0
DA:137,3
DA:138,0
DA:139,0
DA:140,0
DA:143,0
DA:145,0
DA:146,0
DA:149,3
DA:153,3
DA:156,0
DA:159,1
DA:161,1
DA:162,0
DA:163,0
DA:167,1
DA:168,0
DA:171,1
DA:172,0
DA:175,1
DA:176,0
DA:179,1
DA:180,0
DA:183,1
DA:185,1
DA:186,4
DA:189,1
DA:190,0
DA:193,1
DA:194,0
DA:195,0
DA:199,1
DA:201,1
DA:202,0
DA:205,1
DA:206,0
DA:209,1
DA:210,0
DA:213,1
DA:214,0
DA:217,1
DA:220,0
DA:222,0
DA:225,0
DA:226,0
DA:230,0
DA:231,0
LF:98
LH:46
BRDA:31,0,0,0
BRDA:31,0,1,0
BRDA:31,1,0,0
BRDA:31,1,1,0
BRDA:125,2,0,1
BRDA:125,2,1,3
BRDA:125,3,0,0
BRDA:125,3,1,4
BRDA:125,4,0,4
BRDA:125,4,1,4
BRDA:132,5,0,0
BRDA:132,5,1,3
BRDA:132,6,0,3
BRDA:132,6,1,0
BRDA:132,6,2,0
BRDA:132,7,0,0
BRDA:132,7,1,0
BRDA:132,8,0,0
BRDA:132,8,1,0
BRDA:137,9,0,0
BRDA:137,9,1,3
BRDA:137,10,0,3
BRDA:137,10,1,3
BRDA:138,11,0,0
BRDA:138,11,1,0
BRDA:139,12,0,0
BRDA:139,12,1,0
BRDA:140,13,0,0
BRDA:140,13,1,0
BRDA:143,14,0,0
BRDA:143,14,1,0
BRDA:143,15,0,0
BRDA:143,15,1,0
BRDA:143,15,2,0
BRDA:145,16,0,0
BRDA:145,16,1,0
BRDA:145,17,0,0
BRDA:145,17,1,0
BRDA:146,18,0,0
BRDA:146,18,1,0
BRDA:146,19,0,0
BRDA:146,19,1,0
BRDA:149,20,0,0
BRDA:149,20,1,3
BRF:44
BRH:11
end_of_record
TN:
SF:src\Requests\requestfunc.ts
FN:1,(anonymous_0)
FN:5,(anonymous_1)
FN:8,(anonymous_2)
FN:11,(anonymous_3)
FN:14,(anonymous_4)
FN:17,(anonymous_5)
FN:20,(anonymous_6)
FN:23,(anonymous_7)
FNF:8
FNH:0
FNDA:0,(anonymous_0)
FNDA:0,(anonymous_1)
FNDA:0,(anonymous_2)
FNDA:0,(anonymous_3)
FNDA:0,(anonymous_4)
FNDA:0,(anonymous_5)
FNDA:0,(anonymous_6)
FNDA:0,(anonymous_7)
DA:1,1
DA:2,0
DA:5,1
DA:6,0
DA:8,1
DA:9,0
DA:11,1
DA:12,0
DA:14,1
DA:15,0
DA:17,1
DA:18,0
DA:20,1
DA:21,0
DA:23,1
DA:24,0
DA:27,1
LF:17
LH:9
BRF:0
BRH:0
end_of_record
TN:
SF:src\Requests\requests.ts
FN:3,(anonymous_9)
FNF:1
FNH:1
FNDA:1,(anonymous_9)
DA:1,1
DA:3,1
DA:4,1
LF:3
LH:3
BRF:0
BRH:0
end_of_record
TN:
SF:src\Store\store.ts
FN:3,(anonymous_0)
FNF:1
FNH:0
FNDA:0,(anonymous_0)
DA:3,0
DA:4,0
DA:5,0
DA:6,0
DA:7,0
DA:8,0
DA:9,0
DA:10,0
DA:11,0
DA:12,0
DA:13,0
DA:14,0
DA:15,0
DA:16,0
DA:17,0
LF:15
LH:0
BRF:0
BRH:0
end_of_record
