TN:
SF:src\arrays.ts
FN:1,unique
FN:5,pluck
FN:14,pluckLast
FN:24,relocate
FN:32,relocateTo
FN:42,arrayType
FN:43,(anonymous_6)
FN:46,arrType
FN:50,(anonymous_8)
FN:60,sortBy
FN:70,(anonymous_10)
FN:71,(anonymous_11)
FN:80,(anonymous_12)
FN:81,(anonymous_13)
FN:88,replace
FN:105,replaceLast
FN:116,chunk
FN:122,(anonymous_17)
FN:138,insert
FNF:19
FNH:19
FNDA:2,unique
FNDA:2,pluck
FNDA:1,pluckLast
FNDA:1,relocate
FNDA:1,relocateTo
FNDA:2,arrayType
FNDA:6,(anonymous_6)
FNDA:15,arrType
FNDA:40,(anonymous_8)
FNDA:15,sortBy
FNDA:3,(anonymous_10)
FNDA:4,(anonymous_11)
FNDA:14,(anonymous_12)
FNDA:14,(anonymous_13)
FNDA:6,replace
FNDA:3,replaceLast
FNDA:2,chunk
FNDA:9,(anonymous_17)
FNDA:2,insert
DA:1,15
DA:2,2
DA:5,15
DA:6,2
DA:8,2
DA:10,1
DA:11,1
DA:14,15
DA:16,1
DA:17,1
DA:20,1
DA:21,1
DA:24,15
DA:25,1
DA:26,1
DA:27,1
DA:28,1
DA:29,0
DA:32,15
DA:33,1
DA:34,1
DA:35,1
DA:36,1
DA:37,0
DA:42,15
DA:43,6
DA:50,15
DA:51,40
DA:59,15
DA:60,15
DA:61,15
DA:62,1
DA:63,14
DA:64,7
DA:67,7
DA:68,7
DA:69,2
DA:70,3
DA:71,4
DA:73,5
DA:74,2
DA:75,1
DA:76,1
DA:78,3
DA:79,2
DA:80,14
DA:81,14
DA:85,1
DA:88,15
DA:89,6
DA:90,3
DA:91,3
DA:93,3
DA:95,3
DA:96,3
DA:98,3
DA:99,3
DA:101,3
DA:105,15
DA:106,3
DA:107,3
DA:108,3
DA:109,3
DA:110,3
DA:113,0
DA:116,15
DA:117,2
DA:119,2
DA:120,2
DA:122,2
DA:123,9
DA:124,9
DA:125,4
DA:126,4
DA:131,2
DA:132,1
DA:135,2
DA:138,15
DA:139,2
LF:79
LH:76
BRDA:8,0,0,1
BRDA:8,0,1,1
BRDA:17,1,0,0
BRDA:17,1,1,1
BRDA:25,2,0,1
BRDA:25,2,1,0
BRDA:25,3,0,1
BRDA:25,3,1,1
BRDA:26,4,0,1
BRDA:26,4,1,0
BRDA:33,5,0,1
BRDA:33,5,1,0
BRDA:33,6,0,1
BRDA:33,6,1,1
BRDA:34,7,0,1
BRDA:34,7,1,0
BRDA:51,8,0,13
BRDA:51,8,1,27
BRDA:52,9,0,16
BRDA:52,9,1,11
BRDA:53,10,0,0
BRDA:53,10,1,11
BRDA:54,11,0,0
BRDA:54,11,1,11
BRDA:61,12,0,1
BRDA:61,12,1,14
BRDA:63,13,0,7
BRDA:63,13,1,7
BRDA:68,14,0,2
BRDA:68,14,1,5
BRDA:69,15,0,1
BRDA:69,15,1,1
BRDA:73,16,0,2
BRDA:73,16,1,3
BRDA:74,17,0,1
BRDA:74,17,1,1
BRDA:78,18,0,2
BRDA:78,18,1,1
BRDA:79,19,0,1
BRDA:79,19,1,1
BRDA:89,20,0,3
BRDA:89,20,1,3
BRDA:93,21,0,3
BRDA:93,21,1,0
BRDA:93,22,0,3
BRDA:93,22,1,3
BRDA:96,23,0,0
BRDA:96,23,1,3
BRDA:107,24,0,3
BRDA:107,24,1,0
BRDA:110,25,0,3
BRDA:110,25,1,0
BRDA:110,26,0,3
BRDA:110,26,1,3
BRDA:117,27,0,0
BRDA:117,27,1,2
BRDA:124,28,0,4
BRDA:124,28,1,5
BRDA:131,29,0,1
BRDA:131,29,1,1
BRF:60
BRH:48
end_of_record
TN:
SF:src\constructableobjects.ts
FN:1,Tuple
FN:5,Enum
FN:8,(anonymous_2)
FN:28,(anonymous_3)
FN:38,deepFreeze
FN:41,(anonymous_5)
FN:57,(anonymous_6)
FN:61,(anonymous_7)
FN:65,(anonymous_8)
FN:69,(anonymous_9)
FN:76,(anonymous_10)
FN:84,(anonymous_11)
FN:88,(anonymous_12)
FN:92,(anonymous_13)
FN:96,(anonymous_14)
FN:100,(anonymous_15)
FN:104,(anonymous_16)
FN:108,(anonymous_17)
FNF:18
FNH:15
FNDA:1,Tuple
FNDA:6,Enum
FNDA:20,(anonymous_2)
FNDA:2,(anonymous_3)
FNDA:6,deepFreeze
FNDA:19,(anonymous_5)
FNDA:23,(anonymous_6)
FNDA:8,(anonymous_7)
FNDA:14,(anonymous_8)
FNDA:9,(anonymous_9)
FNDA:0,(anonymous_10)
FNDA:6,(anonymous_11)
FNDA:3,(anonymous_12)
FNDA:3,(anonymous_13)
FNDA:0,(anonymous_14)
FNDA:0,(anonymous_15)
FNDA:6,(anonymous_16)
FNDA:6,(anonymous_17)
DA:1,15
DA:2,1
DA:5,15
DA:6,6
DA:8,6
DA:9,20
DA:11,20
DA:12,1
DA:13,19
DA:14,1
DA:17,18
DA:26,4
DA:29,2
DA:30,8
DA:35,4
DA:40,6
DA:41,6
DA:42,19
DA:44,19
DA:45,0
DA:48,6
DA:50,0
DA:53,15
DA:58,23
DA:62,8
DA:66,14
DA:70,9
DA:77,0
DA:79,0
DA:81,0
DA:85,6
DA:89,3
DA:93,3
DA:97,0
DA:101,0
DA:105,6
DA:109,6
LF:37
LH:30
BRDA:11,0,0,1
BRDA:11,0,1,19
BRDA:13,1,0,1
BRDA:13,1,1,18
BRDA:40,2,0,6
BRDA:40,2,1,0
BRDA:40,3,0,6
BRDA:40,3,1,6
BRDA:44,4,0,0
BRDA:44,4,1,19
BRDA:44,5,0,19
BRDA:44,5,1,16
BRDA:44,5,2,0
BRDA:58,6,0,23
BRDA:58,6,1,0
BRDA:58,7,0,23
BRDA:58,7,1,23
BRDA:79,8,0,0
BRDA:79,8,1,0
BRF:19
BRH:13
end_of_record
TN:
SF:src\decorators.ts
FN:1,isClass
FN:5,Abstract
FN:20,(anonymous_2)
FN:42,(anonymous_3)
FN:54,Final
FN:64,FinalizedConstructor
FNF:6
FNH:4
FNDA:3,isClass
FNDA:6,Abstract
FNDA:2,(anonymous_2)
FNDA:0,(anonymous_3)
FNDA:2,Final
FNDA:0,FinalizedConstructor
DA:2,3
DA:5,15
DA:12,6
DA:13,3
DA:14,0
DA:17,3
DA:19,3
DA:21,2
DA:22,0
DA:26,2
DA:30,3
DA:32,3
DA:36,3
DA:37,0
DA:40,3
DA:42,3
DA:43,0
DA:44,0
DA:48,0
DA:51,3
DA:54,15
DA:55,2
DA:57,1
DA:58,1
DA:62,1
DA:65,0
DA:66,0
DA:68,0
DA:72,1
DA:74,1
LF:30
LH:21
BRDA:12,0,0,3
BRDA:12,0,1,3
BRDA:13,1,0,0
BRDA:13,1,1,3
BRDA:21,2,0,0
BRDA:21,2,1,2
BRDA:36,3,0,0
BRDA:36,3,1,3
BRDA:36,4,0,3
BRDA:36,4,1,3
BRDA:43,5,0,0
BRDA:43,5,1,0
BRDA:55,6,0,1
BRDA:55,6,1,1
BRDA:65,7,0,0
BRDA:65,7,1,0
BRF:16
BRH:9
end_of_record
TN:
SF:src\document.ts
FN:1,ready
FN:5,leaving
FN:6,(anonymous_2)
FN:43,documentCss
FN:86,(anonymous_4)
FN:93,(anonymous_5)
FN:107,createElements
FN:145,(anonymous_7)
FN:156,$
FN:160,$$
FNF:10
FNH:5
FNDA:1,ready
FNDA:1,leaving
FNDA:0,(anonymous_2)
FNDA:3,documentCss
FNDA:0,(anonymous_4)
FNDA:1,(anonymous_5)
FNDA:6,createElements
FNDA:0,(anonymous_7)
FNDA:0,$
FNDA:0,$$
DA:1,15
DA:2,1
DA:5,15
DA:6,1
DA:43,15
DA:47,3
DA:48,3
DA:49,0
DA:53,3
DA:55,3
DA:56,1
DA:57,1
DA:58,1
DA:61,3
DA:62,3
DA:63,3
DA:65,3
DA:66,2
DA:67,2
DA:68,2
DA:69,2
DA:70,2
DA:71,2
DA:72,2
DA:74,2
DA:78,3
DA:79,2
DA:83,1
DA:84,1
DA:85,1
DA:86,1
DA:87,1
DA:91,1
DA:92,1
DA:93,1
DA:96,1
DA:97,0
DA:100,1
DA:101,1
DA:103,0
DA:107,15
DA:108,6
DA:111,6
DA:114,6
DA:117,6
DA:120,6
DA:121,0
DA:122,0
DA:127,6
DA:128,13
DA:136,4
DA:137,3
DA:138,1
DA:143,5
DA:144,3
DA:145,0
DA:146,0
DA:149,3
DA:153,4
DA:156,15
DA:157,0
DA:160,15
DA:161,0
LF:63
LH:54
BRDA:48,0,0,0
BRDA:48,0,1,3
BRDA:55,1,0,1
BRDA:55,1,1,2
BRDA:67,2,0,2
BRDA:67,2,1,0
BRDA:67,3,0,2
BRDA:67,3,1,2
BRDA:78,4,0,2
BRDA:78,4,1,1
BRDA:78,5,0,3
BRDA:78,5,1,1
BRDA:85,6,0,1
BRDA:85,6,1,0
BRDA:85,7,0,1
BRDA:85,7,1,1
BRDA:96,8,0,0
BRDA:96,8,1,1
BRDA:111,9,0,0
BRDA:111,9,1,6
BRDA:114,10,0,0
BRDA:114,10,1,6
BRDA:117,11,0,0
BRDA:117,11,1,6
BRDA:120,12,0,0
BRDA:120,12,1,6
BRDA:120,13,0,6
BRDA:120,13,1,0
BRDA:128,14,0,4
BRDA:128,14,1,9
BRDA:129,15,0,13
BRDA:129,15,1,7
BRDA:129,15,2,7
BRDA:129,15,3,7
BRDA:129,15,4,7
BRDA:129,15,5,7
BRDA:136,16,0,3
BRDA:136,16,1,1
BRDA:143,17,0,3
BRDA:143,17,1,2
BRDA:144,18,0,0
BRDA:144,18,1,3
BRF:42
BRH:32
end_of_record
TN:
SF:src\elements.ts
FN:1,hasText
FN:9,addClass
FN:13,removeClass
FN:17,toggleClass
FN:21,hasClass
FN:25,parseUnit
FN:31,dashToCamel
FN:32,(anonymous_7)
FN:36,camelToDash
FN:37,(anonymous_9)
FN:45,css
FN:103,getParent
FN:107,getAncestor
FN:130,html
FN:134,text
FN:154,show
FN:158,hide
FN:162,toggle
FN:170,$
FN:175,$$
FN:179,getChildren
FN:183,getSiblings
FN:188,(anonymous_22)
FN:192,serialize
FN:199,(anonymous_24)
FN:205,(anonymous_25)
FN:211,cut
FN:234,isVisible
FN:244,as
FN:268,parseTime
FN:276,val
FN:280,(anonymous_31)
FN:295,(anonymous_32)
FN:299,(anonymous_33)
FN:304,(anonymous_34)
FNF:35
FNH:31
FNDA:2,hasText
FNDA:11,addClass
FNDA:15,removeClass
FNDA:14,toggleClass
FNDA:2,hasClass
FNDA:17,parseUnit
FNDA:9,dashToCamel
FNDA:2,(anonymous_7)
FNDA:17,camelToDash
FNDA:4,(anonymous_9)
FNDA:20,css
FNDA:1,getParent
FNDA:6,getAncestor
FNDA:1,html
FNDA:4,text
FNDA:3,show
FNDA:3,hide
FNDA:2,toggle
FNDA:5,$
FNDA:3,$$
FNDA:1,getChildren
FNDA:1,getSiblings
FNDA:2,(anonymous_22)
FNDA:7,serialize
FNDA:7,(anonymous_24)
FNDA:7,(anonymous_25)
FNDA:0,cut
FNDA:0,isVisible
FNDA:0,as
FNDA:0,parseTime
FNDA:5,val
FNDA:1,(anonymous_31)
FNDA:1,(anonymous_32)
FNDA:1,(anonymous_33)
FNDA:2,(anonymous_34)
DA:1,15
DA:2,2
DA:3,2
DA:5,0
DA:9,15
DA:10,11
DA:13,15
DA:14,15
DA:17,15
DA:18,14
DA:21,15
DA:22,2
DA:26,17
DA:27,15
DA:28,13
DA:32,9
DA:37,17
DA:45,15
DA:50,20
DA:52,20
DA:54,2
DA:55,2
DA:56,5
DA:58,5
DA:60,5
DA:61,5
DA:63,5
DA:66,2
DA:67,1
DA:68,1
DA:70,1
DA:71,4
DA:72,4
DA:73,4
DA:74,4
DA:75,4
DA:78,1
DA:81,1
DA:84,18
DA:85,17
DA:86,8
DA:89,9
DA:90,8
DA:95,1
DA:96,1
DA:97,1
DA:103,15
DA:104,1
DA:107,15
DA:109,6
DA:110,4
DA:111,4
DA:112,8
DA:113,7
DA:115,3
DA:119,2
DA:120,2
DA:121,2
DA:122,7
DA:123,1
DA:125,6
DA:127,1
DA:130,15
DA:131,1
DA:134,15
DA:136,4
DA:137,1
DA:138,1
DA:139,1
DA:142,1
DA:146,0
DA:151,4
DA:154,15
DA:155,3
DA:158,15
DA:159,3
DA:162,15
DA:163,2
DA:164,1
DA:166,1
DA:170,15
DA:171,5
DA:172,4
DA:175,15
DA:176,3
DA:179,15
DA:180,1
DA:183,15
DA:184,1
DA:185,1
DA:186,0
DA:188,2
DA:192,15
DA:193,7
DA:196,7
DA:199,7
DA:200,7
DA:204,7
DA:206,7
DA:211,15
DA:212,0
DA:215,0
DA:216,0
DA:220,0
DA:221,0
DA:225,0
DA:226,0
DA:229,0
DA:231,0
DA:234,15
DA:235,0
DA:245,0
DA:247,0
DA:249,0
DA:252,0
DA:253,0
DA:256,0
DA:257,0
DA:260,0
DA:261,0
DA:264,0
DA:269,0
DA:270,0
DA:271,0
DA:272,0
DA:273,0
DA:276,15
DA:277,5
DA:279,5
DA:281,1
DA:284,0
DA:288,1
DA:289,1
DA:292,1
DA:296,1
DA:297,1
DA:300,1
DA:301,1
DA:302,1
DA:305,2
LF:140
LH:111
BRDA:2,0,0,2
BRDA:2,0,1,0
BRDA:26,1,0,2
BRDA:26,1,1,15
BRDA:27,2,0,2
BRDA:27,2,1,13
BRDA:52,3,0,2
BRDA:52,3,1,18
BRDA:52,4,0,20
BRDA:52,4,1,19
BRDA:58,5,0,0
BRDA:58,5,1,5
BRDA:66,6,0,1
BRDA:66,6,1,1
BRDA:72,7,0,0
BRDA:72,7,1,4
BRDA:84,8,0,17
BRDA:84,8,1,1
BRDA:85,9,0,8
BRDA:85,9,1,9
BRDA:89,10,0,8
BRDA:89,10,1,1
BRDA:96,11,0,1
BRDA:96,11,1,0
BRDA:96,12,0,1
BRDA:96,12,1,1
BRDA:109,13,0,4
BRDA:109,13,1,2
BRDA:112,14,0,1
BRDA:112,14,1,7
BRDA:112,15,0,0
BRDA:112,15,1,8
BRDA:112,16,0,8
BRDA:112,16,1,8
BRDA:120,17,0,2
BRDA:120,17,1,0
BRDA:122,18,0,1
BRDA:122,18,1,6
BRDA:131,19,0,1
BRDA:131,19,1,0
BRDA:136,20,0,1
BRDA:136,20,1,3
BRDA:137,21,0,1
BRDA:137,21,1,0
BRDA:142,22,0,0
BRDA:142,22,1,1
BRDA:143,23,0,0
BRDA:143,23,1,0
BRDA:143,24,0,0
BRDA:143,24,1,0
BRDA:146,25,0,0
BRDA:146,25,1,0
BRDA:146,26,0,0
BRDA:146,26,1,0
BRDA:151,27,0,4
BRDA:151,27,1,0
BRDA:151,28,0,4
BRDA:151,28,1,4
BRDA:163,29,0,1
BRDA:163,29,1,1
BRDA:163,30,0,2
BRDA:163,30,1,1
BRDA:171,31,0,1
BRDA:171,31,1,4
BRDA:185,32,0,0
BRDA:185,32,1,1
BRDA:225,33,0,0
BRDA:225,33,1,0
BRDA:225,34,0,0
BRDA:225,34,1,0
BRDA:235,35,0,0
BRDA:235,35,1,0
BRDA:247,36,0,0
BRDA:247,36,1,0
BRDA:247,36,2,0
BRDA:247,36,3,0
BRDA:247,36,4,0
BRDA:253,37,0,0
BRDA:253,37,1,0
BRDA:253,38,0,0
BRDA:253,38,1,0
BRDA:256,39,0,0
BRDA:256,39,1,0
BRDA:257,40,0,0
BRDA:257,40,1,0
BRDA:261,41,0,0
BRDA:261,41,1,0
BRDA:270,42,0,0
BRDA:270,42,1,0
BRDA:270,43,0,0
BRDA:270,43,1,0
BRDA:272,44,0,0
BRDA:272,44,1,0
BRDA:281,45,0,0
BRDA:281,45,1,0
BRDA:281,45,2,1
BRDA:288,46,0,0
BRDA:288,46,1,1
BRDA:289,47,0,0
BRDA:289,47,1,1
BRDA:297,48,0,1
BRDA:297,48,1,0
BRDA:301,49,0,0
BRDA:301,49,1,1
BRDA:301,50,0,1
BRDA:301,50,1,1
BRDA:305,51,0,2
BRDA:305,51,1,0
BRDA:305,52,0,2
BRDA:305,52,1,2
BRF:110
BRH:57
end_of_record
TN:
SF:src\exception.ts
FN:7,(anonymous_0)
FN:15,(anonymous_1)
FN:19,(anonymous_2)
FN:23,(anonymous_3)
FN:27,(anonymous_4)
FN:31,(anonymous_5)
FN:35,(anonymous_6)
FN:44,(anonymous_7)
FN:49,(anonymous_8)
FN:53,(anonymous_9)
FN:57,(anonymous_10)
FN:61,(anonymous_11)
FN:66,makeException
FN:67,(anonymous_13)
FNF:14
FNH:11
FNDA:74,(anonymous_0)
FNDA:47,(anonymous_1)
FNDA:44,(anonymous_2)
FNDA:26,(anonymous_3)
FNDA:13,(anonymous_4)
FNDA:13,(anonymous_5)
FNDA:0,(anonymous_6)
FNDA:2,(anonymous_7)
FNDA:1,(anonymous_8)
FNDA:1,(anonymous_9)
FNDA:0,(anonymous_10)
FNDA:0,(anonymous_11)
FNDA:225,makeException
FNDA:68,(anonymous_13)
DA:1,15
DA:2,74
DA:8,74
DA:9,74
DA:10,74
DA:12,74
DA:16,47
DA:20,44
DA:24,26
DA:28,13
DA:32,13
DA:36,0
DA:40,15
DA:45,2
DA:46,2
DA:50,1
DA:54,1
DA:58,0
DA:62,0
DA:67,225
DA:68,68
DA:72,15
DA:73,15
DA:74,15
DA:75,15
DA:76,15
DA:77,15
DA:78,15
DA:79,15
DA:81,15
DA:82,15
DA:83,15
DA:84,15
DA:85,15
DA:86,15
DA:88,15
LF:36
LH:33
BRDA:9,0,0,34
BRDA:9,0,1,40
BRDA:9,1,0,74
BRDA:9,1,1,74
BRDA:10,2,0,26
BRDA:10,2,1,48
BRDA:10,3,0,74
BRDA:10,3,1,74
BRDA:12,4,0,74
BRDA:12,4,1,0
BRDA:12,5,0,74
BRDA:12,5,1,74
BRDA:44,6,0,2
BRDA:44,7,0,2
BRF:14
BRH:13
end_of_record
TN:
SF:src\globals.ts
FN:3,typeObject
FN:6,(anonymous_10)
FN:9,(anonymous_11)
FN:10,(anonymous_12)
FN:11,(anonymous_13)
FN:48,(anonymous_14)
FN:52,(anonymous_15)
FN:55,(anonymous_16)
FN:58,(anonymous_17)
FN:61,(anonymous_18)
FN:64,(anonymous_19)
FN:67,(anonymous_20)
FN:70,(anonymous_21)
FN:73,(anonymous_22)
FN:76,(anonymous_23)
FN:81,hasOwn
FN:92,(anonymous_25)
FN:108,(anonymous_26)
FN:124,(anonymous_27)
FN:137,(anonymous_28)
FN:139,(anonymous_29)
FN:142,(anonymous_30)
FN:154,(anonymous_31)
FN:164,typed
FN:237,info
FN:241,assert
FN:247,sleep
FN:248,(anonymous_36)
FN:264,isEmpty
FN:300,notEmpty
FNF:30
FNH:29
FNDA:627,typeObject
FNDA:36,(anonymous_10)
FNDA:18,(anonymous_11)
FNDA:6,(anonymous_12)
FNDA:9,(anonymous_13)
FNDA:19,(anonymous_14)
FNDA:10,(anonymous_15)
FNDA:10,(anonymous_16)
FNDA:10,(anonymous_17)
FNDA:10,(anonymous_18)
FNDA:10,(anonymous_19)
FNDA:12,(anonymous_20)
FNDA:10,(anonymous_21)
FNDA:11,(anonymous_22)
FNDA:10,(anonymous_23)
FNDA:1162,hasOwn
FNDA:4,(anonymous_25)
FNDA:4,(anonymous_26)
FNDA:2,(anonymous_27)
FNDA:6,(anonymous_28)
FNDA:7,(anonymous_29)
FNDA:4,(anonymous_30)
FNDA:2,(anonymous_31)
FNDA:627,typed
FNDA:0,info
FNDA:6,assert
FNDA:4,sleep
FNDA:4,(anonymous_36)
FNDA:32,isEmpty
FNDA:16,notEmpty
DA:1,15
DA:4,627
DA:5,627
DA:7,36
DA:9,18
DA:10,6
DA:12,9
DA:14,2
DA:15,1
DA:21,5
DA:23,2
DA:24,2
DA:26,2
DA:27,2
DA:29,2
DA:31,0
DA:33,0
DA:35,1
DA:36,1
DA:38,0
DA:39,0
DA:41,0
DA:42,0
DA:45,0
DA:49,19
DA:50,17
DA:53,10
DA:56,10
DA:59,10
DA:62,10
DA:65,10
DA:68,12
DA:71,10
DA:74,11
DA:77,10
DA:82,1162
DA:83,108
DA:86,1054
DA:87,1046
DA:90,627
DA:91,244
DA:93,4
DA:99,4
DA:100,0
DA:101,4
DA:102,4
DA:105,0
DA:109,4
DA:115,4
DA:116,0
DA:117,4
DA:118,4
DA:121,0
DA:125,2
DA:126,0
DA:127,2
DA:128,2
DA:130,0
DA:135,627
DA:136,108
DA:138,6
DA:139,7
DA:140,6
DA:143,4
DA:144,1
DA:150,627
DA:151,81
DA:153,81
DA:155,2
DA:156,1
DA:161,627
DA:164,15
DA:165,627
DA:166,600
DA:168,573
DA:201,81
DA:204,492
DA:205,492
DA:207,492
DA:208,492
DA:209,54
DA:212,492
DA:213,492
DA:215,492
DA:217,55
DA:218,55
DA:220,298
DA:221,54
DA:222,244
DA:223,28
DA:224,216
DA:225,108
DA:226,108
DA:227,54
DA:229,298
DA:231,27
DA:234,492
DA:237,15
DA:238,0
DA:241,15
DA:242,6
DA:243,1
DA:247,15
DA:248,4
DA:249,4
DA:250,2
DA:264,15
DA:267,32
DA:270,24
DA:273,18
DA:276,16
DA:277,0
DA:281,16
DA:282,8
DA:283,8
DA:284,8
DA:287,8
DA:300,15
DA:301,16
DA:305,15
LF:120
LH:105
BRDA:3,0,0,135
BRDA:12,1,0,2
BRDA:12,1,1,3
BRDA:12,1,2,3
BRDA:12,1,3,5
BRDA:12,1,4,5
BRDA:12,1,5,2
BRDA:12,1,6,0
BRDA:12,1,7,1
BRDA:14,2,0,1
BRDA:14,2,1,1
BRDA:26,3,0,2
BRDA:26,3,1,0
BRDA:29,4,0,2
BRDA:29,4,1,2
BRDA:29,5,0,2
BRDA:29,5,1,2
BRDA:35,6,0,1
BRDA:35,6,1,0
BRDA:38,7,0,0
BRDA:38,7,1,0
BRDA:38,8,0,0
BRDA:38,8,1,0
BRDA:39,9,0,0
BRDA:39,9,1,0
BRDA:39,10,0,0
BRDA:39,10,1,0
BRDA:41,11,0,0
BRDA:41,11,1,0
BRDA:49,12,0,2
BRDA:49,12,1,17
BRDA:49,13,0,19
BRDA:49,13,1,18
BRDA:53,14,0,10
BRDA:53,14,1,9
BRDA:68,15,0,10
BRDA:68,15,1,2
BRDA:68,16,0,12
BRDA:68,16,1,11
BRDA:82,17,0,108
BRDA:82,17,1,1054
BRDA:82,18,0,1162
BRDA:82,18,1,1108
BRDA:86,19,0,8
BRDA:86,19,1,1046
BRDA:90,20,0,244
BRDA:90,20,1,383
BRDA:90,21,0,627
BRDA:90,21,1,572
BRDA:90,21,2,572
BRDA:93,22,0,4
BRDA:93,22,1,0
BRDA:95,23,0,0
BRDA:95,23,1,0
BRDA:99,24,0,0
BRDA:99,24,1,4
BRDA:99,25,0,4
BRDA:99,25,1,2
BRDA:101,26,0,4
BRDA:101,26,1,0
BRDA:101,27,0,4
BRDA:101,27,1,2
BRDA:101,27,2,2
BRDA:109,28,0,4
BRDA:109,28,1,0
BRDA:111,29,0,0
BRDA:111,29,1,0
BRDA:115,30,0,0
BRDA:115,30,1,4
BRDA:115,31,0,4
BRDA:115,31,1,2
BRDA:117,32,0,4
BRDA:117,32,1,0
BRDA:117,33,0,4
BRDA:117,33,1,4
BRDA:125,34,0,0
BRDA:125,34,1,2
BRDA:125,35,0,2
BRDA:125,35,1,1
BRDA:127,36,0,2
BRDA:127,36,1,0
BRDA:127,37,0,2
BRDA:127,37,1,2
BRDA:135,38,0,108
BRDA:135,38,1,519
BRDA:137,39,0,4
BRDA:139,40,0,4
BRDA:139,40,1,2
BRDA:139,41,0,7
BRDA:139,41,1,5
BRDA:143,42,0,1
BRDA:143,42,1,3
BRDA:150,43,0,81
BRDA:150,43,1,546
BRDA:155,44,0,1
BRDA:155,44,1,1
BRDA:165,45,0,27
BRDA:165,45,1,600
BRDA:166,46,0,27
BRDA:166,46,1,573
BRDA:168,47,0,81
BRDA:168,47,1,492
BRDA:201,48,0,81
BRDA:201,48,1,54
BRDA:208,49,0,54
BRDA:208,49,1,438
BRDA:208,50,0,492
BRDA:208,50,1,492
BRDA:213,51,0,298
BRDA:213,51,1,194
BRDA:215,52,0,55
BRDA:215,52,1,298
BRDA:215,52,2,27
BRDA:220,53,0,54
BRDA:220,53,1,244
BRDA:220,54,0,298
BRDA:220,54,1,271
BRDA:222,55,0,28
BRDA:222,55,1,216
BRDA:222,56,0,244
BRDA:222,56,1,55
BRDA:224,57,0,108
BRDA:224,57,1,108
BRDA:224,58,0,216
BRDA:224,58,1,108
BRDA:226,59,0,54
BRDA:226,59,1,54
BRDA:242,60,0,1
BRDA:242,60,1,5
BRDA:249,61,0,2
BRDA:249,61,1,2
BRDA:267,62,0,8
BRDA:267,62,1,24
BRDA:267,63,0,32
BRDA:267,63,1,28
BRDA:267,63,2,26
BRDA:270,64,0,6
BRDA:270,64,1,18
BRDA:270,65,0,6
BRDA:270,65,1,4
BRDA:273,66,0,2
BRDA:273,66,1,16
BRDA:273,67,0,18
BRDA:273,67,1,4
BRDA:276,68,0,0
BRDA:276,68,1,16
BRDA:276,69,0,16
BRDA:276,69,1,16
BRDA:276,69,2,16
BRDA:276,69,3,16
BRDA:281,70,0,8
BRDA:281,70,1,8
BRDA:283,71,0,8
BRDA:283,71,1,4
BRDA:284,72,0,8
BRDA:284,72,1,4
BRF:156
BRH:130
end_of_record
TN:
SF:src\lists.ts
FN:1,addClassList
FN:7,removeClassList
FN:13,toggleClassList
FNF:3
FNH:3
FNDA:2,addClassList
FNDA:2,removeClassList
FNDA:2,toggleClassList
DA:1,15
DA:2,2
DA:3,10
DA:7,15
DA:8,2
DA:9,14
DA:13,15
DA:14,2
DA:15,12
LF:9
LH:9
BRF:0
BRH:0
end_of_record
TN:
SF:src\misc.ts
FN:7,args
FN:12,(anonymous_1)
FN:16,throttle
FN:19,(anonymous_3)
FN:24,(anonymous_4)
FN:35,debounce
FN:42,(anonymous_6)
FN:54,(anonymous_7)
FN:57,(anonymous_8)
FN:66,memo
FN:69,(anonymous_10)
FN:80,atDate
FN:87,clone
FN:113,(anonymous_13)
FN:118,(anonymous_14)
FN:123,(anonymous_15)
FN:138,forEach
FN:148,repeat
FN:156,remove
FN:160,capitalize
FN:165,matches
FN:169,toCase
FN:177,(anonymous_22)
FN:178,(anonymous_23)
FN:178,(anonymous_24)
FN:179,(anonymous_25)
FN:179,(anonymous_26)
FN:186,(anonymous_27)
FN:209,mixin
FN:216,(anonymous_29)
FN:222,(anonymous_30)
FN:231,getEvents
FN:239,(anonymous_32)
FNF:33
FNH:29
FNDA:84,args
FNDA:112,(anonymous_1)
FNDA:2,throttle
FNDA:6,(anonymous_3)
FNDA:0,(anonymous_4)
FNDA:2,debounce
FNDA:3,(anonymous_6)
FNDA:3,(anonymous_7)
FNDA:3,(anonymous_8)
FNDA:1,memo
FNDA:4,(anonymous_10)
FNDA:1,atDate
FNDA:22,clone
FNDA:8,(anonymous_13)
FNDA:0,(anonymous_14)
FNDA:0,(anonymous_15)
FNDA:5,forEach
FNDA:1,repeat
FNDA:8,remove
FNDA:1,capitalize
FNDA:6,matches
FNDA:12,toCase
FNDA:4,(anonymous_22)
FNDA:2,(anonymous_23)
FNDA:1,(anonymous_24)
FNDA:2,(anonymous_25)
FNDA:1,(anonymous_26)
FNDA:40563,(anonymous_27)
FNDA:15,mixin
FNDA:32,(anonymous_29)
FNDA:0,(anonymous_30)
FNDA:4,getEvents
FNDA:32,(anonymous_32)
DA:7,15
DA:8,84
DA:12,112
DA:16,15
DA:17,2
DA:18,2
DA:19,2
DA:20,6
DA:21,2
DA:22,2
DA:23,2
DA:24,2
DA:25,0
DA:26,0
DA:28,2
DA:30,4
DA:31,4
DA:35,15
DA:39,2
DA:40,2
DA:42,2
DA:43,3
DA:44,0
DA:45,0
DA:46,0
DA:49,3
DA:52,3
DA:54,3
DA:55,3
DA:57,3
DA:58,3
DA:59,3
DA:60,3
DA:66,15
DA:67,1
DA:69,1
DA:70,4
DA:71,4
DA:72,2
DA:73,2
DA:74,2
DA:80,15
DA:81,1
DA:87,15
DA:88,22
DA:89,1
DA:92,21
DA:93,0
DA:94,0
DA:96,0
DA:99,21
DA:104,14
DA:107,7
DA:108,0
DA:112,7
DA:113,8
DA:117,4
DA:118,0
DA:122,4
DA:123,0
DA:127,4
DA:128,4
DA:130,4
DA:131,4
DA:132,4
DA:135,4
DA:138,15
DA:139,5
DA:140,3
DA:141,3
DA:148,15
DA:149,1
DA:150,5
DA:156,15
DA:157,8
DA:160,15
DA:161,1
DA:162,1
DA:165,15
DA:166,6
DA:169,15
DA:170,12
DA:171,12
DA:173,12
DA:174,3
DA:175,2
DA:176,2
DA:177,4
DA:178,2
DA:179,2
DA:185,15
DA:186,15
DA:187,40563
DA:188,100
DA:189,40463
DA:190,100
DA:191,40363
DA:209,15
DA:214,15
DA:216,15
DA:217,32
DA:218,32
DA:222,0
DA:223,0
DA:224,0
DA:225,0
DA:226,0
DA:231,15
DA:232,4
DA:235,15
DA:236,15
DA:240,32
DA:241,32
DA:242,0
DA:244,32
LF:115
LH:98
BRDA:8,0,0,84
BRDA:8,0,1,0
BRDA:8,1,0,0
BRDA:8,1,1,84
BRDA:8,2,0,84
BRDA:8,2,1,84
BRDA:20,3,0,2
BRDA:20,3,1,4
BRDA:26,4,0,0
BRDA:26,4,1,0
BRDA:43,5,0,0
BRDA:43,5,1,3
BRDA:43,6,0,3
BRDA:43,6,1,0
BRDA:52,7,0,0
BRDA:52,7,1,3
BRDA:71,8,0,2
BRDA:71,8,1,2
BRDA:87,9,0,10
BRDA:88,10,0,1
BRDA:88,10,1,21
BRDA:92,11,0,0
BRDA:92,11,1,21
BRDA:93,12,0,0
BRDA:93,12,1,0
BRDA:99,13,0,14
BRDA:99,13,1,7
BRDA:100,14,0,21
BRDA:100,14,1,20
BRDA:100,14,2,19
BRDA:107,15,0,0
BRDA:107,15,1,7
BRDA:112,16,0,3
BRDA:112,16,1,4
BRDA:117,17,0,0
BRDA:117,17,1,4
BRDA:122,18,0,0
BRDA:122,18,1,4
BRDA:132,19,0,4
BRDA:132,19,1,0
BRDA:140,20,0,3
BRDA:140,20,1,0
BRDA:162,21,0,0
BRDA:162,21,1,1
BRDA:173,22,0,3
BRDA:173,22,1,2
BRDA:173,22,2,2
BRDA:173,22,3,3
BRDA:173,22,4,1
BRDA:173,22,5,1
BRDA:187,23,0,100
BRDA:187,23,1,40463
BRDA:187,24,0,40563
BRDA:187,24,1,200
BRDA:189,25,0,100
BRDA:189,25,1,40363
BRDA:214,26,0,15
BRDA:214,26,1,0
BRDA:232,27,0,3
BRDA:232,27,1,1
BRDA:232,28,0,4
BRDA:232,28,1,4
BRDA:240,29,0,8
BRDA:240,29,1,24
BRDA:240,30,0,32
BRDA:240,30,1,32
BRDA:241,31,0,0
BRDA:241,31,1,32
BRF:68
BRH:50
end_of_record
TN:
SF:src\opti.ts
FN:11,get
FN:23,(anonymous_10)
FN:57,(anonymous_11)
FNF:3
FNH:3
FNDA:45,get
FNDA:15,(anonymous_10)
FNDA:10,(anonymous_11)
DA:1,15
DA:2,15
DA:3,15
DA:4,15
DA:5,15
DA:6,15
DA:7,15
DA:8,15
DA:9,15
DA:16,45
DA:23,15
DA:24,15
DA:33,15
DA:34,15
DA:36,15
DA:37,15
DA:38,15
DA:39,15
DA:40,15
DA:41,15
DA:42,15
DA:43,15
DA:44,15
DA:45,15
DA:46,15
DA:47,15
DA:48,15
DA:49,15
DA:50,15
DA:51,15
DA:53,15
DA:54,15
DA:56,15
DA:57,10
DA:61,15
DA:62,15
DA:63,15
DA:64,15
DA:65,15
DA:67,15
DA:68,15
DA:70,15
DA:71,15
DA:72,15
DA:73,15
DA:75,15
DA:76,15
DA:77,15
DA:78,15
DA:79,15
DA:80,15
DA:82,15
DA:83,15
DA:84,15
DA:85,15
DA:86,15
DA:87,15
DA:88,15
DA:90,15
DA:91,15
DA:92,15
DA:93,15
DA:94,15
DA:96,15
DA:98,15
DA:100,15
DA:101,15
DA:102,15
DA:104,15
DA:105,15
DA:106,15
DA:108,15
DA:109,15
DA:110,15
DA:112,15
DA:113,15
DA:114,15
DA:115,15
DA:117,15
DA:119,15
DA:120,15
DA:121,15
DA:122,15
DA:124,15
DA:125,15
DA:126,15
DA:127,15
DA:128,15
DA:129,15
DA:130,15
DA:131,15
DA:132,15
DA:133,15
DA:134,15
DA:136,15
DA:138,15
DA:139,15
DA:141,15
LF:98
LH:98
BRF:0
BRH:0
end_of_record
TN:
SF:src\Crafty\class.ts
FN:3,(anonymous_9)
FN:20,(anonymous_10)
FN:35,(anonymous_11)
FN:10,(anonymous_12)
FNF:4
FNH:3
FNDA:0,(anonymous_9)
FNDA:4,(anonymous_10)
FNDA:1,(anonymous_11)
FNDA:1,(anonymous_12)
DA:1,1
DA:2,1
DA:4,1
DA:5,1
DA:6,1
DA:8,1
DA:11,1
DA:25,4
DA:26,4
DA:28,0
DA:36,1
DA:37,0
DA:38,1
DA:39,0
DA:41,1
LF:15
LH:12
BRDA:25,0,0,4
BRDA:25,0,1,0
BRDA:36,1,0,0
BRDA:36,1,1,1
BRDA:38,2,0,0
BRDA:38,2,1,1
BRF:6
BRH:3
end_of_record
TN:
SF:src\Crafty\crafty.ts
FN:3,(anonymous_9)
FNF:1
FNH:1
FNDA:1,(anonymous_9)
DA:1,1
DA:3,1
DA:5,1
LF:3
LH:3
BRF:0
BRH:0
end_of_record
TN:
SF:src\Crafty\nodes.ts
FN:6,(anonymous_1)
FN:15,(anonymous_2)
FN:18,(anonymous_3)
FN:22,(anonymous_4)
FN:26,(anonymous_5)
FN:30,(anonymous_6)
FN:31,(anonymous_7)
FN:34,(anonymous_8)
FN:35,search
FN:54,(anonymous_10)
FN:55,search
FN:85,(anonymous_12)
FN:89,(anonymous_13)
FN:93,(anonymous_14)
FN:95,(anonymous_15)
FN:109,(anonymous_16)
FN:113,(anonymous_17)
FN:117,(anonymous_18)
FN:120,(anonymous_19)
FN:129,(anonymous_20)
FN:133,(anonymous_21)
FN:137,(anonymous_22)
FN:141,(anonymous_23)
FN:189,(anonymous_24)
FN:193,(anonymous_25)
FN:197,(anonymous_26)
FN:199,(anonymous_27)
FN:208,(anonymous_28)
FNF:28
FNH:4
FNDA:4,(anonymous_1)
FNDA:0,(anonymous_2)
FNDA:0,(anonymous_3)
FNDA:0,(anonymous_4)
FNDA:0,(anonymous_5)
FNDA:0,(anonymous_6)
FNDA:0,(anonymous_7)
FNDA:0,(anonymous_8)
FNDA:0,search
FNDA:0,(anonymous_10)
FNDA:0,search
FNDA:4,(anonymous_12)
FNDA:4,(anonymous_13)
FNDA:4,(anonymous_14)
FNDA:0,(anonymous_15)
FNDA:0,(anonymous_16)
FNDA:0,(anonymous_17)
FNDA:0,(anonymous_18)
FNDA:0,(anonymous_19)
FNDA:0,(anonymous_20)
FNDA:0,(anonymous_21)
FNDA:0,(anonymous_22)
FNDA:0,(anonymous_23)
FNDA:0,(anonymous_24)
FNDA:0,(anonymous_25)
FNDA:0,(anonymous_26)
FNDA:0,(anonymous_27)
FNDA:0,(anonymous_28)
DA:1,1
DA:7,4
DA:16,0
DA:19,0
DA:23,0
DA:27,0
DA:31,0
DA:36,0
DA:37,0
DA:38,0
DA:39,0
DA:41,0
DA:42,0
DA:43,0
DA:44,0
DA:45,0
DA:49,0
DA:51,0
DA:56,0
DA:57,0
DA:58,0
DA:59,0
DA:61,0
DA:62,0
DA:64,0
DA:65,0
DA:69,0
DA:71,0
DA:75,1
DA:86,4
DA:87,4
DA:88,4
DA:89,4
DA:90,4
DA:91,4
DA:93,4
DA:94,4
DA:95,4
DA:96,0
DA:97,0
DA:100,4
DA:102,4
DA:104,4
DA:106,4
DA:110,0
DA:114,0
DA:118,0
DA:120,0
DA:121,0
DA:124,0
DA:126,0
DA:130,0
DA:134,0
DA:138,0
DA:142,0
DA:183,1
DA:190,0
DA:194,0
DA:198,0
DA:199,0
DA:201,0
DA:202,0
DA:205,0
DA:209,0
LF:64
LH:17
BRDA:7,0,0,4
BRDA:7,0,1,0
BRDA:7,1,0,4
BRDA:7,1,1,4
BRDA:38,2,0,0
BRDA:38,2,1,0
BRDA:42,3,0,0
BRDA:42,3,1,0
BRDA:42,4,0,0
BRDA:42,4,1,0
BRDA:44,5,0,0
BRDA:44,5,1,0
BRDA:44,6,0,0
BRDA:44,6,1,0
BRDA:58,7,0,0
BRDA:58,7,1,0
BRDA:61,8,0,0
BRDA:61,8,1,0
BRDA:64,9,0,0
BRDA:64,9,1,0
BRDA:85,10,0,4
BRDA:86,11,0,0
BRDA:86,11,1,4
BRDA:86,12,0,4
BRDA:86,12,1,4
BRDA:88,13,0,0
BRDA:88,13,1,4
BRDA:88,14,0,4
BRDA:88,14,1,4
BRDA:95,15,0,0
BRDA:95,15,1,4
BRDA:95,16,0,4
BRDA:95,16,1,4
BRDA:96,17,0,0
BRDA:96,17,1,0
BRDA:96,18,0,0
BRDA:96,18,1,0
BRDA:96,18,2,0
BRDA:102,19,0,4
BRDA:102,19,1,0
BRDA:121,20,0,0
BRDA:121,20,1,0
BRDA:142,21,0,0
BRDA:142,21,1,0
BRDA:142,22,0,0
BRDA:142,22,1,0
BRF:46
BRH:14
end_of_record
TN:
SF:src\Evented\evented.ts
FN:3,(anonymous_9)
FNF:1
FNH:1
FNDA:1,(anonymous_9)
DA:1,1
DA:3,1
DA:4,1
DA:5,1
DA:7,1
DA:8,1
DA:9,1
DA:10,1
DA:11,1
DA:12,1
LF:10
LH:10
BRF:0
BRH:0
end_of_record
TN:
SF:src\Evented\events.ts
FN:1,(anonymous_1)
FN:4,(anonymous_2)
FN:12,(anonymous_3)
FN:16,(anonymous_4)
FN:26,(anonymous_5)
FN:31,addEventRuled
FN:44,(anonymous_7)
FN:57,(anonymous_8)
FN:69,addEventListeners
FN:90,delegateEventListener
FN:103,(anonymous_11)
FN:128,addEventController
FN:137,(anonymous_13)
FN:140,(anonymous_14)
FN:144,(anonymous_15)
FN:147,(anonymous_16)
FN:150,(anonymous_17)
FN:170,(anonymous_18)
FN:178,(anonymous_19)
FN:192,(anonymous_20)
FN:195,(anonymous_21)
FN:198,(anonymous_22)
FN:201,(anonymous_23)
FN:204,(anonymous_24)
FN:209,(anonymous_25)
FN:213,_Thread_then
FN:214,(anonymous_27)
FN:214,(anonymous_28)
FN:215,(anonymous_29)
FN:220,(anonymous_30)
FN:235,(anonymous_31)
FN:240,addEventListenerEnum
FNF:32
FNH:3
FNDA:0,(anonymous_1)
FNDA:0,(anonymous_2)
FNDA:0,(anonymous_3)
FNDA:0,(anonymous_4)
FNDA:0,(anonymous_5)
FNDA:2,addEventRuled
FNDA:2,(anonymous_7)
FNDA:0,(anonymous_8)
FNDA:2,addEventListeners
FNDA:0,delegateEventListener
FNDA:0,(anonymous_11)
FNDA:0,addEventController
FNDA:0,(anonymous_13)
FNDA:0,(anonymous_14)
FNDA:0,(anonymous_15)
FNDA:0,(anonymous_16)
FNDA:0,(anonymous_17)
FNDA:0,(anonymous_18)
FNDA:0,(anonymous_19)
FNDA:0,(anonymous_20)
FNDA:0,(anonymous_21)
FNDA:0,(anonymous_22)
FNDA:0,(anonymous_23)
FNDA:0,(anonymous_24)
FNDA:0,(anonymous_25)
FNDA:0,_Thread_then
FNDA:0,(anonymous_27)
FNDA:0,(anonymous_28)
FNDA:0,(anonymous_29)
FNDA:0,(anonymous_30)
FNDA:0,(anonymous_31)
FNDA:0,addEventListenerEnum
DA:1,1
DA:2,0
DA:8,0
DA:9,0
DA:13,0
DA:17,0
DA:18,0
DA:19,0
DA:20,0
DA:27,0
DA:31,1
DA:39,2
DA:40,1
DA:42,1
DA:44,1
DA:45,2
DA:46,2
DA:48,2
DA:49,1
DA:53,1
DA:55,1
DA:57,1
DA:58,0
DA:59,0
DA:60,0
DA:62,0
DA:65,1
DA:69,1
DA:77,2
DA:78,1
DA:79,2
DA:82,1
DA:83,2
DA:84,2
DA:90,1
DA:101,0
DA:104,0
DA:106,0
DA:109,0
DA:110,0
DA:112,0
DA:115,0
DA:117,0
DA:121,0
DA:128,1
DA:134,0
DA:135,0
DA:137,0
DA:138,0
DA:141,0
DA:145,0
DA:148,0
DA:151,0
DA:152,0
DA:153,0
DA:154,0
DA:158,0
DA:161,1
DA:171,0
DA:172,0
DA:173,0
DA:174,0
DA:175,0
DA:176,0
DA:178,0
DA:179,0
DA:180,0
DA:182,0
DA:185,0
DA:187,0
DA:188,0
DA:193,0
DA:196,0
DA:199,0
DA:202,0
DA:205,0
DA:206,0
DA:210,0
DA:213,1
DA:214,0
DA:215,0
DA:216,0
DA:217,0
DA:218,0
DA:219,0
DA:220,0
DA:221,0
DA:222,0
DA:225,0
DA:228,0
DA:232,0
DA:235,0
DA:240,1
DA:246,0
DA:247,0
DA:248,0
LF:96
LH:26
BRDA:8,0,0,0
BRDA:8,0,1,0
BRDA:8,1,0,0
BRDA:8,1,1,0
BRDA:9,2,0,0
BRDA:9,2,1,0
BRDA:18,3,0,0
BRDA:18,3,1,0
BRDA:27,4,0,0
BRDA:27,4,1,0
BRDA:27,5,0,0
BRDA:27,5,1,0
BRDA:39,6,0,1
BRDA:39,6,1,1
BRDA:40,7,0,0
BRDA:40,7,1,1
BRDA:48,8,0,1
BRDA:48,8,1,1
BRDA:55,9,0,0
BRDA:55,9,1,1
BRDA:58,10,0,0
BRDA:58,10,1,0
BRDA:77,11,0,1
BRDA:77,11,1,1
BRDA:83,12,0,2
BRDA:83,12,1,0
BRDA:106,13,0,0
BRDA:106,13,1,0
BRDA:109,14,0,0
BRDA:109,14,1,0
BRDA:117,15,0,0
BRDA:117,15,1,0
BRDA:118,16,0,0
BRDA:118,16,1,0
BRDA:118,16,2,0
BRDA:179,17,0,0
BRDA:179,17,1,0
BRDA:216,18,0,0
BRDA:216,18,1,0
BRDA:217,19,0,0
BRDA:217,19,1,0
BRDA:219,20,0,0
BRDA:219,20,1,0
BRDA:247,21,0,0
BRDA:247,21,1,0
BRF:45
BRH:9
end_of_record
TN:
SF:src\Flow\flow.ts
FN:3,(anonymous_9)
FNF:1
FNH:1
FNDA:1,(anonymous_9)
DA:1,1
DA:3,1
DA:5,1
DA:6,1
LF:4
LH:4
BRF:0
BRH:0
end_of_record
TN:
SF:src\Flow\flowclass.ts
FN:4,(anonymous_0)
FN:12,(anonymous_1)
FNF:2
FNH:1
FNDA:2,(anonymous_0)
FNDA:0,(anonymous_1)
DA:1,1
DA:5,2
DA:6,1
DA:8,1
LF:4
LH:4
BRDA:5,0,0,1
BRDA:5,0,1,1
BRF:2
BRH:2
end_of_record
TN:
SF:src\Query\query.ts
FN:3,(anonymous_9)
FNF:1
FNH:1
FNDA:1,(anonymous_9)
DA:1,1
DA:3,1
DA:4,1
DA:5,1
LF:4
LH:4
BRF:0
BRH:0
end_of_record
TN:
SF:src\Query\selectors.ts
FN:1,(anonymous_0)
FN:22,parseQuery
FN:25,set
FN:29,replace
FN:30,(anonymous_4)
FN:38,(anonymous_5)
FN:43,(anonymous_6)
FN:47,(anonymous_7)
FN:52,(anonymous_8)
FN:57,(anonymous_9)
FN:62,(anonymous_10)
FN:67,(anonymous_11)
FN:69,(anonymous_12)
FN:71,(anonymous_13)
FN:77,(anonymous_14)
FN:78,(anonymous_15)
FN:82,(anonymous_16)
FN:83,(anonymous_17)
FN:87,(anonymous_18)
FN:88,(anonymous_19)
FN:92,(anonymous_20)
FN:94,(anonymous_21)
FN:96,(anonymous_22)
FN:102,(anonymous_23)
FN:108,(anonymous_24)
FN:113,(anonymous_25)
FN:114,(anonymous_26)
FN:120,(anonymous_27)
FN:132,(anonymous_28)
FN:159,(anonymous_29)
FN:161,(anonymous_30)
FN:162,(anonymous_31)
FN:167,(anonymous_32)
FN:171,(anonymous_33)
FN:175,(anonymous_34)
FN:176,(anonymous_35)
FN:179,(anonymous_36)
FN:185,(anonymous_37)
FN:189,(anonymous_38)
FN:193,(anonymous_39)
FN:194,(anonymous_40)
FN:199,(anonymous_41)
FN:201,(anonymous_42)
FN:202,(anonymous_43)
FN:205,(anonymous_44)
FN:209,(anonymous_45)
FN:213,(anonymous_46)
FN:222,(anonymous_47)
FN:224,(anonymous_48)
FN:229,(anonymous_49)
FNF:50
FNH:4
FNDA:0,(anonymous_0)
FNDA:4,parseQuery
FNDA:0,set
FNDA:56,replace
FNDA:0,(anonymous_4)
FNDA:0,(anonymous_5)
FNDA:0,(anonymous_6)
FNDA:0,(anonymous_7)
FNDA:0,(anonymous_8)
FNDA:0,(anonymous_9)
FNDA:0,(anonymous_10)
FNDA:0,(anonymous_11)
FNDA:0,(anonymous_12)
FNDA:0,(anonymous_13)
FNDA:0,(anonymous_14)
FNDA:0,(anonymous_15)
FNDA:0,(anonymous_16)
FNDA:0,(anonymous_17)
FNDA:0,(anonymous_18)
FNDA:0,(anonymous_19)
FNDA:0,(anonymous_20)
FNDA:0,(anonymous_21)
FNDA:0,(anonymous_22)
FNDA:0,(anonymous_23)
FNDA:0,(anonymous_24)
FNDA:0,(anonymous_25)
FNDA:0,(anonymous_26)
FNDA:4,(anonymous_27)
FNDA:0,(anonymous_28)
FNDA:0,(anonymous_29)
FNDA:0,(anonymous_30)
FNDA:0,(anonymous_31)
FNDA:0,(anonymous_32)
FNDA:0,(anonymous_33)
FNDA:0,(anonymous_34)
FNDA:0,(anonymous_35)
FNDA:0,(anonymous_36)
FNDA:4,(anonymous_37)
FNDA:0,(anonymous_38)
FNDA:0,(anonymous_39)
FNDA:0,(anonymous_40)
FNDA:0,(anonymous_41)
FNDA:0,(anonymous_42)
FNDA:0,(anonymous_43)
FNDA:0,(anonymous_44)
FNDA:0,(anonymous_45)
FNDA:0,(anonymous_46)
FNDA:0,(anonymous_47)
FNDA:0,(anonymous_48)
FNDA:0,(anonymous_49)
DA:1,1
DA:2,0
DA:23,4
DA:26,0
DA:30,56
DA:31,0
DA:35,4
DA:38,4
DA:39,0
DA:43,4
DA:44,0
DA:47,4
DA:48,0
DA:52,4
DA:53,0
DA:57,4
DA:58,0
DA:62,4
DA:63,0
DA:67,4
DA:68,0
DA:69,0
DA:71,0
DA:73,0
DA:77,4
DA:78,0
DA:82,4
DA:83,0
DA:87,4
DA:88,0
DA:92,4
DA:93,0
DA:94,0
DA:96,0
DA:98,0
DA:102,4
DA:103,0
DA:104,0
DA:108,4
DA:109,0
DA:113,4
DA:114,0
DA:117,4
DA:120,1
DA:121,4
DA:123,4
DA:125,4
DA:127,3
DA:128,3
DA:129,0
DA:132,3
DA:133,0
DA:137,3
DA:138,0
DA:139,0
DA:140,0
DA:143,0
DA:145,0
DA:146,0
DA:149,3
DA:153,3
DA:156,0
DA:159,1
DA:161,1
DA:162,0
DA:163,0
DA:167,1
DA:168,0
DA:171,1
DA:172,0
DA:175,1
DA:176,0
DA:179,1
DA:180,0
DA:183,1
DA:185,1
DA:186,4
DA:189,1
DA:190,0
DA:193,1
DA:194,0
DA:195,0
DA:199,1
DA:201,1
DA:202,0
DA:205,1
DA:206,0
DA:209,1
DA:210,0
DA:213,1
DA:214,0
DA:217,1
DA:220,0
DA:222,0
DA:225,0
DA:226,0
DA:230,0
DA:231,0
LF:98
LH:46
BRDA:31,0,0,0
BRDA:31,0,1,0
BRDA:31,1,0,0
BRDA:31,1,1,0
BRDA:125,2,0,1
BRDA:125,2,1,3
BRDA:125,3,0,0
BRDA:125,3,1,4
BRDA:125,4,0,4
BRDA:125,4,1,4
BRDA:132,5,0,0
BRDA:132,5,1,3
BRDA:132,6,0,3
BRDA:132,6,1,0
BRDA:132,6,2,0
BRDA:132,7,0,0
BRDA:132,7,1,0
BRDA:132,8,0,0
BRDA:132,8,1,0
BRDA:137,9,0,0
BRDA:137,9,1,3
BRDA:137,10,0,3
BRDA:137,10,1,3
BRDA:138,11,0,0
BRDA:138,11,1,0
BRDA:139,12,0,0
BRDA:139,12,1,0
BRDA:140,13,0,0
BRDA:140,13,1,0
BRDA:143,14,0,0
BRDA:143,14,1,0
BRDA:143,15,0,0
BRDA:143,15,1,0
BRDA:143,15,2,0
BRDA:145,16,0,0
BRDA:145,16,1,0
BRDA:145,17,0,0
BRDA:145,17,1,0
BRDA:146,18,0,0
BRDA:146,18,1,0
BRDA:146,19,0,0
BRDA:146,19,1,0
BRDA:149,20,0,0
BRDA:149,20,1,3
BRF:44
BRH:11
end_of_record
TN:
SF:src\Requests\requestfunc.ts
FN:1,(anonymous_0)
FN:5,(anonymous_1)
FN:8,(anonymous_2)
FN:11,(anonymous_3)
FN:14,(anonymous_4)
FN:17,(anonymous_5)
FN:20,(anonymous_6)
FN:23,(anonymous_7)
FNF:8
FNH:0
FNDA:0,(anonymous_0)
FNDA:0,(anonymous_1)
FNDA:0,(anonymous_2)
FNDA:0,(anonymous_3)
FNDA:0,(anonymous_4)
FNDA:0,(anonymous_5)
FNDA:0,(anonymous_6)
FNDA:0,(anonymous_7)
DA:1,1
DA:2,0
DA:5,1
DA:6,0
DA:8,1
DA:9,0
DA:11,1
DA:12,0
DA:14,1
DA:15,0
DA:17,1
DA:18,0
DA:20,1
DA:21,0
DA:23,1
DA:24,0
DA:27,1
LF:17
LH:9
BRF:0
BRH:0
end_of_record
TN:
SF:src\Requests\requests.ts
FN:3,(anonymous_9)
FNF:1
FNH:1
FNDA:1,(anonymous_9)
DA:1,1
DA:3,1
DA:4,1
LF:3
LH:3
BRF:0
BRH:0
end_of_record
TN:
SF:src\Store\store.ts
FN:3,(anonymous_0)
FNF:1
FNH:0
FNDA:0,(anonymous_0)
DA:3,0
DA:4,0
DA:5,0
DA:6,0
DA:7,0
DA:8,0
DA:9,0
DA:10,0
DA:11,0
DA:12,0
DA:13,0
DA:14,0
DA:15,0
DA:16,0
DA:17,0
LF:15
LH:0
BRF:0
BRH:0
end_of_record
